<?xml version="1.0" encoding="UTF-8"?>
<testsuite name="Sanity limpieza y aprovisionamiento de recursos" tests="3" skipped="0" failures="0" errors="0" timestamp="2022-07-19T13:14:01" hostname="22LAP5CD1195RQX" time="245.481">
  <properties/>
  <testcase name="se quiere ingresar a la plataforma epos" classname="Sanity limpieza y aprovisionamiento de recursos" time="150.188"/>
  <testcase name="realizar el cargue de inventario" classname="Sanity limpieza y aprovisionamiento de recursos" time="73.753"/>
  <testcase name="realizar la confirmacion de inventario" classname="Sanity limpieza y aprovisionamiento de recursos" time="21.506"/>
  <system-out><![CDATA[08:14:07.498 [Test worker] DEBUG org.apache.http.impl.conn.BasicClientConnectionManager - Get connection for route {}->http://10.65.45.12:9001
08:14:07.532 [Test worker] DEBUG org.apache.http.impl.conn.DefaultClientConnectionOperator - Connecting to 10.65.45.12:9001
08:14:07.606 [Test worker] DEBUG org.apache.http.client.protocol.RequestAddCookies - CookieSpec selected: ignoreCookies
08:14:07.606 [Test worker] DEBUG org.apache.http.client.protocol.RequestAuthCache - Auth cache not set in the context
08:14:07.606 [Test worker] DEBUG org.apache.http.client.protocol.RequestTargetAuthentication - Target auth state: UNCHALLENGED
08:14:07.606 [Test worker] DEBUG org.apache.http.client.protocol.RequestProxyAuthentication - Proxy auth state: UNCHALLENGED
08:14:07.606 [Test worker] DEBUG org.apache.http.impl.client.DefaultHttpClient - Attempt 1 to execute request
08:14:07.612 [Test worker] DEBUG org.apache.http.impl.conn.DefaultClientConnection - Sending request: POST /gatewaycbs/BcServicesInt HTTP/1.1
08:14:07.612 [Test worker] DEBUG org.apache.http.wire -  >> "POST /gatewaycbs/BcServicesInt HTTP/1.1[\r][\n]"
08:14:07.612 [Test worker] DEBUG org.apache.http.wire -  >> "Accept: */*[\r][\n]"
08:14:07.612 [Test worker] DEBUG org.apache.http.wire -  >> "Content-Type: text/xml;charset=UTF-8[\r][\n]"
08:14:07.612 [Test worker] DEBUG org.apache.http.wire -  >> "Content-Length: 748[\r][\n]"
08:14:07.612 [Test worker] DEBUG org.apache.http.wire -  >> "Host: 10.65.45.12:9001[\r][\n]"
08:14:07.612 [Test worker] DEBUG org.apache.http.wire -  >> "Connection: Keep-Alive[\r][\n]"
08:14:07.612 [Test worker] DEBUG org.apache.http.wire -  >> "User-Agent: Apache-HttpClient/4.5.9 (Java/1.8.0_291)[\r][\n]"
08:14:07.612 [Test worker] DEBUG org.apache.http.wire -  >> "Accept-Encoding: gzip,deflate[\r][\n]"
08:14:07.612 [Test worker] DEBUG org.apache.http.wire -  >> "[\r][\n]"
08:14:07.612 [Test worker] DEBUG org.apache.http.headers - >> POST /gatewaycbs/BcServicesInt HTTP/1.1
08:14:07.612 [Test worker] DEBUG org.apache.http.headers - >> Accept: */*
08:14:07.617 [Test worker] DEBUG org.apache.http.headers - >> Content-Type: text/xml;charset=UTF-8
08:14:07.617 [Test worker] DEBUG org.apache.http.headers - >> Content-Length: 748
08:14:07.617 [Test worker] DEBUG org.apache.http.headers - >> Host: 10.65.45.12:9001
08:14:07.618 [Test worker] DEBUG org.apache.http.headers - >> Connection: Keep-Alive
08:14:07.618 [Test worker] DEBUG org.apache.http.headers - >> User-Agent: Apache-HttpClient/4.5.9 (Java/1.8.0_291)
08:14:07.618 [Test worker] DEBUG org.apache.http.headers - >> Accept-Encoding: gzip,deflate
08:14:07.619 [Test worker] DEBUG org.apache.http.wire -  >> "<soapenv:Envelope xmlns:bcc="http://www.huawei.com/bme/cbsinterface/bccommon" xmlns:bcs="http://www.huawei.com/bme/cbsinterface/bcservices" xmlns:ws="http://ws.web.gatewaycbs.tigo.com.co/" xmlns:soapenv="http://schemas.xmlsoap.org/soap/envelope/">[\n]"
08:14:07.619 [Test worker] DEBUG org.apache.http.wire -  >> "   <soapenv:Header/>[\n]"
08:14:07.619 [Test worker] DEBUG org.apache.http.wire -  >> "   <soapenv:Body>[\n]"
08:14:07.621 [Test worker] DEBUG org.apache.http.wire -  >> "      <ws:queryCustomerInfo>[\n]"
08:14:07.622 [Test worker] DEBUG org.apache.http.wire -  >> "         <!--Optional:-->[\n]"
08:14:07.622 [Test worker] DEBUG org.apache.http.wire -  >> "         <QueryCustomerInfoRequest>[\n]"
08:14:07.623 [Test worker] DEBUG org.apache.http.wire -  >> "            <bcs:QueryObj>[\n]"
08:14:07.623 [Test worker] DEBUG org.apache.http.wire -  >> "               <!--Optional:-->[\n]"
08:14:07.623 [Test worker] DEBUG org.apache.http.wire -  >> "               <bcs:SubAccessCode>[\n]"
08:14:07.623 [Test worker] DEBUG org.apache.http.wire -  >> "                  <!--Optional:-->[\n]"
08:14:07.623 [Test worker] DEBUG org.apache.http.wire -  >> "                  <bcc:PrimaryIdentity>3046010569</bcc:PrimaryIdentity>[\n]"
08:14:07.624 [Test worker] DEBUG org.apache.http.wire -  >> "               </bcs:SubAccessCode>[\n]"
08:14:07.624 [Test worker] DEBUG org.apache.http.wire -  >> "            </bcs:QueryObj>[\n]"
08:14:07.624 [Test worker] DEBUG org.apache.http.wire -  >> "         </QueryCustomerInfoRequest>[\n]"
08:14:07.624 [Test worker] DEBUG org.apache.http.wire -  >> "      </ws:queryCustomerInfo>[\n]"
08:14:07.624 [Test worker] DEBUG org.apache.http.wire -  >> "   </soapenv:Body>[\n]"
08:14:07.624 [Test worker] DEBUG org.apache.http.wire -  >> "</soapenv:Envelope>"
08:14:07.792 [Test worker] DEBUG org.apache.http.wire -  << "HTTP/1.1 200 OK[\r][\n]"
08:14:07.801 [Test worker] DEBUG org.apache.http.wire -  << "Date: Tue, 19 Jul 2022 13:14:11 GMT[\r][\n]"
08:14:07.801 [Test worker] DEBUG org.apache.http.wire -  << "Transfer-Encoding: chunked[\r][\n]"
08:14:07.801 [Test worker] DEBUG org.apache.http.wire -  << "Content-Type: text/xml; charset=utf-8[\r][\n]"
08:14:07.801 [Test worker] DEBUG org.apache.http.wire -  << "[\r][\n]"
08:14:07.801 [Test worker] DEBUG org.apache.http.impl.conn.DefaultClientConnection - Receiving response: HTTP/1.1 200 OK
08:14:07.801 [Test worker] DEBUG org.apache.http.headers - << HTTP/1.1 200 OK
08:14:07.801 [Test worker] DEBUG org.apache.http.headers - << Date: Tue, 19 Jul 2022 13:14:11 GMT
08:14:07.801 [Test worker] DEBUG org.apache.http.headers - << Transfer-Encoding: chunked
08:14:07.801 [Test worker] DEBUG org.apache.http.headers - << Content-Type: text/xml; charset=utf-8
08:14:07.818 [Test worker] DEBUG org.apache.http.impl.client.DefaultHttpClient - Connection can be kept alive indefinitely
08:14:07.869 [Test worker] DEBUG io.restassured.internal.RequestSpecificationImpl$RestAssuredHttpBuilder - Parsing response as: text/xml; charset=utf-8
08:14:07.870 [Test worker] DEBUG io.restassured.internal.RequestSpecificationImpl$RestAssuredHttpBuilder - Parsed data to instance of: class org.apache.http.conn.EofSensorInputStream
08:14:08.010 [Test worker] DEBUG org.apache.http.wire -  << "006e[\r][\n]"
08:14:08.010 [Test worker] DEBUG org.apache.http.wire -  << "<?xml version='1.0' encoding='UTF-8'?><S:Envelope xmlns:S="http://schemas.xmlsoap.org/soap/envelope/"><S:Body>"
08:14:08.013 [Test worker] DEBUG org.apache.http.wire -  << "[\r][\n]"
08:14:08.014 [Test worker] DEBUG org.apache.http.wire -  << "0fe8[\r][\n]"
08:14:08.015 [Test worker] DEBUG org.apache.http.wire -  << "<ns4:queryCustomerInfoResponse xmlns:ns2="http://www.huawei.com/bme/cbsinterface/bccommon" xmlns:ns3="http://www.huawei.com/bme/cbsinterface/bcservices" xmlns:ns4="http://ws.web.gatewaycbs.tigo.com.co/" xmlns:ns5="http://www.huawei.com/bme/cbsinterface/cbscommon"><return><ResultHeader><ns5:Version>1</ns5:Version><ns5:ResultCode>0</ns5:ResultCode><ns5:ResultDesc>Operation successfully.</ns5:ResultDesc></ResultHeader><QueryCustomerInfoResult><ns3:Customer><ns3:CustKey>CTA00000270084</ns3:CustKey><ns3:CustInfo><ns2:CustType>1</ns2:CustType><ns2:CustNodeType>1</ns2:CustNodeType><ns2:CustClass>1</ns2:CustClass><ns2:CustCode>CBS100100000000367145</ns2:CustCode><ns2:CustBasicInfo><ns2:DFTWrittenLang>2002</ns2:DFTWrittenLang><ns2:DFTIVRLang>2002</ns2:DFTIVRLang><ns2:DunningFlag>1</ns2:DunningFlag><ns2:CustProperty><ns2:Code>C_Extend_Cust_Int_Attr8</ns2:Code><ns2:Value></ns2:Value></ns2:CustProperty><ns2:CustProperty><ns2:Code>C_CUSTOMER_TAX_RATE</ns2:Code><ns2:Value></ns2:Value></ns2:CustProperty><ns2:CustProperty><ns2:Code>C_Extend_Cust_Int_Attr9</ns2:Code><ns2:Value></ns2:Value></ns2:CustProperty><ns2:CustProperty><ns2:Code>C_CUST_BANKRUPTCY</ns2:Code><ns2:Value>N</ns2:Value></ns2:CustProperty><ns2:CustProperty><ns2:Code>C_Extend_Cust_Int_Attr10</ns2:Code><ns2:Value></ns2:Value></ns2:CustProperty><ns2:CustProperty><ns2:Code>C_Extend_Cust_Int_Attr4</ns2:Code><ns2:Value></ns2:Value></ns2:CustProperty><ns2:CustProperty><ns2:Code>C_Extend_Cust_Int_Attr5</ns2:Code><ns2:Value></ns2:Value></ns2:CustProperty><ns2:CustProperty><ns2:Code>C_Extend_Cust_Int_Attr6</ns2:Code><ns2:Value></ns2:Value></ns2:CustProperty><ns2:CustProperty><ns2:Code>C_Extend_Cust_Int_Attr7</ns2:Code><ns2:Value></ns2:Value></ns2:CustProperty><ns2:CustProperty><ns2:Code>C_LEGAL_CATEGORY</ns2:Code><ns2:Value></ns2:Value></ns2:CustProperty><ns2:CustProperty><ns2:Code>C_CONTRACT_ID</ns2:Code><ns2:Value></ns2:Value></ns2:CustProperty><ns2:CustProperty><ns2:Code>C_Extend_Cust_Int_Attr1</ns2:Code><ns2:Value></ns2:Value></ns2:CustProperty><ns2:CustProperty><ns2:Code>C_Extend_Cust_Int_Attr2</ns2:Code><ns2:Value></ns2:Value></ns2:CustProperty><ns2:CustProperty><ns2:Code>C_NEW_IC</ns2:Code><ns2:Value></ns2:Value></ns2:CustProperty><ns2:CustProperty><ns2:Code>C_Extend_Cust_Int_Attr3</ns2:Code><ns2:Value></ns2:Value></ns2:CustProperty><ns2:CustProperty><ns2:Code>C_REG_FLAG</ns2:Code><ns2:Value>N</ns2:Value></ns2:CustProperty><ns2:CustProperty><ns2:Code>C_NRC</ns2:Code><ns2:Value></ns2:Value></ns2:CustProperty><ns2:CustProperty><ns2:Code>C_CUST_CATEGORY</ns2:Code><ns2:Value></ns2:Value></ns2:CustProperty><ns2:CustProperty><ns2:Code>C_CUST_SALT</ns2:Code><ns2:Value>99448A9274334694</ns2:Value></ns2:CustProperty><ns2:CustProperty><ns2:Code>C_EXTERNAL_CUST_ID</ns2:Code><ns2:Value></ns2:Value></ns2:CustProperty><ns2:CustProperty><ns2:Code>C_FRAUD_FLAG</ns2:Code><ns2:Value>N</ns2:Value></ns2:CustProperty><ns2:CustProperty><ns2:Code>C_CUST_MEDIA_FLAG</ns2:Code><ns2:Value>N</ns2:Value></ns2:CustProperty><ns2:CustProperty><ns2:Code>C_TAX_PAYER_IDENTIFICATION_NO</ns2:Code><ns2:Value></ns2:Value></ns2:CustProperty><ns2:CustProperty><ns2:Code>C_CUST_DECEASED</ns2:Code><ns2:Value>N</ns2:Value></ns2:CustProperty><ns2:CustProperty><ns2:Code>C_EVENING_PHONE</ns2:Code><ns2:Value></ns2:Value></ns2:CustProperty><ns2:CustProperty><ns2:Code>C_Extend_Cust_Str_Attr5</ns2:Code><ns2:Value></ns2:Value></ns2:CustProperty><ns2:CustProperty><ns2:Code>C_Extend_Cust_Str_Attr4</ns2:Code><ns2:Value></ns2:Value></ns2:CustProperty><ns2:CustProperty><ns2:Code>C_Extend_Cust_Str_Attr3</ns2:Code><ns2:Value></ns2:Value></ns2:CustProperty><ns2:CustProperty><ns2:Code>C_Extend_Cust_Str_Attr2</ns2:Code><ns2:Value></ns2:Value></ns2:CustProperty><ns2:CustProperty><ns2:Code>C_DAYTIME_PHONE</ns2:Code><ns2:Value></ns2:Value></ns2:CustProperty><ns2:CustProperty><ns2:Code>C_Extend_Cust_Str_Attr9</ns2:Code><ns2:Value></ns2:Value></ns2:CustProperty><ns2:CustProperty><ns2:Code>C_Extend_Cust_Str_Attr8</ns2:Code><ns2:Value></ns2:Value></ns2:CustProperty><ns2:CustProperty><ns2:Code>C_CUST_MARKETING_CONSENT</n"
08:14:08.015 [Test worker] DEBUG org.apache.http.wire -  << "[\r][\n]"
08:14:08.015 [Test worker] DEBUG org.apache.http.wire -  << "0fe8[\r][\n]"
08:14:08.017 [Test worker] DEBUG org.apache.http.wire -  << "s2:Code><ns2:Value>N</ns2:Value></ns2:CustProperty><ns2:CustProperty><ns2:Code>C_Extend_Cust_Str_Attr7</ns2:Code><ns2:Value></ns2:Value></ns2:CustProperty><ns2:CustProperty><ns2:Code>C_Extend_Cust_Str_Attr6</ns2:Code><ns2:Value></ns2:Value></ns2:CustProperty><ns2:CustProperty><ns2:Code>C_OLD_IC</ns2:Code><ns2:Value></ns2:Value></ns2:CustProperty><ns2:CustProperty><ns2:Code>C_Extend_Cust_Str_Attr1</ns2:Code><ns2:Value></ns2:Value></ns2:CustProperty><ns2:CustProperty><ns2:Code>C_Extend_Cust_Str_Attr10</ns2:Code><ns2:Value></ns2:Value></ns2:CustProperty><ns2:CustProperty><ns2:Code>C_CUST_BILLSUM</ns2:Code><ns2:Value>0</ns2:Value></ns2:CustProperty><ns2:CustProperty><ns2:Code>C_CORP_CUST_SEGMENT</ns2:Code><ns2:Value></ns2:Value></ns2:CustProperty><ns2:CustProperty><ns2:Code>C_ACCESSIBILITY_FLAG</ns2:Code><ns2:Value></ns2:Value></ns2:CustProperty><ns2:CustProperty><ns2:Code>C_CUST_BelToAreaID</ns2:Code><ns2:Value>101</ns2:Value></ns2:CustProperty><ns2:CustProperty><ns2:Code>C_CUST_ID</ns2:Code><ns2:Value>100100000000367145</ns2:Value></ns2:CustProperty></ns2:CustBasicInfo></ns3:CustInfo><ns3:IndividualInfo><ns2:IDType>6</ns2:IDType><ns2:IDNumber>995779677</ns2:IDNumber><ns2:FirstName>MILAGRO  UZMAN</ns2:FirstName><ns2:LastName>MILAGRO  UZMAN</ns2:LastName><ns2:HomePhone>3023456789</ns2:HomePhone><ns2:Email>prueba@gmail.com</ns2:Email><ns2:IndividualProperty><ns2:Code>C_MKT_P_STATUS</ns2:Code><ns2:Value>1</ns2:Value></ns2:IndividualProperty></ns3:IndividualInfo></ns3:Customer><ns3:Subscriber><ns3:SubscriberKey>ACT00002070231</ns3:SubscriberKey><ns3:SubscriberInfo><ns2:SubBasicInfo><ns2:WrittenLang>2021</ns2:WrittenLang><ns2:IVRLang>2021</ns2:IVRLang><ns2:DunningFlag>1</ns2:DunningFlag><ns2:SubProperty><ns2:Code>C_WORK_ADDRESS</ns2:Code><ns2:Value></ns2:Value></ns2:SubProperty><ns2:SubProperty><ns2:Code>C_SUB_SMS_ROMING_RIGHT</ns2:Code><ns2:Value>0</ns2:Value></ns2:SubProperty><ns2:SubProperty><ns2:Code>C_LAST_TRANS_EVENT</ns2:Code><ns2:Value>1302</ns2:Value></ns2:SubProperty><ns2:SubProperty><ns2:Code>C_SALES_CHANNEL_ID</ns2:Code><ns2:Value></ns2:Value></ns2:SubProperty><ns2:SubProperty><ns2:Code>C_HANDSET_TYPE</ns2:Code><ns2:Value>-1</ns2:Value></ns2:SubProperty><ns2:SubProperty><ns2:Code>C_SUB_MAX_BALANCE</ns2:Code><ns2:Value>-1</ns2:Value></ns2:SubProperty><ns2:SubProperty><ns2:Code>C_ACCOUNTING_SCENARIO</ns2:Code><ns2:Value></ns2:Value></ns2:SubProperty><ns2:SubProperty><ns2:Code>C_RESUME_DATE</ns2:Code><ns2:Value>19991231190000</ns2:Value></ns2:SubProperty><ns2:SubProperty><ns2:Code>C_BAK_ORG_CHILD_ACCTID</ns2:Code><ns2:Value>0</ns2:Value></ns2:SubProperty><ns2:SubProperty><ns2:Code>C_HANDSET_NETWORK</ns2:Code><ns2:Value></ns2:Value></ns2:SubProperty><ns2:SubProperty><ns2:Code>C_SUB_UNBLOCK</ns2:Code><ns2:Value>0</ns2:Value></ns2:SubProperty><ns2:SubProperty><ns2:Code>C_SUB_LOW_SPENDING_GATE</ns2:Code><ns2:Value>-1</ns2:Value></ns2:SubProperty><ns2:SubProperty><ns2:Code>C_SUB_LOAN_FLAG</ns2:Code><ns2:Value>0</ns2:Value></ns2:SubProperty><ns2:SubProperty><ns2:Code>C_SUB_LASTRECHARGETIME</ns2:Code><ns2:Value>20220718151024</ns2:Value></ns2:SubProperty><ns2:SubProperty><ns2:Code>C_SUB_LASTRGADATE</ns2:Code><ns2:Value>19700101000000</ns2:Value></ns2:SubProperty><ns2:SubProperty><ns2:Code>C_SUB_PORT_IN_FLAG</ns2:Code><ns2:Value>0</ns2:Value></ns2:SubProperty><ns2:SubProperty><ns2:Code>C_SUB_NOTIFICATION_TIMES</ns2:Code><ns2:Value></ns2:Value></ns2:SubProperty><ns2:SubProperty><ns2:Code>C_BLACK_FLAG</ns2:Code><ns2:Value>0</ns2:Value></ns2:SubProperty><ns2:SubProperty><ns2:Code>C_SUB_VOICE_ROAM_RIGHT</ns2:Code><ns2:Value></ns2:Value></ns2:SubProperty><ns2:SubProperty><ns2:Code>C_HYBRID_PAY_TYPE</ns2:Code><ns2:Value>-1</ns2:Value></ns2:SubProperty><ns2:SubProperty><ns2:Code>C_SUB_MAX_VALIDITY</ns2:Code><ns2:Value>365</ns2:Value></ns2:SubProperty><ns2:SubProperty><ns2:Code>C_TEST_EXTEND_DAYS</ns2:Code><ns2:Value>0</ns2:Value></ns2:SubProperty><ns2:SubProperty><ns2:Code>C_SUBDISCOUNT</ns2:Code><ns2:Value>O</ns2:Value></ns2:Su"
08:14:08.018 [Test worker] DEBUG org.apache.http.wire -  << "bProperty><ns2:SubProperty><ns2:Code>C_SUB_LASTZONETYPE</ns2:Code><ns2:Value>00</ns2"
08:14:08.019 [Test worker] DEBUG org.apache.http.wire -  << "[\r][\n]"
08:14:08.019 [Test worker] DEBUG org.apache.http.wire -  << "0fe8[\r][\n]"
08:14:08.020 [Test worker] DEBUG org.apache.http.wire -  << ":Value></ns2:SubProperty><ns2:SubProperty><ns2:Code>C_Extend_Sub_Str_Attr4</ns2:Code><ns2:Value></ns2:Value></ns2:SubProperty><ns2:SubProperty><ns2:Code>C_Extend_Sub_Str_Attr3</ns2:Code><ns2:Value></ns2:Value></ns2:SubProperty><ns2:SubProperty><ns2:Code>C_Extend_Sub_Str_Attr6</ns2:Code><ns2:Value></ns2:Value></ns2:SubProperty><ns2:SubProperty><ns2:Code>C_Extend_Sub_Str_Attr5</ns2:Code><ns2:Value></ns2:Value></ns2:SubProperty><ns2:SubProperty><ns2:Code>C_DAILYRENTNOTIFLAG</ns2:Code><ns2:Value>0</ns2:Value></ns2:SubProperty><ns2:SubProperty><ns2:Code>C_TIGO_ZONE</ns2:Code><ns2:Value></ns2:Value></ns2:SubProperty><ns2:SubProperty><ns2:Code>C_Extend_Sub_Str_Attr2</ns2:Code><ns2:Value></ns2:Value></ns2:SubProperty><ns2:SubProperty><ns2:Code>C_Extend_Sub_Str_Attr1</ns2:Code><ns2:Value></ns2:Value></ns2:SubProperty><ns2:SubProperty><ns2:Code>C_PLACA_INFO</ns2:Code><ns2:Value></ns2:Value></ns2:SubProperty><ns2:SubProperty><ns2:Code>C_Extend_Sub_Int_Attr10</ns2:Code><ns2:Value></ns2:Value></ns2:SubProperty><ns2:SubProperty><ns2:Code>C_HANDSET_OS_TYPE</ns2:Code><ns2:Value></ns2:Value></ns2:SubProperty><ns2:SubProperty><ns2:Code>C_SUB_USER_NAME</ns2:Code><ns2:Value>0</ns2:Value></ns2:SubProperty><ns2:SubProperty><ns2:Code>C_TEST_EXPIRE_TIME</ns2:Code><ns2:Value></ns2:Value></ns2:SubProperty><ns2:SubProperty><ns2:Code>C_TEST_EXHAUST_RULE</ns2:Code><ns2:Value>0</ns2:Value></ns2:SubProperty><ns2:SubProperty><ns2:Code>C_Extend_Sub_Str_Attr8</ns2:Code><ns2:Value></ns2:Value></ns2:SubProperty><ns2:SubProperty><ns2:Code>C_Extend_Sub_Str_Attr7</ns2:Code><ns2:Value></ns2:Value></ns2:SubProperty><ns2:SubProperty><ns2:Code>C_SUB_REGISTERED</ns2:Code><ns2:Value>0</ns2:Value></ns2:SubProperty><ns2:SubProperty><ns2:Code>C_Extend_Sub_Str_Attr9</ns2:Code><ns2:Value></ns2:Value></ns2:SubProperty><ns2:SubProperty><ns2:Code>C_LIFECYCLE</ns2:Code><ns2:Value></ns2:Value></ns2:SubProperty><ns2:SubProperty><ns2:Code>C_VOD_VIDEO_RIGHT</ns2:Code><ns2:Value>0</ns2:Value></ns2:SubProperty><ns2:SubProperty><ns2:Code>C_LAST_CHARGE_BEGIN_TIME</ns2:Code><ns2:Value></ns2:Value></ns2:SubProperty><ns2:SubProperty><ns2:Code>C_SUB_LOW_BAL_NOTIFY_DATE</ns2:Code><ns2:Value>19991231190000</ns2:Value></ns2:SubProperty><ns2:SubProperty><ns2:Code>C_GPRS_FORBIDDEN_MAIN_BAL</ns2:Code><ns2:Value>1</ns2:Value></ns2:SubProperty><ns2:SubProperty><ns2:Code>C_LAST_DATA_SESINI</ns2:Code><ns2:Value>19700101030000</ns2:Value></ns2:SubProperty><ns2:SubProperty><ns2:Code>C_CONSUMENOTIFYGATE</ns2:Code><ns2:Value></ns2:Value></ns2:SubProperty><ns2:SubProperty><ns2:Code>C_SUB_LOW_BAL_NOTIFY_TIMES</ns2:Code><ns2:Value>0</ns2:Value></ns2:SubProperty><ns2:SubProperty><ns2:Code>C_FIRST_RECHARGE_FLAG</ns2:Code><ns2:Value>0</ns2:Value></ns2:SubProperty><ns2:SubProperty><ns2:Code>C_SUB_PROB</ns2:Code><ns2:Value></ns2:Value></ns2:SubProperty><ns2:SubProperty><ns2:Code>C_SUB_SALT</ns2:Code><ns2:Value>6A59C99924DE6E18</ns2:Value></ns2:SubProperty><ns2:SubProperty><ns2:Code>C_SUB_SERVICEPROVIDER</ns2:Code><ns2:Value></ns2:Value></ns2:SubProperty><ns2:SubProperty><ns2:Code>C_CALL_COST</ns2:Code><ns2:Value>0000</ns2:Value></ns2:SubProperty><ns2:SubProperty><ns2:Code>C_RNW_PRODUCTSET</ns2:Code><ns2:Value>0</ns2:Value></ns2:SubProperty><ns2:SubProperty><ns2:Code>C_Extend_Sub_Str_Attr10</ns2:Code><ns2:Value></ns2:Value></ns2:SubProperty><ns2:SubProperty><ns2:Code>C_SUB_DOMESIC_ROAM_CALL_RIGHT</ns2:Code><ns2:Value>0</ns2:Value></ns2:SubProperty><ns2:SubProperty><ns2:Code>C_LAST_TRANS_DATE_TIME</ns2:Code><ns2:Value>20220718201024</ns2:Value></ns2:SubProperty><ns2:SubProperty><ns2:Code>C_SUBSCRIBER_INFO_3</ns2:Code><ns2:Value></ns2:Value></ns2:SubProperty><ns2:SubProperty><ns2:Code>C_SUBSCRIBER_INFO_2</ns2:Code><ns2:Value></ns2:Value></ns2:SubProperty><ns2:SubProperty><ns2:Code>C_GPRS_ROAM_DATE</ns2:Code><ns2:Value>19700101000000</ns2:Value></ns2:SubProperty><ns2:SubProperty><ns2:Code>C_SUBSCRIBER_INFO_4</ns2:Code><ns2:Value></ns2:Value></ns2:SubProperty><ns2:SubProperty><ns2:Code>C_STARTTIME_OF_SWITCH_COS</ns2:Code><ns2:Value>-1</ns2:Value></ns2:SubProperty><ns2:SubProperty><ns2:Cod"
08:14:08.021 [Test worker] DEBUG org.apache.http.wire -  << "[\r][\n]"
08:14:08.021 [Test worker] DEBUG org.apache.http.wire -  << "007a[\r][\n]"
08:14:08.021 [Test worker] DEBUG org.apache.http.wire -  << "e>C_SUB_PREBARRING</ns2:Code><ns2:Value>0</ns2:Value></ns2:SubProperty><ns2:SubProperty><ns2:Code>C_DETAIL</ns2:Code><ns2:"
08:14:08.021 [Test worker] DEBUG org.apache.http.wire -  << "[\r][\n]"
08:14:08.021 [Test worker] DEBUG org.apache.http.wire -  << "0fe8[\r][\n]"
08:14:08.022 [Test worker] DEBUG org.apache.http.wire -  << "Value>0</ns2:Value></ns2:SubProperty><ns2:SubProperty><ns2:Code>C_SUBSCRIBER_INFO_1</ns2:Code><ns2:Value></ns2:Value></ns2:SubProperty><ns2:SubProperty><ns2:Code>C_SUB_BARRED_DAYS</ns2:Code><ns2:Value>0</ns2:Value></ns2:SubProperty><ns2:SubProperty><ns2:Code>LastSubDailyBillTime</ns2:Code><ns2:Value>20220718220139</ns2:Value></ns2:SubProperty><ns2:SubProperty><ns2:Code>C_TIGO_CITY</ns2:Code><ns2:Value>*</ns2:Value></ns2:SubProperty><ns2:SubProperty><ns2:Code>C_TECHNOLOGY</ns2:Code><ns2:Value></ns2:Value></ns2:SubProperty><ns2:SubProperty><ns2:Code>C_Extend_Sub_Int_Attr7</ns2:Code><ns2:Value></ns2:Value></ns2:SubProperty><ns2:SubProperty><ns2:Code>C_Extend_Sub_Int_Attr8</ns2:Code><ns2:Value></ns2:Value></ns2:SubProperty><ns2:SubProperty><ns2:Code>C_Extend_Sub_Int_Attr5</ns2:Code><ns2:Value></ns2:Value></ns2:SubProperty><ns2:SubProperty><ns2:Code>C_Extend_Sub_Int_Attr6</ns2:Code><ns2:Value></ns2:Value></ns2:SubProperty><ns2:SubProperty><ns2:Code>C_Extend_Sub_Int_Attr3</ns2:Code><ns2:Value></ns2:Value></ns2:SubProperty><ns2:SubProperty><ns2:Code>C_Extend_Sub_Int_Attr4</ns2:Code><ns2:Value></ns2:Value></ns2:SubProperty><ns2:SubProperty><ns2:Code>C_HANDSET_BRAND</ns2:Code><ns2:Value></ns2:Value></ns2:SubProperty><ns2:SubProperty><ns2:Code>C_Extend_Sub_Int_Attr1</ns2:Code><ns2:Value></ns2:Value></ns2:SubProperty><ns2:SubProperty><ns2:Code>C_SUB_LASTRECHARGEAMT</ns2:Code><ns2:Value>10</ns2:Value></ns2:SubProperty><ns2:SubProperty><ns2:Code>C_Extend_Sub_Int_Attr2</ns2:Code><ns2:Value></ns2:Value></ns2:SubProperty><ns2:SubProperty><ns2:Code>C_SUBCOS_FOR_EIPIN</ns2:Code><ns2:Value>0</ns2:Value></ns2:SubProperty><ns2:SubProperty><ns2:Code>C_Extend_Sub_Int_Attr9</ns2:Code><ns2:Value></ns2:Value></ns2:SubProperty><ns2:SubProperty><ns2:Code>C_SUB_BLACKLIST_CALL_RIGHT</ns2:Code><ns2:Value>0</ns2:Value></ns2:SubProperty><ns2:SubProperty><ns2:Code>C_SUB_MSCC_FEE_AMOUNT</ns2:Code><ns2:Value>0</ns2:Value></ns2:SubProperty><ns2:SubProperty><ns2:Code>C_BACKUP_DAYS</ns2:Code><ns2:Value>0</ns2:Value></ns2:SubProperty><ns2:SubProperty><ns2:Code>C_IS_PRIMARY_SUBSCRIBER</ns2:Code><ns2:Value>0</ns2:Value></ns2:SubProperty><ns2:SubProperty><ns2:Code>C_NODO_INFO</ns2:Code><ns2:Value></ns2:Value></ns2:SubProperty><ns2:SubProperty><ns2:Code>C_SUB_AUTOTOPUP_LOWBALANCE</ns2:Code><ns2:Value>1</ns2:Value></ns2:SubProperty><ns2:SubProperty><ns2:Code>C_FIRST_RECHARGE_DATE</ns2:Code><ns2:Value>20220718151019</ns2:Value></ns2:SubProperty><ns2:SubProperty><ns2:Code>C_SUB_REGISTERED_RETAILER</ns2:Code><ns2:Value>0</ns2:Value></ns2:SubProperty><ns2:SubProperty><ns2:Code>C_IS_GROUP_MEMBER</ns2:Code><ns2:Value>0</ns2:Value></ns2:SubProperty><ns2:SubProperty><ns2:Code>C_SUB_TSMSUBTYPE</ns2:Code><ns2:Value>-1</ns2:Value></ns2:SubProperty><ns2:SubProperty><ns2:Code>C_DTNotification</ns2:Code><ns2:Value>0</ns2:Value></ns2:SubProperty><ns2:SubProperty><ns2:Code>C_SUB_GPRS_ROAM_RIGHT</ns2:Code><ns2:Value>3</ns2:Value></ns2:SubProperty><ns2:SubProperty><ns2:Code>C_SUB_ZONEINFOS</ns2:Code><ns2:Value>0</ns2:Value></ns2:SubProperty><ns2:SubProperty><ns2:Code>C_ETU_STAGE_PERCENT</ns2:Code><ns2:Value>100</ns2:Value></ns2:SubProperty><ns2:SubProperty><ns2:Code>C_SPEC_NUM_RENT_END_TIME</ns2:Code><ns2:Value>20000101030000</ns2:Value></ns2:SubProperty><ns2:SubProperty><ns2:Code>C_ALLOW_OTHCARRIER_CALLS</ns2:Code><ns2:Value>Y</ns2:Value></ns2:SubProperty><ns2:SubProperty><ns2:Code>C_SUB_LOW_BAL_GATE_1</ns2:Code><ns2:Value>-1</ns2:Value></ns2:SubProperty><ns2:SubProperty><ns2:Code>C_SUB_LOW_BAL_GATE_2</ns2:Code><ns2:Value>-1</ns2:Value></ns2:SubProperty><ns2:SubProperty><ns2:Code>C_SUB_LOW_BAL_GATE_3</ns2:Code><ns2:Value>-1</ns2:Value></ns2:SubProperty><ns2:SubProperty><ns2:Code>C_SUB_LOW_BAL_GATE_4</ns2:Code><ns2:Value>-1</ns2:Value></ns2:SubProperty><ns2:SubProperty><ns2:Code>C_SUB_NOROAM_CALL_RIGHT</ns2:Code><ns2:Value>0</ns2:Value></ns2:SubProperty><ns2:SubProperty><ns2:Code>"
08:14:08.023 [Test worker] DEBUG org.apache.http.wire -  << "C_SUB_LOW_BAL_GATE_5</ns2:Code><ns2:Value>-1</ns2:Value></ns2:SubProperty><ns2:SubProperty><ns2:Code>C_SUB_LOAN_STATUS</ns2:Code><ns2:Value>0</ns2:Value></ns2:SubProperty><ns2:SubPro"
08:14:08.023 [Test worker] DEBUG org.apache.http.wire -  << "[\r][\n]"
08:14:08.023 [Test worker] DEBUG org.apache.http.wire -  << "0fe8[\r][\n]"
08:14:08.024 [Test worker] DEBUG org.apache.http.wire -  << "perty><ns2:Code>C_SUB_AUTOTOPUP_RECURRING</ns2:Code><ns2:Value>1</ns2:Value></ns2:SubProperty><ns2:SubProperty><ns2:Code>C_IOD_FLAG</ns2:Code><ns2:Value>0</ns2:Value></ns2:SubProperty><ns2:SubProperty><ns2:Code>C_ETU_BLACKLIST_DATE</ns2:Code><ns2:Value>0</ns2:Value></ns2:SubProperty><ns2:SubProperty><ns2:Code>C_APP_ACTIVE_USAGE</ns2:Code><ns2:Value>0</ns2:Value></ns2:SubProperty><ns2:SubProperty><ns2:Code>C_SUB_BARRINGCODE</ns2:Code><ns2:Value>99999999999</ns2:Value></ns2:SubProperty><ns2:SubProperty><ns2:Code>C_SUB_REFEREE_IDENTIFER</ns2:Code><ns2:Value></ns2:Value></ns2:SubProperty><ns2:SubProperty><ns2:Code>C_SUB_INTERROAM_CALL_RIGHT</ns2:Code><ns2:Value>0</ns2:Value></ns2:SubProperty><ns2:SubProperty><ns2:Code>C_SUB_ID</ns2:Code><ns2:Value>100100000000367239</ns2:Value></ns2:SubProperty></ns2:SubBasicInfo><ns2:UserCustomerKey>CTA00000270084</ns2:UserCustomerKey><ns2:SubIdentity><ns2:SubIdentityType>1</ns2:SubIdentityType><ns2:SubIdentity>3046010569</ns2:SubIdentity><ns2:PrimaryFlag>1</ns2:PrimaryFlag></ns2:SubIdentity><ns2:SubIdentity><ns2:SubIdentityType>2</ns2:SubIdentityType><ns2:SubIdentity>732111193280551</ns2:SubIdentity><ns2:PrimaryFlag>2</ns2:PrimaryFlag></ns2:SubIdentity><ns2:Brand>120</ns2:Brand><ns2:SubClass>1</ns2:SubClass><ns2:NetworkType>1</ns2:NetworkType><ns2:Status>2</ns2:Status><ns2:ConsumptionLimit><ns2:LimitType>C_CL_USAGE_NOROAM</ns2:LimitType><ns2:UnitType>M</ns2:UnitType><ns2:CurrencyID>1032</ns2:CurrencyID><ns2:LimitValue>0</ns2:LimitValue></ns2:ConsumptionLimit><ns3:StatusDetail>000000000000000000000000</ns3:StatusDetail><ns3:ActivationTime>20220718145043</ns3:ActivationTime><ns3:UserCustomer><ns3:CustKey>CTA00000270084</ns3:CustKey><ns3:CustInfo><ns2:CustType>1</ns2:CustType><ns2:CustNodeType>1</ns2:CustNodeType><ns2:CustClass>1</ns2:CustClass><ns2:CustCode>CBS100100000000367145</ns2:CustCode><ns2:CustBasicInfo><ns2:DFTWrittenLang>2002</ns2:DFTWrittenLang><ns2:DFTIVRLang>2002</ns2:DFTIVRLang><ns2:DunningFlag>1</ns2:DunningFlag><ns2:CustProperty><ns2:Code>C_Extend_Cust_Int_Attr8</ns2:Code><ns2:Value></ns2:Value></ns2:CustProperty><ns2:CustProperty><ns2:Code>C_CUSTOMER_TAX_RATE</ns2:Code><ns2:Value></ns2:Value></ns2:CustProperty><ns2:CustProperty><ns2:Code>C_Extend_Cust_Int_Attr9</ns2:Code><ns2:Value></ns2:Value></ns2:CustProperty><ns2:CustProperty><ns2:Code>C_CUST_BANKRUPTCY</ns2:Code><ns2:Value>N</ns2:Value></ns2:CustProperty><ns2:CustProperty><ns2:Code>C_Extend_Cust_Int_Attr10</ns2:Code><ns2:Value></ns2:Value></ns2:CustProperty><ns2:CustProperty><ns2:Code>C_Extend_Cust_Int_Attr4</ns2:Code><ns2:Value></ns2:Value></ns2:CustProperty><ns2:CustProperty><ns2:Code>C_Extend_Cust_Int_Attr5</ns2:Code><ns2:Value></ns2:Value></ns2:CustProperty><ns2:CustProperty><ns2:Code>C_Extend_Cust_Int_Attr6</ns2:Code><ns2:Value></ns2:Value></ns2:CustProperty><ns2:CustProperty><ns2:Code>C_Extend_Cust_Int_Attr7</ns2:Code><ns2:Value></ns2:Value></ns2:CustProperty><ns2:CustProperty><ns2:Code>C_LEGAL_CATEGORY</ns2:Code><ns2:Value></ns2:Value></ns2:CustProperty><ns2:CustProperty><ns2:Code>C_CONTRACT_ID</ns2:Code><ns2:Value></ns2:Value></ns2:CustProperty><ns2:CustProperty><ns2:Code>C_Extend_Cust_Int_Attr1</ns2:Code><ns2:Value></ns2:Value></ns2:CustProperty><ns2:CustProperty><ns2:Code>C_Extend_Cust_Int_Attr2</ns2:Code><ns2:Value></ns2:Value></ns2:CustProperty><ns2:CustProperty><ns2:Code>C_NEW_IC</ns2:Code><ns2:Value></ns2:Value></ns2:CustProperty><ns2:CustProperty><ns2:Code>C_Extend_Cust_Int_Attr3</ns2:Code><ns2:Value></ns2:Value></ns2:CustProperty><ns2:CustProperty><ns2:Code>C_REG_FLAG</ns2:Code><ns2:Value>N</ns2:Value></ns2:CustProperty><ns2:CustProperty><ns2:Code>C_NRC</ns2:Code><ns2:Value></ns2:Value></ns2:CustProperty><ns2:CustProperty><ns2:Code>C_CUST_CATEGORY</ns2:Code><ns2:Value></ns2:Value></ns2:CustProperty><ns2:CustProperty><ns2:Code>C_CUST_SALT</ns2:Code><ns2:Value>99448A9274334694</ns2:Value></ns2:CustProperty><ns2:CustProperty><ns2:Code>C_EXTERNAL_CUST_ID</ns2:Code><ns2:Value></ns2:Value></ns2:CustProperty><ns2:CustProperty><ns2:Code>C_FRAUD_FLAG</ns2:Code><ns2:Value>N</ns2:Value></ns2"
08:14:08.025 [Test worker] DEBUG org.apache.http.wire -  << "[\r][\n]"
08:14:08.025 [Test worker] DEBUG org.apache.http.wire -  << "0fe8[\r][\n]"
08:14:08.027 [Test worker] DEBUG org.apache.http.wire -  << ":CustProperty><ns2:CustProperty><ns2:Code>C_CUST_MEDIA_FLAG</ns2:Code><ns2:Value>N</ns2:Value></ns2:CustProperty><ns2:CustProperty><ns2:Code>C_TAX_PAYER_IDENTIFICATION_NO</ns2:Code><ns2:Value></ns2:Value></ns2:CustProperty><ns2:CustProperty><ns2:Code>C_CUST_DECEASED</ns2:Code><ns2:Value>N</ns2:Value></ns2:CustProperty><ns2:CustProperty><ns2:Code>C_EVENING_PHONE</ns2:Code><ns2:Value></ns2:Value></ns2:CustProperty><ns2:CustProperty><ns2:Code>C_Extend_Cust_Str_Attr5</ns2:Code><ns2:Value></ns2:Value></ns2:CustProperty><ns2:CustProperty><ns2:Code>C_Extend_Cust_Str_Attr4</ns2:Code><ns2:Value></ns2:Value></ns2:CustProperty><ns2:CustProperty><ns2:Code>C_Extend_Cust_Str_Attr3</ns2:Code><ns2:Value></ns2:Value></ns2:CustProperty><ns2:CustProperty><ns2:Code>C_Extend_Cust_Str_Attr2</ns2:Code><ns2:Value></ns2:Value></ns2:CustProperty><ns2:CustProperty><ns2:Code>C_DAYTIME_PHONE</ns2:Code><ns2:Value></ns2:Value></ns2:CustProperty><ns2:CustProperty><ns2:Code>C_Extend_Cust_Str_Attr9</ns2:Code><ns2:Value></ns2:Value></ns2:CustProperty><ns2:CustProperty><ns2:Code>C_Extend_Cust_Str_Attr8</ns2:Code><ns2:Value></ns2:Value></ns2:CustProperty><ns2:CustProperty><ns2:Code>C_CUST_MARKETING_CONSENT</ns2:Code><ns2:Value>N</ns2:Value></ns2:CustProperty><ns2:CustProperty><ns2:Code>C_Extend_Cust_Str_Attr7</ns2:Code><ns2:Value></ns2:Value></ns2:CustProperty><ns2:CustProperty><ns2:Code>C_Extend_Cust_Str_Attr6</ns2:Code><ns2:Value></ns2:Value></ns2:CustProperty><ns2:CustProperty><ns2:Code>C_OLD_IC</ns2:Code><ns2:Value></ns2:Value></ns2:CustProperty><ns2:CustProperty><ns2:Code>C_Extend_Cust_Str_Attr1</ns2:Code><ns2:Value></ns2:Value></ns2:CustProperty><ns2:CustProperty><ns2:Code>C_Extend_Cust_Str_Attr10</ns2:Code><ns2:Value></ns2:Value></ns2:CustProperty><ns2:CustProperty><ns2:Code>C_CUST_BILLSUM</ns2:Code><ns2:Value>0</ns2:Value></ns2:CustProperty><ns2:CustProperty><ns2:Code>C_CORP_CUST_SEGMENT</ns2:Code><ns2:Value></ns2:Value></ns2:CustProperty><ns2:CustProperty><ns2:Code>C_ACCESSIBILITY_FLAG</ns2:Code><ns2:Value></ns2:Value></ns2:CustProperty><ns2:CustProperty><ns2:Code>C_CUST_BelToAreaID</ns2:Code><ns2:Value>101</ns2:Value></ns2:CustProperty><ns2:CustProperty><ns2:Code>C_CUST_ID</ns2:Code><ns2:Value>100100000000367145</ns2:Value></ns2:CustProperty></ns2:CustBasicInfo></ns3:CustInfo><ns3:IndividualInfo><ns2:IDType>6</ns2:IDType><ns2:IDNumber>995779677</ns2:IDNumber><ns2:FirstName>MILAGRO  UZMAN</ns2:FirstName><ns2:LastName>MILAGRO  UZMAN</ns2:LastName><ns2:HomePhone>3023456789</ns2:HomePhone><ns2:Email>prueba@gmail.com</ns2:Email><ns2:IndividualProperty><ns2:Code>C_MKT_P_STATUS</ns2:Code><ns2:Value>1</ns2:Value></ns2:IndividualProperty></ns3:IndividualInfo></ns3:UserCustomer></ns3:SubscriberInfo><ns3:PaymentMode>2</ns3:PaymentMode><ns3:PrimaryOffering><ns2:OfferingKey><ns2:OfferingID>120120388</ns2:OfferingID><ns2:PurchaseSeq>221639</ns2:PurchaseSeq></ns2:OfferingKey><ns2:BundledFlag>S</ns2:BundledFlag><ns2:OfferingClass>I</ns2:OfferingClass><ns2:Status>2</ns2:Status><ns2:ProductInst><ns2:ProductID>1010</ns2:ProductID><ns2:PrimaryFlag>A</ns2:PrimaryFlag><ns2:PackageFlag>A</ns2:PackageFlag><ns2:NetworkType>1</ns2:NetworkType><ns2:ProductType>4</ns2:ProductType></ns2:ProductInst><ns2:ProductInst><ns2:ProductID>1014</ns2:ProductID><ns2:PrimaryFlag>A</ns2:PrimaryFlag><ns2:PackageFlag>A</ns2:PackageFlag><ns2:NetworkType>1</ns2:NetworkType><ns2:ProductType>1</ns2:ProductType></ns2:ProductInst><ns2:ProductInst><ns2:ProductID>1042</ns2:ProductID><ns2:PrimaryFlag>A</ns2:PrimaryFlag><ns2:PackageFlag>A</ns2:PackageFlag><ns2:NetworkType>1</ns2:NetworkType><ns2:ProductType>1</ns2:ProductType></ns2:ProductInst><ns2:ProductInst><ns2:ProductID>1011</ns2:ProductID><ns2:PrimaryFlag>A</ns2:PrimaryFlag><ns2:PackageFlag>A</ns2:PackageFlag><ns2:NetworkType>1</ns2:NetworkType><ns2:ProductType>1</ns2:ProductType></ns2:ProductInst><ns2:ProductInst><ns2:ProductID>1822969218</ns2:ProductID><ns2:PrimaryFlag>A</"
08:14:08.027 [Test worker] DEBUG org.apache.http.wire -  << "ns2:PrimaryFlag><ns2:PackageFlag>A</ns2:PackageFlag><ns2:NetworkType>1</ns2:NetworkType><ns2:ProductType>1</ns2:ProductType></ns2:ProductInst><ns2:Pro"
08:14:08.027 [Test worker] DEBUG org.apache.http.wire -  << "[\r][\n]"
08:14:08.027 [Test worker] DEBUG org.apache.http.wire -  << "0074[\r][\n]"
08:14:08.027 [Test worker] DEBUG org.apache.http.wire -  << "ductInst><ns2:ProductID>1053</ns2:ProductID><ns2:PrimaryFlag>M</ns2:PrimaryFlag><ns2:PackageFlag>A</ns2:PackageFlag>"
08:14:08.027 [Test worker] DEBUG org.apache.http.wire -  << "[\r][\n]"
08:14:08.027 [Test worker] DEBUG org.apache.http.wire -  << "0fe8[\r][\n]"
08:14:08.027 [Test worker] DEBUG org.apache.http.wire -  << "<ns2:NetworkType>1</ns2:NetworkType><ns2:ProductType>1</ns2:ProductType></ns2:ProductInst></ns3:PrimaryOffering><ns3:SupplementaryOffering><ns2:OfferingKey><ns2:OfferingID>990000216</ns2:OfferingID><ns2:PurchaseSeq>1</ns2:PurchaseSeq></ns2:OfferingKey><ns2:BundledFlag>S</ns2:BundledFlag><ns2:OfferingClass>I</ns2:OfferingClass><ns2:Status>2</ns2:Status><ns3:EffectiveTime>20220818000000</ns3:EffectiveTime><ns3:ExpirationTime>20271212000000</ns3:ExpirationTime><ns3:ActivationMode>A</ns3:ActivationMode><ns3:ActivationTime>20220818000000</ns3:ActivationTime></ns3:SupplementaryOffering><ns3:SupplementaryOffering><ns2:OfferingKey><ns2:OfferingID>990000217</ns2:OfferingID><ns2:PurchaseSeq>1</ns2:PurchaseSeq></ns2:OfferingKey><ns2:BundledFlag>S</ns2:BundledFlag><ns2:OfferingClass>I</ns2:OfferingClass><ns2:Status>2</ns2:Status><ns3:EffectiveTime>20220818000000</ns3:EffectiveTime><ns3:ExpirationTime>20271212000000</ns3:ExpirationTime><ns3:ActivationMode>A</ns3:ActivationMode><ns3:ActivationTime>20220818000000</ns3:ActivationTime></ns3:SupplementaryOffering></ns3:Subscriber><ns3:Account><ns3:AcctKey>PRE-8960000227</ns3:AcctKey><ns3:AcctInfo><ns3:AcctCode>CBS100100000000367240</ns3:AcctCode><ns3:UserCustomerKey>CTA00000270084</ns3:UserCustomerKey><ns3:UserCustomer><ns3:CustKey>CTA00000270084</ns3:CustKey><ns3:CustInfo><ns2:CustType>1</ns2:CustType><ns2:CustNodeType>1</ns2:CustNodeType><ns2:CustClass>1</ns2:CustClass><ns2:CustCode>CBS100100000000367145</ns2:CustCode><ns2:CustBasicInfo><ns2:DFTWrittenLang>2002</ns2:DFTWrittenLang><ns2:DFTIVRLang>2002</ns2:DFTIVRLang><ns2:DunningFlag>1</ns2:DunningFlag><ns2:CustProperty><ns2:Code>C_Extend_Cust_Int_Attr8</ns2:Code><ns2:Value></ns2:Value></ns2:CustProperty><ns2:CustProperty><ns2:Code>C_CUSTOMER_TAX_RATE</ns2:Code><ns2:Value></ns2:Value></ns2:CustProperty><ns2:CustProperty><ns2:Code>C_Extend_Cust_Int_Attr9</ns2:Code><ns2:Value></ns2:Value></ns2:CustProperty><ns2:CustProperty><ns2:Code>C_CUST_BANKRUPTCY</ns2:Code><ns2:Value>N</ns2:Value></ns2:CustProperty><ns2:CustProperty><ns2:Code>C_Extend_Cust_Int_Attr10</ns2:Code><ns2:Value></ns2:Value></ns2:CustProperty><ns2:CustProperty><ns2:Code>C_Extend_Cust_Int_Attr4</ns2:Code><ns2:Value></ns2:Value></ns2:CustProperty><ns2:CustProperty><ns2:Code>C_Extend_Cust_Int_Attr5</ns2:Code><ns2:Value></ns2:Value></ns2:CustProperty><ns2:CustProperty><ns2:Code>C_Extend_Cust_Int_Attr6</ns2:Code><ns2:Value></ns2:Value></ns2:CustProperty><ns2:CustProperty><ns2:Code>C_Extend_Cust_Int_Attr7</ns2:Code><ns2:Value></ns2:Value></ns2:CustProperty><ns2:CustProperty><ns2:Code>C_LEGAL_CATEGORY</ns2:Code><ns2:Value></ns2:Value></ns2:CustProperty><ns2:CustProperty><ns2:Code>C_CONTRACT_ID</ns2:Code><ns2:Value></ns2:Value></ns2:CustProperty><ns2:CustProperty><ns2:Code>C_Extend_Cust_Int_Attr1</ns2:Code><ns2:Value></ns2:Value></ns2:CustProperty><ns2:CustProperty><ns2:Code>C_Extend_Cust_Int_Attr2</ns2:Code><ns2:Value></ns2:Value></ns2:CustProperty><ns2:CustProperty><ns2:Code>C_NEW_IC</ns2:Code><ns2:Value></ns2:Value></ns2:CustProperty><ns2:CustProperty><ns2:Code>C_Extend_Cust_Int_Attr3</ns2:Code><ns2:Value></ns2:Value></ns2:CustProperty><ns2:CustProperty><ns2:Code>C_REG_FLAG</ns2:Code><ns2:Value>N</ns2:Value></ns2:CustProperty><ns2:CustProperty><ns2:Code>C_NRC</ns2:Code><ns2:Value></ns2:Value></ns2:CustProperty><ns2:CustProperty><ns2:Code>C_CUST_CATEGORY</ns2:Code><ns2:Value></ns2:Value></ns2:CustProperty><ns2:CustProperty><ns2:Code>C_CUST_SALT</ns2:Code><ns2:Value>99448A9274334694</ns2:Value></ns2:CustProperty><ns2:CustProperty><ns2:Code>C_EXTERNAL_CUST_ID</ns2:Code><ns2:Value></ns2:Value></ns2:CustProperty><ns2:CustProperty><ns2:Code>C_FRAUD_FLAG</ns2:Code><ns2:Value>N</ns2:Value></ns2:CustProperty><ns2:CustProperty><ns2:Code>C_CUST_MEDIA_FLAG</ns2:Code><ns2:Value>N</ns2:Value></ns2:CustProperty><ns2:CustProperty><ns2:Code>C_TAX_PAYER_IDENTIFICATION_NO</ns2:Code><ns2:Value></ns2:Value></ns2:CustProperty><ns2:CustProperty><ns2:Code>C_CUST_DECEASED</ns2:Code><ns2:Value>N</ns2:Value></ns2:CustProperty><ns2:CustProperty><ns2:Code>C_EVENING_PHONE</ns2:Code><ns"
08:14:08.027 [Test worker] DEBUG org.apache.http.wire -  << "[\r][\n]"
08:14:08.027 [Test worker] DEBUG org.apache.http.wire -  << "0fe8[\r][\n]"
08:14:08.027 [Test worker] DEBUG org.apache.http.wire -  << "2:Value></ns2:Value></ns2:CustProperty><ns2:CustProperty><ns2:Code>C_Extend_Cust_Str_Attr5</ns2:Code><ns2:Value></ns2:Value></ns2:CustProperty><ns2:CustProperty><ns2:Code>C_Extend_Cust_Str_Attr4</ns2:Code><ns2:Value></ns2:Value></ns2:CustProperty><ns2:CustProperty><ns2:Code>C_Extend_Cust_Str_Attr3</ns2:Code><ns2:Value></ns2:Value></ns2:CustProperty><ns2:CustProperty><ns2:Code>C_Extend_Cust_Str_Attr2</ns2:Code><ns2:Value></ns2:Value></ns2:CustProperty><ns2:CustProperty><ns2:Code>C_DAYTIME_PHONE</ns2:Code><ns2:Value></ns2:Value></ns2:CustProperty><ns2:CustProperty><ns2:Code>C_Extend_Cust_Str_Attr9</ns2:Code><ns2:Value></ns2:Value></ns2:CustProperty><ns2:CustProperty><ns2:Code>C_Extend_Cust_Str_Attr8</ns2:Code><ns2:Value></ns2:Value></ns2:CustProperty><ns2:CustProperty><ns2:Code>C_CUST_MARKETING_CONSENT</ns2:Code><ns2:Value>N</ns2:Value></ns2:CustProperty><ns2:CustProperty><ns2:Code>C_Extend_Cust_Str_Attr7</ns2:Code><ns2:Value></ns2:Value></ns2:CustProperty><ns2:CustProperty><ns2:Code>C_Extend_Cust_Str_Attr6</ns2:Code><ns2:Value></ns2:Value></ns2:CustProperty><ns2:CustProperty><ns2:Code>C_OLD_IC</ns2:Code><ns2:Value></ns2:Value></ns2:CustProperty><ns2:CustProperty><ns2:Code>C_Extend_Cust_Str_Attr1</ns2:Code><ns2:Value></ns2:Value></ns2:CustProperty><ns2:CustProperty><ns2:Code>C_Extend_Cust_Str_Attr10</ns2:Code><ns2:Value></ns2:Value></ns2:CustProperty><ns2:CustProperty><ns2:Code>C_CUST_BILLSUM</ns2:Code><ns2:Value>0</ns2:Value></ns2:CustProperty><ns2:CustProperty><ns2:Code>C_CORP_CUST_SEGMENT</ns2:Code><ns2:Value></ns2:Value></ns2:CustProperty><ns2:CustProperty><ns2:Code>C_ACCESSIBILITY_FLAG</ns2:Code><ns2:Value></ns2:Value></ns2:CustProperty><ns2:CustProperty><ns2:Code>C_CUST_BelToAreaID</ns2:Code><ns2:Value>101</ns2:Value></ns2:CustProperty><ns2:CustProperty><ns2:Code>C_CUST_ID</ns2:Code><ns2:Value>100100000000367145</ns2:Value></ns2:CustProperty></ns2:CustBasicInfo></ns3:CustInfo><ns3:IndividualInfo><ns2:IDType>6</ns2:IDType><ns2:IDNumber>995779677</ns2:IDNumber><ns2:FirstName>MILAGRO  UZMAN</ns2:FirstName><ns2:LastName>MILAGRO  UZMAN</ns2:LastName><ns2:HomePhone>3023456789</ns2:HomePhone><ns2:Email>prueba@gmail.com</ns2:Email><ns2:IndividualProperty><ns2:Code>C_MKT_P_STATUS</ns2:Code><ns2:Value>1</ns2:Value></ns2:IndividualProperty></ns3:IndividualInfo></ns3:UserCustomer><ns3:RootAcctKey>PRE-8960000227</ns3:RootAcctKey><ns3:AcctBasicInfo><ns2:BillLang>2002</ns2:BillLang><ns2:DunningFlag>1</ns2:DunningFlag><ns2:LateFeeChargeable>N</ns2:LateFeeChargeable><ns2:RedlistFlag>0</ns2:RedlistFlag><ns2:ContactInfo><ns2:FirstName>MILAGRO</ns2:FirstName><ns2:LastName>UZMAN</ns2:LastName><ns2:AddressKey>a9a0a3efd40446f044c06179827120f2</ns2:AddressKey><ns2:HomePhone>3023456789</ns2:HomePhone><ns2:MobilePhone>3046010569</ns2:MobilePhone><ns2:Email>prueba@gmail.com</ns2:Email></ns2:ContactInfo><ns2:FreeBillMedium><ns2:BMCode>5</ns2:BMCode><ns2:BMType>2</ns2:BMType></ns2:FreeBillMedium><ns2:AcctProperty><ns2:Code>C_ACCOUNT_INFO_5</ns2:Code><ns2:Value></ns2:Value></ns2:AcctProperty><ns2:AcctProperty><ns2:Code>C_GRP_IND_ACCT</ns2:Code><ns2:Value></ns2:Value></ns2:AcctProperty><ns2:AcctProperty><ns2:Code>C_INIT_BALANCE</ns2:Code><ns2:Value></ns2:Value></ns2:AcctProperty><ns2:AcctProperty><ns2:Code>C_ACCOUNT_INFO_3</ns2:Code><ns2:Value></ns2:Value></ns2:AcctProperty><ns2:AcctProperty><ns2:Code>C_ACCOUNT_INFO_4</ns2:Code><ns2:Value></ns2:Value></ns2:AcctProperty><ns2:AcctProperty><ns2:Code>C_Extend_Acct_Int_Attr1</ns2:Code><ns2:Value></ns2:Value></ns2:AcctProperty><ns2:AcctProperty><ns2:Code>C_Extend_Acct_Int_Attr2</ns2:Code><ns2:Value></ns2:Value></ns2:AcctProperty><ns2:AcctProperty><ns2:Code>C_Extend_Acct_Int_Attr3</ns2:Code><ns2:Value></ns2:Value></ns2:AcctProperty><ns2:AcctProperty><ns2:Code>C_POINT_ACCM_FLAG</ns2:Code><ns2:Value>1</ns2:Value></ns2:AcctProperty><ns2:AcctPrope"
08:14:08.027 [Test worker] DEBUG org.apache.http.wire -  << "rty><ns2:Code>C_RTN</ns2:Code><ns2:Value></ns2:Value></ns2:AcctProperty><ns2:AcctProperty><ns2:Code>C_BILLING_GROUP_NO</ns2:Code><ns2:Value></ns2:Value></ns2:AcctProperty><ns2:AcctProperty><ns2:Code>C_GRACE_PERIOD</ns2:Code><ns2:Value></ns2:V"
08:14:08.027 [Test worker] DEBUG org.apache.http.wire -  << "[\r][\n]"
08:14:08.027 [Test worker] DEBUG org.apache.http.wire -  << "0fe8[\r][\n]"
08:14:08.027 [Test worker] DEBUG org.apache.http.wire -  << "alue></ns2:AcctProperty><ns2:AcctProperty><ns2:Code>C_BILL_TYPE</ns2:Code><ns2:Value>T</ns2:Value></ns2:AcctProperty><ns2:AcctProperty><ns2:Code>C_TAX_CORRELATIVE_TYPE</ns2:Code><ns2:Value></ns2:Value></ns2:AcctProperty><ns2:AcctProperty><ns2:Code>C_ACCOUNT_CATEGORY</ns2:Code><ns2:Value>0</ns2:Value></ns2:AcctProperty><ns2:AcctProperty><ns2:Code>C_IS_VPN_ACCT_SUSPEND</ns2:Code><ns2:Value>0</ns2:Value></ns2:AcctProperty><ns2:AcctProperty><ns2:Code>C_BUSINESS_TYPE</ns2:Code><ns2:Value>0</ns2:Value></ns2:AcctProperty><ns2:AcctProperty><ns2:Code>C_Extend_Acct_Int_Attr4</ns2:Code><ns2:Value></ns2:Value></ns2:AcctProperty><ns2:AcctProperty><ns2:Code>C_Extend_Acct_Int_Attr5</ns2:Code><ns2:Value></ns2:Value></ns2:AcctProperty><ns2:AcctProperty><ns2:Code>C_FRAUD_WRITEOFF_FLAG</ns2:Code><ns2:Value>N</ns2:Value></ns2:AcctProperty><ns2:AcctProperty><ns2:Code>C_Extend_Acct_Int_Attr6</ns2:Code><ns2:Value></ns2:Value></ns2:AcctProperty><ns2:AcctProperty><ns2:Code>C_Extend_Acct_Int_Attr7</ns2:Code><ns2:Value></ns2:Value></ns2:AcctProperty><ns2:AcctProperty><ns2:Code>C_IMG_IDX</ns2:Code><ns2:Value></ns2:Value></ns2:AcctProperty><ns2:AcctProperty><ns2:Code>C_Extend_Acct_Int_Attr8</ns2:Code><ns2:Value></ns2:Value></ns2:AcctProperty><ns2:AcctProperty><ns2:Code>C_ACCOUNT_INFO_1</ns2:Code><ns2:Value></ns2:Value></ns2:AcctProperty><ns2:AcctProperty><ns2:Code>C_MCF_SELECTED</ns2:Code><ns2:Value>1</ns2:Value></ns2:AcctProperty><ns2:AcctProperty><ns2:Code>C_Extend_Acct_Int_Attr9</ns2:Code><ns2:Value></ns2:Value></ns2:AcctProperty><ns2:AcctProperty><ns2:Code>C_VERIFICATION_DIGIT</ns2:Code><ns2:Value></ns2:Value></ns2:AcctProperty><ns2:AcctProperty><ns2:Code>C_ACCOUNT_INFO_2</ns2:Code><ns2:Value></ns2:Value></ns2:AcctProperty><ns2:AcctProperty><ns2:Code>C_PRI_SUB_ID</ns2:Code><ns2:Value></ns2:Value></ns2:AcctProperty><ns2:AcctProperty><ns2:Code>C_DVD_IDX</ns2:Code><ns2:Value>N</ns2:Value></ns2:AcctProperty><ns2:AcctProperty><ns2:Code>C_Extend_Acct_Str_Attr1</ns2:Code><ns2:Value></ns2:Value></ns2:AcctProperty><ns2:AcctProperty><ns2:Code>C_POINT_EXCHANGE_FLAG</ns2:Code><ns2:Value>0</ns2:Value></ns2:AcctProperty><ns2:AcctProperty><ns2:Code>C_ACCT_AUTOPAY_FAILCOUNTER</ns2:Code><ns2:Value>0</ns2:Value></ns2:AcctProperty><ns2:AcctProperty><ns2:Code>C_NIT</ns2:Code><ns2:Value></ns2:Value></ns2:AcctProperty><ns2:AcctProperty><ns2:Code>C_CONTRACT_NUMBER</ns2:Code><ns2:Value></ns2:Value></ns2:AcctProperty><ns2:AcctProperty><ns2:Code>C_PAY_INTIME_DATE</ns2:Code><ns2:Value></ns2:Value></ns2:AcctProperty><ns2:AcctProperty><ns2:Code>C_OVER_DRAFT_FOR_PREPAID</ns2:Code><ns2:Value></ns2:Value></ns2:AcctProperty><ns2:AcctProperty><ns2:Code>LastAcctDailyBillTime</ns2:Code><ns2:Value>20220718220004</ns2:Value></ns2:AcctProperty><ns2:AcctProperty><ns2:Code>C_ACCOUNT_TAX_EXEMPTION</ns2:Code><ns2:Value>0</ns2:Value></ns2:AcctProperty><ns2:AcctProperty><ns2:Code>C_ACCT_BILLFLAG</ns2:Code><ns2:Value>0</ns2:Value></ns2:AcctProperty><ns2:AcctProperty><ns2:Code>C_DUNNING_EXCEPTION_LIST</ns2:Code><ns2:Value>0000</ns2:Value></ns2:AcctProperty><ns2:AcctProperty><ns2:Code>C_MARKETING_CATEGORY</ns2:Code><ns2:Value></ns2:Value></ns2:AcctProperty><ns2:AcctProperty><ns2:Code>C_SOCIETY</ns2:Code><ns2:Value></ns2:Value></ns2:AcctProperty><ns2:AcctProperty><ns2:Code>C_DDI_STATUS</ns2:Code><ns2:Value></ns2:Value></ns2:AcctProperty><ns2:AcctProperty><ns2:Code>C_Extend_Acct_Str_Attr10</ns2:Code><ns2:Value></ns2:Value></ns2:AcctProperty><ns2:AcctProperty><ns2:Code>C_Extend_Acct_Str_Attr9</ns2:Code><ns2:Value></ns2:Value></ns2:AcctProperty><ns2:AcctProperty><ns2:Code>C_ECONOMIC_STRATUM</ns2:Code><ns2:Value></ns2:Value></ns2:AcctProperty><ns2:AcctProperty><ns2:Code>C_Extend_Acct_Str_Attr8</ns2:Code><ns2:Value></ns2:Value></ns2:AcctProperty><ns2:AcctProperty><ns2:Code>C_Extend_Acct_Str_Attr7</ns2:Code><ns2:Value></ns2:Value></ns2:AcctProperty><ns2:AcctProperty><ns2:Code>C_Extend_Acct_Str_Attr6</ns2:Code><ns2:Value></ns2:Value></ns2:AcctProperty><ns2:AcctProperty><ns2:Code>C_Extend_Acct_Str_Attr5</ns2:Code><ns2:Value></ns2:Value></ns2:AcctProperty><ns2:AcctProperty><ns2:"
08:14:08.027 [Test worker] DEBUG org.apache.http.wire -  << "[\r][\n]"
08:14:08.027 [Test worker] DEBUG org.apache.http.wire -  << "0094[\r][\n]"
08:14:08.027 [Test worker] DEBUG org.apache.http.wire -  << "Code>C_BILL_CONFIRM</ns2:Code><ns2:Value>N</ns2:Value></ns2:AcctProperty><ns2:AcctProperty><ns2:Code>C_Extend_Acct_Str_Attr4</ns2:Code><ns2:Value></"
08:14:08.027 [Test worker] DEBUG org.apache.http.wire -  << "[\r][\n]"
08:14:08.027 [Test worker] DEBUG org.apache.http.wire -  << "0fe8[\r][\n]"
08:14:08.027 [Test worker] DEBUG org.apache.http.wire -  << "ns2:Value></ns2:AcctProperty><ns2:AcctProperty><ns2:Code>C_Extend_Acct_Str_Attr3</ns2:Code><ns2:Value></ns2:Value></ns2:AcctProperty><ns2:AcctProperty><ns2:Code>C_ACCT_STATUS</ns2:Code><ns2:Value>0</ns2:Value></ns2:AcctProperty><ns2:AcctProperty><ns2:Code>C_Extend_Acct_Str_Attr2</ns2:Code><ns2:Value></ns2:Value></ns2:AcctProperty><ns2:AcctProperty><ns2:Code>C_Extend_Acct_Int_Attr10</ns2:Code><ns2:Value></ns2:Value></ns2:AcctProperty><ns2:AcctProperty><ns2:Code>C_ACCOUNT_RELIABILITY</ns2:Code><ns2:Value></ns2:Value></ns2:AcctProperty><ns2:AcctProperty><ns2:Code>C_COLLECTION_CATEGORY</ns2:Code><ns2:Value></ns2:Value></ns2:AcctProperty><ns2:AcctProperty><ns2:Code>C_CITY</ns2:Code><ns2:Value></ns2:Value></ns2:AcctProperty><ns2:AcctProperty><ns2:Code>C_ACCOUNT_MANDATE_CODE</ns2:Code><ns2:Value></ns2:Value></ns2:AcctProperty><ns2:AcctProperty><ns2:Code>C_PROVINCE</ns2:Code><ns2:Value></ns2:Value></ns2:AcctProperty><ns2:AcctProperty><ns2:Code>C_RFC</ns2:Code><ns2:Value></ns2:Value></ns2:AcctProperty><ns2:AcctProperty><ns2:Code>C_CLAIM_FLAG</ns2:Code><ns2:Value>N</ns2:Value></ns2:AcctProperty><ns2:AcctProperty><ns2:Code>C_ROUTEID</ns2:Code><ns2:Value></ns2:Value></ns2:AcctProperty><ns2:AcctProperty><ns2:Code>C_SUC_AUTOPAY_DATE</ns2:Code><ns2:Value></ns2:Value></ns2:AcctProperty><ns2:AcctProperty><ns2:Code>C_POINT_DISTRIBUTE_RATE</ns2:Code><ns2:Value>0</ns2:Value></ns2:AcctProperty><ns2:AcctProperty><ns2:Code>C_ROAM_ACCT_ORDER_SEND</ns2:Code><ns2:Value>0</ns2:Value></ns2:AcctProperty><ns2:AcctProperty><ns2:Code>C_DD_REFERENCE</ns2:Code><ns2:Value></ns2:Value></ns2:AcctProperty><ns2:AcctProperty><ns2:Code>C_TERRITORY</ns2:Code><ns2:Value></ns2:Value></ns2:AcctProperty><ns2:AcctProperty><ns2:Code>C_CHG_ACCT_STATUS</ns2:Code><ns2:Value>0</ns2:Value></ns2:AcctProperty><ns2:AcctProperty><ns2:Code>C_DUE_DATE_TYPE</ns2:Code><ns2:Value></ns2:Value></ns2:AcctProperty><ns2:AcctProperty><ns2:Code>C_CREDIT_RECALCULATION_FLAG</ns2:Code><ns2:Value>N</ns2:Value></ns2:AcctProperty><ns2:AcctProperty><ns2:Code>C_BUSINESS_UNIT</ns2:Code><ns2:Value></ns2:Value></ns2:AcctProperty><ns2:AcctProperty><ns2:Code>C_OTHER_CARRIER</ns2:Code><ns2:Value>0</ns2:Value></ns2:AcctProperty><ns2:AcctProperty><ns2:Code>C_LATEFEE_FLAG</ns2:Code><ns2:Value>N</ns2:Value></ns2:AcctProperty><ns2:AcctProperty><ns2:Code>C_REF_A</ns2:Code><ns2:Value></ns2:Value></ns2:AcctProperty><ns2:AcctProperty><ns2:Code>C_BILL_DISPATCH_CODE</ns2:Code><ns2:Value></ns2:Value></ns2:AcctProperty><ns2:AcctProperty><ns2:Code>C_REF_B</ns2:Code><ns2:Value></ns2:Value></ns2:AcctProperty><ns2:AcctProperty><ns2:Code>C_ACCTCYCLELENGTH</ns2:Code><ns2:Value>1</ns2:Value></ns2:AcctProperty><ns2:AcctProperty><ns2:Code>C_PRI_SUB_IDENTIFIER</ns2:Code><ns2:Value></ns2:Value></ns2:AcctProperty><ns2:AcctProperty><ns2:Code>C_DCA_NAME</ns2:Code><ns2:Value></ns2:Value></ns2:AcctProperty><ns2:AcctProperty><ns2:Code>C_ACCT_ID</ns2:Code><ns2:Value>100100000000367240</ns2:Value></ns2:AcctProperty></ns3:AcctBasicInfo><ns3:BillCycleType>18</ns3:BillCycleType><ns3:AcctType>1</ns3:AcctType><ns3:PaymentType>0</ns3:PaymentType><ns3:AcctClass>1</ns3:AcctClass><ns3:CurrencyID>1032</ns3:CurrencyID><ns3:AcctPayMethod>1</ns3:AcctPayMethod><ns3:AddressInfo><ns2:AddressKey>a9a0a3efd40446f044c06179827120f2</ns2:AddressKey><ns2:Address1>Carrera 48 55-23 C.P 111511</ns2:Address1><ns2:Address2>111511</ns2:Address2><ns2:Address5>BOGOTA</ns2:Address5><ns2:Address6>BOGOTA D.E</ns2:Address6><ns2:Address7>Centro</ns2:Address7><ns2:Address8>Colombia</ns2:Address8><ns2:PostCode>111511</ns2:PostCode></ns3:AddressInfo><ns3:BillCycleOpenDate>20220718000000</ns3:BillCycleOpenDate><ns3:BillCycleEndDate>20220818000000</ns3:BillCycleEndDate></ns3:AcctInfo></ns3:A"
08:14:08.027 [Test worker] DEBUG org.apache.http.wire -  << "ccount><ns3:Account><ns3:AcctKey>8960000227</ns3:AcctKey><ns3:AcctInfo><ns3:AcctCode>896000022724</ns3:AcctCode><ns3:UserCustomerKey>CTA00000270084</ns3:UserCustomerKey><ns3:UserCustomer><ns3:CustKey>CTA00000270084</ns3:CustKey><ns3:CustInfo><ns2:CustType>1</ns2:CustType><ns2:CustNodeType>1</ns2:CustNodeType><ns2:CustClass>1</ns2:CustClass><ns2:CustCode>CBS1001000"
08:14:08.027 [Test worker] DEBUG org.apache.http.wire -  << "[\r][\n]"
08:14:08.027 [Test worker] DEBUG org.apache.http.wire -  << "0fe8[\r][\n]"
08:14:08.027 [Test worker] DEBUG org.apache.http.wire -  << "00000367145</ns2:CustCode><ns2:CustBasicInfo><ns2:DFTWrittenLang>2002</ns2:DFTWrittenLang><ns2:DFTIVRLang>2002</ns2:DFTIVRLang><ns2:DunningFlag>1</ns2:DunningFlag><ns2:CustProperty><ns2:Code>C_Extend_Cust_Int_Attr8</ns2:Code><ns2:Value></ns2:Value></ns2:CustProperty><ns2:CustProperty><ns2:Code>C_CUSTOMER_TAX_RATE</ns2:Code><ns2:Value></ns2:Value></ns2:CustProperty><ns2:CustProperty><ns2:Code>C_Extend_Cust_Int_Attr9</ns2:Code><ns2:Value></ns2:Value></ns2:CustProperty><ns2:CustProperty><ns2:Code>C_CUST_BANKRUPTCY</ns2:Code><ns2:Value>N</ns2:Value></ns2:CustProperty><ns2:CustProperty><ns2:Code>C_Extend_Cust_Int_Attr10</ns2:Code><ns2:Value></ns2:Value></ns2:CustProperty><ns2:CustProperty><ns2:Code>C_Extend_Cust_Int_Attr4</ns2:Code><ns2:Value></ns2:Value></ns2:CustProperty><ns2:CustProperty><ns2:Code>C_Extend_Cust_Int_Attr5</ns2:Code><ns2:Value></ns2:Value></ns2:CustProperty><ns2:CustProperty><ns2:Code>C_Extend_Cust_Int_Attr6</ns2:Code><ns2:Value></ns2:Value></ns2:CustProperty><ns2:CustProperty><ns2:Code>C_Extend_Cust_Int_Attr7</ns2:Code><ns2:Value></ns2:Value></ns2:CustProperty><ns2:CustProperty><ns2:Code>C_LEGAL_CATEGORY</ns2:Code><ns2:Value></ns2:Value></ns2:CustProperty><ns2:CustProperty><ns2:Code>C_CONTRACT_ID</ns2:Code><ns2:Value></ns2:Value></ns2:CustProperty><ns2:CustProperty><ns2:Code>C_Extend_Cust_Int_Attr1</ns2:Code><ns2:Value></ns2:Value></ns2:CustProperty><ns2:CustProperty><ns2:Code>C_Extend_Cust_Int_Attr2</ns2:Code><ns2:Value></ns2:Value></ns2:CustProperty><ns2:CustProperty><ns2:Code>C_NEW_IC</ns2:Code><ns2:Value></ns2:Value></ns2:CustProperty><ns2:CustProperty><ns2:Code>C_Extend_Cust_Int_Attr3</ns2:Code><ns2:Value></ns2:Value></ns2:CustProperty><ns2:CustProperty><ns2:Code>C_REG_FLAG</ns2:Code><ns2:Value>N</ns2:Value></ns2:CustProperty><ns2:CustProperty><ns2:Code>C_NRC</ns2:Code><ns2:Value></ns2:Value></ns2:CustProperty><ns2:CustProperty><ns2:Code>C_CUST_CATEGORY</ns2:Code><ns2:Value></ns2:Value></ns2:CustProperty><ns2:CustProperty><ns2:Code>C_CUST_SALT</ns2:Code><ns2:Value>99448A9274334694</ns2:Value></ns2:CustProperty><ns2:CustProperty><ns2:Code>C_EXTERNAL_CUST_ID</ns2:Code><ns2:Value></ns2:Value></ns2:CustProperty><ns2:CustProperty><ns2:Code>C_FRAUD_FLAG</ns2:Code><ns2:Value>N</ns2:Value></ns2:CustProperty><ns2:CustProperty><ns2:Code>C_CUST_MEDIA_FLAG</ns2:Code><ns2:Value>N</ns2:Value></ns2:CustProperty><ns2:CustProperty><ns2:Code>C_TAX_PAYER_IDENTIFICATION_NO</ns2:Code><ns2:Value></ns2:Value></ns2:CustProperty><ns2:CustProperty><ns2:Code>C_CUST_DECEASED</ns2:Code><ns2:Value>N</ns2:Value></ns2:CustProperty><ns2:CustProperty><ns2:Code>C_EVENING_PHONE</ns2:Code><ns2:Value></ns2:Value></ns2:CustProperty><ns2:CustProperty><ns2:Code>C_Extend_Cust_Str_Attr5</ns2:Code><ns2:Value></ns2:Value></ns2:CustProperty><ns2:CustProperty><ns2:Code>C_Extend_Cust_Str_Attr4</ns2:Code><ns2:Value></ns2:Value></ns2:CustProperty><ns2:CustProperty><ns2:Code>C_Extend_Cust_Str_Attr3</ns2:Code><ns2:Value></ns2:Value></ns2:CustProperty><ns2:CustProperty><ns2:Code>C_Extend_Cust_Str_Attr2</ns2:Code><ns2:Value></ns2:Value></ns2:CustProperty><ns2:CustProperty><ns2:Code>C_DAYTIME_PHONE</ns2:Code><ns2:Value></ns2:Value></ns2:CustProperty><ns2:CustProperty><ns2:Code>C_Extend_Cust_Str_Attr9</ns2:Code><ns2:Value></ns2:Value></ns2:CustProperty><ns2:CustProperty><ns2:Code>C_Extend_Cust_Str_Attr8</ns2:Code><ns2:Value></ns2:Value></ns2:CustProperty><ns2:CustProperty><ns2:Code>C_CUST_MARKETING_CONSENT</ns2:Code><ns2:Value>N</ns2:Value></ns2:CustProperty><ns2:CustProperty><ns2:Code>C_Extend_Cust_Str_Attr7</ns2:Code><ns2:Value></ns2:Value></ns2:CustProperty><ns2:CustProperty><ns2:Code>C_Extend_Cust_Str_Attr6</ns2:Code><ns2:Value></ns2:Value></ns2:CustProperty><ns2:CustProperty><ns2:Code>C_OLD_IC</ns2:Code><ns2:Value></ns2:Value></ns2:CustProperty><ns2:CustProperty><ns2:Code>C_Extend_Cust_Str_Attr1</ns2:Code><ns2:Value></ns2:Value></ns2:CustProperty><ns2:CustProperty><ns2:Code>C_Extend_Cust_Str_Attr10</ns2:Code><ns2:Value></ns2:Value></ns2:CustProperty><ns2:CustProperty><ns2:Code>C_CUST_BILLSUM</ns2:Code><ns2:Value>0</ns2:Value></n"
08:14:08.027 [Test worker] DEBUG org.apache.http.wire -  << "[\r][\n]"
08:14:08.027 [Test worker] DEBUG org.apache.http.wire -  << "0fe8[\r][\n]"
08:14:08.027 [Test worker] DEBUG org.apache.http.wire -  << "s2:CustProperty><ns2:CustProperty><ns2:Code>C_CORP_CUST_SEGMENT</ns2:Code><ns2:Value></ns2:Value></ns2:CustProperty><ns2:CustProperty><ns2:Code>C_ACCESSIBILITY_FLAG</ns2:Code><ns2:Value></ns2:Value></ns2:CustProperty><ns2:CustProperty><ns2:Code>C_CUST_BelToAreaID</ns2:Code><ns2:Value>101</ns2:Value></ns2:CustProperty><ns2:CustProperty><ns2:Code>C_CUST_ID</ns2:Code><ns2:Value>100100000000367145</ns2:Value></ns2:CustProperty></ns2:CustBasicInfo></ns3:CustInfo><ns3:IndividualInfo><ns2:IDType>6</ns2:IDType><ns2:IDNumber>995779677</ns2:IDNumber><ns2:FirstName>MILAGRO  UZMAN</ns2:FirstName><ns2:LastName>MILAGRO  UZMAN</ns2:LastName><ns2:HomePhone>3023456789</ns2:HomePhone><ns2:Email>prueba@gmail.com</ns2:Email><ns2:IndividualProperty><ns2:Code>C_MKT_P_STATUS</ns2:Code><ns2:Value>1</ns2:Value></ns2:IndividualProperty></ns3:IndividualInfo></ns3:UserCustomer><ns3:RootAcctKey>8960000227</ns3:RootAcctKey><ns3:AcctBasicInfo><ns2:BillLang>2002</ns2:BillLang><ns2:DunningFlag>1</ns2:DunningFlag><ns2:LateFeeChargeable>N</ns2:LateFeeChargeable><ns2:RedlistFlag>0</ns2:RedlistFlag><ns2:ContactInfo><ns2:FirstName>MILAGRO</ns2:FirstName><ns2:LastName>UZMAN</ns2:LastName><ns2:AddressKey>a9a0a3efd40446f044c06179827120f2</ns2:AddressKey><ns2:HomePhone>3023456789</ns2:HomePhone><ns2:MobilePhone>3046010569</ns2:MobilePhone><ns2:Email>prueba@gmail.com</ns2:Email></ns2:ContactInfo><ns2:FreeBillMedium><ns2:BMCode>1</ns2:BMCode><ns2:BMType>2</ns2:BMType></ns2:FreeBillMedium><ns2:FreeBillMedium><ns2:BMCode>5</ns2:BMCode><ns2:BMType>2</ns2:BMType></ns2:FreeBillMedium><ns2:AcctProperty><ns2:Code>C_ACCOUNT_INFO_5</ns2:Code><ns2:Value>0</ns2:Value></ns2:AcctProperty><ns2:AcctProperty><ns2:Code>C_GRP_IND_ACCT</ns2:Code><ns2:Value></ns2:Value></ns2:AcctProperty><ns2:AcctProperty><ns2:Code>C_INIT_BALANCE</ns2:Code><ns2:Value></ns2:Value></ns2:AcctProperty><ns2:AcctProperty><ns2:Code>C_ACCOUNT_INFO_3</ns2:Code><ns2:Value></ns2:Value></ns2:AcctProperty><ns2:AcctProperty><ns2:Code>C_ACCOUNT_INFO_4</ns2:Code><ns2:Value>DFT</ns2:Value></ns2:AcctProperty><ns2:AcctProperty><ns2:Code>C_Extend_Acct_Int_Attr1</ns2:Code><ns2:Value></ns2:Value></ns2:AcctProperty><ns2:AcctProperty><ns2:Code>C_Extend_Acct_Int_Attr2</ns2:Code><ns2:Value></ns2:Value></ns2:AcctProperty><ns2:AcctProperty><ns2:Code>C_Extend_Acct_Int_Attr3</ns2:Code><ns2:Value></ns2:Value></ns2:AcctProperty><ns2:AcctProperty><ns2:Code>C_POINT_ACCM_FLAG</ns2:Code><ns2:Value>1</ns2:Value></ns2:AcctProperty><ns2:AcctProperty><ns2:Code>C_RTN</ns2:Code><ns2:Value>995779677</ns2:Value></ns2:AcctProperty><ns2:AcctProperty><ns2:Code>C_BILLING_GROUP_NO</ns2:Code><ns2:Value></ns2:Value></ns2:AcctProperty><ns2:AcctProperty><ns2:Code>C_GRACE_PERIOD</ns2:Code><ns2:Value></ns2:Value></ns2:AcctProperty><ns2:AcctProperty><ns2:Code>C_BILL_TYPE</ns2:Code><ns2:Value>T</ns2:Value></ns2:AcctProperty><ns2:AcctProperty><ns2:Code>C_TAX_CORRELATIVE_TYPE</ns2:Code><ns2:Value>OTHRS</ns2:Value></ns2:AcctProperty><ns2:AcctProperty><ns2:Code>C_ACCOUNT_CATEGORY</ns2:Code><ns2:Value>1</ns2:Value></ns2:AcctProperty><ns2:AcctProperty><ns2:Code>C_IS_VPN_ACCT_SUSPEND</ns2:Code><ns2:Value>0</ns2:Value></ns2:AcctProperty><ns2:AcctProperty><ns2:Code>C_BUSINESS_TYPE</ns2:Code><ns2:Value>0</ns2:Value></ns2:AcctProperty><ns2:AcctProperty><ns2:Code>C_Extend_Acct_Int_Attr4</ns2:Code><ns2:Value></ns2:Value></ns2:AcctProperty><ns2:AcctProperty><ns2:Code>C_Extend_Acct_Int_Attr5</ns2:Code><ns2:Value></ns2:Value></ns2:AcctProperty><ns2:AcctProperty><ns2:Code>C_FRAUD_WRITEOFF_FLAG</ns2:Code><ns2:Value>N</ns2:Value></ns2:AcctProperty><ns2:AcctProperty><ns2:Code>C_Extend_Acct_Int_Attr6</ns2:Code><ns2:Value></ns2:Value></ns2:AcctProperty><ns2:AcctProperty><ns2:Code>C_Extend_Acct_Int_Attr7</ns2:Code><ns2:Value></"
08:14:08.027 [Test worker] DEBUG org.apache.http.wire -  << "ns2:Value></ns2:AcctProperty><ns2:AcctProperty><ns2:Code>C_IMG_IDX</ns2:Code><ns2:Value></ns2:Value></ns2:AcctProperty><ns2:AcctProperty><ns2:Code>C_Extend_Acct_Int_Attr8</ns2:Code><ns2:Value></ns2:Value></ns2:AcctProperty><ns2:AcctProperty><ns2:Code>C_ACCOUNT_INFO_1</ns2:Code><ns2:Value></ns2:Value></ns2:AcctProperty><ns2:AcctPrope"
08:14:08.027 [Test worker] DEBUG org.apache.http.wire -  << "[\r][\n]"
08:14:08.027 [Test worker] DEBUG org.apache.http.wire -  << "006e[\r][\n]"
08:14:08.027 [Test worker] DEBUG org.apache.http.wire -  << "rty><ns2:Code>C_MCF_SELECTED</ns2:Code><ns2:Value>1</ns2:Value></ns2:AcctProperty><ns2:AcctProperty><ns2:Code>"
08:14:08.027 [Test worker] DEBUG org.apache.http.wire -  << "[\r][\n]"
08:14:08.027 [Test worker] DEBUG org.apache.http.wire -  << "0fe8[\r][\n]"
08:14:08.027 [Test worker] DEBUG org.apache.http.wire -  << "C_Extend_Acct_Int_Attr9</ns2:Code><ns2:Value></ns2:Value></ns2:AcctProperty><ns2:AcctProperty><ns2:Code>C_VERIFICATION_DIGIT</ns2:Code><ns2:Value></ns2:Value></ns2:AcctProperty><ns2:AcctProperty><ns2:Code>C_ACCOUNT_INFO_2</ns2:Code><ns2:Value></ns2:Value></ns2:AcctProperty><ns2:AcctProperty><ns2:Code>C_PRI_SUB_ID</ns2:Code><ns2:Value>100100000000367239</ns2:Value></ns2:AcctProperty><ns2:AcctProperty><ns2:Code>C_DVD_IDX</ns2:Code><ns2:Value>N</ns2:Value></ns2:AcctProperty><ns2:AcctProperty><ns2:Code>C_Extend_Acct_Str_Attr1</ns2:Code><ns2:Value></ns2:Value></ns2:AcctProperty><ns2:AcctProperty><ns2:Code>C_POINT_EXCHANGE_FLAG</ns2:Code><ns2:Value>0</ns2:Value></ns2:AcctProperty><ns2:AcctProperty><ns2:Code>C_ACCT_AUTOPAY_FAILCOUNTER</ns2:Code><ns2:Value>0</ns2:Value></ns2:AcctProperty><ns2:AcctProperty><ns2:Code>C_NIT</ns2:Code><ns2:Value></ns2:Value></ns2:AcctProperty><ns2:AcctProperty><ns2:Code>C_CONTRACT_NUMBER</ns2:Code><ns2:Value></ns2:Value></ns2:AcctProperty><ns2:AcctProperty><ns2:Code>C_PAY_INTIME_DATE</ns2:Code><ns2:Value></ns2:Value></ns2:AcctProperty><ns2:AcctProperty><ns2:Code>C_OVER_DRAFT_FOR_PREPAID</ns2:Code><ns2:Value></ns2:Value></ns2:AcctProperty><ns2:AcctProperty><ns2:Code>LastAcctDailyBillTime</ns2:Code><ns2:Value>20220718220013</ns2:Value></ns2:AcctProperty><ns2:AcctProperty><ns2:Code>C_ACCOUNT_TAX_EXEMPTION</ns2:Code><ns2:Value>0</ns2:Value></ns2:AcctProperty><ns2:AcctProperty><ns2:Code>C_ACCT_BILLFLAG</ns2:Code><ns2:Value>0</ns2:Value></ns2:AcctProperty><ns2:AcctProperty><ns2:Code>C_DUNNING_EXCEPTION_LIST</ns2:Code><ns2:Value>0000</ns2:Value></ns2:AcctProperty><ns2:AcctProperty><ns2:Code>C_MARKETING_CATEGORY</ns2:Code><ns2:Value></ns2:Value></ns2:AcctProperty><ns2:AcctProperty><ns2:Code>C_SOCIETY</ns2:Code><ns2:Value></ns2:Value></ns2:AcctProperty><ns2:AcctProperty><ns2:Code>C_DDI_STATUS</ns2:Code><ns2:Value></ns2:Value></ns2:AcctProperty><ns2:AcctProperty><ns2:Code>C_Extend_Acct_Str_Attr10</ns2:Code><ns2:Value></ns2:Value></ns2:AcctProperty><ns2:AcctProperty><ns2:Code>C_Extend_Acct_Str_Attr9</ns2:Code><ns2:Value></ns2:Value></ns2:AcctProperty><ns2:AcctProperty><ns2:Code>C_ECONOMIC_STRATUM</ns2:Code><ns2:Value></ns2:Value></ns2:AcctProperty><ns2:AcctProperty><ns2:Code>C_Extend_Acct_Str_Attr8</ns2:Code><ns2:Value></ns2:Value></ns2:AcctProperty><ns2:AcctProperty><ns2:Code>C_Extend_Acct_Str_Attr7</ns2:Code><ns2:Value></ns2:Value></ns2:AcctProperty><ns2:AcctProperty><ns2:Code>C_Extend_Acct_Str_Attr6</ns2:Code><ns2:Value></ns2:Value></ns2:AcctProperty><ns2:AcctProperty><ns2:Code>C_Extend_Acct_Str_Attr5</ns2:Code><ns2:Value></ns2:Value></ns2:AcctProperty><ns2:AcctProperty><ns2:Code>C_BILL_CONFIRM</ns2:Code><ns2:Value>N</ns2:Value></ns2:AcctProperty><ns2:AcctProperty><ns2:Code>C_Extend_Acct_Str_Attr4</ns2:Code><ns2:Value></ns2:Value></ns2:AcctProperty><ns2:AcctProperty><ns2:Code>C_Extend_Acct_Str_Attr3</ns2:Code><ns2:Value></ns2:Value></ns2:AcctProperty><ns2:AcctProperty><ns2:Code>C_ACCT_STATUS</ns2:Code><ns2:Value>0</ns2:Value></ns2:AcctProperty><ns2:AcctProperty><ns2:Code>C_Extend_Acct_Str_Attr2</ns2:Code><ns2:Value></ns2:Value></ns2:AcctProperty><ns2:AcctProperty><ns2:Code>C_Extend_Acct_Int_Attr10</ns2:Code><ns2:Value></ns2:Value></ns2:AcctProperty><ns2:AcctProperty><ns2:Code>C_ACCOUNT_RELIABILITY</ns2:Code><ns2:Value></ns2:Value></ns2:AcctProperty><ns2:AcctProperty><ns2:Code>C_COLLECTION_CATEGORY</ns2:Code><ns2:Value>02</ns2:Value></ns2:AcctProperty><ns2:AcctProperty><ns2:Code>C_CITY</ns2:Code><ns2:Value>11001</ns2:Value></ns2:AcctProperty><ns2:AcctProperty><ns2:Code>C_ACCOUNT_MANDATE_CODE</ns2:Code><ns2:Value></ns2:Value></ns2:AcctProperty><ns2:AcctProperty><ns2:Code>C_PROVINCE</ns2:Code><ns2:Value>11</ns2:Value></ns2:AcctProperty><ns2:AcctProperty><ns2:Code>C_RFC</ns2:Code><ns2:Value></ns2:Value></ns2:AcctProperty><ns2:AcctProperty><ns2:Code>C_CLAIM_FLAG</ns2:Code><ns2:Value>N</ns2:Value></ns2:AcctProperty><ns2:AcctProperty><ns2:Code>C_ROUTEID</ns2:Code><ns2:Value>DFT</ns2:Value></ns2:AcctProperty><ns2:AcctProperty><ns2:Code>C_SUC_AUTOPAY_DATE</ns2:Code><ns2:Value></ns2:Value></ns"
08:14:08.042 [Test worker] DEBUG org.apache.http.wire -  << "[\r][\n]"
08:14:08.042 [Test worker] DEBUG org.apache.http.wire -  << "0a45[\r][\n]"
08:14:08.042 [Test worker] DEBUG org.apache.http.wire -  << "2:AcctProperty><ns2:AcctProperty><ns2:Code>C_POINT_DISTRIBUTE_RATE</ns2:Code><ns2:Value>0</ns2:Value></ns2:AcctProperty><ns2:AcctProperty><ns2:Code>C_ROAM_ACCT_ORDER_SEND</ns2:Code><ns2:Value>0</ns2:Value></ns2:AcctProperty><ns2:AcctProperty><ns2:Code>C_DD_REFERENCE</ns2:Code><ns2:Value></ns2:Value></ns2:AcctProperty><ns2:AcctProperty><ns2:Code>C_TERRITORY</ns2:Code><ns2:Value></ns2:Value></ns2:AcctProperty><ns2:AcctProperty><ns2:Code>C_CHG_ACCT_STATUS</ns2:Code><ns2:Value>0</ns2:Value></ns2:AcctProperty><ns2:AcctProperty><ns2:Code>C_DUE_DATE_TYPE</ns2:Code><ns2:Value>0</ns2:Value></ns2:AcctProperty><ns2:AcctProperty><ns2:Code>C_CREDIT_RECALCULATION_FLAG</ns2:Code><ns2:Value>N</ns2:Value></ns2:AcctProperty><ns2:AcctProperty><ns2:Code>C_BUSINESS_UNIT</ns2:Code><ns2:Value>6</ns2:Value></ns2:AcctProperty><ns2:AcctProperty><ns2:Code>C_OTHER_CARRIER</ns2:Code><ns2:Value>0</ns2:Value></ns2:AcctProperty><ns2:AcctProperty><ns2:Code>C_TAX_POLICY_TYPE</ns2:Code><ns2:Value>DFT</ns2:Value></ns2:AcctProperty><ns2:AcctProperty><ns2:Code>C_LATEFEE_FLAG</ns2:Code><ns2:Value>N</ns2:Value></ns2:AcctProperty><ns2:AcctProperty><ns2:Code>C_REF_A</ns2:Code><ns2:Value></ns2:Value></ns2:AcctProperty><ns2:AcctProperty><ns2:Code>C_BILL_DISPATCH_CODE</ns2:Code><ns2:Value></ns2:Value></ns2:AcctProperty><ns2:AcctProperty><ns2:Code>C_REF_B</ns2:Code><ns2:Value></ns2:Value></ns2:AcctProperty><ns2:AcctProperty><ns2:Code>C_ACCTCYCLELENGTH</ns2:Code><ns2:Value>1</ns2:Value></ns2:AcctProperty><ns2:AcctProperty><ns2:Code>C_PRI_SUB_IDENTIFIER</ns2:Code><ns2:Value></ns2:Value></ns2:AcctProperty><ns2:AcctProperty><ns2:Code>C_DCA_NAME</ns2:Code><ns2:Value></ns2:Value></ns2:AcctProperty><ns2:AcctProperty><ns2:Code>C_ACCT_ID</ns2:Code><ns2:Value>100100000000367241</ns2:Value></ns2:AcctProperty></ns3:AcctBasicInfo><ns3:BillCycleType>18</ns3:BillCycleType><ns3:AcctType>1</ns3:AcctType><ns3:PaymentType>1</ns3:PaymentType><ns3:AcctClass>1</ns3:AcctClass><ns3:CurrencyID>1032</ns3:CurrencyID><ns3:AcctPayMethod>1</ns3:AcctPayMethod><ns3:AddressInfo><ns2:AddressKey>a9a0a3efd40446f044c06179827120f2</ns2:AddressKey><ns2:Address1>Carrera 48 55-23 C.P 111511</ns2:Address1><ns2:Address2>111511</ns2:Address2><ns2:Address5>BOGOTA</ns2:Address5><ns2:Address6>BOGOTA D.E</ns2:Address6><ns2:Address7>Centro</ns2:Address7><ns2:Address8>Colombia</ns2:Address8><ns2:PostCode>111511</ns2:PostCode></ns3:AddressInfo><ns3:BillCycleOpenDate>20220718000000</ns3:BillCycleOpenDate><ns3:BillCycleEndDate>20220818000000</ns3:BillCycleEndDate></ns3:AcctInfo></ns3:Account></QueryCustomerInfoResult></return></ns4:queryCustomerInfoResponse></S:Body></S:Envelope>"
08:14:08.050 [Test worker] DEBUG org.apache.http.wire -  << "[\r][\n]"
08:14:08.050 [Test worker] DEBUG org.apache.http.wire -  << "0000[\r][\n]"
08:14:08.050 [Test worker] DEBUG org.apache.http.wire -  << "[\r][\n]"
08:14:08.050 [Test worker] DEBUG org.apache.http.impl.conn.BasicClientConnectionManager - Releasing connection org.apache.http.impl.conn.ManagedClientConnectionImpl@385fc22f
08:14:08.050 [Test worker] DEBUG org.apache.http.impl.conn.BasicClientConnectionManager - Connection can be kept alive indefinitely
08:14:08.093 [Test worker] DEBUG org.apache.http.impl.conn.BasicClientConnectionManager - Get connection for route {}->http://10.65.45.12:9001
08:14:08.093 [Test worker] DEBUG org.apache.http.impl.conn.DefaultClientConnectionOperator - Connecting to 10.65.45.12:9001
08:14:08.145 [Test worker] DEBUG org.apache.http.client.protocol.RequestAddCookies - CookieSpec selected: ignoreCookies
08:14:08.145 [Test worker] DEBUG org.apache.http.client.protocol.RequestAuthCache - Auth cache not set in the context
08:14:08.145 [Test worker] DEBUG org.apache.http.client.protocol.RequestTargetAuthentication - Target auth state: UNCHALLENGED
08:14:08.146 [Test worker] DEBUG org.apache.http.client.protocol.RequestProxyAuthentication - Proxy auth state: UNCHALLENGED
08:14:08.146 [Test worker] DEBUG org.apache.http.impl.client.DefaultHttpClient - Attempt 1 to execute request
08:14:08.146 [Test worker] DEBUG org.apache.http.impl.conn.DefaultClientConnection - Sending request: POST /gatewaymgint/GatewayMGWSInt HTTP/1.1
08:14:08.146 [Test worker] DEBUG org.apache.http.wire -  >> "POST /gatewaymgint/GatewayMGWSInt HTTP/1.1[\r][\n]"
08:14:08.146 [Test worker] DEBUG org.apache.http.wire -  >> "Accept: */*[\r][\n]"
08:14:08.146 [Test worker] DEBUG org.apache.http.wire -  >> "Content-Type: text/xml;charset=UTF-8[\r][\n]"
08:14:08.147 [Test worker] DEBUG org.apache.http.wire -  >> "Content-Length: 479[\r][\n]"
08:14:08.147 [Test worker] DEBUG org.apache.http.wire -  >> "Host: 10.65.45.12:9001[\r][\n]"
08:14:08.147 [Test worker] DEBUG org.apache.http.wire -  >> "Connection: Keep-Alive[\r][\n]"
08:14:08.147 [Test worker] DEBUG org.apache.http.wire -  >> "User-Agent: Apache-HttpClient/4.5.9 (Java/1.8.0_291)[\r][\n]"
08:14:08.147 [Test worker] DEBUG org.apache.http.wire -  >> "Accept-Encoding: gzip,deflate[\r][\n]"
08:14:08.148 [Test worker] DEBUG org.apache.http.wire -  >> "[\r][\n]"
08:14:08.148 [Test worker] DEBUG org.apache.http.headers - >> POST /gatewaymgint/GatewayMGWSInt HTTP/1.1
08:14:08.148 [Test worker] DEBUG org.apache.http.headers - >> Accept: */*
08:14:08.148 [Test worker] DEBUG org.apache.http.headers - >> Content-Type: text/xml;charset=UTF-8
08:14:08.148 [Test worker] DEBUG org.apache.http.headers - >> Content-Length: 479
08:14:08.148 [Test worker] DEBUG org.apache.http.headers - >> Host: 10.65.45.12:9001
08:14:08.148 [Test worker] DEBUG org.apache.http.headers - >> Connection: Keep-Alive
08:14:08.148 [Test worker] DEBUG org.apache.http.headers - >> User-Agent: Apache-HttpClient/4.5.9 (Java/1.8.0_291)
08:14:08.148 [Test worker] DEBUG org.apache.http.headers - >> Accept-Encoding: gzip,deflate
08:14:08.148 [Test worker] DEBUG org.apache.http.wire -  >> "<soapenv:Envelope xmlns:soapenv="http://schemas.xmlsoap.org/soap/envelope/" xmlns:web="http://webservices.gatewaymg.tigo.com.co/">[\n]"
08:14:08.148 [Test worker] DEBUG org.apache.http.wire -  >> "   <soapenv:Header/>[\n]"
08:14:08.148 [Test worker] DEBUG org.apache.http.wire -  >> "   <soapenv:Body>[\n]"
08:14:08.148 [Test worker] DEBUG org.apache.http.wire -  >> "      <web:uninstallSubscription>[\n]"
08:14:08.148 [Test worker] DEBUG org.apache.http.wire -  >> "         <!--Optional:-->[\n]"
08:14:08.148 [Test worker] DEBUG org.apache.http.wire -  >> "         <arg0>[\n]"
08:14:08.148 [Test worker] DEBUG org.apache.http.wire -  >> "            <!--Optional:-->[\n]"
08:14:08.148 [Test worker] DEBUG org.apache.http.wire -  >> "            <msisdn>3046010569</msisdn>[\n]"
08:14:08.148 [Test worker] DEBUG org.apache.http.wire -  >> "            <!--Optional:-->[\n]"
08:14:08.148 [Test worker] DEBUG org.apache.http.wire -  >> "            <transactionId>?</transactionId>[\n]"
08:14:08.148 [Test worker] DEBUG org.apache.http.wire -  >> "         </arg0>[\n]"
08:14:08.148 [Test worker] DEBUG org.apache.http.wire -  >> "      </web:uninstallSubscription>[\n]"
08:14:08.148 [Test worker] DEBUG org.apache.http.wire -  >> "   </soapenv:Body>[\n]"
08:14:08.148 [Test worker] DEBUG org.apache.http.wire -  >> "</soapenv:Envelope>"
08:14:08.581 [Test worker] DEBUG org.apache.http.wire -  << "HTTP/1.1 200 OK[\r][\n]"
08:14:08.581 [Test worker] DEBUG org.apache.http.wire -  << "Date: Tue, 19 Jul 2022 13:14:12 GMT[\r][\n]"
08:14:08.581 [Test worker] DEBUG org.apache.http.wire -  << "Transfer-Encoding: chunked[\r][\n]"
08:14:08.581 [Test worker] DEBUG org.apache.http.wire -  << "Content-Type: text/xml; charset=utf-8[\r][\n]"
08:14:08.581 [Test worker] DEBUG org.apache.http.wire -  << "[\r][\n]"
08:14:08.581 [Test worker] DEBUG org.apache.http.impl.conn.DefaultClientConnection - Receiving response: HTTP/1.1 200 OK
08:14:08.581 [Test worker] DEBUG org.apache.http.headers - << HTTP/1.1 200 OK
08:14:08.581 [Test worker] DEBUG org.apache.http.headers - << Date: Tue, 19 Jul 2022 13:14:12 GMT
08:14:08.581 [Test worker] DEBUG org.apache.http.headers - << Transfer-Encoding: chunked
08:14:08.581 [Test worker] DEBUG org.apache.http.headers - << Content-Type: text/xml; charset=utf-8
08:14:08.586 [Test worker] DEBUG org.apache.http.impl.client.DefaultHttpClient - Connection can be kept alive indefinitely
08:14:08.587 [Test worker] DEBUG io.restassured.internal.RequestSpecificationImpl$RestAssuredHttpBuilder - Parsing response as: text/xml; charset=utf-8
08:14:08.587 [Test worker] DEBUG io.restassured.internal.RequestSpecificationImpl$RestAssuredHttpBuilder - Parsed data to instance of: class org.apache.http.conn.EofSensorInputStream
08:14:08.588 [Test worker] DEBUG org.apache.http.wire -  << "006e[\r][\n]"
08:14:08.588 [Test worker] DEBUG org.apache.http.wire -  << "<?xml version='1.0' encoding='UTF-8'?><S:Envelope xmlns:S="http://schemas.xmlsoap.org/soap/envelope/"><S:Body>"
08:14:08.588 [Test worker] DEBUG org.apache.http.wire -  << "[\r][\n]"
08:14:08.588 [Test worker] DEBUG org.apache.http.wire -  << "00df[\r][\n]"
08:14:08.588 [Test worker] DEBUG org.apache.http.wire -  << "<ns2:uninstallSubscriptionResponse xmlns:ns2="http://webservices.gatewaymg.tigo.com.co/"><return><authorizationNumber>6452760178285808</authorizationNumber></return></ns2:uninstallSubscriptionResponse></S:Body></S:Envelope>"
08:14:08.588 [Test worker] DEBUG org.apache.http.wire -  << "[\r][\n]"
08:14:08.591 [Test worker] DEBUG org.apache.http.wire -  << "0000[\r][\n]"
08:14:08.591 [Test worker] DEBUG org.apache.http.wire -  << "[\r][\n]"
08:14:08.591 [Test worker] DEBUG org.apache.http.impl.conn.BasicClientConnectionManager - Releasing connection org.apache.http.impl.conn.ManagedClientConnectionImpl@55374110
08:14:08.591 [Test worker] DEBUG org.apache.http.impl.conn.BasicClientConnectionManager - Connection can be kept alive indefinitely
8960000227
08:14:08.613 [Test worker] DEBUG org.apache.http.impl.conn.BasicClientConnectionManager - Get connection for route {}->http://10.65.45.12:9001
08:14:08.613 [Test worker] DEBUG org.apache.http.impl.conn.DefaultClientConnectionOperator - Connecting to 10.65.45.12:9001
08:14:08.650 [Test worker] DEBUG org.apache.http.client.protocol.RequestAddCookies - CookieSpec selected: ignoreCookies
08:14:08.650 [Test worker] DEBUG org.apache.http.client.protocol.RequestAuthCache - Auth cache not set in the context
08:14:08.650 [Test worker] DEBUG org.apache.http.client.protocol.RequestTargetAuthentication - Target auth state: UNCHALLENGED
08:14:08.650 [Test worker] DEBUG org.apache.http.client.protocol.RequestProxyAuthentication - Proxy auth state: UNCHALLENGED
08:14:08.650 [Test worker] DEBUG org.apache.http.impl.client.DefaultHttpClient - Attempt 1 to execute request
08:14:08.650 [Test worker] DEBUG org.apache.http.impl.conn.DefaultClientConnection - Sending request: POST /gatewaycbs/BcServicesInt HTTP/1.1
08:14:08.650 [Test worker] DEBUG org.apache.http.wire -  >> "POST /gatewaycbs/BcServicesInt HTTP/1.1[\r][\n]"
08:14:08.650 [Test worker] DEBUG org.apache.http.wire -  >> "Accept: */*[\r][\n]"
08:14:08.650 [Test worker] DEBUG org.apache.http.wire -  >> "Content-Type: text/xml;charset=UTF-8[\r][\n]"
08:14:08.650 [Test worker] DEBUG org.apache.http.wire -  >> "Content-Length: 546[\r][\n]"
08:14:08.658 [Test worker] DEBUG org.apache.http.wire -  >> "Host: 10.65.45.12:9001[\r][\n]"
08:14:08.658 [Test worker] DEBUG org.apache.http.wire -  >> "Connection: Keep-Alive[\r][\n]"
08:14:08.658 [Test worker] DEBUG org.apache.http.wire -  >> "User-Agent: Apache-HttpClient/4.5.9 (Java/1.8.0_291)[\r][\n]"
08:14:08.658 [Test worker] DEBUG org.apache.http.wire -  >> "Accept-Encoding: gzip,deflate[\r][\n]"
08:14:08.658 [Test worker] DEBUG org.apache.http.wire -  >> "[\r][\n]"
08:14:08.658 [Test worker] DEBUG org.apache.http.headers - >> POST /gatewaycbs/BcServicesInt HTTP/1.1
08:14:08.658 [Test worker] DEBUG org.apache.http.headers - >> Accept: */*
08:14:08.658 [Test worker] DEBUG org.apache.http.headers - >> Content-Type: text/xml;charset=UTF-8
08:14:08.658 [Test worker] DEBUG org.apache.http.headers - >> Content-Length: 546
08:14:08.658 [Test worker] DEBUG org.apache.http.headers - >> Host: 10.65.45.12:9001
08:14:08.658 [Test worker] DEBUG org.apache.http.headers - >> Connection: Keep-Alive
08:14:08.658 [Test worker] DEBUG org.apache.http.headers - >> User-Agent: Apache-HttpClient/4.5.9 (Java/1.8.0_291)
08:14:08.658 [Test worker] DEBUG org.apache.http.headers - >> Accept-Encoding: gzip,deflate
08:14:08.659 [Test worker] DEBUG org.apache.http.wire -  >> "<soapenv:Envelope xmlns:bcc="http://www.huawei.com/bme/cbsinterface/bccommon" xmlns:bcs="http://www.huawei.com/bme/cbsinterface/bcservices" xmlns:ws="http://ws.web.gatewaycbs.tigo.com.co/" xmlns:soapenv="http://schemas.xmlsoap.org/soap/envelope/">[\n]"
08:14:08.662 [Test worker] DEBUG org.apache.http.wire -  >> "<soapenv:Header/>[\n]"
08:14:08.662 [Test worker] DEBUG org.apache.http.wire -  >> "<soapenv:Body>[\n]"
08:14:08.662 [Test worker] DEBUG org.apache.http.wire -  >> "<ws:acctDeactivation>[\n]"
08:14:08.662 [Test worker] DEBUG org.apache.http.wire -  >> "<!--Optional:-->[\n]"
08:14:08.662 [Test worker] DEBUG org.apache.http.wire -  >> "<AcctDeactivationRequest>[\n]"
08:14:08.663 [Test worker] DEBUG org.apache.http.wire -  >> "<bcs:AcctAccessCode>[\n]"
08:14:08.663 [Test worker] DEBUG org.apache.http.wire -  >> "<bcc:AccountKey>8960000227</bcc:AccountKey>[\n]"
08:14:08.663 [Test worker] DEBUG org.apache.http.wire -  >> "</bcs:AcctAccessCode>[\n]"
08:14:08.663 [Test worker] DEBUG org.apache.http.wire -  >> "<bcs:OpType>2</bcs:OpType>[\n]"
08:14:08.663 [Test worker] DEBUG org.apache.http.wire -  >> "</AcctDeactivationRequest>[\n]"
08:14:08.663 [Test worker] DEBUG org.apache.http.wire -  >> "</ws:acctDeactivation>[\n]"
08:14:08.663 [Test worker] DEBUG org.apache.http.wire -  >> "</soapenv:Body>[\n]"
08:14:08.663 [Test worker] DEBUG org.apache.http.wire -  >> "</soapenv:Envelope>[\n]"
08:14:08.781 [Test worker] DEBUG org.apache.http.wire -  << "HTTP/1.1 200 OK[\r][\n]"
08:14:08.781 [Test worker] DEBUG org.apache.http.wire -  << "Date: Tue, 19 Jul 2022 13:14:12 GMT[\r][\n]"
08:14:08.781 [Test worker] DEBUG org.apache.http.wire -  << "Transfer-Encoding: chunked[\r][\n]"
08:14:08.781 [Test worker] DEBUG org.apache.http.wire -  << "Content-Type: text/xml; charset=utf-8[\r][\n]"
08:14:08.781 [Test worker] DEBUG org.apache.http.wire -  << "[\r][\n]"
08:14:08.781 [Test worker] DEBUG org.apache.http.impl.conn.DefaultClientConnection - Receiving response: HTTP/1.1 200 OK
08:14:08.781 [Test worker] DEBUG org.apache.http.headers - << HTTP/1.1 200 OK
08:14:08.781 [Test worker] DEBUG org.apache.http.headers - << Date: Tue, 19 Jul 2022 13:14:12 GMT
08:14:08.781 [Test worker] DEBUG org.apache.http.headers - << Transfer-Encoding: chunked
08:14:08.781 [Test worker] DEBUG org.apache.http.headers - << Content-Type: text/xml; charset=utf-8
08:14:08.796 [Test worker] DEBUG org.apache.http.impl.client.DefaultHttpClient - Connection can be kept alive indefinitely
08:14:08.797 [Test worker] DEBUG io.restassured.internal.RequestSpecificationImpl$RestAssuredHttpBuilder - Parsing response as: text/xml; charset=utf-8
08:14:08.797 [Test worker] DEBUG io.restassured.internal.RequestSpecificationImpl$RestAssuredHttpBuilder - Parsed data to instance of: class org.apache.http.conn.EofSensorInputStream
08:14:08.800 [Test worker] DEBUG org.apache.http.wire -  << "006e[\r][\n]"
08:14:08.800 [Test worker] DEBUG org.apache.http.wire -  << "<?xml version='1.0' encoding='UTF-8'?><S:Envelope xmlns:S="http://schemas.xmlsoap.org/soap/envelope/"><S:Body>"
08:14:08.800 [Test worker] DEBUG org.apache.http.wire -  << "[\r][\n]"
08:14:08.800 [Test worker] DEBUG org.apache.http.wire -  << "01e0[\r][\n]"
08:14:08.800 [Test worker] DEBUG org.apache.http.wire -  << "<ns4:acctDeactivationResponse xmlns:ns2="http://www.huawei.com/bme/cbsinterface/bccommon" xmlns:ns3="http://www.huawei.com/bme/cbsinterface/bcservices" xmlns:ns4="http://ws.web.gatewaycbs.tigo.com.co/" xmlns:ns5="http://www.huawei.com/bme/cbsinterface/cbscommon"><return><ResultHeader><ns5:Version>1</ns5:Version><ns5:ResultCode>0</ns5:ResultCode><ns5:ResultDesc>Operation successfully.</ns5:ResultDesc></ResultHeader></return></ns4:acctDeactivationResponse></S:Body></S:Envelope>"
08:14:08.800 [Test worker] DEBUG org.apache.http.wire -  << "[\r][\n]"
08:14:08.800 [Test worker] DEBUG org.apache.http.wire -  << "0000[\r][\n]"
08:14:08.800 [Test worker] DEBUG org.apache.http.wire -  << "[\r][\n]"
08:14:08.800 [Test worker] DEBUG org.apache.http.impl.conn.BasicClientConnectionManager - Releasing connection org.apache.http.impl.conn.ManagedClientConnectionImpl@13e9f7f0
08:14:08.800 [Test worker] DEBUG org.apache.http.impl.conn.BasicClientConnectionManager - Connection can be kept alive indefinitely
10.69.60.87
08:14:09.374 [Finalizer] DEBUG org.apache.http.impl.conn.DefaultClientConnection - Connection 0.0.0.0:53463<->10.65.45.12:9001 closed
08:14:09.390 [Finalizer] DEBUG org.apache.http.impl.conn.DefaultClientConnection - Connection 0.0.0.0:53462<->10.65.45.12:9001 closed
08:14:09.396 [Finalizer] DEBUG org.apache.http.impl.conn.DefaultClientConnection - Connection 0.0.0.0:53464<->10.65.45.12:9001 closed
se ejecuta correctamente DB Activator
se ejecuta correctamente  DB EPOS
se ejecuta correctamente DB Siebel
se ejecuta correctamente DB Postale
**** Se ejecutaran los SP para semilla 3 ****
se ejecuta correctamente DB Activator
se ejecuta correctamente  DB EPOS
se ejecuta correctamente DB Siebel
se ejecuta correctamente DB Postale
08:14:28.375 [Test worker] DEBUG org.apache.http.impl.conn.BasicClientConnectionManager - Get connection for route {}->http://10.65.45.12:9001
08:14:28.375 [Test worker] DEBUG org.apache.http.impl.conn.DefaultClientConnectionOperator - Connecting to 10.65.45.12:9001
08:14:28.409 [Test worker] DEBUG org.apache.http.client.protocol.RequestAddCookies - CookieSpec selected: ignoreCookies
08:14:28.409 [Test worker] DEBUG org.apache.http.client.protocol.RequestAuthCache - Auth cache not set in the context
08:14:28.409 [Test worker] DEBUG org.apache.http.client.protocol.RequestTargetAuthentication - Target auth state: UNCHALLENGED
08:14:28.409 [Test worker] DEBUG org.apache.http.client.protocol.RequestProxyAuthentication - Proxy auth state: UNCHALLENGED
08:14:28.409 [Test worker] DEBUG org.apache.http.impl.client.DefaultHttpClient - Attempt 1 to execute request
08:14:28.409 [Test worker] DEBUG org.apache.http.impl.conn.DefaultClientConnection - Sending request: POST /gatewaycbs/BcServicesInt HTTP/1.1
08:14:28.409 [Test worker] DEBUG org.apache.http.wire -  >> "POST /gatewaycbs/BcServicesInt HTTP/1.1[\r][\n]"
08:14:28.409 [Test worker] DEBUG org.apache.http.wire -  >> "Accept: */*[\r][\n]"
08:14:28.409 [Test worker] DEBUG org.apache.http.wire -  >> "Content-Type: text/xml;charset=UTF-8[\r][\n]"
08:14:28.409 [Test worker] DEBUG org.apache.http.wire -  >> "Content-Length: 748[\r][\n]"
08:14:28.409 [Test worker] DEBUG org.apache.http.wire -  >> "Host: 10.65.45.12:9001[\r][\n]"
08:14:28.409 [Test worker] DEBUG org.apache.http.wire -  >> "Connection: Keep-Alive[\r][\n]"
08:14:28.409 [Test worker] DEBUG org.apache.http.wire -  >> "User-Agent: Apache-HttpClient/4.5.9 (Java/1.8.0_291)[\r][\n]"
08:14:28.409 [Test worker] DEBUG org.apache.http.wire -  >> "Accept-Encoding: gzip,deflate[\r][\n]"
08:14:28.409 [Test worker] DEBUG org.apache.http.wire -  >> "[\r][\n]"
08:14:28.409 [Test worker] DEBUG org.apache.http.headers - >> POST /gatewaycbs/BcServicesInt HTTP/1.1
08:14:28.409 [Test worker] DEBUG org.apache.http.headers - >> Accept: */*
08:14:28.409 [Test worker] DEBUG org.apache.http.headers - >> Content-Type: text/xml;charset=UTF-8
08:14:28.409 [Test worker] DEBUG org.apache.http.headers - >> Content-Length: 748
08:14:28.409 [Test worker] DEBUG org.apache.http.headers - >> Host: 10.65.45.12:9001
08:14:28.409 [Test worker] DEBUG org.apache.http.headers - >> Connection: Keep-Alive
08:14:28.409 [Test worker] DEBUG org.apache.http.headers - >> User-Agent: Apache-HttpClient/4.5.9 (Java/1.8.0_291)
08:14:28.409 [Test worker] DEBUG org.apache.http.headers - >> Accept-Encoding: gzip,deflate
08:14:28.409 [Test worker] DEBUG org.apache.http.wire -  >> "<soapenv:Envelope xmlns:bcc="http://www.huawei.com/bme/cbsinterface/bccommon" xmlns:bcs="http://www.huawei.com/bme/cbsinterface/bcservices" xmlns:ws="http://ws.web.gatewaycbs.tigo.com.co/" xmlns:soapenv="http://schemas.xmlsoap.org/soap/envelope/">[\n]"
08:14:28.409 [Test worker] DEBUG org.apache.http.wire -  >> "   <soapenv:Header/>[\n]"
08:14:28.409 [Test worker] DEBUG org.apache.http.wire -  >> "   <soapenv:Body>[\n]"
08:14:28.409 [Test worker] DEBUG org.apache.http.wire -  >> "      <ws:queryCustomerInfo>[\n]"
08:14:28.409 [Test worker] DEBUG org.apache.http.wire -  >> "         <!--Optional:-->[\n]"
08:14:28.409 [Test worker] DEBUG org.apache.http.wire -  >> "         <QueryCustomerInfoRequest>[\n]"
08:14:28.409 [Test worker] DEBUG org.apache.http.wire -  >> "            <bcs:QueryObj>[\n]"
08:14:28.409 [Test worker] DEBUG org.apache.http.wire -  >> "               <!--Optional:-->[\n]"
08:14:28.409 [Test worker] DEBUG org.apache.http.wire -  >> "               <bcs:SubAccessCode>[\n]"
08:14:28.409 [Test worker] DEBUG org.apache.http.wire -  >> "                  <!--Optional:-->[\n]"
08:14:28.409 [Test worker] DEBUG org.apache.http.wire -  >> "                  <bcc:PrimaryIdentity>3052754289</bcc:PrimaryIdentity>[\n]"
08:14:28.409 [Test worker] DEBUG org.apache.http.wire -  >> "               </bcs:SubAccessCode>[\n]"
08:14:28.409 [Test worker] DEBUG org.apache.http.wire -  >> "            </bcs:QueryObj>[\n]"
08:14:28.409 [Test worker] DEBUG org.apache.http.wire -  >> "         </QueryCustomerInfoRequest>[\n]"
08:14:28.409 [Test worker] DEBUG org.apache.http.wire -  >> "      </ws:queryCustomerInfo>[\n]"
08:14:28.409 [Test worker] DEBUG org.apache.http.wire -  >> "   </soapenv:Body>[\n]"
08:14:28.409 [Test worker] DEBUG org.apache.http.wire -  >> "</soapenv:Envelope>"
08:14:28.574 [Test worker] DEBUG org.apache.http.wire -  << "HTTP/1.1 200 OK[\r][\n]"
08:14:28.574 [Test worker] DEBUG org.apache.http.wire -  << "Date: Tue, 19 Jul 2022 13:14:32 GMT[\r][\n]"
08:14:28.574 [Test worker] DEBUG org.apache.http.wire -  << "Transfer-Encoding: chunked[\r][\n]"
08:14:28.574 [Test worker] DEBUG org.apache.http.wire -  << "Content-Type: text/xml; charset=utf-8[\r][\n]"
08:14:28.574 [Test worker] DEBUG org.apache.http.wire -  << "[\r][\n]"
08:14:28.574 [Test worker] DEBUG org.apache.http.impl.conn.DefaultClientConnection - Receiving response: HTTP/1.1 200 OK
08:14:28.574 [Test worker] DEBUG org.apache.http.headers - << HTTP/1.1 200 OK
08:14:28.574 [Test worker] DEBUG org.apache.http.headers - << Date: Tue, 19 Jul 2022 13:14:32 GMT
08:14:28.574 [Test worker] DEBUG org.apache.http.headers - << Transfer-Encoding: chunked
08:14:28.574 [Test worker] DEBUG org.apache.http.headers - << Content-Type: text/xml; charset=utf-8
08:14:28.574 [Test worker] DEBUG org.apache.http.impl.client.DefaultHttpClient - Connection can be kept alive indefinitely
08:14:28.574 [Test worker] DEBUG io.restassured.internal.RequestSpecificationImpl$RestAssuredHttpBuilder - Parsing response as: text/xml; charset=utf-8
08:14:28.574 [Test worker] DEBUG io.restassured.internal.RequestSpecificationImpl$RestAssuredHttpBuilder - Parsed data to instance of: class org.apache.http.conn.EofSensorInputStream
08:14:28.580 [Test worker] DEBUG org.apache.http.wire -  << "006e[\r][\n]"
08:14:28.580 [Test worker] DEBUG org.apache.http.wire -  << "<?xml version='1.0' encoding='UTF-8'?><S:Envelope xmlns:S="http://schemas.xmlsoap.org/soap/envelope/"><S:Body>"
08:14:28.582 [Test worker] DEBUG org.apache.http.wire -  << "[\r][\n]"
08:14:28.582 [Test worker] DEBUG org.apache.http.wire -  << "0fe8[\r][\n]"
08:14:28.583 [Test worker] DEBUG org.apache.http.wire -  << "<ns4:queryCustomerInfoResponse xmlns:ns2="http://www.huawei.com/bme/cbsinterface/bccommon" xmlns:ns3="http://www.huawei.com/bme/cbsinterface/bcservices" xmlns:ns4="http://ws.web.gatewaycbs.tigo.com.co/" xmlns:ns5="http://www.huawei.com/bme/cbsinterface/cbscommon"><return><ResultHeader><ns5:Version>1</ns5:Version><ns5:ResultCode>0</ns5:ResultCode><ns5:ResultDesc>Operation successfully.</ns5:ResultDesc></ResultHeader><QueryCustomerInfoResult><ns3:Customer><ns3:CustKey>CTA00000274020</ns3:CustKey><ns3:CustInfo><ns2:CustType>2</ns2:CustType><ns2:CustNodeType>1</ns2:CustNodeType><ns2:CustClass>1</ns2:CustClass><ns2:CustCode>CBS100060000000367249</ns2:CustCode><ns2:CustBasicInfo><ns2:DFTWrittenLang>2002</ns2:DFTWrittenLang><ns2:DFTIVRLang>2002</ns2:DFTIVRLang><ns2:DunningFlag>1</ns2:DunningFlag><ns2:CustProperty><ns2:Code>C_Extend_Cust_Int_Attr8</ns2:Code><ns2:Value></ns2:Value></ns2:CustProperty><ns2:CustProperty><ns2:Code>C_CUSTOMER_TAX_RATE</ns2:Code><ns2:Value></ns2:Value></ns2:CustProperty><ns2:CustProperty><ns2:Code>C_Extend_Cust_Int_Attr9</ns2:Code><ns2:Value></ns2:Value></ns2:CustProperty><ns2:CustProperty><ns2:Code>C_CUST_BANKRUPTCY</ns2:Code><ns2:Value>N</ns2:Value></ns2:CustProperty><ns2:CustProperty><ns2:Code>C_Extend_Cust_Int_Attr10</ns2:Code><ns2:Value></ns2:Value></ns2:CustProperty><ns2:CustProperty><ns2:Code>C_Extend_Cust_Int_Attr4</ns2:Code><ns2:Value></ns2:Value></ns2:CustProperty><ns2:CustProperty><ns2:Code>C_Extend_Cust_Int_Attr5</ns2:Code><ns2:Value></ns2:Value></ns2:CustProperty><ns2:CustProperty><ns2:Code>C_Extend_Cust_Int_Attr6</ns2:Code><ns2:Value></ns2:Value></ns2:CustProperty><ns2:CustProperty><ns2:Code>C_Extend_Cust_Int_Attr7</ns2:Code><ns2:Value></ns2:Value></ns2:CustProperty><ns2:CustProperty><ns2:Code>C_LEGAL_CATEGORY</ns2:Code><ns2:Value></ns2:Value></ns2:CustProperty><ns2:CustProperty><ns2:Code>C_CONTRACT_ID</ns2:Code><ns2:Value></ns2:Value></ns2:CustProperty><ns2:CustProperty><ns2:Code>C_Extend_Cust_Int_Attr1</ns2:Code><ns2:Value></ns2:Value></ns2:CustProperty><ns2:CustProperty><ns2:Code>C_Extend_Cust_Int_Attr2</ns2:Code><ns2:Value></ns2:Value></ns2:CustProperty><ns2:CustProperty><ns2:Code>C_NEW_IC</ns2:Code><ns2:Value></ns2:Value></ns2:CustProperty><ns2:CustProperty><ns2:Code>C_Extend_Cust_Int_Attr3</ns2:Code><ns2:Value></ns2:Value></ns2:CustProperty><ns2:CustProperty><ns2:Code>C_REG_FLAG</ns2:Code><ns2:Value>N</ns2:Value></ns2:CustProperty><ns2:CustProperty><ns2:Code>C_NRC</ns2:Code><ns2:Value></ns2:Value></ns2:CustProperty><ns2:CustProperty><ns2:Code>C_CUST_CATEGORY</ns2:Code><ns2:Value></ns2:Value></ns2:CustProperty><ns2:CustProperty><ns2:Code>C_CUST_SALT</ns2:Code><ns2:Value>BD54803C2F3B3E5C</ns2:Value></ns2:CustProperty><ns2:CustProperty><ns2:Code>C_EXTERNAL_CUST_ID</ns2:Code><ns2:Value></ns2:Value></ns2:CustProperty><ns2:CustProperty><ns2:Code>C_FRAUD_FLAG</ns2:Code><ns2:Value>N</ns2:Value></ns2:CustProperty><ns2:CustProperty><ns2:Code>C_CUST_MEDIA_FLAG</ns2:Code><ns2:Value>N</ns2:Value></ns2:CustProperty><ns2:CustProperty><ns2:Code>C_TAX_PAYER_IDENTIFICATION_NO</ns2:Code><ns2:Value></ns2:Value></ns2:CustProperty><ns2:CustProperty><ns2:Code>C_CUST_DECEASED</ns2:Code><ns2:Value>N</ns2:Value></ns2:CustProperty><ns2:CustProperty><ns2:Code>C_EVENING_PHONE</ns2:Code><ns2:Value></ns2:Value></ns2:CustProperty><ns2:CustProperty><ns2:Code>C_Extend_Cust_Str_Attr5</ns2:Code><ns2:Value></ns2:Value></ns2:CustProperty><ns2:CustProperty><ns2:Code>C_Extend_Cust_Str_Attr4</ns2:Code><ns2:Value></ns2:Value></ns2:CustProperty><ns2:CustProperty><ns2:Code>C_Extend_Cust_Str_Attr3</ns2:Code><ns2:Value></ns2:Value></ns2:CustProperty><ns2:CustProperty><ns2:Code>C_Extend_Cust_Str_Attr2</ns2:Code><ns2:Value></ns2:Value></ns2:CustProperty><ns2:CustProperty><ns2:Code>C_DAYTIME_PHONE</ns2:Code><ns2:Value></ns2:Value></ns2:CustProperty><ns2:CustProperty><ns2:Code>C_Extend_Cust_Str_Attr9</ns2:Code><ns2:Value></ns2:Value></ns2:CustProperty><ns2:CustProperty><ns2:Code>C_Extend_Cust_Str_Attr8</ns2:Code><ns2:Value></ns2:Value></ns2:CustProperty><ns2:CustProperty><ns2:Code>C_CUST_MARKETING_CONSENT</n"
08:14:28.583 [Test worker] DEBUG org.apache.http.wire -  << "[\r][\n]"
08:14:28.584 [Test worker] DEBUG org.apache.http.wire -  << "0fe8[\r][\n]"
08:14:28.584 [Test worker] DEBUG org.apache.http.wire -  << "s2:Code><ns2:Value>N</ns2:Value></ns2:CustProperty><ns2:CustProperty><ns2:Code>C_Extend_Cust_Str_Attr7</ns2:Code><ns2:Value></ns2:Value></ns2:CustProperty><ns2:CustProperty><ns2:Code>C_Extend_Cust_Str_Attr6</ns2:Code><ns2:Value></ns2:Value></ns2:CustProperty><ns2:CustProperty><ns2:Code>C_OLD_IC</ns2:Code><ns2:Value></ns2:Value></ns2:CustProperty><ns2:CustProperty><ns2:Code>C_Extend_Cust_Str_Attr1</ns2:Code><ns2:Value></ns2:Value></ns2:CustProperty><ns2:CustProperty><ns2:Code>C_Extend_Cust_Str_Attr10</ns2:Code><ns2:Value></ns2:Value></ns2:CustProperty><ns2:CustProperty><ns2:Code>C_CUST_BILLSUM</ns2:Code><ns2:Value>0</ns2:Value></ns2:CustProperty><ns2:CustProperty><ns2:Code>C_CORP_CUST_SEGMENT</ns2:Code><ns2:Value></ns2:Value></ns2:CustProperty><ns2:CustProperty><ns2:Code>C_ACCESSIBILITY_FLAG</ns2:Code><ns2:Value></ns2:Value></ns2:CustProperty><ns2:CustProperty><ns2:Code>C_CUST_BelToAreaID</ns2:Code><ns2:Value>101</ns2:Value></ns2:CustProperty><ns2:CustProperty><ns2:Code>C_CUST_ID</ns2:Code><ns2:Value>100060000000367249</ns2:Value></ns2:CustProperty></ns2:CustBasicInfo></ns3:CustInfo><ns3:OrgInfo><ns2:IDType>5</ns2:IDType><ns2:IDNumber>823108062</ns2:IDNumber><ns2:OrgName>Comercial</ns2:OrgName><ns2:OrgPhoneNumber>3303000</ns2:OrgPhoneNumber><ns2:OrgEmail>prueba@gmail.com</ns2:OrgEmail></ns3:OrgInfo></ns3:Customer><ns3:Subscriber><ns3:SubscriberKey>ACT00002096355</ns3:SubscriberKey><ns3:SubscriberInfo><ns2:SubBasicInfo><ns2:WrittenLang>2021</ns2:WrittenLang><ns2:IVRLang>2021</ns2:IVRLang><ns2:DunningFlag>1</ns2:DunningFlag><ns2:SubProperty><ns2:Code>C_WORK_ADDRESS</ns2:Code><ns2:Value></ns2:Value></ns2:SubProperty><ns2:SubProperty><ns2:Code>C_SUB_SMS_ROMING_RIGHT</ns2:Code><ns2:Value>0</ns2:Value></ns2:SubProperty><ns2:SubProperty><ns2:Code>C_LAST_TRANS_EVENT</ns2:Code><ns2:Value>1302</ns2:Value></ns2:SubProperty><ns2:SubProperty><ns2:Code>C_SALES_CHANNEL_ID</ns2:Code><ns2:Value></ns2:Value></ns2:SubProperty><ns2:SubProperty><ns2:Code>C_HANDSET_TYPE</ns2:Code><ns2:Value>-1</ns2:Value></ns2:SubProperty><ns2:SubProperty><ns2:Code>C_SUB_MAX_BALANCE</ns2:Code><ns2:Value>-1</ns2:Value></ns2:SubProperty><ns2:SubProperty><ns2:Code>C_ACCOUNTING_SCENARIO</ns2:Code><ns2:Value></ns2:Value></ns2:SubProperty><ns2:SubProperty><ns2:Code>C_RESUME_DATE</ns2:Code><ns2:Value>19991231190000</ns2:Value></ns2:SubProperty><ns2:SubProperty><ns2:Code>C_SUBID_BEFORE_SUPPLE_PROFILE</ns2:Code><ns2:Value>100060000000367243</ns2:Value></ns2:SubProperty><ns2:SubProperty><ns2:Code>C_BAK_ORG_CHILD_ACCTID</ns2:Code><ns2:Value>0</ns2:Value></ns2:SubProperty><ns2:SubProperty><ns2:Code>C_HANDSET_NETWORK</ns2:Code><ns2:Value></ns2:Value></ns2:SubProperty><ns2:SubProperty><ns2:Code>C_SUB_UNBLOCK</ns2:Code><ns2:Value>0</ns2:Value></ns2:SubProperty><ns2:SubProperty><ns2:Code>C_SUB_LOW_SPENDING_GATE</ns2:Code><ns2:Value>-1</ns2:Value></ns2:SubProperty><ns2:SubProperty><ns2:Code>C_SUB_LOAN_FLAG</ns2:Code><ns2:Value>0</ns2:Value></ns2:SubProperty><ns2:SubProperty><ns2:Code>C_SUB_LASTRECHARGETIME</ns2:Code><ns2:Value>20220718145756</ns2:Value></ns2:SubProperty><ns2:SubProperty><ns2:Code>C_SUB_LASTRGADATE</ns2:Code><ns2:Value>19700101000000</ns2:Value></ns2:SubProperty><ns2:SubProperty><ns2:Code>C_SUB_PORT_IN_FLAG</ns2:Code><ns2:Value>0</ns2:Value></ns2:SubProperty><ns2:SubProperty><ns2:Code>C_SUB_NOTIFICATION_TIMES</ns2:Code><ns2:Value></ns2:Value></ns2:SubProperty><ns2:SubProperty><ns2:Code>C_BLACK_FLAG</ns2:Code><ns2:Value>0</ns2:Value></ns2:SubProperty><ns2:SubProperty><ns2:Code>C_SUB_VOICE_ROAM_RIGHT</ns2:Code><ns2:Value></ns2:Value></ns2:SubProperty><ns2:SubProperty><ns2:Code>C_HYBRID_PAY_TYPE</ns2:Code><ns2:Value>-1</ns2:Value></ns2:SubProperty><ns2:SubProperty><ns2:Code>C_SUB_MAX_VALIDITY</ns2:Code><ns2:Value>365</ns2:Value></ns2:SubProperty><ns2:SubProperty><ns2:Code>C_TEST_EXTEND_DAYS</ns2:Code><ns2:Value>0</ns2:Value></ns2:SubProperty><ns2:SubProperty><ns2:Code>C_SUBDISCOUNT</ns2:Code><ns2:Value>O</ns2:Value></ns2:SubProperty><ns2:SubProperty><ns2:Cod"
08:14:28.585 [Test worker] DEBUG org.apache.http.wire -  << "e>C_SUB_LASTZONETYPE</ns2:Code><ns2:Value>00</ns2:Value></ns2:SubProperty><ns2:SubPr"
08:14:28.585 [Test worker] DEBUG org.apache.http.wire -  << "[\r][\n]"
08:14:28.603 [Test worker] DEBUG org.apache.http.wire -  << "0fe8[\r][\n]"
08:14:28.604 [Test worker] DEBUG org.apache.http.wire -  << "operty><ns2:Code>C_Extend_Sub_Str_Attr4</ns2:Code><ns2:Value></ns2:Value></ns2:SubProperty><ns2:SubProperty><ns2:Code>C_Extend_Sub_Str_Attr3</ns2:Code><ns2:Value></ns2:Value></ns2:SubProperty><ns2:SubProperty><ns2:Code>C_Extend_Sub_Str_Attr6</ns2:Code><ns2:Value></ns2:Value></ns2:SubProperty><ns2:SubProperty><ns2:Code>C_Extend_Sub_Str_Attr5</ns2:Code><ns2:Value></ns2:Value></ns2:SubProperty><ns2:SubProperty><ns2:Code>C_DAILYRENTNOTIFLAG</ns2:Code><ns2:Value>0</ns2:Value></ns2:SubProperty><ns2:SubProperty><ns2:Code>C_TIGO_ZONE</ns2:Code><ns2:Value></ns2:Value></ns2:SubProperty><ns2:SubProperty><ns2:Code>C_Extend_Sub_Str_Attr2</ns2:Code><ns2:Value></ns2:Value></ns2:SubProperty><ns2:SubProperty><ns2:Code>C_Extend_Sub_Str_Attr1</ns2:Code><ns2:Value></ns2:Value></ns2:SubProperty><ns2:SubProperty><ns2:Code>C_PLACA_INFO</ns2:Code><ns2:Value></ns2:Value></ns2:SubProperty><ns2:SubProperty><ns2:Code>C_Extend_Sub_Int_Attr10</ns2:Code><ns2:Value></ns2:Value></ns2:SubProperty><ns2:SubProperty><ns2:Code>C_HANDSET_OS_TYPE</ns2:Code><ns2:Value></ns2:Value></ns2:SubProperty><ns2:SubProperty><ns2:Code>C_SUB_USER_NAME</ns2:Code><ns2:Value>0</ns2:Value></ns2:SubProperty><ns2:SubProperty><ns2:Code>C_TEST_EXPIRE_TIME</ns2:Code><ns2:Value></ns2:Value></ns2:SubProperty><ns2:SubProperty><ns2:Code>C_TEST_EXHAUST_RULE</ns2:Code><ns2:Value>0</ns2:Value></ns2:SubProperty><ns2:SubProperty><ns2:Code>C_Extend_Sub_Str_Attr8</ns2:Code><ns2:Value></ns2:Value></ns2:SubProperty><ns2:SubProperty><ns2:Code>C_Extend_Sub_Str_Attr7</ns2:Code><ns2:Value></ns2:Value></ns2:SubProperty><ns2:SubProperty><ns2:Code>C_SUB_REGISTERED</ns2:Code><ns2:Value>0</ns2:Value></ns2:SubProperty><ns2:SubProperty><ns2:Code>C_Extend_Sub_Str_Attr9</ns2:Code><ns2:Value></ns2:Value></ns2:SubProperty><ns2:SubProperty><ns2:Code>C_LIFECYCLE</ns2:Code><ns2:Value></ns2:Value></ns2:SubProperty><ns2:SubProperty><ns2:Code>C_VOD_VIDEO_RIGHT</ns2:Code><ns2:Value>0</ns2:Value></ns2:SubProperty><ns2:SubProperty><ns2:Code>C_SUPPLE_PROFILE_TIME</ns2:Code><ns2:Value>20220718145750</ns2:Value></ns2:SubProperty><ns2:SubProperty><ns2:Code>C_LAST_CHARGE_BEGIN_TIME</ns2:Code><ns2:Value></ns2:Value></ns2:SubProperty><ns2:SubProperty><ns2:Code>C_SUB_LOW_BAL_NOTIFY_DATE</ns2:Code><ns2:Value>19991231190000</ns2:Value></ns2:SubProperty><ns2:SubProperty><ns2:Code>C_GPRS_FORBIDDEN_MAIN_BAL</ns2:Code><ns2:Value>1</ns2:Value></ns2:SubProperty><ns2:SubProperty><ns2:Code>C_LAST_DATA_SESINI</ns2:Code><ns2:Value>19700101030000</ns2:Value></ns2:SubProperty><ns2:SubProperty><ns2:Code>C_CONSUMENOTIFYGATE</ns2:Code><ns2:Value></ns2:Value></ns2:SubProperty><ns2:SubProperty><ns2:Code>C_SUB_LOW_BAL_NOTIFY_TIMES</ns2:Code><ns2:Value>0</ns2:Value></ns2:SubProperty><ns2:SubProperty><ns2:Code>C_FIRST_RECHARGE_FLAG</ns2:Code><ns2:Value>0</ns2:Value></ns2:SubProperty><ns2:SubProperty><ns2:Code>C_SUB_PROB</ns2:Code><ns2:Value></ns2:Value></ns2:SubProperty><ns2:SubProperty><ns2:Code>C_SUB_SALT</ns2:Code><ns2:Value>4DA43447177F9465</ns2:Value></ns2:SubProperty><ns2:SubProperty><ns2:Code>C_SUB_SERVICEPROVIDER</ns2:Code><ns2:Value></ns2:Value></ns2:SubProperty><ns2:SubProperty><ns2:Code>C_CALL_COST</ns2:Code><ns2:Value>0000</ns2:Value></ns2:SubProperty><ns2:SubProperty><ns2:Code>C_RNW_PRODUCTSET</ns2:Code><ns2:Value>0</ns2:Value></ns2:SubProperty><ns2:SubProperty><ns2:Code>C_Extend_Sub_Str_Attr10</ns2:Code><ns2:Value></ns2:Value></ns2:SubProperty><ns2:SubProperty><ns2:Code>C_SUB_DOMESIC_ROAM_CALL_RIGHT</ns2:Code><ns2:Value>0</ns2:Value></ns2:SubProperty><ns2:SubProperty><ns2:Code>C_LAST_TRANS_DATE_TIME</ns2:Code><ns2:Value>20220718195756</ns2:Value></ns2:SubProperty><ns2:SubProperty><ns2:Code>C_SUBSCRIBER_INFO_3</ns2:Code><ns2:Value></ns2:Value></ns2:SubProperty><ns2:SubProperty><ns2:Code>C_SUBSCRIBER_INFO_2</ns2:Code><ns2:Value></ns2:Value></ns2:SubProperty><ns2:SubProperty><ns2:Code>C_GPRS_ROAM_DATE</ns2:Code><ns2:Value>19700101000000</ns2:Value></ns2:SubProperty><ns2:SubProperty><ns2:Code>C_SUBSCRIBER_INFO_4</ns2:Code><ns2:Value></ns2:Value></ns2:SubProperty><ns2:SubProperty><ns2:Code>C_STARTTIME_OF_SWITCH_COS"
08:14:28.604 [Test worker] DEBUG org.apache.http.wire -  << "[\r][\n]"
08:14:28.604 [Test worker] DEBUG org.apache.http.wire -  << "0071[\r][\n]"
08:14:28.604 [Test worker] DEBUG org.apache.http.wire -  << "</ns2:Code><ns2:Value>-1</ns2:Value></ns2:SubProperty><ns2:SubProperty><ns2:Code>C_SUB_PREBARRING</ns2:Code><ns2:"
08:14:28.604 [Test worker] DEBUG org.apache.http.wire -  << "[\r][\n]"
08:14:28.604 [Test worker] DEBUG org.apache.http.wire -  << "0fe8[\r][\n]"
08:14:28.604 [Test worker] DEBUG org.apache.http.wire -  << "Value>0</ns2:Value></ns2:SubProperty><ns2:SubProperty><ns2:Code>C_DETAIL</ns2:Code><ns2:Value>0</ns2:Value></ns2:SubProperty><ns2:SubProperty><ns2:Code>C_SUBSCRIBER_INFO_1</ns2:Code><ns2:Value></ns2:Value></ns2:SubProperty><ns2:SubProperty><ns2:Code>C_SUB_BARRED_DAYS</ns2:Code><ns2:Value>0</ns2:Value></ns2:SubProperty><ns2:SubProperty><ns2:Code>LastSubDailyBillTime</ns2:Code><ns2:Value>20220718220139</ns2:Value></ns2:SubProperty><ns2:SubProperty><ns2:Code>C_TIGO_CITY</ns2:Code><ns2:Value>*</ns2:Value></ns2:SubProperty><ns2:SubProperty><ns2:Code>C_TECHNOLOGY</ns2:Code><ns2:Value></ns2:Value></ns2:SubProperty><ns2:SubProperty><ns2:Code>C_Extend_Sub_Int_Attr7</ns2:Code><ns2:Value></ns2:Value></ns2:SubProperty><ns2:SubProperty><ns2:Code>C_Extend_Sub_Int_Attr8</ns2:Code><ns2:Value></ns2:Value></ns2:SubProperty><ns2:SubProperty><ns2:Code>C_Extend_Sub_Int_Attr5</ns2:Code><ns2:Value></ns2:Value></ns2:SubProp"
08:14:28.604 [Test worker] DEBUG org.apache.http.wire -  << "erty><ns2:SubProperty><ns2:Code>C_Extend_Sub_Int_Attr6</ns2:Code><ns2:Value></ns2:Value></ns2:SubProperty><ns2:SubProperty><ns2:Code>C_Extend_Sub_Int_Attr3</ns2:Code><ns2:Value></ns2:Value></ns2:SubProperty><ns2:SubProperty><ns2:Code>C_Extend_Sub_Int_Attr4</ns2:Code><ns2:Value></ns2:Value></ns2:SubProperty><ns2:SubProperty><ns2:Code>C_HANDSET_BRAND</ns2:Code><ns2:Value></ns2:Value></ns2:SubProperty><ns2:SubProperty><ns2:Code>C_Extend_Sub_Int_Attr1</ns2:Code><ns2:Value></ns2:Value></ns2:SubProperty><ns2:SubProperty><ns2:Code>C_SUB_LASTRECHARGEAMT</ns2:Code><ns2:Value>10</ns2:Value></ns2:SubProperty><ns2:SubProperty><ns2:Code>C_Extend_Sub_Int_Attr2</ns2:Code><ns2:Value></ns2:Value></ns2:SubProperty><ns2:SubProperty><ns2:Code>C_SUBCOS_FOR_EIPIN</ns2:Code><ns2:Value>0</ns2:Value></ns2:SubProperty><ns2:SubProperty><ns2:Code>C_Extend_Sub_Int_Attr9</ns2:Code><ns2:Value></ns2:Value></ns2:SubProperty><ns2:SubProperty><ns2:Code>C_SUB_BLACKLIST_CALL_RIGHT</ns2:Code><ns2:Value>0</ns2:Value></ns2:SubProperty><ns2:SubProperty><ns2:Code>C_SUB_MSCC_FEE_AMOUNT</ns2:Code><ns2:Value>0</ns2:Value></ns2:SubProperty><ns2:SubProperty><ns2:Code>C_BACKUP_DAYS</ns2:Code><ns2:Value>0</ns2:Value></ns2:SubProperty><ns2:SubProperty><ns2:Code>C_IS_PRIMARY_SUBSCRIBER</ns2:Code><ns2:Value>0</ns2:Value></ns2:SubProperty><ns2:SubProperty><ns2:Code>C_NODO_INFO</ns2:Code><ns2:Value></ns2:Value></ns2:SubProperty><ns2:SubProperty><ns2:Code>C_SUB_AUTOTOPUP_LOWBALANCE</ns2:Code><ns2:Value>1</ns2:Value></ns2:SubProperty><ns2:SubProperty><ns2:Code>C_FIRST_RECHARGE_DATE</ns2:Code><ns2:Value>20220718145756</ns2:Value></ns2:SubProperty><ns2:SubProperty><ns2:Code>C_SUB_REGISTERED_RETAILER</ns2:Code><ns2:Value>0</ns2:Value></ns2:SubProperty><ns2:SubProperty><ns2:Code>C_IS_GROUP_MEMBER</ns2:Code><ns2:Value>0</ns2:Value></ns2:SubProperty><ns2:SubProperty><ns2:Code>C_SUB_TSMSUBTYPE</ns2:Code><ns2:Value>-1</ns2:Value></ns2:SubProperty><ns2:SubProperty><ns2:Code>C_DTNotification</ns2:Code><ns2:Value>0</ns2:Value></ns2:SubProperty><ns2:SubProperty><ns2:Code>C_SUB_GPRS_ROAM_RIGHT</ns2:Code><ns2:Value>3</ns2:Value></ns2:SubProperty><ns2:SubProperty><ns2:Code>C_SUB_ZONEINFOS</ns2:Code><ns2:Value>0</ns2:Value></ns2:SubProperty><ns2:SubProperty><ns2:Code>C_ETU_STAGE_PERCENT</ns2:Code><ns2:Value>100</ns2:Value></ns2:SubProperty><ns2:SubProperty><ns2:Code>C_SPEC_NUM_RENT_END_TIME</ns2:Code><ns2:Value>20000101030000</ns2:Value></ns2:SubProperty><ns2:SubProperty><ns2:Code>C_ALLOW_OTHCARRIER_CALLS</ns2:Code><ns2:Value>Y</ns2:Value></ns2:SubProperty><ns2:SubProperty><ns2:Code>C_SUB_LOW_BAL_GATE_1</ns2:Code><ns2:Value>-1</ns2:Value></ns2:SubProperty><ns2:SubProperty><ns2:Code>C_SUB_LOW_BAL_GATE_2</ns2:Code><ns2:Value>-1</ns2:Value></ns2:SubProperty><ns2:SubProperty><ns2:Code>C_SUB_LOW_BAL_GATE_3</ns2:Code><ns2:Value>-1</ns2:Value></ns2:SubProperty><ns2:SubProperty><ns2:Code>C_SUB_LOW_BAL_GATE_4</ns2:Code><ns2:Value>-1</ns2:Value></ns2:SubProperty><ns2:SubProperty><ns2:Code>C_SUB_NOROAM_CALL_RIGHT</ns2:Code><ns2:Value>0</ns2:Value></ns2:SubProperty><ns2:SubProperty><ns2:Code>C_SUB_LOW_BAL_GATE_5</ns2:Code><ns2:Value>-1</ns2:Value></ns2:SubProperty><ns2:SubProperty><ns"
08:14:28.604 [Test worker] DEBUG org.apache.http.wire -  << "[\r][\n]"
08:14:28.604 [Test worker] DEBUG org.apache.http.wire -  << "0fe8[\r][\n]"
08:14:28.604 [Test worker] DEBUG org.apache.http.wire -  << "2:Code>C_SUB_LOAN_STATUS</ns2:Code><ns2:Value>0</ns2:Value></ns2:SubProperty><ns2:SubProperty><ns2:Code>C_SUB_AUTOTOPUP_RECURRING</ns2:Code><ns2:Value>1</ns2:Value></ns2:SubProperty><ns2:SubProperty><ns2:Code>C_IOD_FLAG</ns2:Code><ns2:Value>0</ns2:Value></ns2:SubProperty><ns2:SubProperty><ns2:Code>C_ETU_BLACKLIST_DATE</ns2:Code><ns2:Value>0</ns2:Value></ns2:SubProperty><ns2:SubProperty><ns2:Code>C_APP_ACTIVE_USAGE</ns2:Code><ns2:Value>0</ns2:Value></ns2:SubProperty><ns2:SubProperty><ns2:Code>C_SUB_BARRINGCODE</ns2:Code><ns2:Value>99999999999</ns2:Value></ns2:SubProperty><ns2:SubProperty><ns2:Code>C_SUB_REFEREE_IDENTIFER</ns2:Code><ns2:Value></ns2:Value></ns2:SubProperty><ns2:SubProperty><ns2:Code>C_SUB_INTERROAM_CALL_RIGHT</ns2:Code><ns2:Value>0</ns2:Value></ns2:SubProperty><ns2:SubProperty><ns2:Code>C_SUB_ID</ns2:Code><ns2:Value>100060000000367250</ns2:Value></ns2:SubProperty></ns2:SubBasicInfo><ns2:UserCustomerKey>CTA00000274020</ns2:UserCustomerKey><ns2:SubIdentity><ns2:SubIdentityType>1</ns2:SubIdentityType><ns2:SubIdentity>3052754289</ns2:SubIdentity><ns2:PrimaryFlag>1</ns2:PrimaryFlag></ns2:SubIdentity><ns2:SubIdentity><ns2:SubIdentityType>2</ns2:SubIdentityType><ns2:SubIdentity>732111324709674</ns2:SubIdentity><ns2:PrimaryFlag>2</ns2:PrimaryFlag></ns2:SubIdentity><ns2:Brand>120</ns2:Brand><ns2:SubClass>1</ns2:SubClass><ns2:NetworkType>1</ns2:NetworkType><ns2:Status>2</ns2:Status><ns2:ConsumptionLimit><ns2:LimitType>C_CL_USAGE_NOROAM</ns2:LimitType><ns2:UnitType>M</ns2:UnitType><ns2:CurrencyID>1032</ns2:CurrencyID><ns2:LimitValue>0</ns2:LimitValue></ns2:ConsumptionLimit><ns3:StatusDetail>000000000000000000000000</ns3:StatusDetail><ns3:ActivationTime>20220718145518</ns3:ActivationTime><ns3:UserCustomer><ns3:CustKey>CTA00000274020</ns3:CustKey><ns3:CustInfo><ns2:CustType>2</ns2:CustType><ns2:CustNodeType>1</ns2:CustNodeType><ns2:CustClass>1</ns2:CustClass><ns2:CustCode>CBS100060000000367249</ns2:CustCode><ns2:CustBasicInfo><ns2:DFTWrittenLang>2002</ns2:DFTWrittenLang><ns2:DFTIVRLang>2002</ns2:DFTIVRLang><ns2:DunningFlag>1</ns2:DunningFlag><ns2:CustProperty><ns2:Code>C_Extend_Cust_Int_Attr8</ns2:Code><ns2:Value></ns2:Value></ns2:CustProperty><ns2:CustProperty><ns2:Code>C_CUSTOMER_TAX_RATE</ns2:Code><ns2:Value></ns2:Value></ns2:CustProperty><ns2:CustProperty><ns2:Code>C_Extend_Cust_Int_Attr9</ns2:Code><ns2:Value></ns2:Value></ns2:CustProperty><ns2:CustProperty><ns2:Code>C_CUST_BANKRUPTCY</ns2:Code><ns2:Value>N</ns2:Value></ns2:CustProperty><ns2:CustProperty><ns2:Code>C_Extend_Cust_Int_Attr10</ns2:Code><ns2:Value></ns2:Value></ns2:CustProperty><ns2:CustProperty><ns2:Code>C_Extend_Cust_Int_Attr4</ns2:Code><ns2:Value></ns2:Value></ns2:CustProperty><ns2:CustProperty><ns2:Code>C_Extend_Cust_Int_Attr5</ns2:Code><ns2:Value></ns2:Value></ns2:CustProperty><ns2:CustProperty><ns2:Code>C_Extend_Cust_Int_Attr6</ns2:Code><ns2:Value></ns2:Value></ns2:CustProperty><ns2:CustProperty><ns2:Code>C_Extend_Cust_Int_Attr7</ns2:Code><ns2:Value></ns2:Value></ns2:CustProperty><ns2:CustProperty><ns2:Code>C_LEGAL_CATEGORY</ns2:Code><ns2:Value></ns2:Value></ns2:CustProperty><ns2:CustProperty><ns2:Code>C_CONTRACT_ID</ns2:Code><ns2:Value></ns2:Value></ns2:CustProperty><ns2:CustProperty><ns2:Code>C_Exten"
08:14:28.604 [Test worker] DEBUG org.apache.http.wire -  << "d_Cust_Int_Attr1</ns2:Code><ns2:Value></ns2:Value></ns2:CustProperty><ns2:CustProperty><ns2:Code>C_Extend_Cust_Int_Attr2</ns2:Code><ns2:Value></ns2:Value></ns2:CustProperty><ns2:CustProperty><ns2:Code>C_NEW_IC</ns2:Code><ns2:Value></ns2:Value></ns2:CustProperty><ns2:CustProperty><ns2:Code>C_Extend_Cust_Int_Attr3</ns2:Code><ns2:Value></ns2:Value></ns2:CustProperty><ns2:CustProperty><ns2:Code>C_REG_FLAG</ns2:Code><ns2:Value>N</ns2:Value></ns2:CustProperty><ns2:CustProperty><ns2:Code>C_NRC</ns2:Code><ns2:Value></ns2:Value></ns2:CustProperty><ns2:CustProperty><ns2:Code>C_CUST_CATEGORY</ns2:Code><ns2:Value></ns2:Value></ns2:CustProperty><ns2:CustProperty><ns2:Code>C_CUST_SALT</ns2:Code><ns2:Value>BD54803C2F3B3E5C</ns2:Value></ns2:CustProperty><ns2:CustProperty><ns2:Code>C_EXTERNAL_CUST_ID</ns2:Code><ns2:Value></ns2:Value></ns2:CustP"
08:14:28.604 [Test worker] DEBUG org.apache.http.wire -  << "[\r][\n]"
08:14:28.604 [Test worker] DEBUG org.apache.http.wire -  << "0fe8[\r][\n]"
08:14:28.604 [Test worker] DEBUG org.apache.http.wire -  << "roperty><ns2:CustProperty><ns2:Code>C_FRAUD_FLAG</ns2:Code><ns2:Value>N</ns2:Value></ns2:CustProperty><ns2:CustProperty><ns2:Code>C_CUST_MEDIA_FLAG</ns2:Code><ns2:Value>N</ns2:Value></ns2:CustProperty><ns2:CustProperty><ns2:Code>C_TAX_PAYER_IDENTIFICATION_NO</ns2:Code><ns2:Value></ns2:Value></ns2:CustProperty><ns2:CustProperty><ns2:Code>C_CUST_DECEASED</ns2:Code><ns2:Value>N</ns2:Value></ns2:CustProperty><ns2:CustProperty><ns2:Code>C_EVENING_PHONE</ns2:Code><ns2:Value></ns2:Value></ns2:CustProperty><ns2:CustProperty><ns2:Code>C_Extend_Cust_Str_Attr5</ns2:Code><ns2:Value></ns2:Value></ns2:CustProperty><ns2:CustProperty><ns2:Code>C_Extend_Cust_Str_Attr4</ns2:Code><ns2:Value></ns2:Value></ns2:CustProperty><ns2:CustProperty><ns2:Code>C_Extend_Cust_Str_Attr3</ns2:Code><ns2:Value></ns2:Value></ns2:CustProperty><ns2:CustProperty><ns2:Code>C_Extend_Cust_Str_Attr2</ns2:Code><ns2:Value></ns2:Value></ns2:CustProperty><ns2:CustProperty><ns2:Code>C_DAYTIME_PHONE</ns2:Code><ns2:Value></ns2:Value></ns2:CustProperty><ns2:CustProperty><ns2:Code>C_Extend_Cust_Str_Attr9</ns2:Code><ns2:Value></ns2:Value></ns2:CustProperty><ns2:CustProperty><ns2:Code>C_Extend_Cust_Str_Attr8</ns2:Code><ns2:Value></ns2:Value></ns2:CustProperty><ns2:CustProperty><ns2:Code>C_CUST_MARKETING_CONSENT</ns2:Code><ns2:Value>N</ns2:Value></ns2:CustProperty><ns2:CustProperty><ns2:Code>C_Extend_Cust_Str_Attr7</ns2:Code><ns2:Value></ns2:Value></ns2:CustProperty><ns2:CustProperty><ns2:Code>C_Extend_Cust_Str_Attr6</ns2:Code><ns2:Value></ns2:Value></ns2:CustProperty><ns2:CustProperty><ns2:Code>C_OLD_IC</ns2:Code><ns2:Value></ns2:Value></ns2:CustProperty><ns2:CustProperty><ns2:Code>C_Extend_Cust_Str_Attr1</ns2:Code><ns2:Value></ns2:Value></ns2:CustProperty><ns2:CustProperty><ns2:Code>C_Extend_Cust_Str_Attr10</ns2:Code><ns2:Value></ns2:Value></ns2:CustProperty><ns2:CustProperty><ns2:Code>C_CUST_BILLSUM</ns2:Code><ns2:Value>0</ns2:Value></ns2:CustProperty><ns2:CustProperty><ns2:Code>C_CORP_CUST_SEGMENT</ns2:Code><ns2:Value></ns2:Value></ns2:CustProperty><ns2:CustProperty><ns2:Code>C_ACCESSIBILITY_FLAG</ns2:Code><ns2:Value></ns2:Value></ns2:CustProperty><ns2:CustProperty><ns2:Code>C_CUST_BelToAreaID</ns2:Code><ns2:Value>101</ns2:Value></ns2:CustProperty><ns2:CustProperty><ns2:Code>C_CUST_ID</ns2:Code><ns2:Value>100060000000367249</ns2:Value></ns2:CustProperty></ns2:CustBasicInfo></ns3:CustInfo><ns3:OrgInfo><ns2:IDType>5</ns2:IDType><ns2:IDNumber>823108062</ns2:IDNumber><ns2:OrgName>Comercial</ns2:OrgName><ns2:OrgPhoneNumber>3303000</ns2:OrgPhoneNumber><ns2:OrgEmail>prueba@gmail.com</ns2:OrgEmail></ns3:OrgInfo></ns3:UserCustomer></ns3:SubscriberInfo><ns3:PaymentMode>2</ns3:PaymentMode><ns3:PrimaryOffering><ns2:OfferingKey><ns2:OfferingID>120900003</ns2:OfferingID><ns2:PurchaseSeq>221651</ns2:PurchaseSeq></ns2:OfferingKey><ns2:BundledFlag>S</ns2:BundledFlag><ns2:OfferingClass>I</ns2:OfferingClass><ns2:Status>2</ns2:Status><ns2:ProductInst><ns2:ProductID>1053</ns2:ProductID><ns2:PrimaryFlag>M</ns2:PrimaryFlag><ns2:PackageFlag>A</ns2:PackageFlag><ns2:NetworkType>1</ns2:NetworkType><ns2:ProductType>1</ns2:ProductType></ns2:ProductInst><ns2:ProductInst><ns2:ProductID>1011</ns2:ProductID><ns2:PrimaryFlag>A</ns2:PrimaryFlag><ns2:PackageFlag>A</ns2:PackageFlag><ns2:NetworkType>1</ns2:NetworkType><ns2:ProductType>1</ns2:ProductType></ns2:ProductInst><ns2:ProductInst><ns2:ProductID>1822969218</ns2:ProductID><ns2:PrimaryFlag>A</ns2:PrimaryFlag><ns2:PackageFlag>A</ns2:PackageFlag><ns2:NetworkType>1</ns2:NetworkType><ns2:ProductType>1</ns2:ProductType></ns2:ProductInst><ns2:ProductInst><ns2:ProductID>1014</ns2:ProductID><ns2:PrimaryFlag>A</ns2:PrimaryFlag><ns2:PackageFlag>A</ns2:PackageFlag><ns2:NetworkType>1</ns2:NetworkType><ns2:ProductType>1</ns2:ProductType></ns2:ProductInst><ns2:ProductInst><ns2:ProductID>1042</ns2:ProductID><ns2:PrimaryFlag>A</ns2:PrimaryFlag><ns2:PackageFlag>A</ns2:PackageFlag><ns2:NetworkType>1</ns2:NetworkType><ns2:ProductType>1</ns2:ProductType></ns2:ProductInst></ns3:PrimaryOffering><ns3:SupplementaryOffering><ns2:OfferingKey><ns2:OfferingID"
08:14:28.604 [Test worker] DEBUG org.apache.http.wire -  << "[\r][\n]"
08:14:28.604 [Test worker] DEBUG org.apache.http.wire -  << "0069[\r][\n]"
08:14:28.604 [Test worker] DEBUG org.apache.http.wire -  << ">990000688</ns2:OfferingID><ns2:PurchaseSeq>1</ns2:PurchaseSeq></ns2:OfferingKey><ns2:BundledFlag>S</ns2:"
08:14:28.604 [Test worker] DEBUG org.apache.http.wire -  << "[\r][\n]"
08:14:28.604 [Test worker] DEBUG org.apache.http.wire -  << "0fe8[\r][\n]"
08:14:28.604 [Test worker] DEBUG org.apache.http.wire -  << "BundledFlag><ns2:OfferingClass>I</ns2:OfferingClass><ns2:Status>2</ns2:Status><ns3:EffectiveTime>20220719000000</ns3:EffectiveTime><ns3:ExpirationTime>20271212000000</ns3:ExpirationTime><ns3:ActivationMode>A</ns3:ActivationMode><ns3:ActivationTime>20220719000000</ns3:ActivationTime></ns3:SupplementaryOffering><ns3:SupplementaryOffering><ns2:OfferingKey><ns2:OfferingID>990000687</ns2:OfferingID><ns2:PurchaseSeq>1</ns2:PurchaseSeq></ns2:OfferingKey><ns2:BundledFlag>S</ns2:BundledFlag><ns2:OfferingClass>I</ns2:OfferingClass><ns2:Status>2</ns2:Status><ns3:EffectiveTime>20220719000000</ns3:EffectiveTime><ns3:ExpirationTime>20271212000000</ns3:ExpirationTime><ns3:ActivationMode>A</ns3:ActivationMode><ns3:ActivationTime>20220719000000</ns3:ActivationTime></ns3:SupplementaryOffering></ns3:Subscriber><ns3:Account><ns3:AcctKey>PRE-8960004155</ns3:AcctKey><ns3:AcctInfo><ns3:AcctCode>CBS100060000000367251</ns3:AcctCode><ns3:UserCustomerKey>CTA00000274020</ns3:UserCustomerKey><ns3:UserCustomer><ns3:CustKey>CTA00000274020</ns3:CustKey><ns3:CustInfo><ns2:CustType>2</ns2:CustType><ns2:CustNodeType>1</ns2:CustNodeType><ns2:CustClass>1</ns2:CustClass><ns2:CustCode>CBS100060000000367249</ns2:CustCode><ns2:CustBasicInfo><ns2:DFTWrittenLang>2002</ns2:DFTWrittenLang><ns2:DFTIVRLang>2002</ns2:DFTIVRLang><ns2:DunningFlag>1</ns2:DunningFlag><ns2:CustProperty><ns2"
08:14:28.652 [Test worker] DEBUG org.apache.http.wire -  << ":Code>C_Extend_Cust_Int_Attr8</ns2:Code><ns2:Value></ns2:Value></ns2:CustProperty><ns2:CustProperty><ns2:Code>C_CUSTOMER_TAX_RATE</ns2:Code><ns2:Value></ns2:Value></ns2:CustProperty><ns2:CustProperty><ns2:Code>C_Extend_Cust_Int_Attr9</ns2:Code><ns2:Value></ns2:Value></ns2:CustProperty><ns2:CustProperty><ns2:Code>C_CUST_BANKRUPTCY</ns2:Code><ns2:Value>N</ns2:Value></ns2:CustProperty><ns2:CustProperty><ns2:Code>C_Extend_Cust_Int_Attr10</ns2:Code><ns2:Value></ns2:Value></ns2:CustProperty><ns2:CustProperty><ns2:Code>C_Extend_Cust_Int_Attr4</ns2:Code><ns2:Value></ns2:Value></ns2:CustProperty><ns2:CustProperty><ns2:Code>C_Extend_Cust_Int_Attr5</ns2:Code><ns2:Value></ns2:Value></ns2:CustProperty><ns2:CustProperty><ns2:Code>C_Extend_Cust_Int_Attr6</ns2:Code><ns2:Value></ns2:Value></ns2:CustProperty><ns2:CustProperty><ns2:Code>C_Extend_Cust_Int_Attr7</ns2:Code><ns2:Value></ns2:Value></ns2:CustProperty><ns2:CustProperty><ns2:Code>C_LEGAL_CATEGORY</ns2:Code><ns2:Value></ns2:Value></ns2:CustProperty><ns2:CustProperty><ns2:Code>C_CONTRACT_ID</ns2:Code><ns2:Value></ns2:Value></ns2:CustProperty><ns2:CustProperty><ns2:Code>C_Extend_Cust_Int_Attr1</ns2:Code><ns2:Value></ns2:Value></ns2:CustProperty><ns2:CustProperty><ns2:Code>C_Extend_Cust_Int_Attr2</ns2:Code><ns2:Value></ns2:Value></ns2:CustProperty><ns2:CustProperty><ns2:Code>C_NEW_IC</ns2:Code><ns2:Value></ns2:Value></ns2:CustProperty><ns2:CustProperty><ns2:Code>C_Extend_Cust_Int_Attr3</ns2:Code><ns2:Value></ns2:Value></ns2:CustProperty><ns2:CustProperty><ns2:Code>C_REG_FLAG</ns2:Code><ns2:Value>N</ns2:Value></ns2:CustProperty><ns2:CustProperty><ns2:Code>C_NRC</ns2:Code><ns2:Value></ns2:Value></ns2:CustProperty><ns2:CustProperty><ns2:Code>C_CUST_CATEGORY</ns2:Code><ns2:Value></ns2:Value></ns2:CustProperty><ns2:CustProperty><ns2:Code>C_CUST_SALT</ns2:Code><ns2:Value>BD54803C2F3B3E5C</ns2:Value></ns2:CustProperty><ns2:CustProperty><ns2:Code>C_EXTERNAL_CUST_ID</ns2:Code><ns2:Value></ns2:Value></ns2:CustProperty><ns2:CustProperty><ns2:Code>C_FRAUD_FLAG</ns2:Code><ns2:Value>N</ns2:Value></ns2:CustProperty><ns2:CustProperty><ns2:Code>C_CUST_MEDIA_FLAG</ns2:Code><ns2:Value>N</ns2:Value></ns2:CustProperty><ns2:CustProperty><ns2:Code>C_TAX_PAYER_IDENTIFICATION_NO</ns2:Code><ns2:Value></ns2:Value></ns2:CustProperty><ns2:CustProperty><ns2:Code>C_CUST_DECEASED</ns2:Code><ns2:Value>N</ns2:Value></ns2:CustProperty><ns2:CustProperty><ns2:Code>C_EVENING_PHONE</ns2:Code><ns2:Value></ns2:Value></ns2:CustProperty><ns2:CustProperty><ns2:Code>C_Extend_Cust_Str_Attr5</ns2:Code><ns2:Value></ns2:Value></ns2:CustProperty><ns2:CustProperty><ns2:Code>C_Extend_Cust_Str_Attr4</ns2:Code><ns2:Value></ns2:Value></ns2:CustProperty><ns2:CustProperty><ns2:Code>C"
08:14:28.652 [Test worker] DEBUG org.apache.http.wire -  << "[\r][\n]"
08:14:28.652 [Test worker] DEBUG org.apache.http.wire -  << "0fe8[\r][\n]"
08:14:28.652 [Test worker] DEBUG org.apache.http.wire -  << "_Extend_Cust_Str_Attr3</ns2:Code><ns2:Value></ns2:Value></ns2:CustProperty><ns2:CustProperty><ns2:Code>C_Extend_Cust_Str_Attr2</ns2:Code><ns2:Value></ns2:Value></ns2:CustProperty><ns2:CustProperty><ns2:Code>C_DAYTIME_PHONE</ns2:Code><ns2:Value></ns2:Value></ns2:CustProperty><ns2:CustProperty><ns2:Code>C_Extend_Cust_Str_Attr9</ns2:Code><ns2:Value></ns2:Value></ns2:CustProperty><ns2:CustProperty><ns2:Code>C_Extend_Cust_Str_Attr8</ns2:Code><ns2:Value></ns2:Value></ns2:CustProperty><ns2:CustProperty><ns2:Code>C_CUST_MARKETING_CONSENT</ns2:Code><ns2:Value>N</ns2:Value></ns2:CustProperty><ns2:CustProperty><ns2:Code>C_Extend_Cust_Str_Attr7</ns2:Code><ns2:Value></ns2:Value></ns2:CustProperty><ns2:CustProperty><ns2:Code>C_Extend_Cust_Str_Attr6</ns2:Code><ns2:Value></ns2:Value></ns2:CustProperty><ns2:CustProperty><ns2:Code>C_OLD_IC</ns2:Code><ns2:Value></ns2:Value></ns2:CustProperty><ns2:CustProperty><ns2:Code>C_Extend_Cust_Str_Attr1</ns2:Code><ns2:Value></ns2:Value></ns2:CustProperty><ns2:CustProperty><ns2:Code>C_Extend_Cust_Str_Attr10</ns2:Code><ns2:Value></ns2:Value></ns2:CustProperty><ns2:CustProperty><ns2:Co"
08:14:28.652 [Test worker] DEBUG org.apache.http.wire -  << "de>C_CUST_BILLSUM</ns2:Code><ns2:Value>0</ns2:Value></ns2:CustProperty><ns2:CustProperty><ns2:Code>C_CORP_CUST_SEGMENT</ns2:Code><ns2:Value></ns2:Value></ns2:CustProperty><ns2:CustProperty><ns2:Code>C_ACCESSIBILITY_FLAG</ns2:Code><ns2:Value></ns2:Value></ns2:CustProperty><ns2:CustProperty><ns2:Code>C_CUST_BelToAreaID</ns2:Code><ns2:Value>101</ns2:Value></ns2:CustProperty><ns2:CustProperty><ns2:Code>C_CUST_ID</ns2:Code><ns2:Value>100060000000367249</ns2:Value></ns2:CustProperty></ns2:CustBasicInfo></ns3:CustInfo><ns3:OrgInfo><ns2:IDType>5</ns2:IDType><ns2:IDNumber>823108062</ns2:IDNumber><ns2:OrgName>Comercial</ns2:OrgName><ns2:OrgPhoneNumber>3303000</ns2:OrgPhoneNumber><ns2:OrgEmail>prueba@gmail.com</ns2:OrgEmail></ns3:OrgInfo></ns3:UserCustomer><ns3:RootAcctKey>PRE-8960004155</ns3:RootAcctKey><ns3:AcctBasicInfo><ns2:BillLang>2002</ns2:BillLang><ns2:DunningFlag>1</ns2:DunningFlag><ns2:LateFeeChargeable>N</ns2:LateFeeChargeable><ns2:RedlistFlag>0</ns2:RedlistFlag><ns2:ContactInfo><ns2:FirstName>Comercial</ns2:FirstName><ns2:LastName>Nutresa</ns2:LastName><ns2:AddressKey>9cbfd0a5657e6d10d65568f42f17a097</ns2:AddressKey><ns2:HomePhone>3303000</ns2:HomePhone><ns2:MobilePhone>3052754289</ns2:MobilePhone><ns2:Email>prueba@gmail.com</ns2:Email></ns2:ContactInfo><ns2:AcctProperty><ns2:Code>C_ACCOUNT_INFO_5</ns2:Code><ns2:Value></ns2:Value></ns2:AcctProperty><ns2:AcctProperty><ns2:Code>C_GRP_IND_ACCT</ns2:Code><ns2:Value></ns2:Value></ns2:AcctProperty><ns2:AcctProperty><ns2:Code>C_INIT_BALANCE</ns2:Code><ns2:Value></ns2:Value></ns2:AcctProperty><ns2:AcctProperty><ns2:Code>C_ACCOUNT_INFO_3</ns2:Code><ns2:Value></ns2:Value></ns2:AcctProperty><ns2:AcctProperty><ns2:Code>C_ACCOUNT_INFO_4</ns2:Code><ns2:Value></ns2:Value></ns2:AcctProperty><ns2:AcctProperty><ns2:Code>C_Extend_Acct_Int_Attr1</ns2:Code><ns2:Value></ns2:Value></ns2:AcctProperty><ns2:AcctProperty><ns2:Code>C_Extend_Acct_Int_Attr2</ns2:Code><ns2:Value></ns2:Value></ns2:AcctProperty><ns2:AcctProperty><ns2:Code>C_Extend_Acct_Int_Attr3</ns2:Code><ns2:Value></ns2:Value></ns2:AcctProperty><ns2:AcctProperty><ns2:Code>C_POINT_ACCM_FLAG</ns2:Code><ns2:Value>1</ns2:Value></ns2:AcctProperty><ns2:AcctProperty><ns2:Code>C_RTN</ns2:Code><ns2:Value></ns2:Value></ns2:AcctProperty><ns2:AcctProperty><ns2:Code>C_BILLING_GROUP_NO</ns2:Code><ns2:Value></ns2:Value></ns2:AcctProperty><ns2:AcctProperty><ns2:Code>C_GRACE_PERIOD</ns2:Code><ns2:Value></ns2:Value></ns2:AcctProperty><ns2:AcctProperty><ns2:Code>C_BILL_TYPE</ns2:Code><ns2:Value>T</ns2:Value></ns2:AcctProperty><ns2:AcctProperty><ns2:Code>C_TAX_CORRELATIVE_TYPE</ns2:Code><ns2:Value></ns2:Value></ns2:AcctProperty><ns2:AcctProperty><ns2:Code>C_ACCOUNT_CATEGORY</ns2:Code><ns2:Value>0</ns2:Value></ns2:AcctProperty><ns2:AcctProperty><ns2:Code>C_IS_VPN_ACCT_SUSPEND</ns2:Code><ns2:Value>0</ns2:Value></ns2:AcctProperty><ns2:AcctProperty><ns2:Code>C_BUSINESS_TYPE</ns2:Code><ns2:Value>0</ns2:Value></ns2:AcctProperty><ns2:Acct"
08:14:28.652 [Test worker] DEBUG org.apache.http.wire -  << "[\r][\n]"
08:14:28.652 [Test worker] DEBUG org.apache.http.wire -  << "0fe8[\r][\n]"
08:14:28.652 [Test worker] DEBUG org.apache.http.wire -  << "Property><ns2:Code>C_Extend_Acct_Int_Attr4</ns2:Code><ns2:Value></ns2:Value></ns2:AcctProperty><ns2:AcctProperty><ns2:Code>C_Extend_Acct_Int_Attr5</ns2:Code><ns2:Value></ns2:Value></ns2:AcctProperty><ns2:AcctProperty><ns2:Code>C_FRAUD_WRITEOFF_FLAG</ns2:Code><ns2:Value>N</ns2:Value></ns2:AcctProperty><ns2:AcctProperty><ns2:Code>C_Extend_Acct_Int_Attr6</ns2:Code><ns2:Value></ns2:Value></ns2:AcctProperty><ns2:AcctProperty><ns2:Code>C_Extend_Acct_Int_Attr7</ns2:Code><ns2:Value></ns2:Value></ns2:AcctProperty><ns2:AcctProperty><ns2:Code>C_IMG_IDX</ns2:Code><ns2:Value></ns2:Value></ns2:AcctProperty><ns2:AcctProperty><ns2:Code>C_Extend_Acct_Int_Attr8</ns2:Code><ns2:Value></ns2:Value></ns2:AcctProperty><ns2:AcctProperty><ns2:Code>C_ACCOUNT_INFO_1</ns2:Code><ns2:Value></ns2:Value></ns2:AcctProperty><ns2:AcctProperty><ns2:Code>C_MCF_SELECTED</ns2:Code><ns2:Value>1</ns2:Value></ns2:AcctProperty><ns2:AcctProperty><ns2:Code>C_Extend_Acct_Int_Attr9</ns2:Code><ns2:Value></ns2:Value></ns2:AcctProperty><ns2:AcctProperty><ns2:Code>C_VERIFICATION_DIGIT</ns2:Code><ns2:Value></ns2:Value></ns2:AcctProperty><ns2:AcctProperty><ns2:Code>C_ACCOUNT_INFO_2</ns2:Code><ns2:Value></ns2:Value></ns2:AcctProperty><ns2:AcctProperty><ns2:Code>C_PRI_SUB_ID</ns2:Code><ns2:Value></ns2:Value></ns2:AcctProperty><ns2:AcctProperty><ns2:Code>C_DVD_IDX</ns2:Code><ns2:Value>N</ns2:Value></ns2:AcctProperty><ns2:AcctProperty><ns2:Code>C_Extend_Acct_Str_Attr1</ns2:Code><ns2:Value></ns2:Value></ns2:AcctProperty><ns2:AcctProperty><ns2:Code>C_POINT_EXCHANGE_FLAG</ns2:Code><ns2:Value>0</ns2:Value></ns2:AcctProperty><ns2:AcctProperty><ns2:Code>C_ACCT_AUTOPAY_FAILCOUNTER</ns2:Code><ns2:Value>0</ns2:Value></ns2:AcctProperty><ns2:AcctProperty><ns2:Code>C_NIT</ns2:Code><ns2:Value></ns2:Value></ns2:AcctProperty><ns2:AcctProperty><ns2:Code>C_CONTRACT_NUMBER</ns2:Code><ns2:Value></ns2:Value></ns2:AcctProperty><ns2:AcctProperty><ns2:Code>C_PAY_INTIME_DATE</ns2:Code><ns2:Value></ns2:Value></ns2:AcctProperty><ns2:AcctProperty><ns2:Code>C_OVER_DRAFT_FOR_PREPAID</ns2:Code><ns2:Value></ns2:Value></ns2:AcctProperty><ns2:AcctProperty><ns2:Code>LastAcctDailyBillTime</ns2:Code><ns2:Value>20220718220035</ns2:Value></ns2:AcctProperty><ns2:AcctProperty><ns2:Code>C_ACCOUNT_TAX_EXEMPTION</ns2:Code><ns2:Value>0</ns2:Value></ns2:AcctProperty><ns2:AcctProperty><ns2:Code>C_ACCT_BILLFLAG</ns2:Code><ns2:Value>0</ns2:Value></ns2:AcctProperty><ns2:AcctProperty><ns2:Code>C_DUNNING_EXCEPTION_LIST</ns2:Code><ns2:Value>0000</ns2:Value></ns2:AcctProperty><ns2:AcctProperty><ns2:Code>C_MARKETING_CATEGORY</ns2:Code><ns2:Value></ns2:Value></ns2:AcctProperty><ns2:AcctProperty><ns2:Code>C_SOCIETY</ns2:Code><ns2:Value></ns2:Value></ns2:AcctProperty><ns2:AcctProperty><ns2:Code>C_DDI_STATUS</ns2:Code><ns2:Value></ns2:Value></ns2:AcctProperty><ns2:AcctProperty><ns2:Code>C_Extend_Acct_Str_Attr10</ns2:Code><ns2:Value></ns2:Value></ns2:AcctProperty><ns2:AcctProperty><ns2:Code>C_Extend_Acct_Str_Attr9</ns2:Code><ns2:Value></ns2:Value></ns2:AcctProperty><ns2:AcctProperty><ns2:Code>C_ECONOMIC_STRATUM</ns2:Code><ns2:Value></ns2:Value></ns2:AcctProperty><ns2:AcctProperty><ns2:Code>C_Extend_Acct_Str_Attr8</ns2:Code><ns2:Value></ns2:Value></ns2:AcctProperty><ns2:AcctProperty><ns2:Code>C_Extend_Acct_Str_Attr7</ns2:Code><ns2:Value></ns2:Value></ns2:AcctProperty><ns2:AcctProperty><ns2:Code>C_Extend_Acct_Str_Attr6</ns2:Code><ns2:Value></ns2:Value></ns2:AcctProperty><ns2:AcctProperty><ns2:Code>C_Extend_Acct_Str_Attr5</ns2:Code><ns2:Value></ns2:Value></ns2:AcctProperty><ns2:AcctProperty><ns2:Code>C_BILL_CONFIRM</ns2:Code><ns2:Value>N</ns2:Value></ns2:AcctProperty><ns2:AcctProperty><ns2:Code>C_Extend_Acct_Str_Attr4</ns2:Code><ns2:Value></ns2:Value></ns2:AcctProperty><ns2:AcctProperty><ns2:Code>C_Extend_Acct_Str_Attr3</ns2:Code><ns2:Value></ns2:Value></ns2:AcctProperty><ns2:AcctProperty><ns2:Code>C_ACCT_STATUS</ns2:Code><ns2:Value>0</ns2:Value></ns2:AcctProperty><ns2:AcctProperty><ns2:Code>C_Extend_Acct_Str_Attr2</ns2:Code><ns2:Value></ns2:Value></ns2:AcctProperty><ns2:AcctProperty><ns2:Code>C_Extend_Acct_Int_Att"
08:14:28.652 [Test worker] DEBUG org.apache.http.wire -  << "[\r][\n]"
08:14:28.652 [Test worker] DEBUG org.apache.http.wire -  << "0079[\r][\n]"
08:14:28.652 [Test worker] DEBUG org.apache.http.wire -  << "r10</ns2:Code><ns2:Value></ns2:Value></ns2:AcctProperty><ns2:AcctProperty><ns2:Code>C_ACCOUNT_RELIABILITY</ns2:Code><ns2:"
08:14:28.652 [Test worker] DEBUG org.apache.http.wire -  << "[\r][\n]"
08:14:28.652 [Test worker] DEBUG org.apache.http.wire -  << "0fe8[\r][\n]"
08:14:28.652 [Test worker] DEBUG org.apache.http.wire -  << "Value></ns2:Value></ns2:AcctProperty><ns2:AcctProperty><ns2:Code>C_COLLECTION_CATEGORY</ns2:Code><ns2:Value></ns2:Value></ns2:AcctProperty><ns2:AcctProperty><ns2:Code>C_CITY</ns2:Code><ns2:Value></ns2:Value></ns2:AcctProperty><ns2:AcctProperty><ns2:Code>C_ACCOUNT_MANDATE_CODE</ns2:Code><ns2:Value></ns2:Value></ns2:AcctProperty><ns2:AcctProperty><ns2:Code>C_PROVINCE</ns2:Code><ns2:Value></ns2:Value></ns2:AcctProperty><ns2:AcctProperty><ns2:Code>C_RFC</ns2:Code><ns2:Value></ns2:Value></ns2:AcctProperty><ns2:"
08:14:28.652 [Test worker] DEBUG org.apache.http.wire -  << "AcctProperty><ns2:Code>C_CLAIM_FLAG</ns2:Code><ns2:Value>N</ns2:Value></ns2:AcctProperty><ns2:AcctProperty><ns2:Code>C_ROUTEID</ns2:Code><ns2:Value></ns2:Value></ns2:AcctProperty><ns2:AcctProperty><ns2:Code>C_SUC_AUTOPAY_DATE</ns2:Code><ns2:Value></ns2:Value></ns2:AcctProperty><ns2:AcctProperty><ns2:Code>C_POINT_DISTRIBUTE_RATE</ns2:Code><ns2:Value>0</ns2:Value></ns2:AcctProperty><ns2:AcctProperty><ns2:Code>C_ROAM_ACCT_ORDER_SEND</ns2:Code><ns2:Value>0</ns2:Value></ns2:AcctProperty><ns2:AcctProperty><ns2:Code>C_DD_REFERENCE</ns2:Code><ns2:Value></ns2:Value></ns2:AcctProperty><ns2:AcctProperty><ns2:Code>C_TERRITORY</ns2:Code><ns2:Value></ns2:Value></ns2:AcctProperty><ns2:AcctProperty><ns2:Code>C_CHG_ACCT_STATUS</ns2:Code><ns2:Value>0</ns2:Value></ns2:AcctProperty><ns2:AcctProperty><ns2:Code>C_DUE_DATE_TYPE</ns2:Code><ns2:Value></ns2:Value></ns2:AcctProperty><ns2:AcctProperty><ns2:Code>C_CREDIT_RECALCULATION_FLAG</ns2:Code><ns2:Value>N</ns2:Value></ns2:AcctProperty><ns2:AcctProperty><ns2:Code>C_BUSINESS_UNIT</ns2:Code><ns2:Value></ns2:Value></ns2:AcctProperty><ns2:AcctProperty><ns2:Code>C_OTHER_CARRIER</ns2:Code><ns2:Value>0</ns2:Value></ns2:AcctProperty><ns2:AcctProperty><ns2:Code>C_LATEFEE_FLAG</ns2:Code><ns2:Value>N</ns2:Value></ns2:AcctProperty><ns2:AcctProperty><ns2:Code>C_REF_A</ns2:Code><ns2:Value></ns2:Value></ns2:AcctProperty><ns2:AcctProperty><ns2:Code>OverDraftForPrepaid</ns2:Code><ns2:Value>0</ns2:Value></ns2:AcctProperty><ns2:AcctProperty><ns2:Code>C_BILL_DISPATCH_CODE</ns2:Code><ns2:Value></ns2:Value></ns2:AcctProperty><ns2:AcctProperty><ns2:Code>C_REF_B</ns2:Code><ns2:Value></ns2:Value></ns2:AcctProperty><ns2:AcctProperty><ns2:Code>C_ACCTCYCLELENGTH</ns2:Code><ns2:Value>1</ns2:Value></ns2:AcctProperty><ns2:AcctProperty><ns2:Code>C_PRI_SUB_IDENTIFIER</ns2:Code><ns2:Value></ns2:Value></ns2:AcctProperty><ns2:AcctProperty><ns2:Code>C_DCA_NAME</ns2:Code><ns2:Value></ns2:Value></ns2:AcctProperty><ns2:AcctProperty><ns2:Code>C_ACCT_ID</ns2:Code><ns2:Value>100060000000367251</ns2:Value></ns2:AcctProperty></ns3:AcctBasicInfo><ns3:BillCycleType>19</ns3:BillCycleType><ns3:AcctType>1</ns3:AcctType><ns3:PaymentType>0</ns3:PaymentType><ns3:AcctClass>1</ns3:AcctClass><ns3:CurrencyID>1032</ns3:CurrencyID><ns3:AcctPayMethod>1</ns3:AcctPayMethod><ns3:AddressInfo><ns2:AddressKey>9cbfd0a5657e6d10d65568f42f17a097</ns2:AddressKey><ns2:Address1>Carrera 1# 32</ns2:Address1><ns2:Address5>BOGOTA</ns2:Address5><ns2:Address6>BOGOTA D.E</ns2:Address6><ns2:Address7>Centro</ns2:Address7><ns2:Address8>Colombia</ns2:Address8></ns3:AddressInfo><ns3:BillCycleOpenDate>20220719000000</ns3:BillCycleOpenDate><ns3:BillCycleEndDate>20220819000000</ns3:BillCycleEndDate></ns3:AcctInfo></ns3:Account><ns3:Account><ns3:AcctKey>8960004155</ns3:AcctKey><ns3:AcctInfo><ns3:AcctCode>896000415541</ns3:AcctCode><ns3:UserCustomerKey>CTA00000274020</ns3:UserCustomerKey><ns3:UserCustomer><ns3:CustKey>CTA00000274020</ns3:CustKey><ns3:CustInfo><ns2:CustType>2</ns2:CustType><ns2:CustNodeType>1</ns2:CustNodeType><ns2:CustClass>1</ns2:CustClass><ns2:CustCode>CBS100060000000367249</ns2:CustCode><ns2:CustBasicInfo><ns2:DFTWrittenLang>2002</ns2:DFTWrittenLang><ns2:DFTIVRLang>2002</ns2:DFTIVRLang><ns2:DunningFlag>1</ns2:DunningFlag><ns2:CustProperty><ns2:Code>C_Extend_Cust_Int_Attr8</ns2:Code><ns2:Value></ns2:Value></ns2:CustProperty><ns2:CustProperty><ns2:Code>C_CUSTOMER_TAX_RATE</ns2:Code><ns2:Value></ns2:Value></ns2:CustProperty><ns2:CustProperty><ns2:Code>C_Extend_Cust_Int_Attr9</ns2:Code><ns2:Value></ns2:Value></ns2:CustProperty><ns2:CustPrope"
08:14:28.652 [Test worker] DEBUG org.apache.http.wire -  << "[\r][\n]"
08:14:28.652 [Test worker] DEBUG org.apache.http.wire -  << "0fe8[\r][\n]"
08:14:28.652 [Test worker] DEBUG org.apache.http.wire -  << "rty><ns2:Code>C_CUST_BANKRUPTCY</ns2:Code><ns2:Value>N</ns2:Value></ns2:CustProperty><ns2:CustProperty><ns2:Code>C_Extend_Cust_Int_Attr10</ns2:Code><ns2:Value></ns2:Value></ns2:CustProperty><ns2:CustProperty><ns2:Code>C_Extend_Cust_Int_Attr4</ns2:Code><ns2:Value></ns2:Value></ns2:CustProperty><ns2:CustProperty><ns2:Code>C_Extend_Cust_Int_Attr5</ns2:Code><ns2:Value></ns2:Value></ns2:CustProperty><ns2:CustProperty><ns2:Code>C_Extend_Cust_Int_Attr6</ns2:Code><ns2:Value></ns2:Value></ns2:CustProperty><ns2:CustProperty><ns2:Code>C_Extend_Cust_Int_Attr7</ns2:Code><ns2:Value></ns2:Value></ns2:CustProperty><ns2:CustProperty><ns2:Code>C_LEGAL_CATEGORY</ns2:Code><ns2:Value></ns2:Value></ns2:CustProperty><ns2:CustProperty><ns2:Code>C_CONTRACT_ID</ns2:Code><ns2:Value></ns2:Value></ns2:CustProperty><ns2:CustProperty><ns2:Code>C_Extend_Cust_Int_Attr1</ns2:Code><ns2:Value></ns2:Value></ns2:CustProperty><ns2:CustProperty><ns2:Code>C_Extend_Cust_Int_Attr2</ns2:Code><ns2:Value></ns2:Value></ns2:CustProperty><ns2:CustProperty><ns2:Code>C_NEW_IC</ns2:Code><ns2:Value></ns2:Value></ns2:CustProperty><ns2:CustProperty><ns2:Code>C_Extend_Cust_Int_Attr3</ns2:Code><ns2:Value></ns2:Value></ns2:CustProperty><ns2:CustProperty><ns2:Code>C_REG_FLAG</ns2:Code><ns2:Value>N</ns2:Value></ns2:CustProperty><ns2:CustProperty><ns2:Code>C_NRC</ns2:Code><ns2:Value></ns2:Value></ns2:CustProperty><ns2:CustProperty><ns2:Code>C_CUST_CATEGORY</ns2:Code><ns2:Value></ns2:Value></ns2:CustProperty><ns2:CustProperty><ns2:Code>C_CUST_SALT</ns2:Code><ns2:Value>BD54803C2F3B3E5C</ns2:Value></ns2:CustProperty><ns2:CustProperty><ns2:Code>C_EXTERNAL_CUST_ID</ns2:Code><ns2:Value></ns2:Value></ns2:CustProperty><ns2:CustProperty><ns2:Code>C_FRAUD_FLAG</ns2:Code><ns2:Value>N</ns2:Value></ns2:CustProperty><ns2:CustProperty><ns2:Code>C_CUST_MEDIA_FLAG</ns2:Code><ns2:Value>N</ns2:Value></ns2:CustProperty><ns2:CustProperty><ns2:Code>C_TAX_PAYER_IDENTIFICATION_NO</ns2:Code><ns2:Value></ns2:Value></ns2:CustProperty><ns2:CustProperty><ns2:Code>C_CUST_DECEASED</ns2:Code><ns2:Value>N</ns2:Value></ns2:CustProperty><ns2:CustProperty><ns2:Code>C_EVENING_PHONE</ns2:Code><ns2:Value></ns2:Value></ns2:CustProperty><ns2:CustProperty><ns2:Code>C_Extend_Cust_Str_Attr5</ns2:Code><ns2:Value></ns2:Value></ns2:CustProperty><ns2:CustProperty><ns2:Code>C_Extend_Cust_Str_Attr4</ns2:Code><ns2:Value></ns2:Value></ns2:CustProperty><ns2:CustProperty><ns2:Code>C_Extend_Cust_Str_Attr3</ns2:Code><ns2:Value></ns2:Value></ns2:CustProperty><ns2:CustProperty><ns2:Code>C_Extend_Cust_Str_Attr2</ns2:Code><ns2:Value></ns2:Value></ns2:CustProperty><ns2:CustProperty><ns2:Code>C_DAYTIME_PHONE</ns2:Code><ns2:Value></ns2:Value></ns2:CustProperty><ns2:CustProperty><ns2:Code>C_Extend_Cust_Str_Attr9</ns2:Code><ns2:Value></ns2:Value></ns2:CustProperty><ns2:CustProperty><ns2:Code>C_Extend_Cust_Str_Attr8</ns2:Code><ns2:Value></ns2:Value></ns2:CustProperty><ns2:CustProperty><ns2:Code>C_CUST_MARKETING_CONSENT</ns2:Code><ns2:Value>N</ns2:Value></ns2:CustProperty><ns2:CustProperty><ns2:Code>C_Extend_Cust_Str_Attr7</ns2:Code><ns2:Value></ns2:Value></ns2:CustProperty><ns2:CustProperty><ns2:Code>C_Extend_Cust_Str_Attr6</ns2:Code><ns2:Value></ns2:Value></ns2:CustProperty><ns2:CustProperty><ns2:Code>C_OLD_IC</ns2:Code><ns2:Value></ns2:Value></ns2:CustProperty><ns2:CustProperty><ns2:Code>C_Extend_Cust_Str_Attr1</ns2:Code><ns2:Value></ns2:Value></ns2:CustProperty><ns2:CustProperty><ns2:Code>C_Extend_Cust_Str_Attr10</ns2:Code><ns2:Value></ns2:Value></ns2:CustProperty><ns2:CustProperty><ns2:Code>C_CUST_BILLSUM</ns2:Code><ns2:Value>0</ns2:Value></ns2:CustProperty><ns2:CustProperty><ns2:Code>C_CORP_CUST_SEGMENT</ns2:Code><ns2:Value></ns2:Value></ns2:CustProperty><ns2:CustProperty><ns2:Code>C_ACCESSIBILITY_FLAG</ns2:Code><ns2:Value></ns2:Value></ns2:CustProperty><ns2:CustProperty><ns2:Code>C_CUST_BelToAreaID</ns2:Code><ns2:Value>101</ns2:Value></ns2:CustProperty><ns2:CustProperty><ns2:Code>C_CUST_ID</ns2:Code><ns2:Value>100060000000367249</ns2:Value></ns2:CustProperty></ns2:CustBasicInfo></ns3:CustInfo><ns3:OrgInfo><ns2:IDTyp"
08:14:28.652 [Test worker] DEBUG org.apache.http.wire -  << "[\r][\n]"
08:14:28.652 [Test worker] DEBUG org.apache.http.wire -  << "0fe8[\r][\n]"
08:14:28.652 [Test worker] DEBUG org.apache.http.wire -  << "e>5</ns2:IDType><ns2:IDNumber>823108062</ns2:IDNumber><ns2:OrgName>Comercial</ns2:OrgName><ns2:OrgPhoneNumber>3303000</ns2:OrgPhoneNumber><ns2:OrgEmail>prueba@gmail.com</ns2:OrgEmail></ns3:OrgInfo></ns3:UserCustomer><ns3:RootAcctKey>8960004155</ns3:RootAcctKey><ns3:AcctBasicInfo><ns2:BillLang>2002</ns2:BillLang><ns2:DunningFlag>1</ns2:DunningFlag><ns2:LateFeeChargeable>N</ns2:LateFeeChargeable><ns2:RedlistFlag>0</ns2:RedlistFlag><ns2:ContactInfo><ns2:FirstName>Comercial</ns2:FirstName><ns2:LastName>Nutresa</ns2:LastName><ns2:AddressKey>9cbfd0a5657e6d10d65568f42f17a097</ns2:AddressKey><ns2:HomePhone>3303000</ns2:HomePhone><ns2:MobilePhone>3052754289</ns2:MobilePhone><ns2:Email>prueba@gmail.com</ns2:Email></ns2:ContactInfo><ns2:FreeBillMedium><ns2:BMCode>1</ns2:BMCode><ns2:BMType>2</ns2:BMType></ns2:FreeBillMedium><ns2:FreeBillMedium><ns2:BMCode>5</ns2:BMCode><ns2:BMType>2</ns2:BMType></ns2:FreeBillMedium><ns2:AcctProperty><ns2:Code>C_ACCOUNT_INFO_5</ns2:Code><ns2:Value>0</ns2:Value></ns2:AcctProperty><ns2:AcctProperty><ns2:Code>C_GRP_IND_ACCT</ns2:Code><ns2:Value></ns2:Value></ns2:AcctProperty><ns2:AcctProperty><ns2:Code>C_INIT_BALANCE</ns2:Code><ns2:Value></ns2:Value></ns2:AcctProperty><ns2:AcctProperty><ns2:Code>C_ACCOUNT_INFO_3</ns2:Code><ns2:Value></ns2:Value></ns2:AcctProperty><ns2:AcctProperty><ns2:Code>C_ACCOUNT_INFO_4</ns2:Code><ns2:Value>DFT</ns2:Value></ns2:AcctProperty><ns2:AcctProperty><ns2:Code>C_Extend_Acct_Int_Attr1</ns2:Code><ns2:Value></ns2:Value></ns2:AcctProperty><ns2:AcctProperty><ns2:Code>C_Extend_Acct_Int_Attr2</ns2:Code><ns2:Value></ns2:Value></ns2:AcctProperty><ns2:AcctProperty><ns2:Code>C_Extend_Acct_Int_Attr3</ns2:Code><ns2:Value></ns2:Value></ns2:AcctProperty><ns2:AcctProperty><ns2:Code>C_POINT_ACCM_FLAG</ns2:Code><ns2:Value>1</ns2:Value></ns2:AcctProperty><ns2:AcctProperty><ns2:Code>C_RTN</ns2:Code><ns2:Value></ns2:Value></ns2:AcctProperty><ns2:AcctProperty><ns2:Code>C_BILLING_GROUP_NO</ns2:Code><ns2:Value></ns2:Value></ns2:AcctProperty><ns2:AcctProperty><ns2:Code>C_GRACE_PERIOD</ns2:Code><ns2:Value></ns2:Value></ns2:AcctProperty><ns2:AcctProperty><ns2:Code>C_BILL_TYPE</ns2:Code><ns2:Value>T</ns2:Value></ns2:AcctProperty><ns2:AcctProperty><ns2:Code>C_TAX_CORRELATIVE_TYPE</ns2:Code><ns2:Value>OTHRS</ns2:Value></ns2:AcctProperty><ns2:AcctProperty><ns2:Code>C_ACCOUNT_CATEGORY</ns2:Code><ns2:Value>1</ns2:Value></ns2:AcctProperty><ns2:AcctProperty><ns2:Code>C_IS_VPN_ACCT_SUSPEND</ns2:Code><ns2:Value>0</ns2:Value></ns2:AcctProperty><ns2:AcctProperty><ns2:Code>C_BUSINESS_TYPE</ns2:Code><ns2:Value>0</ns2:Value></ns2:AcctProperty><ns2:AcctProperty><ns2:Code>C_Extend_Acct_Int_Attr4</ns2:Code><ns2:Value></ns2:Value></ns2:AcctProperty><ns2:AcctProperty><ns2:Code>C_Extend_Acct_Int_Attr5</ns2:Code><ns2:Value></ns2:Value></ns2:AcctProperty><ns2:AcctProperty><ns2:Code>C_FRAUD_WRITEOFF_FLAG</ns2:Code><ns2:Value>N</ns2:Value></ns2:AcctProperty><ns2:AcctProperty><ns2:Code>C_Extend_Acct_Int_Attr6</ns2:Code><ns2:Value></ns2:Value></ns2:AcctProperty><ns2:AcctProperty><ns2:Code>C_Extend_Acct_Int_Attr7</ns2:Code><ns2:Value></ns2:Value></ns2:AcctProperty><ns2:AcctProperty><ns2:Code>C_IMG_IDX</ns2:Code><ns2:Value></ns2:Value></ns2:AcctProperty><ns2:AcctProperty><ns2:Code>C_Extend_Acct_Int_Attr8</ns2:Code><ns2:Value></ns2:Value></ns2:AcctProperty><ns2:AcctProperty><ns2:Code>C_ACCOUNT_INFO_1</ns2:Code><ns2:Value></ns2:Value></ns2:AcctProperty><ns2:AcctProperty><ns2:Code>C_MCF_SELECTED</ns2:Code><ns2:Value>1</ns2:Value></ns2:AcctProperty><ns2:AcctProperty><ns2:Code>C_Extend_Acct_Int_Attr9</ns2:Code><ns2:Value></ns2:Value></ns2:AcctProperty><ns2:AcctProperty><ns2:Code>C_VERIFICATION_DIGIT</ns2:Code><ns2:Value>8</ns2:Value></ns2:AcctProperty><ns2:AcctProperty><ns2:Code>C_ACCOUNT_INFO_2</ns2:Code><ns2:Value></ns2:Value></ns2:AcctProperty><ns2:AcctProperty><ns2:Code>C_PRI_SUB_ID</ns2:Code><ns2:Value>100060000000367250</ns2:Value></ns2:AcctProperty><ns2:AcctProperty><ns2:Code>C_DVD_IDX</ns2:Code><ns2:Value>N</ns2:Value></ns2:AcctProperty><ns2:AcctProperty><ns2:Code>C_Extend_Acct_Str_Attr1</ns2:Code><ns2:"
08:14:28.652 [Test worker] DEBUG org.apache.http.wire -  << "[\r][\n]"
08:14:28.652 [Test worker] DEBUG org.apache.http.wire -  << "0073[\r][\n]"
08:14:28.652 [Test worker] DEBUG org.apache.http.wire -  << "Value></ns2:Value></ns2:"
08:14:28.652 [Test worker] DEBUG org.apache.http.wire -  << "AcctProperty><ns2:AcctProperty><ns2:Code>C_POINT_EXCHANGE_FLAG</ns2:Code><ns2:Value>0</ns2:"
08:14:28.652 [Test worker] DEBUG org.apache.http.wire -  << "[\r][\n]"
08:14:28.652 [Test worker] DEBUG org.apache.http.wire -  << "0fe8[\r][\n]"
08:14:28.652 [Test worker] DEBUG org.apache.http.wire -  << "Value></ns2:AcctProperty><ns2:AcctProperty><ns2:Code>C_ACCT_AUTOPAY_FAILCOUNTER</ns2:Code><ns2:Value>0</ns2:Value></ns2:AcctProperty><ns2:AcctProperty><ns2:Code>C_NIT</ns2:Code><ns2:Value>823108062</ns2:Value></ns2:AcctProperty><ns2:AcctProperty><ns2:Code>C_CONTRACT_NUMBER</ns2:Code><ns2:Value></ns2:Value></ns2:AcctProperty><ns2:AcctProperty><ns2:Code>C_PAY_INTIME_DATE</ns2:Code><ns2:Value></ns2:Value></ns2:AcctProperty><ns2:AcctProperty><ns2:Code>C_OVER_DRAFT_FOR_PREPAID</ns2:Code><ns2:Value></ns2:Value></ns2:AcctProperty><ns2:AcctProperty><ns2:Code>LastAcctDailyBillTime</ns2:Code><ns2:Value>20220718220035</ns2:Value></ns2:AcctProperty><ns2:AcctProperty><ns2:Code>C_ACCOUNT_TAX_EXEMPTION</ns2:Code><ns2:Value>0</ns2:Value></ns2:AcctProperty><ns2:AcctProperty><ns2:Code>C_ACCT_BILLFLAG</ns2:Code><ns2:Value>0</ns2:Value></ns2:AcctProperty><ns2:AcctProperty><ns2:Code>C_DUNNING_EXCEPTION_LIST</ns2:Code><ns2:Value>0000</ns2:Value></ns2:AcctProperty><ns2:AcctProperty><ns2:Code>C_MARKETING_CATEGORY</ns2:Code><ns2:Value></ns2:Value></ns2:AcctProperty><ns2:AcctProperty><ns2:Code>C_SOCIETY</ns2:Code><ns2:Value></ns2:Value></ns2:AcctProperty><ns2:AcctProperty><ns2:Code>C_DDI_STATUS</ns2:Code><ns2:Value></ns2:Value></ns2:AcctProperty><ns2:AcctProperty><ns2:Code>C_Extend_Acct_Str_Attr10</ns2:Code><ns2:Value></ns2:Value></ns2:AcctProperty><ns2:AcctProperty><ns2:Code>C_Extend_Acct_Str_Attr9</ns2:Code><ns2:Value></ns2:Value></ns2:AcctProperty><ns2:AcctProperty><ns2:Code>C_ECONOMIC_STRATUM</ns2:Code><ns2:Value></ns2:Value></ns2:AcctProperty><ns2:AcctProperty><ns2:Code>C_Extend_Acct_Str_Attr8</ns2:Code><ns2:Value></ns2:Value></ns2:AcctProperty><ns2:AcctProperty><ns2:Code>C_Extend_Acct_Str_Attr7</ns2:Code><ns2:Value></ns2:Value></ns2:AcctProperty><ns2:AcctProperty><ns2:Code>C_Extend_Acct_Str_Attr6</ns2:Code><ns2:Value></ns2:Value></ns2:AcctProperty><ns2:AcctProperty><ns2:Code>C_Extend_Acct_Str_Attr5</ns2:Code><ns2:Value></ns2:Value></ns2:AcctProperty><ns2:AcctProperty><ns2:Code>C_BILL_CONFIRM</ns2:Code><ns2:Value>N</ns2:Value></ns2:AcctProperty><ns2:AcctProperty><ns2:Code>C_Extend_Acct_Str_Attr4</ns2:Code><ns2:Value></ns2:Value></ns2:AcctProperty><ns2:AcctProperty><ns2:Code>C_Extend_Acct_Str_Attr3</ns2:Code><ns2:Value></ns2:Value></ns2:AcctProperty><ns2:AcctProperty><ns2:Code>C_ACCT_STATUS</ns2:Code><ns2:Value>0</ns2:Value></ns2:AcctProperty><ns2:AcctProperty><ns2:Code>C_Extend_Acct_Str_Attr2</ns2:Code><ns2:Value></ns2:Value></ns2:AcctProperty><ns2:AcctProperty><ns2:Code>C_Extend_Acct_Int_Attr10</ns2:Code><ns2:Value></ns2:Value></ns2:AcctProperty><ns2:AcctProperty><ns2:Code>C_ACCOUNT_RELIABILITY</ns2:Code><ns2:Value></ns2:Value></ns2:AcctProperty><ns2:AcctProperty><ns2:Code>C_COLLECTION_CATEGORY</ns2:Code><ns2:Value>02</ns2:Value></ns2:AcctProperty><ns2:AcctProperty><ns2:Code>C_CITY</ns2:Code><ns2:Value>11001</ns2:Value></ns2:AcctProperty><ns2:AcctProperty><ns2:Code>C_ACCOUNT_MANDATE_CODE</ns2:Code><ns2:Value></ns2:Value></ns2:AcctProperty><ns2:AcctProperty><ns2:Code>C_PROVINCE</ns2:Code><ns2:Value>11</ns2:Value></ns2:AcctProperty><ns2:AcctProperty><ns2:Code>C_RFC</ns2:Code><ns2:Value></ns2:Value></ns2:AcctProperty><ns2:AcctProperty><ns2:Code>C_CLAIM_FLAG</ns2:Code><ns2:Value>N</ns2:Value></ns2:AcctProperty><ns2:AcctProperty><ns2:Code>C_ROUTEID</ns2:Code><ns2:Value>DFT</ns2:Value></ns2:AcctProperty><ns2:AcctProperty><ns2:Code>C_SUC_AUTOPAY_DATE</ns2:Code><ns2:Value></ns2:Value></ns2:AcctProperty><ns2:AcctProperty><ns2:Code>C_POINT_DISTRIBUTE_RATE</ns2:Code><ns2:Value>0</ns2:Value></ns2:AcctProperty><ns2:AcctProperty><ns2:Code>C_ROAM_ACCT_ORDER_SEND</ns2:Code><ns2:Value>0</ns2:Value></ns2:AcctProperty><ns2:AcctProperty><ns2:Code>C_DD_REFERENCE</ns2:Code><ns2:Value></ns2:Value></ns2:AcctProperty><ns2:AcctProperty><ns2:Code>C_TERRITORY</ns2:Code><ns2:Value></ns2:Value></ns2:AcctProperty><ns2:AcctProperty><ns2:Code>C_CHG_ACCT_STATUS</ns2:Code><ns2:Value>0</ns2:Value></ns2:AcctProperty><ns2:AcctProperty><ns2:Code>C_DUE_DATE_TYPE</ns2:Code><ns2:Value>0</ns2:Value></ns2:AcctProperty><ns2:AcctProperty><ns2:Code>C_CREDIT_RECAL"
08:14:28.652 [Test worker] DEBUG org.apache.http.wire -  << "[\r][\n]"
08:14:28.652 [Test worker] DEBUG org.apache.http.wire -  << "0768[\r][\n]"
08:14:28.652 [Test worker] DEBUG org.apache.http.wire -  << "CULATION_FLAG</ns2:Code><ns2:Value>N</ns2:Value></ns2:AcctProperty><ns2:AcctProperty><ns2:Code>C_BUSINESS_UNIT</ns2:Code><ns2:Value>6</ns2:Value></ns2:AcctProperty><ns2:AcctProperty><ns2:Code>C_OTHER_CARRIER</ns2:Code><ns2:Value>0</ns2:Value></ns2:AcctProperty><ns2:AcctProperty><ns2:Code>C_TAX_POLICY_TYPE</ns2:Code><ns2:Value>DFT</ns2:Value></ns2:AcctProperty><ns2:AcctProperty><ns2:Code>C_LATEFEE_FLAG</ns2:Code><ns2:Value>N</ns2:Value></ns2:AcctProperty><ns2:AcctProperty><ns2:Code>C_REF_A</ns2:Code><ns2:Value></ns2:Value></ns2:AcctProperty><ns2:AcctProperty><ns2:Code>C_BILL_DISPATCH_CODE</ns2:Code><ns2:Value></ns2:Value></ns2:AcctProperty><ns2:AcctProperty><ns2:Code>C_REF_B</ns2:Code><ns2:Value></ns"
08:14:28.690 [Test worker] DEBUG org.apache.http.wire -  << "2:Value></ns2:AcctProperty><ns2:AcctProperty><ns2:Code>C_ACCTCYCLELENGTH</ns2:Code><ns2:Value>1</ns2:Value></ns2:AcctProperty><ns2:AcctProperty><ns2:Code>C_PRI_SUB_IDENTIFIER</ns2:Code><ns2:Value></ns2:Value></ns2:AcctProperty><ns2:AcctProperty><ns2:Code>C_DCA_NAME</ns2:Code><ns2:Value></ns2:Value></ns2:AcctProperty><ns2:AcctProperty><ns2:Code>C_ACCT_ID</ns2:Code><ns2:Value>100060000000367252</ns2:Value></ns2:AcctProperty></ns3:AcctBasicInfo><ns3:BillCycleType>19</ns3:BillCycleType><ns3:AcctType>1</ns3:AcctType><ns3:PaymentType>1</ns3:PaymentType><ns3:AcctClass>1</ns3:AcctClass><ns3:CurrencyID>1032</ns3:CurrencyID><ns3:AcctPayMethod>1</ns3:AcctPayMethod><ns3:AddressInfo><ns2:AddressKey>9cbfd0a5657e6d10d65568f42f17a097</ns2:AddressKey><ns2:Address1>Carrera 1# 32</ns2:Address1><ns2:Address5>BOGOTA</ns2:Address5><ns2:Address6>BOGOTA D.E</ns2:Address6><ns2:Address7>Centro</ns2:Address7><ns2:Address8>Colombia</ns2:Address8></ns3:AddressInfo><ns3:BillCycleOpenDate>20220719000000</ns3:BillCycleOpenDate><ns3:BillCycleEndDate>20220819000000</ns3:BillCycleEndDate></ns3:AcctInfo></ns3:Account></QueryCustomerInfoResult></return></ns4:queryCustomerInfoResponse></S:Body></S:Envelope>"
08:14:28.690 [Test worker] DEBUG org.apache.http.wire -  << "[\r][\n]"
08:14:28.690 [Test worker] DEBUG org.apache.http.wire -  << "0000[\r][\n]"
08:14:28.690 [Test worker] DEBUG org.apache.http.wire -  << "[\r][\n]"
08:14:28.690 [Test worker] DEBUG org.apache.http.impl.conn.BasicClientConnectionManager - Releasing connection org.apache.http.impl.conn.ManagedClientConnectionImpl@1f82500c
08:14:28.690 [Test worker] DEBUG org.apache.http.impl.conn.BasicClientConnectionManager - Connection can be kept alive indefinitely
08:14:28.726 [Test worker] DEBUG org.apache.http.impl.conn.BasicClientConnectionManager - Get connection for route {}->http://10.65.45.12:9001
08:14:28.726 [Test worker] DEBUG org.apache.http.impl.conn.DefaultClientConnectionOperator - Connecting to 10.65.45.12:9001
08:14:28.760 [Test worker] DEBUG org.apache.http.client.protocol.RequestAddCookies - CookieSpec selected: ignoreCookies
08:14:28.760 [Test worker] DEBUG org.apache.http.client.protocol.RequestAuthCache - Auth cache not set in the context
08:14:28.760 [Test worker] DEBUG org.apache.http.client.protocol.RequestTargetAuthentication - Target auth state: UNCHALLENGED
08:14:28.760 [Test worker] DEBUG org.apache.http.client.protocol.RequestProxyAuthentication - Proxy auth state: UNCHALLENGED
08:14:28.760 [Test worker] DEBUG org.apache.http.impl.client.DefaultHttpClient - Attempt 1 to execute request
08:14:28.760 [Test worker] DEBUG org.apache.http.impl.conn.DefaultClientConnection - Sending request: POST /gatewaymgint/GatewayMGWSInt HTTP/1.1
08:14:28.760 [Test worker] DEBUG org.apache.http.wire -  >> "POST /gatewaymgint/GatewayMGWSInt HTTP/1.1[\r][\n]"
08:14:28.760 [Test worker] DEBUG org.apache.http.wire -  >> "Accept: */*[\r][\n]"
08:14:28.760 [Test worker] DEBUG org.apache.http.wire -  >> "Content-Type: text/xml;charset=UTF-8[\r][\n]"
08:14:28.760 [Test worker] DEBUG org.apache.http.wire -  >> "Content-Length: 479[\r][\n]"
08:14:28.760 [Test worker] DEBUG org.apache.http.wire -  >> "Host: 10.65.45.12:9001[\r][\n]"
08:14:28.760 [Test worker] DEBUG org.apache.http.wire -  >> "Connection: Keep-Alive[\r][\n]"
08:14:28.760 [Test worker] DEBUG org.apache.http.wire -  >> "User-Agent: Apache-HttpClient/4.5.9 (Java/1.8.0_291)[\r][\n]"
08:14:28.760 [Test worker] DEBUG org.apache.http.wire -  >> "Accept-Encoding: gzip,deflate[\r][\n]"
08:14:28.760 [Test worker] DEBUG org.apache.http.wire -  >> "[\r][\n]"
08:14:28.760 [Test worker] DEBUG org.apache.http.headers - >> POST /gatewaymgint/GatewayMGWSInt HTTP/1.1
08:14:28.760 [Test worker] DEBUG org.apache.http.headers - >> Accept: */*
08:14:28.760 [Test worker] DEBUG org.apache.http.headers - >> Content-Type: text/xml;charset=UTF-8
08:14:28.760 [Test worker] DEBUG org.apache.http.headers - >> Content-Length: 479
08:14:28.760 [Test worker] DEBUG org.apache.http.headers - >> Host: 10.65.45.12:9001
08:14:28.760 [Test worker] DEBUG org.apache.http.headers - >> Connection: Keep-Alive
08:14:28.760 [Test worker] DEBUG org.apache.http.headers - >> User-Agent: Apache-HttpClient/4.5.9 (Java/1.8.0_291)
08:14:28.760 [Test worker] DEBUG org.apache.http.headers - >> Accept-Encoding: gzip,deflate
08:14:28.760 [Test worker] DEBUG org.apache.http.wire -  >> "<soapenv:Envelope xmlns:soapenv="http://schemas.xmlsoap.org/soap/envelope/" xmlns:web="http://webservices.gatewaymg.tigo.com.co/">[\n]"
08:14:28.760 [Test worker] DEBUG org.apache.http.wire -  >> "   <soapenv:Header/>[\n]"
08:14:28.760 [Test worker] DEBUG org.apache.http.wire -  >> "   <soapenv:Body>[\n]"
08:14:28.760 [Test worker] DEBUG org.apache.http.wire -  >> "      <web:uninstallSubscription>[\n]"
08:14:28.760 [Test worker] DEBUG org.apache.http.wire -  >> "         <!--Optional:-->[\n]"
08:14:28.760 [Test worker] DEBUG org.apache.http.wire -  >> "         <arg0>[\n]"
08:14:28.760 [Test worker] DEBUG org.apache.http.wire -  >> "            <!--Optional:-->[\n]"
08:14:28.760 [Test worker] DEBUG org.apache.http.wire -  >> "            <msisdn>3052754289</msisdn>[\n]"
08:14:28.760 [Test worker] DEBUG org.apache.http.wire -  >> "            <!--Optional:-->[\n]"
08:14:28.760 [Test worker] DEBUG org.apache.http.wire -  >> "            <transactionId>?</transactionId>[\n]"
08:14:28.760 [Test worker] DEBUG org.apache.http.wire -  >> "         </arg0>[\n]"
08:14:28.760 [Test worker] DEBUG org.apache.http.wire -  >> "      </web:uninstallSubscription>[\n]"
08:14:28.760 [Test worker] DEBUG org.apache.http.wire -  >> "   </soapenv:Body>[\n]"
08:14:28.760 [Test worker] DEBUG org.apache.http.wire -  >> "</soapenv:Envelope>"
08:14:28.991 [Test worker] DEBUG org.apache.http.wire -  << "HTTP/1.1 200 OK[\r][\n]"
08:14:28.992 [Test worker] DEBUG org.apache.http.wire -  << "Date: Tue, 19 Jul 2022 13:14:33 GMT[\r][\n]"
08:14:28.992 [Test worker] DEBUG org.apache.http.wire -  << "Transfer-Encoding: chunked[\r][\n]"
08:14:28.992 [Test worker] DEBUG org.apache.http.wire -  << "Content-Type: text/xml; charset=utf-8[\r][\n]"
08:14:28.992 [Test worker] DEBUG org.apache.http.wire -  << "[\r][\n]"
08:14:28.993 [Test worker] DEBUG org.apache.http.impl.conn.DefaultClientConnection - Receiving response: HTTP/1.1 200 OK
08:14:28.993 [Test worker] DEBUG org.apache.http.headers - << HTTP/1.1 200 OK
08:14:28.993 [Test worker] DEBUG org.apache.http.headers - << Date: Tue, 19 Jul 2022 13:14:33 GMT
08:14:28.993 [Test worker] DEBUG org.apache.http.headers - << Transfer-Encoding: chunked
08:14:28.993 [Test worker] DEBUG org.apache.http.headers - << Content-Type: text/xml; charset=utf-8
08:14:28.993 [Test worker] DEBUG org.apache.http.impl.client.DefaultHttpClient - Connection can be kept alive indefinitely
08:14:28.995 [Test worker] DEBUG io.restassured.internal.RequestSpecificationImpl$RestAssuredHttpBuilder - Parsing response as: text/xml; charset=utf-8
08:14:28.995 [Test worker] DEBUG io.restassured.internal.RequestSpecificationImpl$RestAssuredHttpBuilder - Parsed data to instance of: class org.apache.http.conn.EofSensorInputStream
08:14:28.997 [Test worker] DEBUG org.apache.http.wire -  << "006e[\r][\n]"
08:14:28.997 [Test worker] DEBUG org.apache.http.wire -  << "<?xml version='1.0' encoding='UTF-8'?><S:Envelope xmlns:S="http://schemas.xmlsoap.org/soap/envelope/"><S:Body>"
08:14:28.997 [Test worker] DEBUG org.apache.http.wire -  << "[\r][\n]"
08:14:28.998 [Test worker] DEBUG org.apache.http.wire -  << "00df[\r][\n]"
08:14:28.998 [Test worker] DEBUG org.apache.http.wire -  << "<ns2:uninstallSubscriptionResponse xmlns:ns2="http://webservices.gatewaymg.tigo.com.co/"><return><authorizationNumber>6473217871778039</authorizationNumber></return></ns2:uninstallSubscriptionResponse></S:Body></S:Envelope>"
08:14:28.998 [Test worker] DEBUG org.apache.http.wire -  << "[\r][\n]"
08:14:28.998 [Test worker] DEBUG org.apache.http.wire -  << "0000[\r][\n]"
08:14:28.999 [Test worker] DEBUG org.apache.http.wire -  << "[\r][\n]"
08:14:28.999 [Test worker] DEBUG org.apache.http.impl.conn.BasicClientConnectionManager - Releasing connection org.apache.http.impl.conn.ManagedClientConnectionImpl@6548169d
08:14:28.999 [Test worker] DEBUG org.apache.http.impl.conn.BasicClientConnectionManager - Connection can be kept alive indefinitely
8960004155
08:14:29.023 [Test worker] DEBUG org.apache.http.impl.conn.BasicClientConnectionManager - Get connection for route {}->http://10.65.45.12:9001
08:14:29.024 [Test worker] DEBUG org.apache.http.impl.conn.DefaultClientConnectionOperator - Connecting to 10.65.45.12:9001
08:14:29.066 [Test worker] DEBUG org.apache.http.client.protocol.RequestAddCookies - CookieSpec selected: ignoreCookies
08:14:29.066 [Test worker] DEBUG org.apache.http.client.protocol.RequestAuthCache - Auth cache not set in the context
08:14:29.066 [Test worker] DEBUG org.apache.http.client.protocol.RequestTargetAuthentication - Target auth state: UNCHALLENGED
08:14:29.066 [Test worker] DEBUG org.apache.http.client.protocol.RequestProxyAuthentication - Proxy auth state: UNCHALLENGED
08:14:29.067 [Test worker] DEBUG org.apache.http.impl.client.DefaultHttpClient - Attempt 1 to execute request
08:14:29.067 [Test worker] DEBUG org.apache.http.impl.conn.DefaultClientConnection - Sending request: POST /gatewaycbs/BcServicesInt HTTP/1.1
08:14:29.067 [Test worker] DEBUG org.apache.http.wire -  >> "POST /gatewaycbs/BcServicesInt HTTP/1.1[\r][\n]"
08:14:29.067 [Test worker] DEBUG org.apache.http.wire -  >> "Accept: */*[\r][\n]"
08:14:29.068 [Test worker] DEBUG org.apache.http.wire -  >> "Content-Type: text/xml;charset=UTF-8[\r][\n]"
08:14:29.068 [Test worker] DEBUG org.apache.http.wire -  >> "Content-Length: 546[\r][\n]"
08:14:29.068 [Test worker] DEBUG org.apache.http.wire -  >> "Host: 10.65.45.12:9001[\r][\n]"
08:14:29.068 [Test worker] DEBUG org.apache.http.wire -  >> "Connection: Keep-Alive[\r][\n]"
08:14:29.068 [Test worker] DEBUG org.apache.http.wire -  >> "User-Agent: Apache-HttpClient/4.5.9 (Java/1.8.0_291)[\r][\n]"
08:14:29.068 [Test worker] DEBUG org.apache.http.wire -  >> "Accept-Encoding: gzip,deflate[\r][\n]"
08:14:29.068 [Test worker] DEBUG org.apache.http.wire -  >> "[\r][\n]"
08:14:29.068 [Test worker] DEBUG org.apache.http.headers - >> POST /gatewaycbs/BcServicesInt HTTP/1.1
08:14:29.068 [Test worker] DEBUG org.apache.http.headers - >> Accept: */*
08:14:29.068 [Test worker] DEBUG org.apache.http.headers - >> Content-Type: text/xml;charset=UTF-8
08:14:29.068 [Test worker] DEBUG org.apache.http.headers - >> Content-Length: 546
08:14:29.068 [Test worker] DEBUG org.apache.http.headers - >> Host: 10.65.45.12:9001
08:14:29.068 [Test worker] DEBUG org.apache.http.headers - >> Connection: Keep-Alive
08:14:29.068 [Test worker] DEBUG org.apache.http.headers - >> User-Agent: Apache-HttpClient/4.5.9 (Java/1.8.0_291)
08:14:29.068 [Test worker] DEBUG org.apache.http.headers - >> Accept-Encoding: gzip,deflate
08:14:29.069 [Test worker] DEBUG org.apache.http.wire -  >> "<soapenv:Envelope xmlns:bcc="http://www.huawei.com/bme/cbsinterface/bccommon" xmlns:bcs="http://www.huawei.com/bme/cbsinterface/bcservices" xmlns:ws="http://ws.web.gatewaycbs.tigo.com.co/" xmlns:soapenv="http://schemas.xmlsoap.org/soap/envelope/">[\n]"
08:14:29.069 [Test worker] DEBUG org.apache.http.wire -  >> "<soapenv:Header/>[\n]"
08:14:29.069 [Test worker] DEBUG org.apache.http.wire -  >> "<soapenv:Body>[\n]"
08:14:29.069 [Test worker] DEBUG org.apache.http.wire -  >> "<ws:acctDeactivation>[\n]"
08:14:29.069 [Test worker] DEBUG org.apache.http.wire -  >> "<!--Optional:-->[\n]"
08:14:29.069 [Test worker] DEBUG org.apache.http.wire -  >> "<AcctDeactivationRequest>[\n]"
08:14:29.069 [Test worker] DEBUG org.apache.http.wire -  >> "<bcs:AcctAccessCode>[\n]"
08:14:29.069 [Test worker] DEBUG org.apache.http.wire -  >> "<bcc:AccountKey>8960004155</bcc:AccountKey>[\n]"
08:14:29.069 [Test worker] DEBUG org.apache.http.wire -  >> "</bcs:AcctAccessCode>[\n]"
08:14:29.069 [Test worker] DEBUG org.apache.http.wire -  >> "<bcs:OpType>2</bcs:OpType>[\n]"
08:14:29.069 [Test worker] DEBUG org.apache.http.wire -  >> "</AcctDeactivationRequest>[\n]"
08:14:29.069 [Test worker] DEBUG org.apache.http.wire -  >> "</ws:acctDeactivation>[\n]"
08:14:29.069 [Test worker] DEBUG org.apache.http.wire -  >> "</soapenv:Body>[\n]"
08:14:29.069 [Test worker] DEBUG org.apache.http.wire -  >> "</soapenv:Envelope>[\n]"
08:14:29.217 [Test worker] DEBUG org.apache.http.wire -  << "HTTP/1.1 200 OK[\r][\n]"
08:14:29.217 [Test worker] DEBUG org.apache.http.wire -  << "Date: Tue, 19 Jul 2022 13:14:33 GMT[\r][\n]"
08:14:29.217 [Test worker] DEBUG org.apache.http.wire -  << "Transfer-Encoding: chunked[\r][\n]"
08:14:29.217 [Test worker] DEBUG org.apache.http.wire -  << "Content-Type: text/xml; charset=utf-8[\r][\n]"
08:14:29.217 [Test worker] DEBUG org.apache.http.wire -  << "[\r][\n]"
08:14:29.217 [Test worker] DEBUG org.apache.http.impl.conn.DefaultClientConnection - Receiving response: HTTP/1.1 200 OK
08:14:29.217 [Test worker] DEBUG org.apache.http.headers - << HTTP/1.1 200 OK
08:14:29.217 [Test worker] DEBUG org.apache.http.headers - << Date: Tue, 19 Jul 2022 13:14:33 GMT
08:14:29.217 [Test worker] DEBUG org.apache.http.headers - << Transfer-Encoding: chunked
08:14:29.217 [Test worker] DEBUG org.apache.http.headers - << Content-Type: text/xml; charset=utf-8
08:14:29.217 [Test worker] DEBUG org.apache.http.impl.client.DefaultHttpClient - Connection can be kept alive indefinitely
08:14:29.217 [Test worker] DEBUG io.restassured.internal.RequestSpecificationImpl$RestAssuredHttpBuilder - Parsing response as: text/xml; charset=utf-8
08:14:29.217 [Test worker] DEBUG io.restassured.internal.RequestSpecificationImpl$RestAssuredHttpBuilder - Parsed data to instance of: class org.apache.http.conn.EofSensorInputStream
08:14:29.217 [Test worker] DEBUG org.apache.http.wire -  << "006e[\r][\n]"
08:14:29.217 [Test worker] DEBUG org.apache.http.wire -  << "<?xml version='1.0' encoding='UTF-8'?><S:Envelope xmlns:S="http://schemas.xmlsoap.org/soap/envelope/"><S:Body>"
08:14:29.217 [Test worker] DEBUG org.apache.http.wire -  << "[\r][\n]"
08:14:29.217 [Test worker] DEBUG org.apache.http.wire -  << "01e0[\r][\n]"
08:14:29.217 [Test worker] DEBUG org.apache.http.wire -  << "<ns4:acctDeactivationResponse xmlns:ns2="http://www.huawei.com/bme/cbsinterface/bccommon" xmlns:ns3="http://www.huawei.com/bme/cbsinterface/bcservices" xmlns:ns4="http://ws.web.gatewaycbs.tigo.com.co/" xmlns:ns5="http://www.huawei.com/bme/cbsinterface/cbscommon"><return><ResultHeader><ns5:Version>1</ns5:Version><ns5:ResultCode>0</ns5:ResultCode><ns5:ResultDesc>Operation successfully.</ns5:ResultDesc></ResultHeader></return></ns4:acctDeactivationResponse></S:Body></S:Envelope>"
08:14:29.217 [Test worker] DEBUG org.apache.http.wire -  << "[\r][\n]"
08:14:29.217 [Test worker] DEBUG org.apache.http.wire -  << "0000[\r][\n]"
08:14:29.217 [Test worker] DEBUG org.apache.http.wire -  << "[\r][\n]"
08:14:29.228 [Test worker] DEBUG org.apache.http.impl.conn.BasicClientConnectionManager - Releasing connection org.apache.http.impl.conn.ManagedClientConnectionImpl@6e2e2a17
08:14:29.228 [Test worker] DEBUG org.apache.http.impl.conn.BasicClientConnectionManager - Connection can be kept alive indefinitely
10.69.60.87
08:14:29.387 [Finalizer] DEBUG org.apache.http.impl.conn.DefaultClientConnection - Connection 0.0.0.0:53477<->10.65.45.12:9001 closed
08:14:29.389 [Finalizer] DEBUG org.apache.http.impl.conn.DefaultClientConnection - Connection 0.0.0.0:53476<->10.65.45.12:9001 closed
08:14:29.394 [Finalizer] DEBUG org.apache.http.impl.conn.DefaultClientConnection - Connection 0.0.0.0:53475<->10.65.45.12:9001 closed
se ejecuta correctamente DB Activator
se ejecuta correctamente  DB EPOS
se ejecuta correctamente DB Siebel
se ejecuta correctamente DB Postale
**** Se ejecutaran los SP para semilla 3 ****
se ejecuta correctamente DB Activator
se ejecuta correctamente  DB EPOS
se ejecuta correctamente DB Siebel
se ejecuta correctamente DB Postale
08:14:43.524 [Test worker] DEBUG org.apache.http.impl.conn.BasicClientConnectionManager - Get connection for route {}->http://10.65.45.12:9001
08:14:43.524 [Test worker] DEBUG org.apache.http.impl.conn.DefaultClientConnectionOperator - Connecting to 10.65.45.12:9001
08:14:43.574 [Test worker] DEBUG org.apache.http.client.protocol.RequestAddCookies - CookieSpec selected: ignoreCookies
08:14:43.574 [Test worker] DEBUG org.apache.http.client.protocol.RequestAuthCache - Auth cache not set in the context
08:14:43.574 [Test worker] DEBUG org.apache.http.client.protocol.RequestTargetAuthentication - Target auth state: UNCHALLENGED
08:14:43.574 [Test worker] DEBUG org.apache.http.client.protocol.RequestProxyAuthentication - Proxy auth state: UNCHALLENGED
08:14:43.574 [Test worker] DEBUG org.apache.http.impl.client.DefaultHttpClient - Attempt 1 to execute request
08:14:43.574 [Test worker] DEBUG org.apache.http.impl.conn.DefaultClientConnection - Sending request: POST /gatewaycbs/BcServicesInt HTTP/1.1
08:14:43.574 [Test worker] DEBUG org.apache.http.wire -  >> "POST /gatewaycbs/BcServicesInt HTTP/1.1[\r][\n]"
08:14:43.574 [Test worker] DEBUG org.apache.http.wire -  >> "Accept: */*[\r][\n]"
08:14:43.574 [Test worker] DEBUG org.apache.http.wire -  >> "Content-Type: text/xml;charset=UTF-8[\r][\n]"
08:14:43.574 [Test worker] DEBUG org.apache.http.wire -  >> "Content-Length: 748[\r][\n]"
08:14:43.574 [Test worker] DEBUG org.apache.http.wire -  >> "Host: 10.65.45.12:9001[\r][\n]"
08:14:43.574 [Test worker] DEBUG org.apache.http.wire -  >> "Connection: Keep-Alive[\r][\n]"
08:14:43.575 [Test worker] DEBUG org.apache.http.wire -  >> "User-Agent: Apache-HttpClient/4.5.9 (Java/1.8.0_291)[\r][\n]"
08:14:43.575 [Test worker] DEBUG org.apache.http.wire -  >> "Accept-Encoding: gzip,deflate[\r][\n]"
08:14:43.575 [Test worker] DEBUG org.apache.http.wire -  >> "[\r][\n]"
08:14:43.575 [Test worker] DEBUG org.apache.http.headers - >> POST /gatewaycbs/BcServicesInt HTTP/1.1
08:14:43.575 [Test worker] DEBUG org.apache.http.headers - >> Accept: */*
08:14:43.575 [Test worker] DEBUG org.apache.http.headers - >> Content-Type: text/xml;charset=UTF-8
08:14:43.575 [Test worker] DEBUG org.apache.http.headers - >> Content-Length: 748
08:14:43.575 [Test worker] DEBUG org.apache.http.headers - >> Host: 10.65.45.12:9001
08:14:43.575 [Test worker] DEBUG org.apache.http.headers - >> Connection: Keep-Alive
08:14:43.575 [Test worker] DEBUG org.apache.http.headers - >> User-Agent: Apache-HttpClient/4.5.9 (Java/1.8.0_291)
08:14:43.575 [Test worker] DEBUG org.apache.http.headers - >> Accept-Encoding: gzip,deflate
08:14:43.576 [Test worker] DEBUG org.apache.http.wire -  >> "<soapenv:Envelope xmlns:bcc="http://www.huawei.com/bme/cbsinterface/bccommon" xmlns:bcs="http://www.huawei.com/bme/cbsinterface/bcservices" xmlns:ws="http://ws.web.gatewaycbs.tigo.com.co/" xmlns:soapenv="http://schemas.xmlsoap.org/soap/envelope/">[\n]"
08:14:43.576 [Test worker] DEBUG org.apache.http.wire -  >> "   <soapenv:Header/>[\n]"
08:14:43.576 [Test worker] DEBUG org.apache.http.wire -  >> "   <soapenv:Body>[\n]"
08:14:43.576 [Test worker] DEBUG org.apache.http.wire -  >> "      <ws:queryCustomerInfo>[\n]"
08:14:43.576 [Test worker] DEBUG org.apache.http.wire -  >> "         <!--Optional:-->[\n]"
08:14:43.576 [Test worker] DEBUG org.apache.http.wire -  >> "         <QueryCustomerInfoRequest>[\n]"
08:14:43.576 [Test worker] DEBUG org.apache.http.wire -  >> "            <bcs:QueryObj>[\n]"
08:14:43.576 [Test worker] DEBUG org.apache.http.wire -  >> "               <!--Optional:-->[\n]"
08:14:43.576 [Test worker] DEBUG org.apache.http.wire -  >> "               <bcs:SubAccessCode>[\n]"
08:14:43.576 [Test worker] DEBUG org.apache.http.wire -  >> "                  <!--Optional:-->[\n]"
08:14:43.576 [Test worker] DEBUG org.apache.http.wire -  >> "                  <bcc:PrimaryIdentity>3046010569</bcc:PrimaryIdentity>[\n]"
08:14:43.578 [Test worker] DEBUG org.apache.http.wire -  >> "               </bcs:SubAccessCode>[\n]"
08:14:43.578 [Test worker] DEBUG org.apache.http.wire -  >> "            </bcs:QueryObj>[\n]"
08:14:43.578 [Test worker] DEBUG org.apache.http.wire -  >> "         </QueryCustomerInfoRequest>[\n]"
08:14:43.578 [Test worker] DEBUG org.apache.http.wire -  >> "      </ws:queryCustomerInfo>[\n]"
08:14:43.578 [Test worker] DEBUG org.apache.http.wire -  >> "   </soapenv:Body>[\n]"
08:14:43.578 [Test worker] DEBUG org.apache.http.wire -  >> "</soapenv:Envelope>"
08:14:43.657 [Test worker] DEBUG org.apache.http.wire -  << "HTTP/1.1 200 OK[\r][\n]"
08:14:43.657 [Test worker] DEBUG org.apache.http.wire -  << "Date: Tue, 19 Jul 2022 13:14:47 GMT[\r][\n]"
08:14:43.657 [Test worker] DEBUG org.apache.http.wire -  << "Transfer-Encoding: chunked[\r][\n]"
08:14:43.657 [Test worker] DEBUG org.apache.http.wire -  << "Content-Type: text/xml; charset=utf-8[\r][\n]"
08:14:43.657 [Test worker] DEBUG org.apache.http.wire -  << "[\r][\n]"
08:14:43.657 [Test worker] DEBUG org.apache.http.impl.conn.DefaultClientConnection - Receiving response: HTTP/1.1 200 OK
08:14:43.657 [Test worker] DEBUG org.apache.http.headers - << HTTP/1.1 200 OK
08:14:43.657 [Test worker] DEBUG org.apache.http.headers - << Date: Tue, 19 Jul 2022 13:14:47 GMT
08:14:43.657 [Test worker] DEBUG org.apache.http.headers - << Transfer-Encoding: chunked
08:14:43.657 [Test worker] DEBUG org.apache.http.headers - << Content-Type: text/xml; charset=utf-8
08:14:43.657 [Test worker] DEBUG org.apache.http.impl.client.DefaultHttpClient - Connection can be kept alive indefinitely
08:14:43.657 [Test worker] DEBUG io.restassured.internal.RequestSpecificationImpl$RestAssuredHttpBuilder - Parsing response as: text/xml; charset=utf-8
08:14:43.657 [Test worker] DEBUG io.restassured.internal.RequestSpecificationImpl$RestAssuredHttpBuilder - Parsed data to instance of: class org.apache.http.conn.EofSensorInputStream
08:14:43.672 [Test worker] DEBUG org.apache.http.wire -  << "006e[\r][\n]"
08:14:43.673 [Test worker] DEBUG org.apache.http.wire -  << "<?xml version='1.0' encoding='UTF-8'?><S:Envelope xmlns:S="http://schemas.xmlsoap.org/soap/envelope/"><S:Body>"
08:14:43.673 [Test worker] DEBUG org.apache.http.wire -  << "[\r][\n]"
08:14:43.673 [Test worker] DEBUG org.apache.http.wire -  << "01f8[\r][\n]"
08:14:43.673 [Test worker] DEBUG org.apache.http.wire -  << "<ns4:queryCustomerInfoResponse xmlns:ns2="http://www.huawei.com/bme/cbsinterface/bccommon" xmlns:ns3="http://www.huawei.com/bme/cbsinterface/bcservices" xmlns:ns4="http://ws.web.gatewaycbs.tigo.com.co/" xmlns:ns5="http://www.huawei.com/bme/cbsinterface/cbscommon"><return><ResultHeader><ns5:Version>1</ns5:Version><ns5:ResultCode>118030260</ns5:ResultCode><ns5:ResultDesc>Subscriber 3046010569 does not exist.</ns5:ResultDesc></ResultHeader></return></ns4:queryCustomerInfoResponse></S:Body></S:Envelope>"
08:14:43.673 [Test worker] DEBUG org.apache.http.wire -  << "[\r][\n]"
08:14:43.673 [Test worker] DEBUG org.apache.http.wire -  << "0000[\r][\n]"
08:14:43.673 [Test worker] DEBUG org.apache.http.wire -  << "[\r][\n]"
08:14:43.673 [Test worker] DEBUG org.apache.http.impl.conn.BasicClientConnectionManager - Releasing connection org.apache.http.impl.conn.ManagedClientConnectionImpl@2b3bf1c6
08:14:43.673 [Test worker] DEBUG org.apache.http.impl.conn.BasicClientConnectionManager - Connection can be kept alive indefinitely
La linea 3046010569 no esta activa
10.69.60.87
se ejecuta correctamente DB Activator
se ejecuta correctamente  DB EPOS
se ejecuta correctamente DB Siebel
08:14:49.677 [Finalizer] DEBUG org.apache.http.impl.conn.DefaultClientConnection - Connection 0.0.0.0:53487<->10.65.45.12:9001 closed
se ejecuta correctamente DB Postale
**** Se ejecutaran los SP para semilla 3 ****
se ejecuta correctamente DB Activator
se ejecuta correctamente  DB EPOS
se ejecuta correctamente DB Siebel
se ejecuta correctamente DB Postale
08:14:55.585 [Test worker] DEBUG org.apache.http.impl.conn.BasicClientConnectionManager - Get connection for route {}->http://10.65.45.12:9001
08:14:55.585 [Test worker] DEBUG org.apache.http.impl.conn.DefaultClientConnectionOperator - Connecting to 10.65.45.12:9001
08:14:55.616 [Test worker] DEBUG org.apache.http.client.protocol.RequestAddCookies - CookieSpec selected: ignoreCookies
08:14:55.616 [Test worker] DEBUG org.apache.http.client.protocol.RequestAuthCache - Auth cache not set in the context
08:14:55.616 [Test worker] DEBUG org.apache.http.client.protocol.RequestTargetAuthentication - Target auth state: UNCHALLENGED
08:14:55.616 [Test worker] DEBUG org.apache.http.client.protocol.RequestProxyAuthentication - Proxy auth state: UNCHALLENGED
08:14:55.616 [Test worker] DEBUG org.apache.http.impl.client.DefaultHttpClient - Attempt 1 to execute request
08:14:55.616 [Test worker] DEBUG org.apache.http.impl.conn.DefaultClientConnection - Sending request: POST /gatewaycbs/BcServicesInt HTTP/1.1
08:14:55.616 [Test worker] DEBUG org.apache.http.wire -  >> "POST /gatewaycbs/BcServicesInt HTTP/1.1[\r][\n]"
08:14:55.616 [Test worker] DEBUG org.apache.http.wire -  >> "Accept: */*[\r][\n]"
08:14:55.616 [Test worker] DEBUG org.apache.http.wire -  >> "Content-Type: text/xml;charset=UTF-8[\r][\n]"
08:14:55.616 [Test worker] DEBUG org.apache.http.wire -  >> "Content-Length: 748[\r][\n]"
08:14:55.616 [Test worker] DEBUG org.apache.http.wire -  >> "Host: 10.65.45.12:9001[\r][\n]"
08:14:55.616 [Test worker] DEBUG org.apache.http.wire -  >> "Connection: Keep-Alive[\r][\n]"
08:14:55.616 [Test worker] DEBUG org.apache.http.wire -  >> "User-Agent: Apache-HttpClient/4.5.9 (Java/1.8.0_291)[\r][\n]"
08:14:55.616 [Test worker] DEBUG org.apache.http.wire -  >> "Accept-Encoding: gzip,deflate[\r][\n]"
08:14:55.616 [Test worker] DEBUG org.apache.http.wire -  >> "[\r][\n]"
08:14:55.616 [Test worker] DEBUG org.apache.http.headers - >> POST /gatewaycbs/BcServicesInt HTTP/1.1
08:14:55.616 [Test worker] DEBUG org.apache.http.headers - >> Accept: */*
08:14:55.616 [Test worker] DEBUG org.apache.http.headers - >> Content-Type: text/xml;charset=UTF-8
08:14:55.616 [Test worker] DEBUG org.apache.http.headers - >> Content-Length: 748
08:14:55.616 [Test worker] DEBUG org.apache.http.headers - >> Host: 10.65.45.12:9001
08:14:55.616 [Test worker] DEBUG org.apache.http.headers - >> Connection: Keep-Alive
08:14:55.616 [Test worker] DEBUG org.apache.http.headers - >> User-Agent: Apache-HttpClient/4.5.9 (Java/1.8.0_291)
08:14:55.616 [Test worker] DEBUG org.apache.http.headers - >> Accept-Encoding: gzip,deflate
08:14:55.629 [Test worker] DEBUG org.apache.http.wire -  >> "<soapenv:Envelope xmlns:bcc="http://www.huawei.com/bme/cbsinterface/bccommon" xmlns:bcs="http://www.huawei.com/bme/cbsinterface/bcservices" xmlns:ws="http://ws.web.gatewaycbs.tigo.com.co/" xmlns:soapenv="http://schemas.xmlsoap.org/soap/envelope/">[\n]"
08:14:55.629 [Test worker] DEBUG org.apache.http.wire -  >> "   <soapenv:Header/>[\n]"
08:14:55.629 [Test worker] DEBUG org.apache.http.wire -  >> "   <soapenv:Body>[\n]"
08:14:55.629 [Test worker] DEBUG org.apache.http.wire -  >> "      <ws:queryCustomerInfo>[\n]"
08:14:55.629 [Test worker] DEBUG org.apache.http.wire -  >> "         <!--Optional:-->[\n]"
08:14:55.629 [Test worker] DEBUG org.apache.http.wire -  >> "         <QueryCustomerInfoRequest>[\n]"
08:14:55.629 [Test worker] DEBUG org.apache.http.wire -  >> "            <bcs:QueryObj>[\n]"
08:14:55.629 [Test worker] DEBUG org.apache.http.wire -  >> "               <!--Optional:-->[\n]"
08:14:55.629 [Test worker] DEBUG org.apache.http.wire -  >> "               <bcs:SubAccessCode>[\n]"
08:14:55.629 [Test worker] DEBUG org.apache.http.wire -  >> "                  <!--Optional:-->[\n]"
08:14:55.629 [Test worker] DEBUG org.apache.http.wire -  >> "                  <bcc:PrimaryIdentity>3052754293</bcc:PrimaryIdentity>[\n]"
08:14:55.629 [Test worker] DEBUG org.apache.http.wire -  >> "               </bcs:SubAccessCode>[\n]"
08:14:55.629 [Test worker] DEBUG org.apache.http.wire -  >> "            </bcs:QueryObj>[\n]"
08:14:55.629 [Test worker] DEBUG org.apache.http.wire -  >> "         </QueryCustomerInfoRequest>[\n]"
08:14:55.629 [Test worker] DEBUG org.apache.http.wire -  >> "      </ws:queryCustomerInfo>[\n]"
08:14:55.629 [Test worker] DEBUG org.apache.http.wire -  >> "   </soapenv:Body>[\n]"
08:14:55.629 [Test worker] DEBUG org.apache.http.wire -  >> "</soapenv:Envelope>"
08:14:55.723 [Test worker] DEBUG org.apache.http.wire -  << "HTTP/1.1 200 OK[\r][\n]"
08:14:55.723 [Test worker] DEBUG org.apache.http.wire -  << "Date: Tue, 19 Jul 2022 13:14:59 GMT[\r][\n]"
08:14:55.723 [Test worker] DEBUG org.apache.http.wire -  << "Transfer-Encoding: chunked[\r][\n]"
08:14:55.723 [Test worker] DEBUG org.apache.http.wire -  << "Content-Type: text/xml; charset=utf-8[\r][\n]"
08:14:55.723 [Test worker] DEBUG org.apache.http.wire -  << "[\r][\n]"
08:14:55.723 [Test worker] DEBUG org.apache.http.impl.conn.DefaultClientConnection - Receiving response: HTTP/1.1 200 OK
08:14:55.723 [Test worker] DEBUG org.apache.http.headers - << HTTP/1.1 200 OK
08:14:55.723 [Test worker] DEBUG org.apache.http.headers - << Date: Tue, 19 Jul 2022 13:14:59 GMT
08:14:55.723 [Test worker] DEBUG org.apache.http.headers - << Transfer-Encoding: chunked
08:14:55.723 [Test worker] DEBUG org.apache.http.headers - << Content-Type: text/xml; charset=utf-8
08:14:55.723 [Test worker] DEBUG org.apache.http.impl.client.DefaultHttpClient - Connection can be kept alive indefinitely
08:14:55.723 [Test worker] DEBUG io.restassured.internal.RequestSpecificationImpl$RestAssuredHttpBuilder - Parsing response as: text/xml; charset=utf-8
08:14:55.723 [Test worker] DEBUG io.restassured.internal.RequestSpecificationImpl$RestAssuredHttpBuilder - Parsed data to instance of: class org.apache.http.conn.EofSensorInputStream
08:14:55.735 [Test worker] DEBUG org.apache.http.wire -  << "006e[\r][\n]"
08:14:55.735 [Test worker] DEBUG org.apache.http.wire -  << "<?xml version='1.0' encoding='UTF-8'?><S:Envelope xmlns:S="http://schemas.xmlsoap.org/soap/envelope/"><S:Body>"
08:14:55.735 [Test worker] DEBUG org.apache.http.wire -  << "[\r][\n]"
08:14:55.735 [Test worker] DEBUG org.apache.http.wire -  << "01f8[\r][\n]"
08:14:55.735 [Test worker] DEBUG org.apache.http.wire -  << "<ns4:queryCustomerInfoResponse xmlns:ns2="http://www.huawei.com/bme/cbsinterface/bccommon" xmlns:ns3="http://www.huawei.com/bme/cbsinterface/bcservices" xmlns:ns4="http://ws.web.gatewaycbs.tigo.com.co/" xmlns:ns5="http://www.huawei.com/bme/cbsinterface/cbscommon"><return><ResultHeader><ns5:Version>1</ns5:Version><ns5:ResultCode>118030260</ns5:ResultCode><ns5:ResultDesc>Subscriber 3052754293 does not exist.</ns5:ResultDesc></ResultHeader></return></ns4:queryCustomerInfoResponse></S:Body></S:Envelope>"
08:14:55.735 [Test worker] DEBUG org.apache.http.wire -  << "[\r][\n]"
08:14:55.735 [Test worker] DEBUG org.apache.http.wire -  << "0000[\r][\n]"
08:14:55.735 [Test worker] DEBUG org.apache.http.wire -  << "[\r][\n]"
08:14:55.736 [Test worker] DEBUG org.apache.http.impl.conn.BasicClientConnectionManager - Releasing connection org.apache.http.impl.conn.ManagedClientConnectionImpl@41a20d73
08:14:55.736 [Test worker] DEBUG org.apache.http.impl.conn.BasicClientConnectionManager - Connection can be kept alive indefinitely
La linea 3052754293 no esta activa
10.69.60.87
se ejecuta correctamente DB Activator
se ejecuta correctamente  DB EPOS
se ejecuta correctamente DB Siebel
se ejecuta correctamente DB Postale
**** Se ejecutaran los SP para semilla 3 ****
se ejecuta correctamente DB Activator
se ejecuta correctamente  DB EPOS
se ejecuta correctamente DB Siebel
se ejecuta correctamente DB Postale
08:15:06.713 [Test worker] DEBUG org.apache.http.impl.conn.BasicClientConnectionManager - Get connection for route {}->http://10.65.45.12:9001
08:15:06.713 [Test worker] DEBUG org.apache.http.impl.conn.DefaultClientConnectionOperator - Connecting to 10.65.45.12:9001
08:15:06.753 [Test worker] DEBUG org.apache.http.client.protocol.RequestAddCookies - CookieSpec selected: ignoreCookies
08:15:06.753 [Test worker] DEBUG org.apache.http.client.protocol.RequestAuthCache - Auth cache not set in the context
08:15:06.753 [Test worker] DEBUG org.apache.http.client.protocol.RequestTargetAuthentication - Target auth state: UNCHALLENGED
08:15:06.753 [Test worker] DEBUG org.apache.http.client.protocol.RequestProxyAuthentication - Proxy auth state: UNCHALLENGED
08:15:06.753 [Test worker] DEBUG org.apache.http.impl.client.DefaultHttpClient - Attempt 1 to execute request
08:15:06.753 [Test worker] DEBUG org.apache.http.impl.conn.DefaultClientConnection - Sending request: POST /gatewaycbs/BcServicesInt HTTP/1.1
08:15:06.753 [Test worker] DEBUG org.apache.http.wire -  >> "POST /gatewaycbs/BcServicesInt HTTP/1.1[\r][\n]"
08:15:06.753 [Test worker] DEBUG org.apache.http.wire -  >> "Accept: */*[\r][\n]"
08:15:06.753 [Test worker] DEBUG org.apache.http.wire -  >> "Content-Type: text/xml;charset=UTF-8[\r][\n]"
08:15:06.753 [Test worker] DEBUG org.apache.http.wire -  >> "Content-Length: 748[\r][\n]"
08:15:06.753 [Test worker] DEBUG org.apache.http.wire -  >> "Host: 10.65.45.12:9001[\r][\n]"
08:15:06.753 [Test worker] DEBUG org.apache.http.wire -  >> "Connection: Keep-Alive[\r][\n]"
08:15:06.753 [Test worker] DEBUG org.apache.http.wire -  >> "User-Agent: Apache-HttpClient/4.5.9 (Java/1.8.0_291)[\r][\n]"
08:15:06.753 [Test worker] DEBUG org.apache.http.wire -  >> "Accept-Encoding: gzip,deflate[\r][\n]"
08:15:06.753 [Test worker] DEBUG org.apache.http.wire -  >> "[\r][\n]"
08:15:06.753 [Test worker] DEBUG org.apache.http.headers - >> POST /gatewaycbs/BcServicesInt HTTP/1.1
08:15:06.753 [Test worker] DEBUG org.apache.http.headers - >> Accept: */*
08:15:06.753 [Test worker] DEBUG org.apache.http.headers - >> Content-Type: text/xml;charset=UTF-8
08:15:06.753 [Test worker] DEBUG org.apache.http.headers - >> Content-Length: 748
08:15:06.753 [Test worker] DEBUG org.apache.http.headers - >> Host: 10.65.45.12:9001
08:15:06.753 [Test worker] DEBUG org.apache.http.headers - >> Connection: Keep-Alive
08:15:06.753 [Test worker] DEBUG org.apache.http.headers - >> User-Agent: Apache-HttpClient/4.5.9 (Java/1.8.0_291)
08:15:06.753 [Test worker] DEBUG org.apache.http.headers - >> Accept-Encoding: gzip,deflate
08:15:06.754 [Test worker] DEBUG org.apache.http.wire -  >> "<soapenv:Envelope xmlns:bcc="http://www.huawei.com/bme/cbsinterface/bccommon" xmlns:bcs="http://www.huawei.com/bme/cbsinterface/bcservices" xmlns:ws="http://ws.web.gatewaycbs.tigo.com.co/" xmlns:soapenv="http://schemas.xmlsoap.org/soap/envelope/">[\n]"
08:15:06.754 [Test worker] DEBUG org.apache.http.wire -  >> "   <soapenv:Header/>[\n]"
08:15:06.754 [Test worker] DEBUG org.apache.http.wire -  >> "   <soapenv:Body>[\n]"
08:15:06.754 [Test worker] DEBUG org.apache.http.wire -  >> "      <ws:queryCustomerInfo>[\n]"
08:15:06.754 [Test worker] DEBUG org.apache.http.wire -  >> "         <!--Optional:-->[\n]"
08:15:06.754 [Test worker] DEBUG org.apache.http.wire -  >> "         <QueryCustomerInfoRequest>[\n]"
08:15:06.755 [Test worker] DEBUG org.apache.http.wire -  >> "            <bcs:QueryObj>[\n]"
08:15:06.755 [Test worker] DEBUG org.apache.http.wire -  >> "               <!--Optional:-->[\n]"
08:15:06.755 [Test worker] DEBUG org.apache.http.wire -  >> "               <bcs:SubAccessCode>[\n]"
08:15:06.755 [Test worker] DEBUG org.apache.http.wire -  >> "                  <!--Optional:-->[\n]"
08:15:06.755 [Test worker] DEBUG org.apache.http.wire -  >> "                  <bcc:PrimaryIdentity>3052754321</bcc:PrimaryIdentity>[\n]"
08:15:06.755 [Test worker] DEBUG org.apache.http.wire -  >> "               </bcs:SubAccessCode>[\n]"
08:15:06.755 [Test worker] DEBUG org.apache.http.wire -  >> "            </bcs:QueryObj>[\n]"
08:15:06.755 [Test worker] DEBUG org.apache.http.wire -  >> "         </QueryCustomerInfoRequest>[\n]"
08:15:06.755 [Test worker] DEBUG org.apache.http.wire -  >> "      </ws:queryCustomerInfo>[\n]"
08:15:06.755 [Test worker] DEBUG org.apache.http.wire -  >> "   </soapenv:Body>[\n]"
08:15:06.755 [Test worker] DEBUG org.apache.http.wire -  >> "</soapenv:Envelope>"
08:15:06.907 [Test worker] DEBUG org.apache.http.wire -  << "HTTP/1.1 200 OK[\r][\n]"
08:15:06.907 [Test worker] DEBUG org.apache.http.wire -  << "Date: Tue, 19 Jul 2022 13:15:11 GMT[\r][\n]"
08:15:06.907 [Test worker] DEBUG org.apache.http.wire -  << "Transfer-Encoding: chunked[\r][\n]"
08:15:06.907 [Test worker] DEBUG org.apache.http.wire -  << "Content-Type: text/xml; charset=utf-8[\r][\n]"
08:15:06.907 [Test worker] DEBUG org.apache.http.wire -  << "[\r][\n]"
08:15:06.907 [Test worker] DEBUG org.apache.http.impl.conn.DefaultClientConnection - Receiving response: HTTP/1.1 200 OK
08:15:06.907 [Test worker] DEBUG org.apache.http.headers - << HTTP/1.1 200 OK
08:15:06.907 [Test worker] DEBUG org.apache.http.headers - << Date: Tue, 19 Jul 2022 13:15:11 GMT
08:15:06.907 [Test worker] DEBUG org.apache.http.headers - << Transfer-Encoding: chunked
08:15:06.907 [Test worker] DEBUG org.apache.http.headers - << Content-Type: text/xml; charset=utf-8
08:15:06.907 [Test worker] DEBUG org.apache.http.impl.client.DefaultHttpClient - Connection can be kept alive indefinitely
08:15:06.921 [Test worker] DEBUG io.restassured.internal.RequestSpecificationImpl$RestAssuredHttpBuilder - Parsing response as: text/xml; charset=utf-8
08:15:06.921 [Test worker] DEBUG io.restassured.internal.RequestSpecificationImpl$RestAssuredHttpBuilder - Parsed data to instance of: class org.apache.http.conn.EofSensorInputStream
08:15:06.922 [Test worker] DEBUG org.apache.http.wire -  << "006e[\r][\n]"
08:15:06.922 [Test worker] DEBUG org.apache.http.wire -  << "<?xml version='1.0' encoding='UTF-8'?><S:Envelope xmlns:S="http://schemas.xmlsoap.org/soap/envelope/"><S:Body>"
08:15:06.922 [Test worker] DEBUG org.apache.http.wire -  << "[\r][\n]"
08:15:06.922 [Test worker] DEBUG org.apache.http.wire -  << "0fe8[\r][\n]"
08:15:06.925 [Test worker] DEBUG org.apache.http.wire -  << "<ns4:queryCustomerInfoResponse xmlns:ns2="http://www.huawei.com/bme/cbsinterface/bccommon" xmlns:ns3="http://www.huawei.com/bme/cbsinterface/bcservices" xmlns:ns4="http://ws.web.gatewaycbs.tigo.com.co/" xmlns:ns5="http://www.huawei.com/bme/cbsinterface/cbscommon"><return><ResultHeader><ns5:Version>1</ns5:Version><ns5:ResultCode>0</ns5:ResultCode><ns5:ResultDesc>Operation successfully.</ns5:ResultDesc></ResultHeader><QueryCustomerInfoResult><ns3:Customer><ns3:CustKey>CTA00000274021</ns3:CustKey><ns3:CustInfo><ns2:CustType>2</ns2:CustType><ns2:CustNodeType>1</ns2:CustNodeType><ns2:CustClass>1</ns2:CustClass><ns2:CustCode>CBS100010000000367359</ns2:CustCode><ns2:CustBasicInfo><ns2:DFTWrittenLang>2002</ns2:DFTWrittenLang><ns2:DFTIVRLang>2002</ns2:DFTIVRLang><ns2:DunningFlag>1</ns2:DunningFlag><ns2:CustProperty><ns2:Code>C_Extend_Cust_Int_Attr8</ns2:Code><ns2:Value></ns2:Value></ns2:CustProperty><ns2:CustProperty><ns2:Code>C_CUSTOMER_TAX_RATE</ns2:Code><ns2:Value></ns2:Value></ns2:CustProperty><ns2:CustProperty><ns2:Code>C_Extend_Cust_Int_Attr9</ns2:Code><ns2:Value></ns2:Value></ns2:CustProperty><ns2:CustProperty><ns2:Code>C_CUST_BANKRUPTCY</ns2:Code><ns2:Value>N</ns2:Value></ns2:CustProperty><ns2:CustProperty><ns2:Code>C_Extend_Cust_Int_Attr10</ns2:Code><ns2:Value></ns2:Value></ns2:CustProperty><ns2:CustProperty><ns2:Code>C_Extend_Cust_Int_Attr4</ns2:Code><ns2:Value></ns2:Value></ns2:CustProperty><ns2:CustProperty><ns2:Code>C_Extend_Cust_Int_Attr5</ns2:Code><ns2:Value></ns2:Value></ns2:CustProperty><ns2:CustProperty><ns2:Code>C_Extend_Cust_Int_Attr6</ns2:Code><ns2:Value></ns2:Value></ns2:CustProperty><ns2:CustProperty><ns2:Code>C_Extend_Cust_Int_Attr7</ns2:Code><ns2:Value></ns2:Value></ns2:CustProperty><ns2:CustProperty><ns2:Code>C_LEGAL_CATEGORY</ns2:Code><ns2:Value></ns2:Value></ns2:CustProperty><ns2:CustProperty><ns2:Code>C_CONTRACT_ID</ns2:Code><ns2:Value></ns2:Value></ns2:CustProperty><ns2:CustProperty><ns2:Code>C_Extend_Cust_Int_Attr1</ns2:Code><ns2:Value></ns2:Value></ns2:CustProperty><ns2:CustProperty><ns2:Code>C_Extend_Cust_Int_Attr2</ns2:Code><ns2:Value></ns2:Value></ns2:CustProperty><ns2:CustProperty><ns2:Code>C_NEW_IC</ns2:Code><ns2:Value></ns2:Value></ns2:CustProperty><ns2:CustProperty><ns2:Code>C_Extend_Cust_Int_Attr3</ns2:Code><ns2:Value></ns2:Value></ns2:CustProperty><ns2:CustProperty><ns2:Code>C_REG_FLAG</ns2:Code><ns2:Value>N</ns2:Value></ns2:CustProperty><ns2:CustProperty><ns2:Code>C_NRC</ns2:Code><ns2:Value></ns2:Value></ns2:CustProperty><ns2:CustProperty><ns2:Code>C_CUST_CATEGORY</ns2:Code><ns2:Value></ns2:Value></ns2:CustProperty><ns2:CustProperty><ns2:Code>C_CUST_SALT</ns2:Code><ns2:Value>7A32D80D92AC0819</ns2:Value></ns2:CustProperty><ns2:CustProperty><ns2:Code>C_EXTERNAL_CUST_ID</ns2:Code><ns2:Value></ns2:Value></ns2:CustProperty><ns2:CustProperty><ns2:Code>C_FRAUD_FLAG</ns2:Code><ns2:Value>N</ns2:Value></ns2:CustProperty><ns2:CustProperty><ns2:Code>C_CUST_MEDIA_FLAG</ns2:Code><ns2:Value>N</ns2:Value></ns2:CustProperty><ns2:CustProperty><ns2:Code>C_TAX_PAYER_IDENTIFICATION_NO</ns2:Code><ns2:Value></ns2:Value></ns2:CustProperty><ns2:CustProperty><ns2:Code>C_CUST_DECEASED</ns2:Code><ns2:Value>N</ns2:Value></ns2:CustProperty><ns2:CustProperty><ns2:Code>C_EVENING_PHONE</ns2:Code><ns2:Value></ns2:Value></ns2:CustProperty><ns2:CustProperty><ns2:Code>C_Extend_Cust_Str_Attr5</ns2:Code><ns2:Value></ns2:Value></ns2:CustProperty><ns2:CustProperty><ns2:Code>C_Extend_Cust_Str_Attr4</ns2:Code><ns2:Value></ns2:Value></ns2:CustProperty><ns2:CustProperty><ns2:Code>C_Extend_Cust_Str_Attr3</ns2:Code><ns2:Value></ns2:Value></ns2:CustProperty><ns2:CustProperty><ns2:Code>C_Extend_Cust_Str_Attr2</ns2:Code><ns2:Value></ns2:Value></ns2:CustProperty><ns2:CustProperty><ns2:Code>C_DAYTIME_PHONE</ns2:Code><ns2:Value></ns2:Value></ns2:CustProperty><ns2:CustProperty><ns2:Code>C_Extend_Cust_Str_Attr9</ns2:Code><ns2:Value></ns2:Value></ns2:CustProperty><ns2:CustProperty><ns2:Code>C_Extend_Cust_Str_Attr8</ns2:Code><ns2:Value></ns2:Value></ns2:CustProperty><ns2:CustProperty><ns2:Code>C_CUST_MARKETING_CONSENT</n"
08:15:06.925 [Test worker] DEBUG org.apache.http.wire -  << "[\r][\n]"
08:15:06.925 [Test worker] DEBUG org.apache.http.wire -  << "0fe8[\r][\n]"
08:15:06.925 [Test worker] DEBUG org.apache.http.wire -  << "s2:Code><ns2:Value>N</ns2:Value></ns2:CustProperty><ns2:CustProperty><ns2:Code>C_Extend_Cust_Str_Attr7</ns2:Code><ns2:Value></ns2:Value></ns2:CustProperty><ns2:CustProperty><ns2:Code>C_Extend_Cust_Str_Attr6</ns2:Code><ns2:Value></ns2:Value></ns2:CustProperty><ns2:CustProperty><ns2:Code>C_OLD_IC</ns2:Code><ns2:Value></ns2:Value></ns2:CustProperty><ns2:CustProperty><ns2:Code>C_Extend_Cust_Str_Attr1</ns2:Code><ns2:Value></ns2:Value></ns2:CustProperty><ns2:CustProperty><ns2:Code>C_Extend_Cust_Str_Attr10</ns2:Code><ns2:Value></ns2:Value></ns2:CustProperty><ns2:CustProperty><ns2:Code>C_CUST_BILLSUM</ns2:Code><ns2:Value>0</ns2:Value></ns2:CustProperty><ns2:CustProperty><ns2:Code>C_CORP_CUST_SEGMENT</ns2:Code><ns2:Value></ns2:Value></ns2:CustProperty><ns2:CustProperty><ns2:Code>C_ACCESSIBILITY_FLAG</ns2:Code><ns2:Value></ns2:Value></ns2:CustProperty><ns2:CustProperty><ns2:Code>C_CUST_BelToAreaID</ns2:Code><ns2:Value>101</ns2:Value></ns2:CustProperty><ns2:CustProperty><ns2:Code>C_CUST_ID</ns2:Code><ns2:Value>100010000000367359</ns2:Value></ns2:CustProperty></ns2:CustBasicInfo></ns3:CustInfo><ns3:OrgInfo><ns2:IDType>5</ns2:IDType><ns2:IDNumber>913023520</ns2:IDNumber><ns2:OrgName>Comercial</ns2:OrgName><ns2:OrgPhoneNumber>3303000</ns2:OrgPhoneNumber><ns2:OrgEmail>prueba@gmail.com</ns2:OrgEmail></ns3:OrgInfo></ns3:Customer><ns3:Subscriber><ns3:SubscriberKey>ACT00002096361</ns3:SubscriberKey><ns3:SubscriberInfo><ns2:SubBasicInfo><ns2:WrittenLang>2021</ns2:WrittenLang><ns2:IVRLang>2021</ns2:IVRLang><ns2:DunningFlag>1</ns2:DunningFlag><ns2:SubProperty><ns2:Code>C_WORK_ADDRESS</ns2:Code><ns2:Value></ns2:Value></ns2:SubProperty><ns2:SubProperty><ns2:Code>C_SUB_SMS_ROMING_RIGHT</ns2:Code><ns2:Value>0</ns2:Value></ns2:SubProperty><ns2:SubProperty><ns2:Code>C_LAST_TRANS_EVENT</ns2:Code><ns2:Value>1302</ns2:Value></ns2:SubProperty><ns2:SubProperty><ns2:Code>C_SALES_CHANNEL_ID</ns2:Code><ns2:Value></ns2:Value></ns2:SubProperty><ns2:SubProperty><ns2:Code>C_HANDSET_TYPE</ns2:Code><ns2:Value>-1</ns2:Value></ns2:SubProperty><ns2:SubProperty><ns2:Code>C_SUB_MAX_BALANCE</ns2:Code><ns2:Value>-1</ns2:Value></ns2:SubProperty><ns2:SubProperty><ns2:Code>C_ACCOUNTING_SCENARIO</ns2:Code><ns2:Value></ns2:Value></ns2:SubProperty><ns2:SubProperty><ns2:Code>C_RESUME_DATE</ns2:Code><ns2:Value>19991231190000</ns2:Value></ns2:SubProperty><ns2:SubProperty><ns2:Code>C_SUBID_BEFORE_SUPPLE_PROFILE</ns2:Code><ns2:Value>100010000000367356</ns2:Value></ns2:SubProperty><ns2:SubProperty><ns2:Code>C_BAK_ORG_CHILD_ACCTID</ns2:Code><ns2:Value>0</ns2:Value></ns2:SubProperty><ns2:SubProperty><ns2:Code>C_HANDSET_NETWORK</ns2:Code><ns2:Value></ns2:Value></ns2:SubProperty><ns2:SubProperty><ns2:Code>C_SUB_UNBLOCK</ns2:Code><ns2:Value>0</ns2:Value></ns2:SubProperty><ns2:SubProperty><ns2:Code>C_SUB_LOW_SPENDING_GATE</ns2:Code><ns2:Value>-1</ns2:Value></ns2:SubProperty><ns2:SubProperty><ns2:Code>C_SUB_LOAN_FLAG</ns2:Code><ns2:Value>0</ns2:Value></ns2:SubProperty><ns2:SubProperty><ns2:Code>C_SUB_LASTRECHARGETIME</ns2:Code><ns2:Value>20220718171551</ns2:Value></ns2:SubProperty><ns2:SubProperty><ns2:Code>C_SUB_LASTRGADATE</ns2:Code><ns2:Value>19700101000000</ns2:Value></ns2:SubProperty><ns2:SubProperty><ns2:Code>C_SUB_PORT_IN_FLAG</ns2:Code><ns2:Value>0</ns2:Value></ns2:SubProperty><ns2:SubProperty><ns2:Code>C_SUB_NOTIFICATION_TIMES</ns2:Code><ns2:Value></ns2:Value></ns2:SubProperty><ns2:SubProperty><ns2:Code>C_BLACK_FLAG</ns2:Code><ns2:Value>0</ns2:Value></ns2:SubProperty><ns2:SubProperty><ns2:Code>C_SUB_VOICE_ROAM_RIGHT</ns2:Code><ns2:Value></ns2:Value></ns2:SubProperty><ns2:SubProperty><ns2:Code>C_HYBRID_PAY_TYPE</ns2:Code><ns2:Value>-1</ns2:Value></ns2:SubProperty><ns2:SubProperty><ns2:Code>C_SUB_MAX_VALIDITY</ns2:Code><ns2:Value>365</ns2:Value></ns2:SubProperty><ns2:SubProperty><ns2:Code>C_TEST_EXTEND_DAYS</ns2:Code><ns2:Value>0</ns2:Value></ns2:SubProperty><ns2:SubProperty><ns2:Code>C_SUBDISCOUNT</ns2:Code><ns2:Value>O</ns2:Value></ns2:SubProperty><ns2:SubProperty><ns2:Cod"
08:15:06.925 [Test worker] DEBUG org.apache.http.wire -  << "e>C_SUB_LASTZONETYPE</ns2:Code><ns2:Value>00</ns2:Value></ns2:SubProperty><ns2:SubPr"
08:15:06.925 [Test worker] DEBUG org.apache.http.wire -  << "[\r][\n]"
08:15:06.947 [Test worker] DEBUG org.apache.http.wire -  << "0fe8[\r][\n]"
08:15:06.947 [Test worker] DEBUG org.apache.http.wire -  << "operty><ns2:Code>C_Extend_Sub_Str_Attr4</ns2:Code><ns2:Value></ns2:Value></ns2:SubProperty><ns2:SubProperty><ns2:Code>C_Extend_Sub_Str_Attr3</ns2:Code><ns2:Value></ns2:Value></ns2:SubProperty><ns2:SubProperty><ns2:Code>C_Extend_Sub_Str_Attr6</ns2:Code><ns2:Value></ns2:Value></ns2:SubProperty><ns2:SubProperty><ns2:Code>C_Extend_Sub_Str_Attr5</ns2:Code><ns2:Value></ns2:Value></ns2:SubProperty><ns2:SubProperty><ns2:Code>C_DAILYRENTNOTIFLAG</ns2:Code><ns2:Value>0</ns2:Value></ns2:SubProperty><ns2:SubProperty><ns2:Code>C_TIGO_ZONE</ns2:Code><ns2:Value></ns2:Value></ns2:SubProperty><ns2:SubProperty><ns2:Code>C_Extend_Sub_Str_Attr2</ns2:Code><ns2:Value></ns2:Value></ns2:SubProperty><ns2:SubProperty><ns2:Code>C_Extend_Sub_Str_Attr1</ns2:Code><ns2:Value></ns2:Value></ns2:SubProperty><ns2:SubProperty><ns2:Code>C_PLACA_INFO</ns2:Code><ns2:Value></ns2:Value></ns2:SubProperty><ns2:SubProperty><ns2:Code>C_Extend_Sub_Int_Attr10</ns2:Code><ns2:Value></ns2:Value></ns2:SubProperty><ns2:SubProperty><ns2:Code>C_HANDSET_OS_TYPE</ns2:Code><ns2:Value></ns2:Value></ns2:SubProperty><ns2:SubProperty><ns2:Code>C_SUB_USER_NAME</ns2:Code><ns2:Value>0</ns2:Value></ns2:SubProperty><ns2:SubProperty><ns2:Code>C_TEST_EXPIRE_TIME</ns2:Code><ns2:Value></ns2:Value></ns2:SubProperty><ns2:SubProperty><ns2:Code>C_TEST_EXHAUST_RULE</ns2:Code><ns2:Value>0</ns2:Value></ns2:SubProperty><ns2:SubProperty><ns2:Code>C_Extend_Sub_Str_Attr8</ns2:Code><ns2:Value></ns2:Value></ns2:SubProperty><ns2:SubProperty><ns2:Code>C_Extend_Sub_Str_Attr7</ns2:Code><ns2:Value></ns2:Value></ns2:SubProperty><ns2:SubProperty><ns2:Code>C_SUB_REGISTERED</ns2:Code><ns2:Value>0</ns2:Value></ns2:SubProperty><ns2:SubProperty><ns2:Code>C_Extend_Sub_Str_Attr9</ns2:Code><ns2:Value></ns2:Value></ns2:SubProperty><ns2:SubProperty><ns2:Code>C_LIFECYCLE</ns2:Code><ns2:Value></ns2:Value></ns2:SubProperty><ns2:SubProperty><ns2:Code>C_VOD_VIDEO_RIGHT</ns2:Code><ns2:Value>0</ns2:Value></ns2:SubProperty><ns2:SubProperty><ns2:Code>C_SUPPLE_PROFILE_TIME</ns2:Code><ns2:Value>20220718171544</ns2:Value></ns2:SubProperty><ns2:SubProperty><ns2:Code>C_LAST_CHARGE_BEGIN_TIME</ns2:Code><ns2:Value></ns2:Value></ns2:SubProperty><ns2:SubProperty><ns2:Code>C_SUB_LOW_BAL_NOTIFY_DATE</ns2:Code><ns2:Value>19991231190000</ns2:Value></ns2:SubProperty><ns2:SubProperty><ns2:Code>C_GPRS_FORBIDDEN_MAIN_BAL</ns2:Code><ns2:Value>1</ns2:Value></ns2:SubProperty><ns2:SubProperty><ns2:Code>C_LAST_DATA_SESINI</ns2:Code><ns2:Value>19700101030000</ns2:Value></ns2:SubProperty><ns2:SubProperty><ns2:Code>C_CONSUMENOTIFYGATE</ns2:Code><ns2:Value></ns2:Value></ns2:SubProperty><ns2:SubProperty><ns2:Code>C_SUB_LOW_BAL_NOTIFY_TIMES</ns2:Code><ns2:Value>0</ns2:Value></ns2:SubProperty><ns2:SubProperty><ns2:Code>C_FIRST_RECHARGE_FLAG</ns2:Code><ns2:Value>0</ns2:Value></ns2:SubProperty><ns2:SubProperty><ns2:Code>C_SUB_PROB</ns2:Code><ns2:Value></ns2:Value></ns2:SubProperty><ns2:SubProperty><ns2:Code>C_SUB_SALT</ns2:Code><ns2:Value>FD91ECC03DD149EB</ns2:Value></ns2:SubProperty><ns2:SubProperty><ns2:Code>C_SUB_SERVICEPROVIDER</ns2:Code><ns2:Value></ns2:Value></ns2:SubProperty><ns2:SubProperty><ns2:Code>C_CALL_COST</ns2:Code><ns2:Value>0000</ns2:Value></ns2:SubProperty><ns2:SubProperty><ns2:Code>C_RNW_PRODUCTSET</ns2:Code><ns2:Value>0</ns2:Value></ns2:SubProperty><ns2:SubProperty><ns2:Code>C_Extend_Sub_Str_Attr10</ns2:Code><ns2:Value></ns2:Value></ns2:SubProperty><ns2:SubProperty><ns2:Code>C_SUB_DOMESIC_ROAM_CALL_RIGHT</ns2:Code><ns2:Value>0</ns2:Value></ns2:SubProperty><ns2:SubProperty><ns2:Code>C_LAST_TRANS_DATE_TIME</ns2:Code><ns2:Value>20220718221551</ns2:Value></ns2:SubProperty><ns2:SubProperty><ns2:Code>C_SUBSCRIBER_INFO_3</ns2:Code><ns2:Value></ns2:Value></ns2:SubProperty><ns2:SubProperty><ns2:Code>C_SUBSCRIBER_INFO_2</ns2:Code><ns2:Value></ns2:Value></ns2:SubProperty><ns2:SubProperty><ns2:Code>C_GPRS_ROAM_DATE</ns2:Code><ns2:Value>19700101000000</ns2:Value></ns2:SubProperty><ns2:SubProperty><ns2:Code>C_SUBSCRIBER_INFO_4</ns2:Code><ns2:Value></ns2:Value></ns2:SubProperty><ns2:SubProperty><ns2:Code>C_STARTTIME_OF_SWITCH_COS"
08:15:06.947 [Test worker] DEBUG org.apache.http.wire -  << "[\r][\n]"
08:15:06.947 [Test worker] DEBUG org.apache.http.wire -  << "0071[\r][\n]"
08:15:06.947 [Test worker] DEBUG org.apache.http.wire -  << "</ns2:Code><ns2:Value>-1</ns2:Value></ns2:SubProperty><ns2:SubProperty><ns2:Code>C_SUB_PREBARRING</ns2:Code><ns2:"
08:15:06.947 [Test worker] DEBUG org.apache.http.wire -  << "[\r][\n]"
08:15:06.947 [Test worker] DEBUG org.apache.http.wire -  << "0fe8[\r][\n]"
08:15:06.947 [Test worker] DEBUG org.apache.http.wire -  << "Value>0</ns2:Value></ns2:SubProperty><ns2:SubProperty><ns2:Code>C_DETAIL</ns2:Code><ns2:Value>0</ns2:Value></ns2:SubProperty><ns2:SubProperty><ns2:Code>C_SUBSCRIBER_INFO_1</ns2:Code><ns2:Value></ns2:Value></ns2:SubProperty><ns2:SubProperty><ns2:Code>C_SUB_BARRED_DAYS</ns2:Code><ns2:Value>0</ns2:Value></ns2:SubProperty><ns2:SubProperty><ns2:Code>LastSubDailyBillTime</ns2:Code><ns2:Value>20220718220135</ns2:Value></ns2:SubProperty><ns2:SubProperty><ns2:Code>C_TIGO_CITY</ns2:Code><ns2:Value>*</ns2:Value></ns2:SubProperty><ns2:SubProperty><ns2:Code>C_TECHNOLOGY</ns2:Code><ns2:Value></ns2:Value></ns2:SubProperty><ns2:SubProperty><ns2:Code>C_Extend_Sub_Int_Attr7</ns2:Code><ns2:Value></ns2:Value></ns2:SubProperty><ns2:SubProperty><ns2:Code>C_Extend_Sub_Int_Attr8</ns2:Code><ns2:Value></ns2:Value></ns2:SubProperty><ns2:SubProperty><ns2:Code>C_Extend_Sub_Int_Attr5</ns2:Code><ns2:Value></ns2:Value></ns2:SubProp"
08:15:06.962 [Test worker] DEBUG org.apache.http.wire -  << "erty><ns2:SubProperty><ns2:Code>C_Extend_Sub_Int_Attr6</ns2:Code><ns2:Value></ns2:Value></ns2:SubProperty><ns2:SubProperty><ns2:Code>C_Extend_Sub_Int_Attr3</ns2:Code><ns2:Value></ns2:Value></ns2:SubProperty><ns2:SubProperty><ns2:Code>C_Extend_Sub_Int_Attr4</ns2:Code><ns2:Value></ns2:Value></ns2:SubProperty><ns2:SubProperty><ns2:Code>C_HANDSET_BRAND</ns2:Code><ns2:Value></ns2:Value></ns2:SubProperty><ns2:SubProperty><ns2:Code>C_Extend_Sub_Int_Attr1</ns2:Code><ns2:Value></ns2:Value></ns2:SubProperty><ns2:SubProperty><ns2:Code>C_SUB_LASTRECHARGEAMT</ns2:Code><ns2:Value>10</ns2:Value></ns2:SubProperty><ns2:SubProperty><ns2:Code>C_Extend_Sub_Int_Attr2</ns2:Code><ns2:Value></ns2:Value></ns2:SubProperty><ns2:SubProperty><ns2:Code>C_SUBCOS_FOR_EIPIN</ns2:Code><ns2:Value>0</ns2:Value></ns2:SubProperty><ns2:SubProperty><ns2:Code>C_Extend_Sub_Int_Attr9</ns2:Code><ns2:Value></ns2:Value></ns2:SubProperty><ns2:SubProperty><ns2:Code>C_SUB_BLACKLIST_CALL_RIGHT</ns2:Code><ns2:Value>0</ns2:Value></ns2:SubProperty><ns2:SubProperty><ns2:Code>C_SUB_MSCC_FEE_AMOUNT</ns2:Code><ns2:Value>0</ns2:Value></ns2:SubProperty><ns2:SubProperty><ns2:Code>C_BACKUP_DAYS</ns2:Code><ns2:Value>0</ns2:Value></ns2:SubProperty><ns2:SubProperty><ns2:Code>C_IS_PRIMARY_SUBSCRIBER</ns2:Code><ns2:Value>0</ns2:Value></ns2:SubProperty><ns2:SubProperty><ns2:Code>C_NODO_INFO</ns2:Code><ns2:Value></ns2:Value></ns2:SubProperty><ns2:SubProperty><ns2:Code>C_SUB_AUTOTOPUP_LOWBALANCE</ns2:Code><ns2:Value>1</ns2:Value></ns2:SubProperty><ns2:SubProperty><ns2:Code>C_FIRST_RECHARGE_DATE</ns2:Code><ns2:Value>20220718171551</ns2:Value></ns2:SubProperty><ns2:SubProperty><ns2:Code>C_SUB_REGISTERED_RETAILER</ns2:Code><ns2:Value>0</ns2:Value></ns2:SubProperty><ns2:SubProperty><ns2:Code>C_IS_GROUP_MEMBER</ns2:Code><ns2:Value>0</ns2:Value></ns2:SubProperty><ns2:SubProperty><ns2:Code>C_SUB_TSMSUBTYPE</ns2:Code><ns2:Value>-1</ns2:Value></ns2:SubProperty><ns2:SubProperty><ns2:Code>C_DTNotification</ns2:Code><ns2:Value>0</ns2:Value></ns2:SubProperty><ns2:SubProperty><ns2:Code>C_SUB_GPRS_ROAM_RIGHT</ns2:Code><ns2:Value>3</ns2:Value></ns2:SubProperty><ns2:SubProperty><ns2:Code>C_SUB_ZONEINFOS</ns2:Code><ns2:Value>0</ns2:Value></ns2:SubProperty><ns2:SubProperty><ns2:Code>C_ETU_STAGE_PERCENT</ns2:Code><ns2:Value>100</ns2:Value></ns2:SubProperty><ns2:SubProperty><ns2:Code>C_SPEC_NUM_RENT_END_TIME</ns2:Code><ns2:Value>20000101030000</ns2:Value></ns2:SubProperty><ns2:SubProperty><ns2:Code>C_ALLOW_OTHCARRIER_CALLS</ns2:Code><ns2:Value>Y</ns2:Value></ns2:SubProperty><ns2:SubProperty><ns2:Code>C_SUB_LOW_BAL_GATE_1</ns2:Code><ns2:Value>-1</ns2:Value></ns2:SubProperty><ns2:SubProperty><ns2:Code>C_SUB_LOW_BAL_GATE_2</ns2:Code><ns2:Value>-1</ns2:Value></ns2:SubProperty><ns2:SubProperty><ns2:Code>C_SUB_LOW_BAL_GATE_3</ns2:Code><ns2:Value>-1</ns2:Value></ns2:SubProperty><ns2:SubProperty><ns2:Code>C_SUB_LOW_BAL_GATE_4</ns2:Code><ns2:Value>-1</ns2:Value></ns2:SubProperty><ns2:SubProperty><ns2:Code>C_SUB_NOROAM_CALL_RIGHT</ns2:Code><ns2:Value>0</ns2:Value></ns2:SubProperty><ns2:SubProperty><ns2:Code>C_SUB_LOW_BAL_GATE_5</ns2:Code><ns2:Value>-1</ns2:Value></ns2:SubProperty><ns2:SubProperty><ns"
08:15:06.962 [Test worker] DEBUG org.apache.http.wire -  << "[\r][\n]"
08:15:06.962 [Test worker] DEBUG org.apache.http.wire -  << "0fe8[\r][\n]"
08:15:06.962 [Test worker] DEBUG org.apache.http.wire -  << "2:Code>C_SUB_LOAN_STATUS</ns2:Code><ns2:Value>0</ns2:Value></ns2:SubProperty><ns2:SubProperty><ns2:Code>C_SUB_AUTOTOPUP_RECURRING</ns2:Code><ns2:Value>1</ns2:Value></ns2:SubProperty><ns2:SubProperty><ns2:Code>C_IOD_FLAG</ns2:Code><ns2:Value>0</ns2:Value></ns2:SubProperty><ns2:SubProperty><ns2:Code>C_ETU_BLACKLIST_DATE</ns2:Code><ns2:Value>0</ns2:Value></ns2:SubProperty><ns2:SubProperty><ns2:Code>C_APP_ACTIVE_USAGE</ns2:Code><ns2:Value>0</ns2:Value></ns2:SubProperty><ns2:SubProperty><ns2:Code>C_SUB_BARRINGCODE</ns2:Code><ns2:Value>99999999999</ns2:Value></ns2:SubProperty><ns2:SubProperty><ns2:Code>C_SUB_REFEREE_IDENTIFER</ns2:Code><ns2:Value></ns2:Value></ns2:SubProperty><ns2:SubProperty><ns2:Code>C_SUB_INTERROAM_CALL_RIGHT</ns2:Code><ns2:Value>0</ns2:Value></ns2:SubProperty><ns2:SubProperty><ns2:Code>C_SUB_ID</ns2:Code><ns2:Value>100010000000367360</ns2:Value></ns2:SubProperty></ns2:SubBasicInfo><ns2:UserCustomerKey>CTA00000274021</ns2:UserCustomerKey><ns2:SubIdentity><ns2:SubIdentityType>1</ns2:SubIdentityType><ns2:SubIdentity>3052754321</ns2:SubIdentity><ns2:PrimaryFlag>1</ns2:PrimaryFlag></ns2:SubIdentity><ns2:SubIdentity><ns2:SubIdentityType>2</ns2:SubIdentityType><ns2:SubIdentity>732111324709676</ns2:SubIdentity><ns2:PrimaryFlag>2</ns2:PrimaryFlag></ns2:SubIdentity><ns2:Brand>120</ns2:Brand><ns2:SubClass>1</ns2:SubClass><ns2:NetworkType>1</ns2:NetworkType><ns2:Status>2</ns2:Status><ns2:ConsumptionLimit><ns2:LimitType>C_CL_USAGE_NOROAM</ns2:LimitType><ns2:UnitType>M</ns2:UnitType><ns2:CurrencyID>1032</ns2:CurrencyID><ns2:LimitValue>0</ns2:LimitValue></ns2:ConsumptionLimit><ns3:StatusDetail>000000000000000000000000</ns3:StatusDetail><ns3:ActivationTime>20220718171310</ns3:ActivationTime><ns3:UserCustomer><ns3:CustKey>CTA00000274021</ns3:CustKey><ns3:CustInfo><ns2:CustType>2</ns2:CustType><ns2:CustNodeType>1</ns2:CustNodeType><ns2:CustClass>1</ns2:CustClass><ns2:CustCode>CBS100010000000367359</ns2:CustCode><ns2:CustBasicInfo><ns2:DFTWrittenLang>2002</ns2:DFTWrittenLang><ns2:DFTIVRLang>2002</ns2:DFTIVRLang><ns2:DunningFlag>1</ns2:DunningFlag><ns2:CustProperty><ns2:Code>C_Extend_Cust_Int_Attr8</ns2:Code><ns2:Value></ns2:Value></ns2:CustProperty><ns2:CustProperty><ns2:Code>C_CUSTOMER_TAX_RATE</ns2:Code><ns2:Value></ns2:Value></ns2:CustProperty><ns2:CustProperty><ns2:Code>C_Extend_Cust_Int_Attr9</ns2:Code><ns2:Value></ns2:Value></ns2:CustProperty><ns2:CustProperty><ns2:Code>C_CUST_BANKRUPTCY</ns2:Code><ns2:Value>N</ns2:Value></ns2:CustProperty><ns2:CustProperty><ns2:Code>C_Extend_Cust_Int_Attr10</ns2:Code><ns2:Value></ns2:Value></ns2:CustProperty><ns2:CustProperty><ns2:Code>C_Extend_Cust_Int_Attr4</ns2:Code><ns2:Value></ns2:Value></ns2:CustProperty><ns2:CustProperty><ns2:Code>C_Extend_Cust_Int_Attr5</ns2:Code><ns2:Value></ns2:Value></ns2:CustProperty><ns2:CustProperty><ns2:Code>C_Extend_Cust_Int_Attr6</ns2:Code><ns2:Value></ns2:Value></ns2:CustProperty><ns2:CustProperty><ns2:Code>C_Extend_Cust_Int_Attr7</ns2:Code><ns2:Value></ns2:Value></ns2:CustProperty><ns2:CustProperty><ns2:Code>C_LEGAL_CATEGORY</ns2:Code><ns2:Value></ns2:Value></ns2:CustProperty><ns2:CustProperty><ns2:Code>C_CONTRACT_ID</ns2:Code><ns2:Value></ns2:Value></ns2:CustProperty><ns2:CustProperty><ns2:Code>C_Extend_Cust_Int_Attr1</ns2:Code><ns2:Value></ns2:Value></ns2:CustProperty><ns2:CustProperty><ns2:Code>C_Extend_Cust_Int_Attr2</ns2:Code><ns2:Value></ns2:Value></ns2:CustProperty><ns2:CustProperty><ns2:Code>C_NEW_IC</ns2:Code><ns2:Value></ns2:Value></ns2:CustProperty><ns2:CustProperty><ns2:Code>C_Extend_Cust_Int_Attr3</ns2:Code><ns2:Value></ns2:Value></ns2:CustProperty><ns2:CustProperty><ns2:Code>C_REG_FLAG</ns2:Code><ns2:Value>N</ns2:Value></ns2:CustProperty><ns2:CustProperty><ns2:Code>C_NRC</ns2:Code><ns2:Value></ns2:Value></ns2:CustProperty><ns2:CustProperty><ns2:Code>C_CUST_CATEGORY</ns2:Code><ns2:Value></ns2:Value></ns2:CustProperty><ns2:CustProperty><ns2:Code>C_CUST_SALT</ns2:Code><ns2:Value>7A32D80D92AC0819</ns2:Value></ns2:CustProperty><ns2:CustProperty><ns2:Code>C_EXTERNAL_CUST_ID</ns2:Code><ns2:Value></ns2:Value></ns2:CustP"
08:15:06.962 [Test worker] DEBUG org.apache.http.wire -  << "[\r][\n]"
08:15:06.962 [Test worker] DEBUG org.apache.http.wire -  << "0fe8[\r][\n]"
08:15:06.962 [Test worker] DEBUG org.apache.http.wire -  << "roperty><ns2:CustProperty><ns2:Code>C_FRAUD_FLAG</ns2:Code><ns2:Value>N</ns2:Value></ns2:CustProperty><ns2:CustProperty><ns2:Code>C_CUST_MEDIA_FLAG</ns2:Code><ns2:Value>N</ns2:Value></ns2:CustProperty><ns2:CustProperty><ns2:Code>C_TAX_PAYER_IDENTIFICATION_NO</ns2:Code><ns2:Value></ns2:Value></ns2:CustProperty><ns2:CustProperty><ns2:Code>C_CUST_DECEASED</ns2:Code><ns2:Value>N</ns2:Value></ns2:CustProperty><ns2:CustProperty><ns2:Code>C_EVENING_PHONE</ns2:Code><ns2:Value></ns2:Value></ns2:CustProperty><ns2:CustProperty><ns2:Code>C_Extend_Cust_Str_Attr5</ns2:Code><ns2:Value></ns2:Value></ns2:CustProperty><ns2:CustProperty><ns2:Code>C_Extend_Cust_Str_Attr4</ns2:Code><ns2:Value></ns2:Value></ns2:CustProperty><ns2:CustProperty><ns2:Code>C_Extend_Cust_Str_Attr3</ns2:Code><ns2:Value></ns2:Value></ns2:CustProperty><ns2:CustProperty><ns2:Code>C_Extend_Cust_Str_Attr2</ns2:Code><ns2:Value></ns2:Value></ns2:CustProperty><ns2:CustProperty><ns2:Code>C_DAYTIME_PHONE</ns2:Code><ns2:Value></ns2:Value></ns2:CustProperty><ns2:CustProperty><ns2:Code>C_Extend_Cust_Str_Attr9</ns2:Code><ns2:Value></ns2:Value></ns2:CustProperty><ns2:CustProperty><ns2:Code>C_Extend_Cust_Str_Attr8</ns2:Code><ns2:Value></ns2:Value></ns2:CustProperty><ns2:CustProperty><ns2:Code>C_CUST_MARKETING_CONSENT</ns2:Code><ns2:Value>N</ns2:Value></ns2:CustProperty><ns2:CustProperty><ns2:Code>C_Extend_Cust_Str_Attr7</ns2:Code><ns2:Value></ns2:Value></ns2:CustProperty><ns2:CustProperty><ns2:Code>C_Extend_Cust_Str_Attr6</ns2:Code><ns2:Value></ns2:Value></ns2:CustProperty><ns2:CustProperty><ns2:Code>C_OLD_IC</ns2:Code><ns2:Value></ns2:Value></ns2:CustProperty><ns2:CustProperty><ns2:Code>C_Extend_Cust_Str_Attr1</ns2:Code><ns2:Value></ns2:Value></ns2:CustProperty><ns2:CustProperty><ns2:Code>C_Extend_Cust_Str_Attr10</ns2:Code><ns2:Value></ns2:Value></ns2:CustProperty><ns2:CustProperty><ns2:Code>C_CUST_BILLSUM</ns2:Code><ns2:Value>0</ns2:Value></ns2:CustProperty><ns2:CustProperty><ns2:Code>C_CORP_CUST_SEGMENT</ns2:Code><ns2:Value></ns2:Value></ns2:CustProperty><ns2:CustProperty><ns2:Code>C_ACCESSIBILITY_FLAG</ns2:Code><ns2:Value></ns2:Value></ns2:CustProperty><ns2:CustProperty><ns2:Code>C_CUST_BelToAreaID</ns2:Code><ns2:Value>101</ns2:Value></ns2:CustProperty><ns2:CustProperty><ns2:Code>C_CUST_ID</ns2:Code><ns2:Value>100010000000367359</ns2:Value></ns2:CustProperty></ns2:CustBasicInfo></ns3:CustInfo><ns3:OrgInfo><ns2:IDType>5</ns2:IDType><ns2:IDNumber>913023520</ns2:IDNumber><ns2:OrgName>Comercial</ns2:OrgName><ns2:OrgPhoneNumber>3303000</ns2:OrgPhoneNumber><ns2:OrgEmail>prueba@gmail.com</ns2:OrgEmail></ns3:OrgInfo></ns3:UserCustomer></ns3:SubscriberInfo><ns3:PaymentMode>2</ns3:PaymentMode><ns3:PrimaryOffering><ns2:OfferingKey><ns2:OfferingID>120900003</ns2:OfferingID><ns2:PurchaseSeq>221718</ns2:PurchaseSeq></ns2:OfferingKey><ns2:BundledFlag>S</ns2:BundledFlag><ns2:OfferingClass>I</ns2:OfferingClass><ns2:Status>2</ns2:Status><ns2:ProductInst><ns2:ProductID>1053</ns2:ProductID><ns2:PrimaryFlag>M</ns2:PrimaryFlag><ns2:PackageFlag>A</ns2:PackageFlag><ns2:NetworkType>1</ns2:NetworkType><ns2:ProductType>1</ns2:ProductType></ns2:ProductInst><ns2:ProductInst><ns2:ProductID>1011</ns2:ProductID><ns2:PrimaryFlag>A</ns2:PrimaryFlag><ns2:PackageFlag>A</ns2:PackageFlag><ns2:NetworkType>1</ns2:NetworkType><ns2:ProductType>1</ns2:ProductType></ns2:ProductInst><ns2:ProductInst><ns2:ProductID>1822969218</ns2:ProductID><ns2:PrimaryFlag>A</ns2:PrimaryFlag><ns2:PackageFlag>A</ns2:PackageFlag><ns2:NetworkType>1</ns2:NetworkType><ns2:ProductType>1</ns2:ProductType></ns2:ProductInst><ns2:ProductInst><ns2:ProductID>1014</ns2:ProductID><ns2:PrimaryFlag>A</ns2:PrimaryFlag><ns2:PackageFlag>A</ns2:PackageFlag><ns2:NetworkType>1</ns2:NetworkType><ns2:ProductType>1</ns2:ProductType></ns2:ProductInst><ns2:ProductInst><ns2:ProductID>1042</ns2:ProductID><ns2:PrimaryFlag>A</ns2:PrimaryFlag><ns2:PackageFlag>A</ns2:PackageFlag><ns2:NetworkType>1</ns2:NetworkType><ns2:ProductType>1</ns2:ProductType></ns2:ProductInst></ns3:PrimaryOffering><ns3:SupplementaryOffering><ns2:OfferingKey><ns2:OfferingID"
08:15:06.962 [Test worker] DEBUG org.apache.http.wire -  << "[\r][\n]"
08:15:06.962 [Test worker] DEBUG org.apache.http.wire -  << "0069[\r][\n]"
08:15:06.962 [Test worker] DEBUG org.apache.http.wire -  << ">990000687</ns2:Offering"
08:15:06.962 [Test worker] DEBUG org.apache.http.wire -  << "ID><ns2:PurchaseSeq>1</ns2:PurchaseSeq></ns2:OfferingKey><ns2:BundledFlag>S</ns2:"
08:15:06.962 [Test worker] DEBUG org.apache.http.wire -  << "[\r][\n]"
08:15:06.962 [Test worker] DEBUG org.apache.http.wire -  << "0fe8[\r][\n]"
08:15:06.962 [Test worker] DEBUG org.apache.http.wire -  << "BundledFlag><ns2:OfferingClass>I</ns2:OfferingClass><ns2:Status>2</ns2:Status><ns3:EffectiveTime>20220719000000</ns3:EffectiveTime><ns3:ExpirationTime>20271212000000</ns3:ExpirationTime><ns3:ActivationMode>A</ns3:ActivationMode><ns3:ActivationTime>20220719000000</ns3:ActivationTime></ns3:SupplementaryOffering><ns3:SupplementaryOffering><ns2:OfferingKey><ns2:OfferingID>990000688</ns2:OfferingID><ns2:PurchaseSeq>1</ns2:PurchaseSeq></ns2:OfferingKey><ns2:BundledFlag>S</ns2:BundledFlag><ns2:OfferingClass>I</ns2:OfferingClass><ns2:Status>2</ns2:Status><ns3:EffectiveTime>20220719000000</ns3:EffectiveTime><ns3:ExpirationTime>20271212000000</ns3:ExpirationTime><ns3:ActivationMode>A</ns3:ActivationMode><ns3:ActivationTime>20220719000000</ns3:ActivationTime></ns3:SupplementaryOffering></ns3:Subscriber><ns3:Account><ns3:AcctKey>PRE-8960004156</ns3:AcctKey><ns3:AcctInfo><ns3:AcctCode>CBS100010000000367361</ns3:AcctCode><ns3:UserCustomerKey>CTA00000274021</ns3:UserCustomerKey><ns3:UserCustomer><ns3:CustKey>CTA00000274021</ns3:CustKey><ns3:CustInfo><ns2:CustType>2</ns2:CustType><ns2:CustNodeType>1</ns2:CustNodeType><ns2:CustClass>1</ns2:CustClass><ns2:CustCode>CBS100010000000367359</ns2:CustCode><ns2:CustBasicInfo><ns2:DFTWrittenLang>2002</ns2:DFTWrittenLang><ns2:DFTIVRLang>2002</ns2:DFTIVRLang><ns2:DunningFlag>1</ns2:DunningFlag><ns2:CustProperty><ns2"
08:15:07.007 [Test worker] DEBUG org.apache.http.wire -  << ":Code>C_Extend_Cust_Int_Attr8</ns2:Code><ns2:Value></ns2:Value></ns2:CustProperty><ns2:CustProperty><ns2:Code>C_CUSTOMER_TAX_RATE</ns2:Code><ns2:Value></ns2:Value></ns2:CustProperty><ns2:CustProperty><ns2:Code>C_Extend_Cust_Int_Attr9</ns2:Code><ns2:Value></ns2:Value></ns2:CustProperty><ns2:CustProperty><ns2:Code>C_CUST_BANKRUPTCY</ns2:Code><ns2:Value>N</ns2:Value></ns2:CustProperty><ns2:CustProperty><ns2:Code>C_Extend_Cust_Int_Attr10</ns2:Code><ns2:Value></ns2:Value></ns2:CustProperty><ns2:CustProperty><ns2:Code>C_Extend_Cust_Int_Attr4</ns2:Code><ns2:Value></ns2:Value></ns2:CustProperty><ns2:CustProperty><ns2:Code>C_Extend_Cust_Int_Attr5</ns2:Code><ns2:Value></ns2:Value></ns2:CustProperty><ns2:CustProperty><ns2:Code>C_Extend_Cust_Int_Attr6</ns2:Code><ns2:Value></ns2:Value></ns2:CustProperty><ns2:CustProperty><ns2:Code>C_Extend_Cust_Int_Attr7</ns2:Code><ns2:Value></ns2:Value></ns2:CustProperty><ns2:CustProperty><ns2:Code>C_LEGAL_CATEGORY</ns2:Code><ns2:Value></ns2:Value></ns2:CustProperty><ns2:CustProperty><ns2:Code>C_CONTRACT_ID</ns2:Code><ns2:Value></ns2:Value></ns2:CustProperty><ns2:CustProperty><ns2:Code>C_Extend_Cust_Int_Attr1</ns2:Code><ns2:Value></ns2:Value></ns2:CustProperty><ns2:CustProperty><ns2:Code>C_Extend_Cust_Int_Attr2</ns2:Code><ns2:Value></ns2:Value></ns2:CustProperty><ns2:CustProperty><ns2:Code>C_NEW_IC</ns2:Code><ns2:Value></ns2:Value></ns2:CustProperty><ns2:CustProperty><ns2:Code>C_Extend_Cust_Int_Attr3</ns2:Code><ns2:Value></ns2:Value></ns2:CustProperty><ns2:CustProperty><ns2:Code>C_REG_FLAG</ns2:Code><ns2:Value>N</ns2:Value></ns2:CustProperty><ns2:CustProperty><ns2:Code>C_NRC</ns2:Code><ns2:Value></ns2:Value></ns2:CustProperty><ns2:CustProperty><ns2:Code>C_CUST_CATEGORY</ns2:Code><ns2:Value></ns2:Value></ns2:CustProperty><ns2:CustProperty><ns2:Code>C_CUST_SALT</ns2:Code><ns2:Value>7A32D80D92AC0819</ns2:Value></ns2:CustProperty><ns2:CustProperty><ns2:Code>C_EXTERNAL_CUST_ID</ns2:Code><ns2:Value></ns2:Value></ns2:CustProperty><ns2:CustProperty><ns2:Code>C_FRAUD_FLAG</ns2:Code><ns2:Value>N</ns2:Value></ns2:CustProperty><ns2:CustProperty><ns2:Code>C_CUST_MEDIA_FLAG</ns2:Code><ns2:Value>N</ns2:Value></ns2:CustProperty><ns2:CustProperty><ns2:Code>C_TAX_PAYER_IDENTIFICATION_NO</ns2:Code><ns2:Value></ns2:Value></ns2:CustProperty><ns2:CustProperty><ns2:Code>C_CUST_DECEASED</ns2:Code><ns2:Value>N</ns2:Value></ns2:CustProperty><ns2:CustProperty><ns2:Code>C_EVENING_PHONE</ns2:Code><ns2:Value></ns2:Value></ns2:CustProperty><ns2:CustProperty><ns2:Code>C_Extend_Cust_Str_Attr5</ns2:Code><ns2:Value></ns2:Value></ns2:CustProperty><ns2:CustProperty><ns2:Code>C_Extend_Cust_Str_Attr4</ns2:Code><ns2:Value></ns2:Value></ns2:CustProperty><ns2:CustProperty><ns2:Code>C"
08:15:07.007 [Test worker] DEBUG org.apache.http.wire -  << "[\r][\n]"
08:15:07.007 [Test worker] DEBUG org.apache.http.wire -  << "0fe8[\r][\n]"
08:15:07.007 [Test worker] DEBUG org.apache.http.wire -  << "_Extend_Cust_Str_Attr3</ns2:Code><ns2:Value></ns2:Value></ns2:CustProperty><ns2:CustProperty><ns2:Code>C_Extend_Cust_Str_Attr2</ns2:Code><ns2:Value></ns2:Value></ns2:CustProperty><ns2:CustProperty><ns2:Code>C_DAYTIME_PHONE</ns2:Code><ns2:Value></ns2:Value></ns2:CustProperty><ns2:CustProperty><ns2:Code>C_Extend_Cust_Str_Attr9</ns2:Code><ns2:Value></ns2:Value></ns2:CustProperty><ns2:CustProperty><ns2:Code>C_Extend_Cust_Str_Attr8</ns2:Code><ns2:Value></ns2:Value></ns2:CustProperty><ns2:CustProperty><ns2:Code>C_CUST_MARKETING_CONSENT</ns2:Code><ns2:Value>N</ns2:Value></ns2:CustProperty><ns2:CustProperty><ns2:Code>C_Extend_Cust_Str_Attr7</ns2:Code><ns2:Value></ns2:Value></ns2:CustProperty><ns2:CustProperty><ns2:Code>C_Extend_Cust_Str_Attr6</ns2:Code><ns2:Value></ns2:Value></ns2:CustProperty><ns2:CustProperty><ns2:Code>C_OLD_IC</ns2:Code><ns2:Value></ns2:Value></ns2:CustProperty><ns2:CustProperty><ns2:Code>C_Extend_Cust_Str_Attr1</ns2:Code><ns2:Value></ns2:Value></ns2:CustProperty><ns2:CustProperty><ns2:Code>C_Extend_Cust_Str_Attr10</ns2:Code><ns2:Value></ns2:Value></ns2:CustProperty><ns2:CustProperty><ns2:Co"
08:15:07.007 [Test worker] DEBUG org.apache.http.wire -  << "de>C_CUST_BILLSUM</ns2:Code><ns2:Value>0</ns2:Value></ns2:CustProperty><ns2:CustProperty><ns2:Code>C_CORP_CUST_SEGMENT</ns2:Code><ns2:Value></ns2:Value></ns2:CustProperty><ns2:CustProperty><ns2:Code>C_ACCESSIBILITY_FLAG</ns2:Code><ns2:Value></ns2:Value></ns2:CustProperty><ns2:CustProperty><ns2:Code>C_CUST_BelToAreaID</ns2:Code><ns2:Value>101</ns2:Value></ns2:CustProperty><ns2:CustProperty><ns2:Code>C_CUST_ID</ns2:Code><ns2:Value>100010000000367359</ns2:Value></ns2:CustProperty></ns2:CustBasicInfo></ns3:CustInfo><ns3:OrgInfo><ns2:IDType>5</ns2:IDType><ns2:IDNumber>913023520</ns2:IDNumber><ns2:OrgName>Comercial</ns2:OrgName><ns2:OrgPhoneNumber>3303000</ns2:OrgPhoneNumber><ns2:OrgEmail>prueba@gmail.com</ns2:OrgEmail></ns3:OrgInfo></ns3:UserCustomer><ns3:RootAcctKey>PRE-8960004156</ns3:RootAcctKey><ns3:AcctBasicInfo><ns2:BillLang>2002</ns2:BillLang><ns2:DunningFlag>1</ns2:DunningFlag><ns2:LateFeeChargeable>N</ns2:LateFeeChargeable><ns2:RedlistFlag>0</ns2:RedlistFlag><ns2:ContactInfo><ns2:FirstName>Comercial</ns2:FirstName><ns2:LastName>Nutresa</ns2:LastName><ns2:AddressKey>615d4e72e9e7452075c1359158d1625b</ns2:AddressKey><ns2:HomePhone>3303000</ns2:HomePhone><ns2:MobilePhone>3052754321</ns2:MobilePhone><ns2:Email>prueba@gmail.com</ns2:Email></ns2:ContactInfo><ns2:"
08:15:07.013 [Test worker] DEBUG org.apache.http.wire -  << "AcctProperty><ns2:Code>C_ACCOUNT_INFO_5</ns2:Code><ns2:Value></ns2:Value></ns2:AcctProperty><ns2:AcctProperty><ns2:Code>C_GRP_IND_ACCT</ns2:Code><ns2:Value></ns2:Value></ns2:AcctProperty><ns2:AcctProperty><ns2:Code>C_INIT_BALANCE</ns2:Code><ns2:Value></ns2:Value></ns2:AcctProperty><ns2:AcctProperty><ns2:Code>C_ACCOUNT_INFO_3</ns2:Code><ns2:Value></ns2:Value></ns2:AcctProperty><ns2:AcctProperty><ns2:Code>C_ACCOUNT_INFO_4</ns2:Code><ns2:Value></ns2:Value></ns2:AcctProperty><ns2:AcctProperty><ns2:Code>C_Extend_Acct_Int_Attr1</ns2:Code><ns2:Value></ns2:Value></ns2:AcctProperty><ns2:AcctProperty><ns2:Code>C_Extend_Acct_Int_Attr2</ns2:Code><ns2:Value></ns2:Value></ns2:AcctProperty><ns2:AcctProperty><ns2:Code>C_Extend_Acct_Int_Attr3</ns2:Code><ns2:Value></ns2:Value></ns2:AcctProperty><ns2:AcctProperty><ns2:Code>C_POINT_ACCM_FLAG</ns2:Code><ns2:Value>1</ns2:Value></ns2:AcctProperty><ns2:AcctProperty><ns2:Code>C_RTN</ns2:Code><ns2:Value></ns2:Value></ns2:AcctProperty><ns2:AcctProperty><ns2:Code>C_BILLING_GROUP_NO</ns2:Code><ns2:Value></ns2:Value></ns2:AcctProperty><ns2:AcctProperty><ns2:Code>C_GRACE_PERIOD</ns2:Code><ns2:Value></ns2:Value></ns2:AcctProperty><ns2:AcctProperty><ns2:Code>C_BILL_TYPE</ns2:Code><ns2:Value>T</ns2:Value></ns2:AcctProperty><ns2:AcctProperty><n"
08:15:07.013 [Test worker] DEBUG org.apache.http.wire -  << "s2:Code>C_TAX_CORRELATIVE_TYPE</ns2:Code><ns2:Value></ns2:Value></ns2:AcctProperty><ns2:AcctProperty><ns2:Code>C_ACCOUNT_CATEGORY</ns2:Code><ns2:Value>0</ns2:Value></ns2:AcctProperty><ns2:AcctProperty><ns2:Code>C_IS_VPN_ACCT_SUSPEND</ns2:Code><ns2:Value>0</ns2:Value></ns2:AcctProperty><ns2:AcctProperty><ns2:Code>C_BUSINESS_TYPE</ns2:Code><ns2:Value>0</ns2:Value></ns2:AcctProperty><ns2:Acct"
08:15:07.013 [Test worker] DEBUG org.apache.http.wire -  << "[\r][\n]"
08:15:07.013 [Test worker] DEBUG org.apache.http.wire -  << "0fe8[\r][\n]"
08:15:07.013 [Test worker] DEBUG org.apache.http.wire -  << "Property><ns2:Code>C_Extend_Acct_Int_Attr4</ns2:Code><ns2:Value></ns2:Value></ns2:AcctProperty><ns2:AcctProperty><ns2:Code>C_Extend_Acct_Int_Attr5</ns2:Code><ns2:Value></ns2:Value></ns2:AcctProperty><ns2:AcctProperty><ns2:Code>C_FRAUD_WRITEOFF_FLAG</ns2:Code><ns2:Value>N</ns2:Value></ns2:AcctProperty><ns2:AcctProperty><ns2:Code>C_Extend_Acct_Int_Attr6</ns2:Code><ns2:Value></ns2:Value></ns2:AcctProperty><ns2:AcctProperty><ns2:Code>C_Extend_Acct_Int_Attr7</ns2:Code><ns2:Value></ns2:Value></ns2:AcctProperty><ns2:AcctProperty><ns2:Code>C_IMG_IDX</ns2:Code><ns2:Value></ns2:Value></ns2:AcctProperty><ns2:AcctProperty><ns2:Code>C_Extend_Acct_Int_Attr8</ns2:Code><ns2:Value></ns2:Value></ns2:AcctProperty><ns2:AcctProperty><ns2:Code>C_ACCOUNT_INFO_1</ns2:Code><ns2:Value></ns2:Value></ns2:AcctProperty><ns2:AcctProperty><ns2:Code>C_MCF_SELECTED</ns2:Code><ns2:Value>1</ns2:Value></"
08:15:07.013 [Test worker] DEBUG org.apache.http.wire -  << "ns2:AcctProperty><ns2:AcctProperty><ns2:Code>C_Extend_Acct_Int_Attr9</ns2:Code><ns2:Value></ns2:Value></ns2:AcctProperty><ns2:AcctProperty><ns2:Code>C_VERIFICATION_DIGIT</ns2:Code><ns2:Value></ns2:Value></ns2:AcctProperty><ns2:AcctProperty><ns2:Code>C_ACCOUNT_INFO_2</ns2:Code><ns2:Value></ns2:Value></ns2:AcctProperty><ns2:AcctProperty><ns2:Code>C_PRI_SUB_ID</ns2:Code><ns2:Value></ns2:Value></ns2:AcctProperty><ns2:AcctProperty><ns2:Code>C_DVD_IDX</ns2:Code><ns2:Value>N</ns2:Value></ns2:AcctProperty><ns2:AcctProperty><ns2:Code>C_Extend_Acct_Str_Attr1</ns2:Code><ns2:Value></ns2:Value></ns2:AcctProperty><ns2:AcctProperty><ns2:Code>C_POINT_EXCHANGE_FLAG</ns2:Code><ns2:Value>0</ns2:Value></ns2:AcctProperty><ns2:AcctProperty><ns2:Code>C_ACCT_AUTOPAY_FAILCOUNTER</ns2:Code><ns2:Value>0</ns2:Value></ns2:AcctProperty><ns2:AcctProperty><ns2:Code>C_NIT</ns2:Code><ns2:Value></ns2:Value></ns2:AcctProperty><ns2:AcctProperty><ns2:Code>C_CONTRACT_NUMBER</ns2:Code><ns2:Value></ns2:Value></ns2:AcctProperty><ns2:AcctProperty><ns2:Code>C_PAY_INTIME_DATE</ns2:Code><ns2:Value></ns2:Value></ns2:AcctProperty><ns2:AcctProperty><ns2:Code>C_OVER_DRAFT_FOR_PREPAID</ns2:Code><ns2:Value></ns2:Value></ns2:AcctProperty><ns2:AcctProperty><ns2:Code>LastAcctDailyBillTime</ns2:Code><ns2:Value>2022"
08:15:07.013 [Test worker] DEBUG org.apache.http.wire -  << "0718220042</ns2:Value></ns2:AcctProperty><ns2:AcctProperty><ns2:Code>C_ACCOUNT_TAX_EXEMPTION</ns2:Code><ns2:Value>0</ns2:Value></ns2:AcctProperty><ns2:AcctProperty><ns2:Code>C_ACCT_BILLFLAG</ns2:Code><ns2:Value>0</ns2:Value></ns2:AcctProperty><ns2:AcctProperty><ns2:Code>C_DUNNING_EXCEPTION_LIST</ns2:Code><ns2:Value>0000</ns2:Value></ns2:AcctProperty><ns2:AcctProperty><ns2:Code>C_MARKETING_CATEGORY</ns2:Code><ns2:Value></ns2:Value></ns2:AcctProperty><ns2:AcctProperty><ns2:Code>C_SOCIETY</ns2:Code><ns2:Value></ns2:Value></ns2:AcctProperty><ns2:AcctProperty><ns2:Code>C_DDI_STATUS</ns2:Code><ns2:Value></ns2:Value></ns2:AcctProperty><ns2:AcctProperty><ns2:Code>C_Extend_Acct_Str_Attr10</ns2:Code><ns2:Value></ns2:Value></ns2:AcctProperty><ns2:AcctProperty><ns2:Code>C_Extend_Acct_Str_Attr9</ns2:Code><ns2:Value></ns2:Value></ns2:AcctProperty><ns2:AcctProperty><ns2:Code>C_ECONOMIC_STRATUM</ns2:Code><ns2:Value></ns2:Value></ns2:AcctProperty><ns2:AcctProperty><ns2:Code>C_Extend_Acct_Str_Attr8</ns2:Code><ns2:Value></ns2:Value></ns2:AcctProperty><ns2:AcctProperty><ns2:Code>C_Extend_Acct_Str_Attr7</ns2:Code><ns2:Value></ns2:Value></ns2:AcctProperty><ns2:AcctProperty><ns2:Code>C_Extend_Acct_Str_Attr6</ns2:Code><ns2:Value></ns2:Value></ns2:AcctProperty><ns2:AcctProperty><ns2:C"
08:15:07.014 [Test worker] DEBUG org.apache.http.wire -  << "ode>C_Extend_Acct_Str_Attr5</ns2:Code><ns2:Value></ns2:Value></ns2:AcctProperty><ns2:AcctProperty><ns2:Code>C_BILL_CONFIRM</ns2:Code><ns2:Value>N</ns2:Value></ns2:AcctProperty><ns2:AcctProperty><ns2:Code>C_Extend_Acct_Str_Attr4</ns2:Code><ns2:Value></ns2:Value></ns2:AcctProperty><ns2:AcctProperty><ns2:Code>C_Extend_Acct_Str_Attr3</ns2:Code><ns2:Value></ns2:Value></ns2:AcctProperty><ns2:AcctProperty><ns2:Code>C_ACCT_STATUS</ns2:Code><ns2:Value>0</ns2:Value></ns2:AcctProperty><ns2:AcctProperty><ns2:Code>C_Extend_Acct_Str_Attr2</ns2:Code><ns2:Value></ns2:Value></ns2:AcctProperty><ns2:AcctProperty><ns2:Code>C_Extend_Acct_Int_Att"
08:15:07.014 [Test worker] DEBUG org.apache.http.wire -  << "[\r][\n]"
08:15:07.014 [Test worker] DEBUG org.apache.http.wire -  << "0079[\r][\n]"
08:15:07.015 [Test worker] DEBUG org.apache.http.wire -  << "r10</ns2:Code><ns2:Value></ns2:Value></ns2:AcctProperty><ns2:AcctProperty><ns2:Code>C_ACCOUNT_RELIABILITY</ns2:Code><ns2:"
08:15:07.015 [Test worker] DEBUG org.apache.http.wire -  << "[\r][\n]"
08:15:07.015 [Test worker] DEBUG org.apache.http.wire -  << "0fe8[\r][\n]"
08:15:07.015 [Test worker] DEBUG org.apache.http.wire -  << "Value></ns2:Value></ns2:AcctProperty><ns2:AcctProperty><ns2:Code>C_COLLECTION_CATEGORY</ns2:Code><ns2:Value></ns2:Value></ns2:AcctProperty><ns2:AcctProperty><ns2:Code>C_CITY</ns2:Code><ns2:Value></ns2:Value></ns2:AcctProperty><ns2:AcctProperty><ns2:Code>C_ACCOUNT_MANDATE_CODE</ns2:Code><ns2:Value></ns2:Value></ns2:AcctProperty><ns2:AcctProperty><ns2:Code>C_PROVINCE</ns2:Code><ns2:Value></ns2:Value></ns2:AcctProperty><ns2:AcctProperty><ns2:Code>C_RFC</ns2:Code><ns2:Value></ns2:Value></ns2:AcctProperty><ns2:AcctProperty><ns2:Code>C_CLAIM_FLAG</ns2:Code><ns2:Value>N</ns2:Value></ns2:AcctProperty><ns2:AcctProperty><ns2:Code>C_ROUTEID</ns2:Code><ns2:Value></ns2:Value></ns2:AcctProperty><ns2:AcctProperty><ns2:Code>C_SUC_AUTOPAY_DATE</ns2:Code><ns2:Value></ns2:Value></ns2:AcctProperty><ns2:AcctProperty><ns2:Code>C_POINT_DISTRIBUTE_RATE</ns2:Code><ns2:Value>0</ns2:Value></ns2:AcctProperty><ns2:AcctProperty><ns2:Code>C_ROAM_ACCT_ORDER_SEND</ns2:Code><ns2:Value>0</ns2:Value></ns2:AcctProperty><ns2:AcctProperty><ns2:Code>C_DD_REFERENCE</ns2:Code><ns2:Value></ns2:Value></ns2:AcctProperty><ns2:AcctProperty><ns2:Code>C_TERRITORY</ns2:Code><ns2:Value></ns2:Value></ns2:AcctProperty><ns2:AcctProperty><ns2:Code>C_CHG_ACCT_STATUS</ns2:Code><ns2:Value>0</ns2:Value></ns2:AcctProperty><ns2:AcctProperty><ns2:Code>C_DUE_DATE_TYPE</ns2:Code><ns2:Value></ns2:Value></ns2:AcctProperty><ns2:AcctProperty><ns2:Code>C_CREDIT_RECALCULATION_FLAG</ns2:Code><ns2:Value>N</ns2:Value></ns2:AcctProperty><ns2:AcctProperty><ns2:Code>C_BUSINESS_UNIT</ns2:Code><ns2:Value></ns2:Value></ns2:AcctProperty><ns2:AcctProperty><ns2:Code>C_OTHER_CARRIER</ns2:Code><ns2:Value>0</ns2:Value></ns2:AcctProperty><ns2:AcctProperty><ns2:Code>C_LATEFEE_FLAG</ns2:Code><ns2:Value>N</ns2:Value></ns2:AcctProperty><ns2:AcctProp"
08:15:07.015 [Test worker] DEBUG org.apache.http.wire -  << "erty><ns2:Code>C_REF_A</ns2:Code><ns2:Value></ns2:Value></ns2:AcctProperty><ns2:AcctProperty><ns2:Code>OverDraftForPrepaid</ns2:Code><ns2:Value>0</ns2:Value></ns2:AcctProperty><ns2:AcctProperty><ns2:Code>C_BILL_DISPATCH_CODE</ns2:Code><ns2:Value></ns2:Value></ns2:AcctProperty><ns2:AcctProperty><ns2:Code>C_REF_B</ns2:Code><ns2:Value></ns2:Value></ns2:AcctProperty><ns2:AcctProperty><ns2:Code>C_ACCTCYCLELENGTH</ns2:Code><ns2:Value>1</ns2:Value></ns2:AcctProperty><ns2:AcctProperty><ns2:Code>C_PRI_SUB_IDENTIFIER</ns2:Code><ns2:Value></ns2:Value></ns2:AcctProperty><ns2:AcctProperty><ns2:Code>C_DCA_NAME</ns2:Code><ns2:Value></ns2:Value></ns2:AcctProperty><ns2:AcctProperty><ns2:Code>C_ACCT_ID</ns2:Code><ns2:Value>100010000000367361</ns2:Value></ns2:AcctProperty></ns3:AcctBasicInfo><ns3:BillCycleType>19</ns3:BillCycleType><ns3:AcctType>1</ns3:AcctType><ns3:PaymentType>0</ns3:PaymentType><ns3:AcctClass>1</ns3:AcctClass><ns3:CurrencyID>1032</ns3:CurrencyID><ns3:AcctPayMethod>1</ns3:AcctPayMethod><ns3:AddressInfo><ns2:AddressKey>615d4e72e9e7452075c1359158d1625b</ns2:AddressKey><ns2:Address1>Carrera 1# 32</ns2:Address1><ns2:Address5>BOGOTA</ns2:Address5><ns2:Address6>BOGOTA D.E</ns2:Address6><ns2:Address7>Centro</ns2:Address7><ns2:Address8>Colombia</ns2:Address8></ns3:AddressInfo><ns3:BillCycleOpenDate>20220719000000</ns3:BillCycleOpenDate><ns3:BillCycleEndDate>20220819000000</ns3:BillCycleEndDate></ns3:AcctInfo></ns3:Account><ns3:Account><ns3:AcctKey>8960004156</ns3:AcctKey><ns3:AcctInfo><ns3:AcctCode>896000415654</ns3:AcctCode><ns3:UserCustomerKey>CTA00000274021</ns3:UserCustomerKey><ns3:UserCustomer><ns3:CustKey>CTA00000274021</ns3:CustKey><ns3:CustInfo><ns2:CustType>2</ns2:CustType><ns2:CustNodeType>1</ns2:CustNodeType><ns2:CustClass>1</ns2:CustClass><ns2:CustCode>CBS100010000000367359</ns2:CustCode><ns2:CustBasicInfo><ns2:DFTWrittenLang>2002</ns2:DFTWrittenLang><ns2:DFTIVRLang>2002</ns2:DFTIVRLang><ns2:DunningFlag>1</ns2:DunningFlag><ns2:CustProperty><ns2:Code>C_Extend_Cust_Int_Attr8</ns2:Code><ns2:Value></ns2:Value></ns2:CustProperty><ns2:CustProperty><ns2:Code>C_CUSTOMER_TAX_RATE</ns2:Code><ns2:Value></ns2:Value></ns2:CustProperty><ns2:CustProperty><ns2:Code>C_Extend_Cust_Int_Attr9</ns2:Code><ns2:Value></ns2:Value></ns2:CustProperty><ns2:CustPrope"
08:15:07.015 [Test worker] DEBUG org.apache.http.wire -  << "[\r][\n]"
08:15:07.015 [Test worker] DEBUG org.apache.http.wire -  << "0fe8[\r][\n]"
08:15:07.015 [Test worker] DEBUG org.apache.http.wire -  << "rty><ns2:Code>C_CUST_BANKRUPTCY</ns2:Code><ns2:Value>N</ns2:Value></ns2:CustProperty><ns2:CustProperty><ns2:Code>C_Extend_Cust_Int_Attr10</ns2:Code><ns2:Value></ns2:Value></ns2:CustProperty><ns2:CustProperty><ns2:Code>C_Extend_Cust_Int_Attr4</ns2:Code><ns2:Value></ns2:Value></ns2:CustProperty><ns2:CustProperty><ns2:Code>C_Extend_Cust_Int_Attr5</ns2:Code><ns2:Value></ns2:Value></ns2:CustProperty><ns2:CustProperty><ns2:Code>C_Extend_Cust_Int_Attr6</ns2:Code><ns2:Value></ns2:Value></ns2:CustProperty><ns2:CustProperty><ns2:Code>C_Extend_Cust_Int_Attr7</ns2:Code><ns2:Value></ns2:Value></ns2:CustProperty><ns2:CustProperty><ns2:Code>C_LEGAL_CATEGORY</ns2:Code><ns2:Value></ns2:Value></ns2:CustProperty><ns2:CustProperty><ns2:Code>C_CONTRACT_ID</ns2:Code><ns2:Value></ns2:Value></ns2:CustProperty><ns2:CustProperty><ns2:Code>C_Extend_Cust_Int_Attr1</ns2:Code><ns2:Value></ns2:Value></ns2:CustProperty><ns2:CustProperty><ns2:Code>C_Extend_Cust_Int_Attr2</ns2:Code><ns2:Value></ns2:Value></ns2:CustProperty><ns2:CustProperty><ns2:Code>C_NEW_IC</ns2:Code><ns2:Value></ns2:Value></ns2:CustProperty><ns2:CustProperty><ns2:Code>C_Extend_Cust_Int_Attr3</ns2:Code><ns2:Value></ns2:Value></ns2:CustProperty><ns2:CustProperty><ns2:Code>C_REG_FLAG</ns2:Code><ns2:Value>N</ns2:Value></ns2:CustProperty><ns2:CustProperty><ns2:Code>C_NRC</ns2:Code><ns2:Value></ns2:Value></ns2:CustProperty><ns2:CustProperty><ns2:Code>C_CUST_CATEGORY</ns2:Code><ns2:Value></ns2:Value></ns2:CustProperty><ns2:CustProperty><ns2:Code>C_CUST_SALT</ns2:Code><ns2:Value>7A32D80D92AC0819</"
08:15:07.016 [Test worker] DEBUG org.apache.http.wire -  << "ns2:Value></ns2:CustProperty><ns2:CustProperty><ns2:Code>C_EXTERNAL_CUST_ID</ns2:Code><ns2:Value></ns2:Value></ns2:CustProperty><ns2:CustProperty><ns2:Code>C_FRAUD_FLAG</ns2:Code><ns2:Value>N</ns2:Value></ns2:CustProperty><ns2:CustProperty><ns2:Code>C_CUST_MEDIA_FLAG</ns2:Code><ns2:Value>N</ns2:Value></ns2:CustProperty><ns2:CustProperty><ns2:Code>C_TAX_PAYER_IDENTIFICATION_NO</ns2:Code><ns2:Value></ns2:Value></ns2:CustProperty><ns2:CustProperty><ns2:Code>C_CUST_DECEASED</ns2:Code><ns2:Value>N</ns2:Value></ns2:CustProperty><ns2:CustProperty><ns2:Code>C_EVENING_PHONE</ns2:Code><ns2:Value></ns2:Value></ns2:CustProperty><ns2:CustProperty><ns2:Code>C_Extend_Cust_Str_Attr5</ns2:Code><ns2:Value></ns2:Value></ns2:CustProperty><ns2:CustProperty><ns2:Code>C_Extend_Cust_Str_Attr4</ns2:Code><ns2:Value></ns2:Value></ns2:CustProperty><ns2:CustProperty><ns2:Code>C_Extend_Cust_Str_Attr3</ns2:Code><ns2:Value></ns2:Value></ns2:CustProperty><ns2:CustProperty><ns2:Code>C_Extend_Cust_Str_Attr2</ns2:Code><ns2:Value></ns2:Value></ns2:CustProperty><ns2:CustProperty><ns2:Code>C_DAYTIME_PHONE</ns2:Code><ns2:Value></ns2:Value></ns2:CustProperty><ns2:CustProperty><ns2:Code>C_Extend_Cust_Str_Attr9</ns2:Code><ns2:Value></ns2:Value></ns2:CustProperty><ns2:CustProperty><ns2:Code>C_Extend_Cust_Str_Attr8</ns2:Code><ns2:Value></ns2:Value></ns2:CustProperty><ns2:CustProperty><ns2:Code>C_CUST_MARKETING_CONSENT</ns2:Code><ns2:Value>N</ns2:Value></ns2:CustProperty><ns2:CustProperty><ns2:Code>C_Extend_Cust_Str_Attr7</ns2:Code><ns2:Value></ns2:Value></ns2:CustProperty><ns2:CustProperty><ns2:Code>C_Extend_Cust_Str_Attr6</ns2:Code><ns2:Value></ns2:Value></ns2:CustProperty><ns2:CustProperty><ns2:Code>C_OLD_IC</ns2:Code><ns2:Value></ns2:Value></ns2:CustProperty><ns2:CustProperty><ns2:Code>C_Extend_Cust_Str_Attr1</ns2:Code><ns2:Value></ns2:Value></ns2:CustProperty><ns2:CustProperty><ns2:Code>C_Extend_Cust_Str_Attr10</ns2:Code><ns2:Value></ns2:Value></ns2:CustProperty><ns2:CustProperty><ns2:Code>C_CUST_BILLSUM</ns2:Code><ns2:Value>0</ns2:Value></ns2:CustProperty><ns2:CustProperty><ns2:Code>C_CORP_CUST_SEGMENT</ns2:Code><ns2:Value></ns2:Value></ns2:CustProperty><ns2:CustProperty><ns2:Code>C_ACCESSIBILITY_FLAG</ns2:Code><ns2:Value></ns2:Value></ns2:CustProperty><ns2:CustProperty><ns2:Code>C_CUST_BelToAreaID</ns2:Code><ns2:Value>101</ns2:Value></ns2:CustProperty><ns2:CustProperty><ns2:Code>C_CUST_ID</ns2:Code><ns2:Value>100010000000367359</ns2:Value></ns2:CustProperty></ns2:CustBasicInfo></ns3:CustInfo><ns3:OrgInfo><ns2:IDTyp"
08:15:07.016 [Test worker] DEBUG org.apache.http.wire -  << "[\r][\n]"
08:15:07.016 [Test worker] DEBUG org.apache.http.wire -  << "0fe8[\r][\n]"
08:15:07.016 [Test worker] DEBUG org.apache.http.wire -  << "e>5</ns2:IDType><ns2:IDNumber>913023520</ns2:IDNumber><ns2:OrgName>Comercial</ns2:OrgName><ns2:OrgPhoneNumber>3303000</ns2:OrgPhoneNumber><ns2:OrgEmail>prueba@gmail.com</ns2:OrgEmail></ns3:OrgInfo></ns3:UserCustomer><ns3:RootAcctKey>8960004156</ns3:RootAcctKey><ns3:AcctBasicInfo><ns2:BillLang>2002</ns2:BillLang><ns2:DunningFlag>1</ns2:DunningFlag><ns2:LateFeeChargeable>N</ns2:LateFeeChargeable><ns2:RedlistFlag>0</ns2:RedlistFlag><ns2:ContactInfo><ns2:FirstName>Comercial</ns2:FirstName><ns2:LastName>Nutresa</ns2:LastName><ns2:AddressKey>615d4e72e9e7452075c1359158d1625b</ns2:AddressKey><ns2:HomePhone>3303000</ns2:HomePhone><ns2:MobilePhone>3052754321</ns2:MobilePhone><ns2:Email>prueba@gmail.com</ns2:Email></ns2:ContactInfo><ns2:FreeBillMedium><ns2:BMCode>1</ns2:BMCode><ns2:BMType>2</ns2:BMType></ns2:FreeBillMedium><ns2:FreeBillMedium><ns2:BMCode>5</ns2:BMCode><ns2:BMType>2</ns2:BMType></ns2:FreeBillMedium><ns2:AcctProperty><ns2:Code>C_ACCOUNT_INFO_5</ns2:Code><ns2:Value>0</ns2:Value></ns2:AcctProperty><ns2:AcctProperty><ns2:Code>C_GRP_IND_ACCT</ns2:Code><ns2:Value></ns2:Value></ns2:AcctProperty><ns2:AcctProperty><ns2:Code>C_INIT_BALANCE</ns2:Code><ns2:Value></ns2:Value></ns2:AcctProperty><ns2:AcctProperty><ns2:Code>C_ACCOUNT_INFO_3</ns2:Code><ns2:Value></ns2:Value></ns2:AcctProperty><ns2:Acct"
08:15:07.016 [Test worker] DEBUG org.apache.http.wire -  << "Property><ns2:Code>C_ACCOUNT_INFO_4</ns2:Code><ns2:Value>DFT</ns2:Value></ns2:AcctProperty><ns2:AcctProperty><ns2:Code>C_Extend_Acct_Int_Attr1</ns2:Code><ns2:Value></ns2:Value></ns2:AcctProperty><ns2:AcctProperty><ns2:Code>C_Extend_Acct_Int_Attr2</ns2:Code><ns2:Value></ns2:Value></ns2:AcctProperty><ns2:AcctProperty><ns2:Code>C_Extend_Acct_Int_Attr3</ns2:Code><ns2:Value></ns2:Value></ns2:AcctProperty><ns2:AcctProperty><ns2:Code>C_POINT_ACCM_FLAG</ns2:Code><ns2:Value>1</ns2:Value></ns2:AcctProperty><ns2:AcctProperty><ns2:Code>C_RTN</ns2:Code><ns2:Value></ns2:Value></ns2:AcctProperty><ns2:AcctProperty><ns2:Code>C_BILLING_GROUP_NO</ns2:Code><ns2:Value></ns2:Value></ns2:AcctProperty><ns2:AcctProperty><ns2:Code>C_GRACE_PERIOD</ns2:Code><ns2:Value></ns2:Value></ns2:AcctProperty><ns2:AcctProperty><ns2:Code>C_BILL_TYPE</ns2:Code><ns2:Value>T</ns2:Value></ns2:AcctProperty><ns2:AcctProperty><ns2:Code>C_TAX_CORRELATIVE_TYPE</ns2:Code><ns2:Value>OTHRS</ns2:Value></ns2:AcctProperty><ns2:AcctProperty><ns2:Code>C_ACCOUNT_CATEGORY</ns2:Code><ns2:Value>1</ns2:Value></ns2:AcctProperty><ns2:AcctProperty><ns2:Code>C_IS_VPN_ACCT_SUSPEND</ns2:Code><ns2:Value>0</ns2:Value></ns2:AcctProperty><ns2:AcctProperty><ns2:Code>C_BUSINESS_TYPE</ns2:Code><ns2:Value>0</ns2:Value></ns2:AcctProper"
08:15:07.017 [Test worker] DEBUG org.apache.http.wire -  << "ty><ns2:AcctProperty><ns2:Code>C_Extend_Acct_Int_Attr4</ns2:Code><ns2:Value></ns2:Value></ns2:AcctProperty><ns2:AcctProperty><ns2:Code>C_Extend_Acct_Int_Attr5</ns2:Code><ns2:Value></ns2:Value></ns2:AcctProperty><ns2:AcctProperty><ns2:Code>C_FRAUD_WRITEOFF_FLAG</ns2:Code><ns2:Value>N</ns2:Value></ns2:AcctProperty><ns2:AcctProperty><ns2:Code>C_Extend_Acct_Int_Attr6</ns2:Code><ns2:Value></ns2:Value></ns2:AcctProperty><ns2:AcctProperty><ns2:Code>C_Extend_Acct_Int_Attr7</ns2:Code><ns2:Value></ns2:Value></ns2:AcctProperty><ns2:AcctProperty><ns2:Code>C_IMG_IDX</ns2:Code><ns2:Value></ns2:Value></ns2:AcctProperty><ns2:AcctProperty><ns2:Code>C_Extend_Acct_Int_Attr8</ns2:Code><ns2:Value></ns2:Value></ns2:AcctProperty><ns2:AcctProperty><ns2:Code>C_ACCOUNT_INFO_1</ns2:Code><ns2:Value></ns2:Value></ns2:AcctProperty><ns2:AcctProperty><ns2:Code>C_MCF_SELECTED</ns2:Code><ns2:Value>1</ns2:Value></ns2:AcctProperty><ns2:AcctProperty><ns2:Code>C_Extend_Acct_Int_Attr9</ns2:Code><ns2:Value></ns2:Value></ns2:AcctProperty><ns2:AcctProperty><ns2:Code>C_VERIFICATION_DIGIT</ns2:Code><ns2:Value>1</ns2:Value></ns2:AcctProperty><ns2:AcctProperty><ns2:Code>C_ACCOUNT_INFO_2</ns2:Code><ns2:Value></ns2:Value></ns2:AcctProperty><ns2:AcctProperty><ns2:Code>C_PRI_SUB_ID</ns2:Code><ns2:Value>100010000000367360</ns2:Value></ns2:AcctProperty><ns2:AcctProperty><ns2:Code>C_DVD_IDX</ns2:Code><ns2:Value>N</ns2:Value></ns2:AcctProperty><ns2:AcctProperty><ns2:Code>C_Extend_Acct_Str_Attr1</ns2:Code><ns2:"
08:15:07.017 [Test worker] DEBUG org.apache.http.wire -  << "[\r][\n]"
08:15:07.017 [Test worker] DEBUG org.apache.http.wire -  << "0073[\r][\n]"
08:15:07.017 [Test worker] DEBUG org.apache.http.wire -  << "Value></ns2:Value></ns2:AcctProperty><ns2:AcctProperty><ns2:Code>C_POINT_EXCHANGE_FLAG</ns2:Code><ns2:Value>0</ns2:"
08:15:07.017 [Test worker] DEBUG org.apache.http.wire -  << "[\r][\n]"
08:15:07.017 [Test worker] DEBUG org.apache.http.wire -  << "0fe8[\r][\n]"
08:15:07.017 [Test worker] DEBUG org.apache.http.wire -  << "Value></ns2:AcctProperty><ns2:AcctProperty><ns2:Code>C_ACCT_AUTOPAY_FAILCOUNTER</ns2:Code><ns2:Value>0</ns2:Value></ns2:AcctProperty><ns2:AcctProperty><ns2:Code>C_NIT</ns2:Code><ns2:Value>913023520</ns2:Value></ns2:AcctProperty><ns2:AcctProperty><ns2:Code>C_CONTRACT_NUMBER</ns2:Code><ns2:Value></ns2:Value></ns2:AcctProperty><ns2:AcctProperty><ns2:Code>C_PAY_INTIME_DATE</ns2:Code><ns2:Value></ns2:Value></ns2:AcctProperty><ns2:AcctProperty><ns2:Code>C_OVER_DRAFT_FOR_PREPAID</ns2:Code><ns2:Value></ns2:Value></ns2:AcctProperty><ns2:AcctProperty><ns2:Code>LastAcctDailyBillTime</ns2:Code><ns2:Value>20220718220042</ns2:Value></ns2:AcctProperty><ns2:AcctProperty><ns2:Code>C_ACCOUNT_TAX_EXEMPTION</ns2:Code><ns2:Value>0</ns2:Value></ns2:AcctProperty><ns2:AcctProperty><ns2:Code>C_ACCT_BILLFLAG</ns2:Code><ns2:Value>0</ns2:Value></ns2:AcctProperty><ns2:AcctProperty><ns2:Code>C_DUNNING_EXCEPTION_LIST</ns2:Code><ns2:Value>0000</ns2:Value></ns2:AcctProperty><ns2:AcctProperty><ns2:Code>C_MARKETING_CATEGORY</ns2:Code><ns2:Value></ns2:Value></ns2:AcctProperty><ns2:AcctProperty><ns2:Code>C_SOCIETY</ns2:Code><ns2:Value></ns2:Value></ns2:AcctProperty><ns2:AcctProperty><ns2:Code>C_DDI_STATUS</ns2:Code><ns2:Value></ns2:Value></ns2:AcctProperty><ns2:AcctProperty><ns2:Code>C_Extend_Acct_Str_Attr10</ns2:Code><ns2:Value></ns2:Value></ns2:AcctProperty><ns2:AcctProperty><ns2:Code>C_Extend_Acct_Str_Attr9</ns2:Code><ns2:Value></ns2:Value></ns2:AcctProperty><ns2:AcctProperty><ns2:Code>C_ECONOMIC_STRATUM</ns2:Code><ns2:Value></ns2:Value></ns2:AcctProperty><ns2:AcctProperty><ns2:Code>C_Extend_Acct_Str_Attr8</ns2:Code><ns2:Value></ns2:Value></ns2:AcctProperty><ns2:AcctProperty><ns2:Code>C_Extend_Acct_Str_Attr7</ns2:Code><ns2:Value></ns2:Value></ns2:AcctProperty><ns2:AcctProperty><ns2:Code>C_Extend_Acct_Str_Attr6</ns2:Code><ns2:Value></ns2:Value></ns2:AcctProperty><ns2:AcctProperty><ns2:Code>C_Extend_Acct_Str_Attr5</ns2:Code><ns2:Value></ns2:Value></ns2:AcctProperty><ns2:AcctProperty><ns2:Code>C_BILL_CONFIRM</ns2:Code><ns2:Value>N</ns2:Value></ns2:AcctProperty><ns2:AcctProperty><ns2:Code>C_Extend_Acct_Str_Attr4</ns2:Code><ns2:Value></ns2:Value></ns2:AcctProperty><ns2:AcctProperty><ns2:Code>C_Extend_Acct_Str_Attr3</ns2:Code><n"
08:15:07.017 [Test worker] DEBUG org.apache.http.wire -  << "s2:Value></ns2:Value></ns2:AcctProperty><ns2:AcctProperty><ns2:Code>C_ACCT_STATUS</ns2:Code><ns2:Value>0</ns2:Value></ns2:AcctProperty><ns2:AcctProperty><ns2:Code>C_Extend_Acct_Str_Attr2</ns2:Code><ns2:Value></ns2:Value></ns2:AcctProperty><ns2:AcctProperty><ns2:Code>C_Extend_Acct_Int_Attr10</ns2:Code><ns2:Value></ns2:Value></ns2:AcctProperty><ns2:AcctProperty><ns2:Code>C_ACCOUNT_RELIABILITY</ns2:Code><ns2:Value></ns2:Value></ns2:AcctProperty><ns2:AcctProperty><ns2:Code>C_COLLECTION_CATEGORY</ns2:Code><ns2:Value>02</ns2:Value></ns2:AcctProperty><ns2:AcctProperty><ns2:Code>C_CITY</ns2:Code><ns2:Value>11001</ns2:Value></ns2:AcctProperty><ns2:AcctProperty><ns2:Code>C_ACCOUNT_MANDATE_CODE</ns2:Code><ns2:Value></ns2:Value></ns2:AcctProperty><ns2:AcctProperty><ns2:Code>C_PROVINCE</ns2:Code><ns2:Value>11</ns2:Value></ns2:AcctProperty><ns2:AcctProperty><ns2:Code>C_RFC</ns2:Code><ns2:Value></ns2:Value></ns2:AcctProperty><ns2:AcctProperty><ns2:Code>C_CLAIM_FLAG</ns2:Code><ns2:Value>N</ns2:Value></ns2:AcctProperty><ns2:AcctProperty><ns2:Code>C_ROUTEID</ns2:Code><ns2:Value>DFT</ns2:Value></ns2:AcctProperty><ns2:AcctProperty><ns2:Code>C_SUC_AUTOPAY_DATE</ns2:Code><ns2:Value></ns2:Value></ns2:AcctProperty><ns2:AcctProperty><ns2:Code>C_POINT_DISTRIBUTE_RATE</ns2:Code><ns2:Val"
08:15:07.018 [Test worker] DEBUG org.apache.http.wire -  << "ue>0</ns2:Value></ns2:AcctProperty><ns2:AcctProperty><ns2:Code>C_ROAM_ACCT_ORDER_SEND</ns2:Code><ns2:Value>0</ns2:Value></ns2:AcctProperty><ns2:AcctProperty><ns2:Code>C_DD_REFERENCE</ns2:Code><ns2:Value></ns2:Value></ns2:AcctProperty><ns2:AcctProperty><ns2:Code>C_TERRITORY</ns2:Code><ns2:Value></ns2:Value></ns2:AcctProperty><ns2:AcctProperty><ns2:Code>C_CHG_ACCT_STATUS</ns2:Code><ns2:Value>0</ns2:Value></ns2:AcctProperty><ns2:AcctProperty><ns2:Code>C_DUE_DATE_TYPE</ns2:Code><ns2:Value>0</ns2:Value></ns2:AcctProperty><ns2:AcctProperty><ns2:Code>C_CREDIT_RECAL"
08:15:07.018 [Test worker] DEBUG org.apache.http.wire -  << "[\r][\n]"
08:15:07.018 [Test worker] DEBUG org.apache.http.wire -  << "0768[\r][\n]"
08:15:07.019 [Test worker] DEBUG org.apache.http.wire -  << "CULATION_FLAG</ns2:Code><ns2:Value>N</ns2:Value></ns2:AcctProperty><ns2:AcctProperty><ns2:Code>C_BUSINESS_UNIT</ns2:Code><ns2:Value>6</ns2:Value></ns2:AcctProperty><ns2:AcctProperty><ns2:Code>C_OTHER_CARRIER</ns2:Code><ns2:Value>0</ns2:Value></ns2:AcctProperty><ns2:AcctProperty><ns2:Code>C_TAX_POLICY_TYPE</ns2:Code><ns2:Value>DFT</ns2:Value></ns2:AcctProperty><ns2:AcctProperty><ns2:Code>C_LATEFEE_FLAG</ns2:Code><ns2:Value>N</ns2:Value></ns2:AcctProperty><ns2:AcctProperty><ns2:Code>C_REF_A</ns2:Code><ns2:Value></ns2:Value></ns2:AcctProperty><ns2:AcctProperty><ns2:Code>C_BILL_DISPATCH_CODE</ns2:Code><ns2:Value></ns2:Value></ns2:AcctProperty><ns2:AcctProperty><ns2:Code>C_REF_B</ns2:Code><ns2:Value></ns"
08:15:07.042 [Test worker] DEBUG org.apache.http.wire -  << "2:Value></ns2:AcctProperty><ns2:AcctProperty><ns2:Code>C_ACCTCYCLELENGTH</ns2:Code><ns2:Value>1</ns2:Value></ns2:AcctProperty><ns2:AcctProperty><ns2:Code>C_PRI_SUB_IDENTIFIER</ns2:Code><ns2:Value></ns2:Value></ns2:AcctProperty><ns2:AcctProperty><ns2:Code>C_DCA_NAME</ns2:Code><ns2:Value></ns2:Value></ns2:AcctProperty><ns2:AcctProperty><ns2:Code>C_ACCT_ID</ns2:Code><ns2:Value>100010000000367362</ns2:Value></ns2:AcctProperty></ns3:AcctBasicInfo><ns3:BillCycleType>19</ns3:BillCycleType><ns3:AcctType>1</ns3:AcctType><ns3:PaymentType>1</ns3:PaymentType><ns3:AcctClass>1</ns3:AcctClass><ns3:CurrencyID>1032</ns3:CurrencyID><ns3:AcctPayMethod>1</ns3:AcctPayMethod><ns3:AddressInfo><ns2:AddressKey>615d4e72e9e7452075c1359158d1625b</ns2:AddressKey><ns2:Address1>Carrera 1# 32</ns2:Address1><ns2:Address5>BOGOTA</ns2:Address5><ns2:Address6>BOGOTA D.E</ns2:Address6><ns2:Address7>Centro</ns2:Address7><ns2:Address8>Colombia</ns2:Address8></ns3:AddressInfo><ns3:BillCycleOpenDate>20220719000000</ns3:BillCycleOpenDate><ns3:BillCycleEndDate>20220819000000</ns3:BillCycleEndDate></ns3:AcctInfo></ns3:Account></QueryCustomerInfoResult></return></ns4:queryCustomerInfoResponse></S:Body></S:Envelope>"
08:15:07.042 [Test worker] DEBUG org.apache.http.wire -  << "[\r][\n]"
08:15:07.042 [Test worker] DEBUG org.apache.http.wire -  << "0000[\r][\n]"
08:15:07.042 [Test worker] DEBUG org.apache.http.wire -  << "[\r][\n]"
08:15:07.042 [Test worker] DEBUG org.apache.http.impl.conn.BasicClientConnectionManager - Releasing connection org.apache.http.impl.conn.ManagedClientConnectionImpl@68d19635
08:15:07.042 [Test worker] DEBUG org.apache.http.impl.conn.BasicClientConnectionManager - Connection can be kept alive indefinitely
08:15:07.061 [Test worker] DEBUG org.apache.http.impl.conn.BasicClientConnectionManager - Get connection for route {}->http://10.65.45.12:9001
08:15:07.061 [Test worker] DEBUG org.apache.http.impl.conn.DefaultClientConnectionOperator - Connecting to 10.65.45.12:9001
08:15:07.100 [Test worker] DEBUG org.apache.http.client.protocol.RequestAddCookies - CookieSpec selected: ignoreCookies
08:15:07.100 [Test worker] DEBUG org.apache.http.client.protocol.RequestAuthCache - Auth cache not set in the context
08:15:07.100 [Test worker] DEBUG org.apache.http.client.protocol.RequestTargetAuthentication - Target auth state: UNCHALLENGED
08:15:07.100 [Test worker] DEBUG org.apache.http.client.protocol.RequestProxyAuthentication - Proxy auth state: UNCHALLENGED
08:15:07.100 [Test worker] DEBUG org.apache.http.impl.client.DefaultHttpClient - Attempt 1 to execute request
08:15:07.100 [Test worker] DEBUG org.apache.http.impl.conn.DefaultClientConnection - Sending request: POST /gatewaymgint/GatewayMGWSInt HTTP/1.1
08:15:07.100 [Test worker] DEBUG org.apache.http.wire -  >> "POST /gatewaymgint/GatewayMGWSInt HTTP/1.1[\r][\n]"
08:15:07.100 [Test worker] DEBUG org.apache.http.wire -  >> "Accept: */*[\r][\n]"
08:15:07.100 [Test worker] DEBUG org.apache.http.wire -  >> "Content-Type: text/xml;charset=UTF-8[\r][\n]"
08:15:07.100 [Test worker] DEBUG org.apache.http.wire -  >> "Content-Length: 479[\r][\n]"
08:15:07.100 [Test worker] DEBUG org.apache.http.wire -  >> "Host: 10.65.45.12:9001[\r][\n]"
08:15:07.100 [Test worker] DEBUG org.apache.http.wire -  >> "Connection: Keep-Alive[\r][\n]"
08:15:07.109 [Test worker] DEBUG org.apache.http.wire -  >> "User-Agent: Apache-HttpClient/4.5.9 (Java/1.8.0_291)[\r][\n]"
08:15:07.109 [Test worker] DEBUG org.apache.http.wire -  >> "Accept-Encoding: gzip,deflate[\r][\n]"
08:15:07.109 [Test worker] DEBUG org.apache.http.wire -  >> "[\r][\n]"
08:15:07.109 [Test worker] DEBUG org.apache.http.headers - >> POST /gatewaymgint/GatewayMGWSInt HTTP/1.1
08:15:07.109 [Test worker] DEBUG org.apache.http.headers - >> Accept: */*
08:15:07.109 [Test worker] DEBUG org.apache.http.headers - >> Content-Type: text/xml;charset=UTF-8
08:15:07.109 [Test worker] DEBUG org.apache.http.headers - >> Content-Length: 479
08:15:07.109 [Test worker] DEBUG org.apache.http.headers - >> Host: 10.65.45.12:9001
08:15:07.109 [Test worker] DEBUG org.apache.http.headers - >> Connection: Keep-Alive
08:15:07.109 [Test worker] DEBUG org.apache.http.headers - >> User-Agent: Apache-HttpClient/4.5.9 (Java/1.8.0_291)
08:15:07.109 [Test worker] DEBUG org.apache.http.headers - >> Accept-Encoding: gzip,deflate
08:15:07.109 [Test worker] DEBUG org.apache.http.wire -  >> "<soapenv:Envelope xmlns:soapenv="http://schemas.xmlsoap.org/soap/envelope/" xmlns:web="http://webservices.gatewaymg.tigo.com.co/">[\n]"
08:15:07.109 [Test worker] DEBUG org.apache.http.wire -  >> "   <soapenv:Header/>[\n]"
08:15:07.109 [Test worker] DEBUG org.apache.http.wire -  >> "   <soapenv:Body>[\n]"
08:15:07.109 [Test worker] DEBUG org.apache.http.wire -  >> "      <web:uninstallSubscription>[\n]"
08:15:07.109 [Test worker] DEBUG org.apache.http.wire -  >> "         <!--Optional:-->[\n]"
08:15:07.109 [Test worker] DEBUG org.apache.http.wire -  >> "         <arg0>[\n]"
08:15:07.109 [Test worker] DEBUG org.apache.http.wire -  >> "            <!--Optional:-->[\n]"
08:15:07.109 [Test worker] DEBUG org.apache.http.wire -  >> "            <msisdn>3052754321</msisdn>[\n]"
08:15:07.109 [Test worker] DEBUG org.apache.http.wire -  >> "            <!--Optional:-->[\n]"
08:15:07.109 [Test worker] DEBUG org.apache.http.wire -  >> "            <transactionId>?</transactionId>[\n]"
08:15:07.109 [Test worker] DEBUG org.apache.http.wire -  >> "         </arg0>[\n]"
08:15:07.109 [Test worker] DEBUG org.apache.http.wire -  >> "      </web:uninstallSubscription>[\n]"
08:15:07.109 [Test worker] DEBUG org.apache.http.wire -  >> "   </soapenv:Body>[\n]"
08:15:07.109 [Test worker] DEBUG org.apache.http.wire -  >> "</soapenv:Envelope>"
08:15:07.384 [Test worker] DEBUG org.apache.http.wire -  << "HTTP/1.1 200 OK[\r][\n]"
08:15:07.385 [Test worker] DEBUG org.apache.http.wire -  << "Date: Tue, 19 Jul 2022 13:15:11 GMT[\r][\n]"
08:15:07.385 [Test worker] DEBUG org.apache.http.wire -  << "Transfer-Encoding: chunked[\r][\n]"
08:15:07.385 [Test worker] DEBUG org.apache.http.wire -  << "Content-Type: text/xml; charset=utf-8[\r][\n]"
08:15:07.385 [Test worker] DEBUG org.apache.http.wire -  << "[\r][\n]"
08:15:07.385 [Test worker] DEBUG org.apache.http.impl.conn.DefaultClientConnection - Receiving response: HTTP/1.1 200 OK
08:15:07.385 [Test worker] DEBUG org.apache.http.headers - << HTTP/1.1 200 OK
08:15:07.385 [Test worker] DEBUG org.apache.http.headers - << Date: Tue, 19 Jul 2022 13:15:11 GMT
08:15:07.385 [Test worker] DEBUG org.apache.http.headers - << Transfer-Encoding: chunked
08:15:07.385 [Test worker] DEBUG org.apache.http.headers - << Content-Type: text/xml; charset=utf-8
08:15:07.385 [Test worker] DEBUG org.apache.http.impl.client.DefaultHttpClient - Connection can be kept alive indefinitely
08:15:07.386 [Test worker] DEBUG io.restassured.internal.RequestSpecificationImpl$RestAssuredHttpBuilder - Parsing response as: text/xml; charset=utf-8
08:15:07.386 [Test worker] DEBUG io.restassured.internal.RequestSpecificationImpl$RestAssuredHttpBuilder - Parsed data to instance of: class org.apache.http.conn.EofSensorInputStream
08:15:07.387 [Test worker] DEBUG org.apache.http.wire -  << "006e[\r][\n]"
08:15:07.387 [Test worker] DEBUG org.apache.http.wire -  << "<?xml version='1.0' encoding='UTF-8'?><S:Envelope xmlns:S="http://schemas.xmlsoap.org/soap/envelope/"><S:Body>"
08:15:07.387 [Test worker] DEBUG org.apache.http.wire -  << "[\r][\n]"
08:15:07.387 [Test worker] DEBUG org.apache.http.wire -  << "00df[\r][\n]"
08:15:07.387 [Test worker] DEBUG org.apache.http.wire -  << "<ns2:uninstallSubscriptionResponse xmlns:ns2="http://webservices.gatewaymg.tigo.com.co/"><return><authorizationNumber>6511565835200020</authorizationNumber></return></ns2:uninstallSubscriptionResponse></S:Body></S:Envelope>"
08:15:07.388 [Test worker] DEBUG org.apache.http.wire -  << "[\r][\n]"
08:15:07.388 [Test worker] DEBUG org.apache.http.wire -  << "0000[\r][\n]"
08:15:07.388 [Test worker] DEBUG org.apache.http.wire -  << "[\r][\n]"
08:15:07.388 [Test worker] DEBUG org.apache.http.impl.conn.BasicClientConnectionManager - Releasing connection org.apache.http.impl.conn.ManagedClientConnectionImpl@f982241
08:15:07.388 [Test worker] DEBUG org.apache.http.impl.conn.BasicClientConnectionManager - Connection can be kept alive indefinitely
8960004156
08:15:07.397 [Test worker] DEBUG org.apache.http.impl.conn.BasicClientConnectionManager - Get connection for route {}->http://10.65.45.12:9001
08:15:07.397 [Test worker] DEBUG org.apache.http.impl.conn.DefaultClientConnectionOperator - Connecting to 10.65.45.12:9001
08:15:07.438 [Test worker] DEBUG org.apache.http.client.protocol.RequestAddCookies - CookieSpec selected: ignoreCookies
08:15:07.438 [Test worker] DEBUG org.apache.http.client.protocol.RequestAuthCache - Auth cache not set in the context
08:15:07.438 [Test worker] DEBUG org.apache.http.client.protocol.RequestTargetAuthentication - Target auth state: UNCHALLENGED
08:15:07.438 [Test worker] DEBUG org.apache.http.client.protocol.RequestProxyAuthentication - Proxy auth state: UNCHALLENGED
08:15:07.438 [Test worker] DEBUG org.apache.http.impl.client.DefaultHttpClient - Attempt 1 to execute request
08:15:07.438 [Test worker] DEBUG org.apache.http.impl.conn.DefaultClientConnection - Sending request: POST /gatewaycbs/BcServicesInt HTTP/1.1
08:15:07.438 [Test worker] DEBUG org.apache.http.wire -  >> "POST /gatewaycbs/BcServicesInt HTTP/1.1[\r][\n]"
08:15:07.438 [Test worker] DEBUG org.apache.http.wire -  >> "Accept: */*[\r][\n]"
08:15:07.438 [Test worker] DEBUG org.apache.http.wire -  >> "Content-Type: text/xml;charset=UTF-8[\r][\n]"
08:15:07.438 [Test worker] DEBUG org.apache.http.wire -  >> "Content-Length: 546[\r][\n]"
08:15:07.438 [Test worker] DEBUG org.apache.http.wire -  >> "Host: 10.65.45.12:9001[\r][\n]"
08:15:07.438 [Test worker] DEBUG org.apache.http.wire -  >> "Connection: Keep-Alive[\r][\n]"
08:15:07.438 [Test worker] DEBUG org.apache.http.wire -  >> "User-Agent: Apache-HttpClient/4.5.9 (Java/1.8.0_291)[\r][\n]"
08:15:07.438 [Test worker] DEBUG org.apache.http.wire -  >> "Accept-Encoding: gzip,deflate[\r][\n]"
08:15:07.438 [Test worker] DEBUG org.apache.http.wire -  >> "[\r][\n]"
08:15:07.438 [Test worker] DEBUG org.apache.http.headers - >> POST /gatewaycbs/BcServicesInt HTTP/1.1
08:15:07.438 [Test worker] DEBUG org.apache.http.headers - >> Accept: */*
08:15:07.438 [Test worker] DEBUG org.apache.http.headers - >> Content-Type: text/xml;charset=UTF-8
08:15:07.438 [Test worker] DEBUG org.apache.http.headers - >> Content-Length: 546
08:15:07.438 [Test worker] DEBUG org.apache.http.headers - >> Host: 10.65.45.12:9001
08:15:07.438 [Test worker] DEBUG org.apache.http.headers - >> Connection: Keep-Alive
08:15:07.438 [Test worker] DEBUG org.apache.http.headers - >> User-Agent: Apache-HttpClient/4.5.9 (Java/1.8.0_291)
08:15:07.438 [Test worker] DEBUG org.apache.http.headers - >> Accept-Encoding: gzip,deflate
08:15:07.445 [Test worker] DEBUG org.apache.http.wire -  >> "<soapenv:Envelope xmlns:bcc="http://www.huawei.com/bme/cbsinterface/bccommon" xmlns:bcs="http://www.huawei.com/bme/cbsinterface/bcservices" xmlns:ws="http://ws.web.gatewaycbs.tigo.com.co/" xmlns:soapenv="http://schemas.xmlsoap.org/soap/envelope/">[\n]"
08:15:07.445 [Test worker] DEBUG org.apache.http.wire -  >> "<soapenv:Header/>[\n]"
08:15:07.445 [Test worker] DEBUG org.apache.http.wire -  >> "<soapenv:Body>[\n]"
08:15:07.445 [Test worker] DEBUG org.apache.http.wire -  >> "<ws:acctDeactivation>[\n]"
08:15:07.445 [Test worker] DEBUG org.apache.http.wire -  >> "<!--Optional:-->[\n]"
08:15:07.445 [Test worker] DEBUG org.apache.http.wire -  >> "<AcctDeactivationRequest>[\n]"
08:15:07.445 [Test worker] DEBUG org.apache.http.wire -  >> "<bcs:AcctAccessCode>[\n]"
08:15:07.445 [Test worker] DEBUG org.apache.http.wire -  >> "<bcc:AccountKey>8960004156</bcc:AccountKey>[\n]"
08:15:07.445 [Test worker] DEBUG org.apache.http.wire -  >> "</bcs:AcctAccessCode>[\n]"
08:15:07.445 [Test worker] DEBUG org.apache.http.wire -  >> "<bcs:OpType>2</bcs:OpType>[\n]"
08:15:07.445 [Test worker] DEBUG org.apache.http.wire -  >> "</AcctDeactivationRequest>[\n]"
08:15:07.445 [Test worker] DEBUG org.apache.http.wire -  >> "</ws:acctDeactivation>[\n]"
08:15:07.445 [Test worker] DEBUG org.apache.http.wire -  >> "</soapenv:Body>[\n]"
08:15:07.445 [Test worker] DEBUG org.apache.http.wire -  >> "</soapenv:Envelope>[\n]"
08:15:07.561 [Test worker] DEBUG org.apache.http.wire -  << "HTTP/1.1 200 OK[\r][\n]"
08:15:07.561 [Test worker] DEBUG org.apache.http.wire -  << "Date: Tue, 19 Jul 2022 13:15:11 GMT[\r][\n]"
08:15:07.561 [Test worker] DEBUG org.apache.http.wire -  << "Transfer-Encoding: chunked[\r][\n]"
08:15:07.561 [Test worker] DEBUG org.apache.http.wire -  << "Content-Type: text/xml; charset=utf-8[\r][\n]"
08:15:07.561 [Test worker] DEBUG org.apache.http.wire -  << "[\r][\n]"
08:15:07.571 [Test worker] DEBUG org.apache.http.impl.conn.DefaultClientConnection - Receiving response: HTTP/1.1 200 OK
08:15:07.571 [Test worker] DEBUG org.apache.http.headers - << HTTP/1.1 200 OK
08:15:07.571 [Test worker] DEBUG org.apache.http.headers - << Date: Tue, 19 Jul 2022 13:15:11 GMT
08:15:07.571 [Test worker] DEBUG org.apache.http.headers - << Transfer-Encoding: chunked
08:15:07.571 [Test worker] DEBUG org.apache.http.headers - << Content-Type: text/xml; charset=utf-8
08:15:07.571 [Test worker] DEBUG org.apache.http.impl.client.DefaultHttpClient - Connection can be kept alive indefinitely
08:15:07.571 [Test worker] DEBUG io.restassured.internal.RequestSpecificationImpl$RestAssuredHttpBuilder - Parsing response as: text/xml; charset=utf-8
08:15:07.571 [Test worker] DEBUG io.restassured.internal.RequestSpecificationImpl$RestAssuredHttpBuilder - Parsed data to instance of: class org.apache.http.conn.EofSensorInputStream
08:15:07.575 [Test worker] DEBUG org.apache.http.wire -  << "006e[\r][\n]"
08:15:07.575 [Test worker] DEBUG org.apache.http.wire -  << "<?xml version='1.0' encoding='UTF-8'?><S:Envelope xmlns:S="http://schemas.xmlsoap.org/soap/envelope/"><S:Body>"
08:15:07.575 [Test worker] DEBUG org.apache.http.wire -  << "[\r][\n]"
08:15:07.575 [Test worker] DEBUG org.apache.http.wire -  << "01e0[\r][\n]"
08:15:07.575 [Test worker] DEBUG org.apache.http.wire -  << "<ns4:acctDeactivationResponse xmlns:ns2="http://www.huawei.com/bme/cbsinterface/bccommon" xmlns:ns3="http://www.huawei.com/bme/cbsinterface/bcservices" xmlns:ns4="http://ws.web.gatewaycbs.tigo.com.co/" xmlns:ns5="http://www.huawei.com/bme/cbsinterface/cbscommon"><return><ResultHeader><ns5:Version>1</ns5:Version><ns5:ResultCode>0</ns5:ResultCode><ns5:ResultDesc>Operation successfully.</ns5:ResultDesc></ResultHeader></return></ns4:acctDeactivationResponse></S:Body></S:Envelope>"
08:15:07.575 [Test worker] DEBUG org.apache.http.wire -  << "[\r][\n]"
08:15:07.575 [Test worker] DEBUG org.apache.http.wire -  << "0000[\r][\n]"
08:15:07.575 [Test worker] DEBUG org.apache.http.wire -  << "[\r][\n]"
08:15:07.575 [Test worker] DEBUG org.apache.http.impl.conn.BasicClientConnectionManager - Releasing connection org.apache.http.impl.conn.ManagedClientConnectionImpl@74b881aa
08:15:07.575 [Test worker] DEBUG org.apache.http.impl.conn.BasicClientConnectionManager - Connection can be kept alive indefinitely
10.69.60.87
se ejecuta correctamente DB Activator
se ejecuta correctamente  DB EPOS
08:15:11.583 [Finalizer] DEBUG org.apache.http.impl.conn.DefaultClientConnection - Connection 0.0.0.0:53496<->10.65.45.12:9001 closed
08:15:11.584 [Finalizer] DEBUG org.apache.http.impl.conn.DefaultClientConnection - Connection 0.0.0.0:53508<->10.65.45.12:9001 closed
08:15:11.586 [Finalizer] DEBUG org.apache.http.impl.conn.DefaultClientConnection - Connection 0.0.0.0:53507<->10.65.45.12:9001 closed
08:15:11.587 [Finalizer] DEBUG org.apache.http.impl.conn.DefaultClientConnection - Connection 0.0.0.0:53506<->10.65.45.12:9001 closed
se ejecuta correctamente DB Siebel
se ejecuta correctamente DB Postale
**** Se ejecutaran los SP para semilla 3 ****
se ejecuta correctamente DB Activator
se ejecuta correctamente  DB EPOS
se ejecuta correctamente DB Siebel
se ejecuta correctamente DB Postale
08:15:18.129 [Test worker] DEBUG org.apache.http.impl.conn.BasicClientConnectionManager - Get connection for route {}->http://10.65.45.12:9001
08:15:18.129 [Test worker] DEBUG org.apache.http.impl.conn.DefaultClientConnectionOperator - Connecting to 10.65.45.12:9001
08:15:18.177 [Test worker] DEBUG org.apache.http.client.protocol.RequestAddCookies - CookieSpec selected: ignoreCookies
08:15:18.177 [Test worker] DEBUG org.apache.http.client.protocol.RequestAuthCache - Auth cache not set in the context
08:15:18.177 [Test worker] DEBUG org.apache.http.client.protocol.RequestTargetAuthentication - Target auth state: UNCHALLENGED
08:15:18.177 [Test worker] DEBUG org.apache.http.client.protocol.RequestProxyAuthentication - Proxy auth state: UNCHALLENGED
08:15:18.177 [Test worker] DEBUG org.apache.http.impl.client.DefaultHttpClient - Attempt 1 to execute request
08:15:18.177 [Test worker] DEBUG org.apache.http.impl.conn.DefaultClientConnection - Sending request: POST /gatewaycbs/BcServicesInt HTTP/1.1
08:15:18.177 [Test worker] DEBUG org.apache.http.wire -  >> "POST /gatewaycbs/BcServicesInt HTTP/1.1[\r][\n]"
08:15:18.177 [Test worker] DEBUG org.apache.http.wire -  >> "Accept: */*[\r][\n]"
08:15:18.177 [Test worker] DEBUG org.apache.http.wire -  >> "Content-Type: text/xml;charset=UTF-8[\r][\n]"
08:15:18.177 [Test worker] DEBUG org.apache.http.wire -  >> "Content-Length: 748[\r][\n]"
08:15:18.177 [Test worker] DEBUG org.apache.http.wire -  >> "Host: 10.65.45.12:9001[\r][\n]"
08:15:18.177 [Test worker] DEBUG org.apache.http.wire -  >> "Connection: Keep-Alive[\r][\n]"
08:15:18.177 [Test worker] DEBUG org.apache.http.wire -  >> "User-Agent: Apache-HttpClient/4.5.9 (Java/1.8.0_291)[\r][\n]"
08:15:18.177 [Test worker] DEBUG org.apache.http.wire -  >> "Accept-Encoding: gzip,deflate[\r][\n]"
08:15:18.177 [Test worker] DEBUG org.apache.http.wire -  >> "[\r][\n]"
08:15:18.177 [Test worker] DEBUG org.apache.http.headers - >> POST /gatewaycbs/BcServicesInt HTTP/1.1
08:15:18.177 [Test worker] DEBUG org.apache.http.headers - >> Accept: */*
08:15:18.177 [Test worker] DEBUG org.apache.http.headers - >> Content-Type: text/xml;charset=UTF-8
08:15:18.177 [Test worker] DEBUG org.apache.http.headers - >> Content-Length: 748
08:15:18.180 [Test worker] DEBUG org.apache.http.headers - >> Host: 10.65.45.12:9001
08:15:18.180 [Test worker] DEBUG org.apache.http.headers - >> Connection: Keep-Alive
08:15:18.180 [Test worker] DEBUG org.apache.http.headers - >> User-Agent: Apache-HttpClient/4.5.9 (Java/1.8.0_291)
08:15:18.180 [Test worker] DEBUG org.apache.http.headers - >> Accept-Encoding: gzip,deflate
08:15:18.181 [Test worker] DEBUG org.apache.http.wire -  >> "<soapenv:Envelope xmlns:bcc="http://www.huawei.com/bme/cbsinterface/bccommon" xmlns:bcs="http://www.huawei.com/bme/cbsinterface/bcservices" xmlns:ws="http://ws.web.gatewaycbs.tigo.com.co/" xmlns:soapenv="http://schemas.xmlsoap.org/soap/envelope/">[\n]"
08:15:18.181 [Test worker] DEBUG org.apache.http.wire -  >> "   <soapenv:Header/>[\n]"
08:15:18.181 [Test worker] DEBUG org.apache.http.wire -  >> "   <soapenv:Body>[\n]"
08:15:18.181 [Test worker] DEBUG org.apache.http.wire -  >> "      <ws:queryCustomerInfo>[\n]"
08:15:18.181 [Test worker] DEBUG org.apache.http.wire -  >> "         <!--Optional:-->[\n]"
08:15:18.181 [Test worker] DEBUG org.apache.http.wire -  >> "         <QueryCustomerInfoRequest>[\n]"
08:15:18.181 [Test worker] DEBUG org.apache.http.wire -  >> "            <bcs:QueryObj>[\n]"
08:15:18.181 [Test worker] DEBUG org.apache.http.wire -  >> "               <!--Optional:-->[\n]"
08:15:18.181 [Test worker] DEBUG org.apache.http.wire -  >> "               <bcs:SubAccessCode>[\n]"
08:15:18.181 [Test worker] DEBUG org.apache.http.wire -  >> "                  <!--Optional:-->[\n]"
08:15:18.181 [Test worker] DEBUG org.apache.http.wire -  >> "                  <bcc:PrimaryIdentity>3046008587</bcc:PrimaryIdentity>[\n]"
08:15:18.181 [Test worker] DEBUG org.apache.http.wire -  >> "               </bcs:SubAccessCode>[\n]"
08:15:18.181 [Test worker] DEBUG org.apache.http.wire -  >> "            </bcs:QueryObj>[\n]"
08:15:18.181 [Test worker] DEBUG org.apache.http.wire -  >> "         </QueryCustomerInfoRequest>[\n]"
08:15:18.181 [Test worker] DEBUG org.apache.http.wire -  >> "      </ws:queryCustomerInfo>[\n]"
08:15:18.181 [Test worker] DEBUG org.apache.http.wire -  >> "   </soapenv:Body>[\n]"
08:15:18.181 [Test worker] DEBUG org.apache.http.wire -  >> "</soapenv:Envelope>"
08:15:18.263 [Test worker] DEBUG org.apache.http.wire -  << "HTTP/1.1 200 OK[\r][\n]"
08:15:18.263 [Test worker] DEBUG org.apache.http.wire -  << "Date: Tue, 19 Jul 2022 13:15:22 GMT[\r][\n]"
08:15:18.263 [Test worker] DEBUG org.apache.http.wire -  << "Transfer-Encoding: chunked[\r][\n]"
08:15:18.263 [Test worker] DEBUG org.apache.http.wire -  << "Content-Type: text/xml; charset=utf-8[\r][\n]"
08:15:18.263 [Test worker] DEBUG org.apache.http.wire -  << "[\r][\n]"
08:15:18.263 [Test worker] DEBUG org.apache.http.impl.conn.DefaultClientConnection - Receiving response: HTTP/1.1 200 OK
08:15:18.263 [Test worker] DEBUG org.apache.http.headers - << HTTP/1.1 200 OK
08:15:18.263 [Test worker] DEBUG org.apache.http.headers - << Date: Tue, 19 Jul 2022 13:15:22 GMT
08:15:18.263 [Test worker] DEBUG org.apache.http.headers - << Transfer-Encoding: chunked
08:15:18.263 [Test worker] DEBUG org.apache.http.headers - << Content-Type: text/xml; charset=utf-8
08:15:18.263 [Test worker] DEBUG org.apache.http.impl.client.DefaultHttpClient - Connection can be kept alive indefinitely
08:15:18.263 [Test worker] DEBUG io.restassured.internal.RequestSpecificationImpl$RestAssuredHttpBuilder - Parsing response as: text/xml; charset=utf-8
08:15:18.263 [Test worker] DEBUG io.restassured.internal.RequestSpecificationImpl$RestAssuredHttpBuilder - Parsed data to instance of: class org.apache.http.conn.EofSensorInputStream
08:15:18.263 [Test worker] DEBUG org.apache.http.wire -  << "006e[\r][\n]"
08:15:18.279 [Test worker] DEBUG org.apache.http.wire -  << "<?xml version='1.0' encoding='UTF-8'?><S:Envelope xmlns:S="http://schemas.xmlsoap.org/soap/envelope/"><S:Body>"
08:15:18.279 [Test worker] DEBUG org.apache.http.wire -  << "[\r][\n]"
08:15:18.279 [Test worker] DEBUG org.apache.http.wire -  << "01f8[\r][\n]"
08:15:18.279 [Test worker] DEBUG org.apache.http.wire -  << "<ns4:queryCustomerInfoResponse xmlns:ns2="http://www.huawei.com/bme/cbsinterface/bccommon" xmlns:ns3="http://www.huawei.com/bme/cbsinterface/bcservices" xmlns:ns4="http://ws.web.gatewaycbs.tigo.com.co/" xmlns:ns5="http://www.huawei.com/bme/cbsinterface/cbscommon"><return><ResultHeader><ns5:Version>1</ns5:Version><ns5:ResultCode>118030260</ns5:ResultCode><ns5:ResultDesc>Subscriber 3046008587 does not exist.</ns5:ResultDesc></ResultHeader></return></ns4:queryCustomerInfoResponse></S:Body></S:Envelope>"
08:15:18.279 [Test worker] DEBUG org.apache.http.wire -  << "[\r][\n]"
08:15:18.279 [Test worker] DEBUG org.apache.http.wire -  << "0000[\r][\n]"
08:15:18.279 [Test worker] DEBUG org.apache.http.wire -  << "[\r][\n]"
08:15:18.279 [Test worker] DEBUG org.apache.http.impl.conn.BasicClientConnectionManager - Releasing connection org.apache.http.impl.conn.ManagedClientConnectionImpl@3277d8ee
08:15:18.279 [Test worker] DEBUG org.apache.http.impl.conn.BasicClientConnectionManager - Connection can be kept alive indefinitely
La linea 3046008587 no esta activa
10.69.60.87
se ejecuta correctamente DB Activator
se ejecuta correctamente  DB EPOS
se ejecuta correctamente DB Siebel
se ejecuta correctamente DB Postale
**** Se ejecutaran los SP para semilla 3 ****
se ejecuta correctamente DB Activator
se ejecuta correctamente  DB EPOS
se ejecuta correctamente DB Siebel
se ejecuta correctamente DB Postale
08:15:33.302 [Finalizer] DEBUG org.apache.http.impl.conn.DefaultClientConnection - Connection 0.0.0.0:53518<->10.65.45.12:9001 closed
08:15:33.682 [Test worker] INFO net.serenitybdd.core.webdriver.driverproviders.ProvideNewDriver - Instantiating driver
08:15:33.682 [Test worker] INFO net.serenitybdd.core.webdriver.driverproviders.ProvideNewDriver - Driver capabilities: Capabilities {acceptInsecureCerts: true, browserName: firefox, firefox_profile: org.openqa.selenium.firefox..., headless: false, loggingPrefs: org.openqa.selenium.logging..., marionette: true, moz:firefoxOptions: {}, platform: ANY, version: }
08:15:46.115 [Test worker] DEBUG net.serenitybdd.core.photography.Darkroom - Opening darkroom
08:15:46.115 [Darkroom Processing Line] DEBUG net.serenitybdd.core.photography.DarkroomProcessingLine - Darkroom processing line starting up
08:15:46.539 [Test worker] DEBUG net.serenitybdd.core.photography.Darkroom - Send negative for processing for C:\-SanitySemilla6\target\site\serenity\63694f168e36d6146328aa1c799046950a4537e9d67c87bc68807b754e4488e8.png
08:15:47.788 [Test worker] DEBUG net.serenitybdd.core.photography.Darkroom - Send negative for processing for C:\-SanitySemilla6\target\site\serenity\d7225d4beca8b4af4de9c07b3983ba90e05195eaab2618243e24e78c19d7dde1.png
08:15:55.217 [Test worker] DEBUG net.serenitybdd.core.photography.Darkroom - Send negative for processing for C:\-SanitySemilla6\target\site\serenity\9f7e7262a180cc453f4b236b25452f8ad4e6893649f954a3cd3e21509acfec87.png
08:15:55.221 [Darkroom Processing Line] DEBUG net.serenitybdd.core.photography.DarkroomProcessingLine - Processing screenshot image in /var/screenshots/screenshot-1592792469700230448
08:15:55.222 [Darkroom Processing Line] DEBUG net.serenitybdd.core.photography.DarkroomProcessingLine - Saving screenshot to C:\-SanitySemilla6\target\site\serenity\9f7e7262a180cc453f4b236b25452f8ad4e6893649f954a3cd3e21509acfec87.png
08:15:55.412 [Test worker] DEBUG net.serenitybdd.core.photography.Darkroom - Send negative for processing for C:\-SanitySemilla6\target\site\serenity\9f7e7262a180cc453f4b236b25452f8ad4e6893649f954a3cd3e21509acfec87.png
08:16:00.382 [Test worker] DEBUG net.serenitybdd.core.photography.Darkroom - Send negative for processing for C:\-SanitySemilla6\target\site\serenity\87b501dea0c8a55c57e049810e161ca4391876c7178cac60c8ec9c98c9d65ba5.png
08:16:00.386 [Darkroom Processing Line] DEBUG net.serenitybdd.core.photography.DarkroomProcessingLine - Processing screenshot image in /var/screenshots/screenshot-2368943948311431644
08:16:00.386 [Darkroom Processing Line] DEBUG net.serenitybdd.core.photography.DarkroomProcessingLine - Saving screenshot to C:\-SanitySemilla6\target\site\serenity\87b501dea0c8a55c57e049810e161ca4391876c7178cac60c8ec9c98c9d65ba5.png
08:16:00.656 [Test worker] DEBUG net.serenitybdd.core.photography.Darkroom - Send negative for processing for C:\-SanitySemilla6\target\site\serenity\87b501dea0c8a55c57e049810e161ca4391876c7178cac60c8ec9c98c9d65ba5.png
08:16:01.784 [Test worker] DEBUG net.serenitybdd.core.photography.Darkroom - Send negative for processing for C:\-SanitySemilla6\target\site\serenity\c02994bffaad6fbebaed35eaba93753901d98cd28b98232a555a02af11f37602.png
08:16:01.790 [Darkroom Processing Line] DEBUG net.serenitybdd.core.photography.DarkroomProcessingLine - Processing screenshot image in /var/screenshots/screenshot-7958972608634113234
08:16:01.790 [Darkroom Processing Line] DEBUG net.serenitybdd.core.photography.DarkroomProcessingLine - Saving screenshot to C:\-SanitySemilla6\target\site\serenity\c02994bffaad6fbebaed35eaba93753901d98cd28b98232a555a02af11f37602.png
08:16:03.326 [Test worker] DEBUG net.serenitybdd.core.photography.Darkroom - Send negative for processing for C:\-SanitySemilla6\target\site\serenity\5f61b70e873efc8e79f3fc254e8be8386a6991a7f8433e2b09eb0787b348fdfa.png
08:16:03.329 [Darkroom Processing Line] DEBUG net.serenitybdd.core.photography.DarkroomProcessingLine - Processing screenshot image in /var/screenshots/screenshot-29398203303465347
08:16:03.329 [Darkroom Processing Line] DEBUG net.serenitybdd.core.photography.DarkroomProcessingLine - Saving screenshot to C:\-SanitySemilla6\target\site\serenity\5f61b70e873efc8e79f3fc254e8be8386a6991a7f8433e2b09eb0787b348fdfa.png
08:16:04.765 [Test worker] DEBUG net.serenitybdd.core.photography.Darkroom - Send negative for processing for C:\-SanitySemilla6\target\site\serenity\eab827317ea2ed3c4d33ffb666e586a34acd74df237f8502975b40eda92eeddd.png
08:16:04.765 [Darkroom Processing Line] DEBUG net.serenitybdd.core.photography.DarkroomProcessingLine - Processing screenshot image in /var/screenshots/screenshot-7592369864320793474
08:16:04.765 [Darkroom Processing Line] DEBUG net.serenitybdd.core.photography.DarkroomProcessingLine - Saving screenshot to C:\-SanitySemilla6\target\site\serenity\eab827317ea2ed3c4d33ffb666e586a34acd74df237f8502975b40eda92eeddd.png
08:16:06.370 [Test worker] DEBUG net.serenitybdd.core.photography.Darkroom - Send negative for processing for C:\-SanitySemilla6\target\site\serenity\dbeb075b54623e01e8aabd8118e58d30b45b99df580f5e0ec68ac33ece531951.png
08:16:06.375 [Darkroom Processing Line] DEBUG net.serenitybdd.core.photography.DarkroomProcessingLine - Processing screenshot image in /var/screenshots/screenshot-6030342880772789030
08:16:06.375 [Darkroom Processing Line] DEBUG net.serenitybdd.core.photography.DarkroomProcessingLine - Saving screenshot to C:\-SanitySemilla6\target\site\serenity\dbeb075b54623e01e8aabd8118e58d30b45b99df580f5e0ec68ac33ece531951.png
08:16:09.770 [Test worker] DEBUG net.serenitybdd.core.photography.Darkroom - Send negative for processing for C:\-SanitySemilla6\target\site\serenity\e42d413889eedb96932434f1dc3c1acef37d0793ed7ee84f3092eca4b7e1bd20.png
08:16:09.774 [Darkroom Processing Line] DEBUG net.serenitybdd.core.photography.DarkroomProcessingLine - Processing screenshot image in /var/screenshots/screenshot-4396388561947387957
08:16:09.774 [Darkroom Processing Line] DEBUG net.serenitybdd.core.photography.DarkroomProcessingLine - Saving screenshot to C:\-SanitySemilla6\target\site\serenity\e42d413889eedb96932434f1dc3c1acef37d0793ed7ee84f3092eca4b7e1bd20.png
08:16:10.957 [Test worker] DEBUG net.serenitybdd.core.photography.Darkroom - Send negative for processing for C:\-SanitySemilla6\target\site\serenity\c450276b496be6013828bd528b7d1ad802f9e3c812e5eee5dd5817c4d33387d0.png
08:16:10.961 [Darkroom Processing Line] DEBUG net.serenitybdd.core.photography.DarkroomProcessingLine - Processing screenshot image in /var/screenshots/screenshot-9175297307298754855
08:16:10.961 [Darkroom Processing Line] DEBUG net.serenitybdd.core.photography.DarkroomProcessingLine - Saving screenshot to C:\-SanitySemilla6\target\site\serenity\c450276b496be6013828bd528b7d1ad802f9e3c812e5eee5dd5817c4d33387d0.png
08:16:14.026 [Test worker] DEBUG net.serenitybdd.core.photography.Darkroom - Send negative for processing for C:\-SanitySemilla6\target\site\serenity\b2e86b992cc8bf9c9ebebf5a6bb9953700e359d5090a1a4d83c2438b6235244d.png
08:16:14.030 [Darkroom Processing Line] DEBUG net.serenitybdd.core.photography.DarkroomProcessingLine - Processing screenshot image in /var/screenshots/screenshot-8753649411324702337
08:16:14.030 [Darkroom Processing Line] DEBUG net.serenitybdd.core.photography.DarkroomProcessingLine - Saving screenshot to C:\-SanitySemilla6\target\site\serenity\b2e86b992cc8bf9c9ebebf5a6bb9953700e359d5090a1a4d83c2438b6235244d.png
08:16:20.671 [Test worker] DEBUG net.serenitybdd.core.photography.Darkroom - Send negative for processing for C:\-SanitySemilla6\target\site\serenity\69ba0bd0bbcbb6d1639d7ce70f7bc596ff14ce242a5a20f19f35a7aa28c4e285.png
08:16:31.879 [Test worker] INFO net.thucydides.core.steps.ConsoleLoggingListener - ?[92m
        __    _____ _____ ____ _____   ____   _    ____  ____  _____ ____  
  _     \ \  |_   _| ____/ ___|_   _| |  _ \ / \  / ___|/ ___|| ____|  _ \ 
 (_)_____| |   | | |  _| \___ \ | |   | |_) / _ \ \___ \\___ \|  _| | | | |
  _|_____| |   | | | |___ ___) || |   |  __/ ___ \ ___) |___) | |___| |_| |
 (_)     | |   |_| |_____|____/ |_|   |_| /_/   \_\____/|____/|_____|____/ 
        /_/                                                                

TEST PASSED: se quiere ingresar a la plataforma epos
----------------------------------------------------------------------------?[0m
08:16:32.514 [Test worker] INFO net.serenitybdd.core.webdriver.driverproviders.ProvideNewDriver - Instantiating driver
08:16:32.514 [Test worker] INFO net.serenitybdd.core.webdriver.driverproviders.ProvideNewDriver - Driver capabilities: Capabilities {acceptInsecureCerts: true, browserName: firefox, firefox_profile: org.openqa.selenium.firefox..., headless: false, loggingPrefs: org.openqa.selenium.logging..., marionette: true, moz:firefoxOptions: {}, platform: ANY, version: }
08:16:47.886 [Test worker] DEBUG net.serenitybdd.core.photography.Darkroom - Send negative for processing for C:\-SanitySemilla6\target\site\serenity\63694f168e36d6146328aa1c799046950a4537e9d67c87bc68807b754e4488e8.png
08:16:49.159 [Test worker] DEBUG net.serenitybdd.core.photography.Darkroom - Send negative for processing for C:\-SanitySemilla6\target\site\serenity\d7225d4beca8b4af4de9c07b3983ba90e05195eaab2618243e24e78c19d7dde1.png
08:16:54.092 [Test worker] DEBUG net.serenitybdd.core.photography.Darkroom - Send negative for processing for C:\-SanitySemilla6\target\site\serenity\0a1c551d29c4348930eeed10c177a8efb461725a069474d692256a06a2c350e1.png
08:16:54.094 [Darkroom Processing Line] DEBUG net.serenitybdd.core.photography.DarkroomProcessingLine - Processing screenshot image in /var/screenshots/screenshot-5553216218856130880
08:16:54.095 [Darkroom Processing Line] DEBUG net.serenitybdd.core.photography.DarkroomProcessingLine - Saving screenshot to C:\-SanitySemilla6\target\site\serenity\0a1c551d29c4348930eeed10c177a8efb461725a069474d692256a06a2c350e1.png
08:16:54.428 [Test worker] DEBUG net.serenitybdd.core.photography.Darkroom - Send negative for processing for C:\-SanitySemilla6\target\site\serenity\0a1c551d29c4348930eeed10c177a8efb461725a069474d692256a06a2c350e1.png
08:17:04.911 [Test worker] DEBUG net.serenitybdd.core.photography.Darkroom - Send negative for processing for C:\-SanitySemilla6\target\site\serenity\bd5421fed50e5d06fd5cbb4e02d1f12a8e150a6b91e4b1d9525bffc308ca4b5d.png
08:17:04.914 [Darkroom Processing Line] DEBUG net.serenitybdd.core.photography.DarkroomProcessingLine - Processing screenshot image in /var/screenshots/screenshot-8135931159135185056
08:17:04.914 [Darkroom Processing Line] DEBUG net.serenitybdd.core.photography.DarkroomProcessingLine - Saving screenshot to C:\-SanitySemilla6\target\site\serenity\bd5421fed50e5d06fd5cbb4e02d1f12a8e150a6b91e4b1d9525bffc308ca4b5d.png
08:17:10.111 [Test worker] DEBUG net.serenitybdd.core.photography.Darkroom - Send negative for processing for C:\-SanitySemilla6\target\site\serenity\d81c09835a9a5d5881cd59a197a399dcbb9cacf9b90eb85c139cd9637f409042.png
08:17:10.113 [Darkroom Processing Line] DEBUG net.serenitybdd.core.photography.DarkroomProcessingLine - Processing screenshot image in /var/screenshots/screenshot-8708146149686592957
08:17:10.113 [Darkroom Processing Line] DEBUG net.serenitybdd.core.photography.DarkroomProcessingLine - Saving screenshot to C:\-SanitySemilla6\target\site\serenity\d81c09835a9a5d5881cd59a197a399dcbb9cacf9b90eb85c139cd9637f409042.png
08:17:14.869 [Test worker] DEBUG net.serenitybdd.core.photography.Darkroom - Send negative for processing for C:\-SanitySemilla6\target\site\serenity\46a3d461ccd84fcc1d95414b6430a97dfe0acea8b975cb0af83d9d9aa8cef944.png
08:17:14.869 [Darkroom Processing Line] DEBUG net.serenitybdd.core.photography.DarkroomProcessingLine - Processing screenshot image in /var/screenshots/screenshot-5213223911056066450
08:17:14.869 [Darkroom Processing Line] DEBUG net.serenitybdd.core.photography.DarkroomProcessingLine - Saving screenshot to C:\-SanitySemilla6\target\site\serenity\46a3d461ccd84fcc1d95414b6430a97dfe0acea8b975cb0af83d9d9aa8cef944.png
08:17:16.473 [Test worker] DEBUG net.serenitybdd.core.photography.Darkroom - Send negative for processing for C:\-SanitySemilla6\target\site\serenity\90c59c8ed885c39d462f6cd9868a5085d945d52a93c2fd62abeb04acab5c9047.png
08:17:16.473 [Darkroom Processing Line] DEBUG net.serenitybdd.core.photography.DarkroomProcessingLine - Processing screenshot image in /var/screenshots/screenshot-5644435361792879216
08:17:16.473 [Darkroom Processing Line] DEBUG net.serenitybdd.core.photography.DarkroomProcessingLine - Saving screenshot to C:\-SanitySemilla6\target\site\serenity\90c59c8ed885c39d462f6cd9868a5085d945d52a93c2fd62abeb04acab5c9047.png
08:17:18.238 [Test worker] DEBUG net.serenitybdd.core.photography.Darkroom - Send negative for processing for C:\-SanitySemilla6\target\site\serenity\3e0eb2ae25a42d16bb35ffe87615706ae1aef34ff50ea1e333569fb923d1ddf3.png
08:17:18.238 [Darkroom Processing Line] DEBUG net.serenitybdd.core.photography.DarkroomProcessingLine - Processing screenshot image in /var/screenshots/screenshot-6777400248536472159
08:17:18.238 [Darkroom Processing Line] DEBUG net.serenitybdd.core.photography.DarkroomProcessingLine - Saving screenshot to C:\-SanitySemilla6\target\site\serenity\3e0eb2ae25a42d16bb35ffe87615706ae1aef34ff50ea1e333569fb923d1ddf3.png
08:17:20.618 [Test worker] DEBUG net.serenitybdd.core.photography.Darkroom - Send negative for processing for C:\-SanitySemilla6\target\site\serenity\f2514efd6f8a42d80b45f0332f124b808e5f285a8071c2f748a25f15f8ac2b43.png
08:17:20.622 [Darkroom Processing Line] DEBUG net.serenitybdd.core.photography.DarkroomProcessingLine - Processing screenshot image in /var/screenshots/screenshot-8866448988039866174
08:17:20.622 [Darkroom Processing Line] DEBUG net.serenitybdd.core.photography.DarkroomProcessingLine - Saving screenshot to C:\-SanitySemilla6\target\site\serenity\f2514efd6f8a42d80b45f0332f124b808e5f285a8071c2f748a25f15f8ac2b43.png
08:17:22.226 [Test worker] DEBUG net.serenitybdd.core.photography.Darkroom - Send negative for processing for C:\-SanitySemilla6\target\site\serenity\9bbdb8d37de680c772f64f881c579b37498eecd389de5bde3be98a810848bd7b.png
08:17:22.230 [Darkroom Processing Line] DEBUG net.serenitybdd.core.photography.DarkroomProcessingLine - Processing screenshot image in /var/screenshots/screenshot-1232360805489585921
08:17:22.230 [Darkroom Processing Line] DEBUG net.serenitybdd.core.photography.DarkroomProcessingLine - Saving screenshot to C:\-SanitySemilla6\target\site\serenity\9bbdb8d37de680c772f64f881c579b37498eecd389de5bde3be98a810848bd7b.png
08:17:26.675 [Test worker] DEBUG net.serenitybdd.core.photography.Darkroom - Send negative for processing for C:\-SanitySemilla6\target\site\serenity\15a39cbdc61347229d9cfcd7c73cee040792e5ae9414227f83f20e29b5532ea8.png
08:17:26.678 [Darkroom Processing Line] DEBUG net.serenitybdd.core.photography.DarkroomProcessingLine - Processing screenshot image in /var/screenshots/screenshot-1918306168976659587
08:17:26.679 [Darkroom Processing Line] DEBUG net.serenitybdd.core.photography.DarkroomProcessingLine - Saving screenshot to C:\-SanitySemilla6\target\site\serenity\15a39cbdc61347229d9cfcd7c73cee040792e5ae9414227f83f20e29b5532ea8.png
08:17:27.910 [Test worker] DEBUG net.serenitybdd.core.photography.Darkroom - Send negative for processing for C:\-SanitySemilla6\target\site\serenity\770de6e9d58b25225a837bc12ff13e1b2fdbcd70f25bda6aff9de929798bbbf3.png
08:17:27.913 [Darkroom Processing Line] DEBUG net.serenitybdd.core.photography.DarkroomProcessingLine - Processing screenshot image in /var/screenshots/screenshot-5660488170734784383
08:17:27.913 [Darkroom Processing Line] DEBUG net.serenitybdd.core.photography.DarkroomProcessingLine - Saving screenshot to C:\-SanitySemilla6\target\site\serenity\770de6e9d58b25225a837bc12ff13e1b2fdbcd70f25bda6aff9de929798bbbf3.png
08:17:33.008 [Test worker] DEBUG net.serenitybdd.core.photography.Darkroom - Send negative for processing for C:\-SanitySemilla6\target\site\serenity\69ba0bd0bbcbb6d1639d7ce70f7bc596ff14ce242a5a20f19f35a7aa28c4e285.png
08:17:33.166 [Test worker] DEBUG net.serenitybdd.core.photography.Darkroom - Send negative for processing for C:\-SanitySemilla6\target\site\serenity\69ba0bd0bbcbb6d1639d7ce70f7bc596ff14ce242a5a20f19f35a7aa28c4e285.png
08:17:45.659 [Test worker] INFO net.thucydides.core.steps.ConsoleLoggingListener - ?[92m
        __    _____ _____ ____ _____   ____   _    ____  ____  _____ ____  
  _     \ \  |_   _| ____/ ___|_   _| |  _ \ / \  / ___|/ ___|| ____|  _ \ 
 (_)_____| |   | | |  _| \___ \ | |   | |_) / _ \ \___ \\___ \|  _| | | | |
  _|_____| |   | | | |___ ___) || |   |  __/ ___ \ ___) |___) | |___| |_| |
 (_)     | |   |_| |_____|____/ |_|   |_| /_/   \_\____/|____/|_____|____/ 
        /_/                                                                

TEST PASSED: realizar el cargue de inventario
----------------------------------------------------------------------------?[0m
08:18:07.172 [Test worker] INFO net.thucydides.core.steps.ConsoleLoggingListener - ?[92m
        __    _____ _____ ____ _____   ____   _    ____  ____  _____ ____  
  _     \ \  |_   _| ____/ ___|_   _| |  _ \ / \  / ___|/ ___|| ____|  _ \ 
 (_)_____| |   | | |  _| \___ \ | |   | |_) / _ \ \___ \\___ \|  _| | | | |
  _|_____| |   | | | |___ ___) || |   |  __/ ___ \ ___) |___) | |___| |_| |
 (_)     | |   |_| |_____|____/ |_|   |_| /_/   \_\____/|____/|_____|____/ 
        /_/                                                                

TEST PASSED: realizar la confirmacion de inventario
----------------------------------------------------------------------------?[0m
]]></system-out>
  <system-err><![CDATA[jul 19, 2022 8:15:32 AM org.openqa.selenium.remote.DesiredCapabilities firefox
INFORMACIÓN: Using `new FirefoxOptions()` is preferred to `DesiredCapabilities.firefox()`
jul 19, 2022 8:15:32 AM org.openqa.selenium.remote.DesiredCapabilities firefox
INFORMACIÓN: Using `new FirefoxOptions()` is preferred to `DesiredCapabilities.firefox()`
1658236534532	geckodriver	INFO	Listening on 127.0.0.1:29847
1658236535291	mozrunner::runner	INFO	Running command: "C:\\Program Files\\Mozilla Firefox\\firefox.exe" "--marionette" "-foreground" "-no-remote" "-profile" "C:\\Users\\nriosa\\AppData\\Local\\Temp\\rust_mozprofilehGg1qg"
1658236537174	addons.webextension.doh-rollout@mozilla.org	WARN	Loading extension 'doh-rollout@mozilla.org': Reading manifest: Invalid extension permission: networkStatus
1658236537245	addons.webextension.screenshots@mozilla.org	WARN	Loading extension 'screenshots@mozilla.org': Reading manifest: Invalid extension permission: mozillaAddons
1658236537246	addons.webextension.screenshots@mozilla.org	WARN	Loading extension 'screenshots@mozilla.org': Reading manifest: Invalid extension permission: telemetry
1658236537246	addons.webextension.screenshots@mozilla.org	WARN	Loading extension 'screenshots@mozilla.org': Reading manifest: Invalid extension permission: resource://pdf.js/
1658236537246	addons.webextension.screenshots@mozilla.org	WARN	Loading extension 'screenshots@mozilla.org': Reading manifest: Invalid extension permission: about:reader*
JavaScript error: resource://gre/modules/XULStore.jsm, line 66: Error: Can't find profile directory.
1658236542951	Marionette	INFO	Listening on port 53530
1658236543271	Marionette	WARN	TLS certificate errors will be ignored for this session
jul 19, 2022 8:15:43 AM org.openqa.selenium.remote.ProtocolHandshake createSession
INFORMACIÓN: Detected dialect: W3C
1658236544612	addons.xpi	ERROR	Failed to move file C:\Users\nriosa\AppData\Local\Temp\rust_mozprofilehGg1qg\extensions\staged\firefoxhpwolfsecurityextension@bromium.com.xpi to C:\Users\nriosa\AppData\Local\Temp\rust_mozprofilehGg1qg\extensions: [Exception... "Component returned failure code: 0x8052000e (NS_ERROR_FILE_IS_LOCKED) [nsIFile.moveTo]"  nsresult: "0x8052000e (NS_ERROR_FILE_IS_LOCKED)"  location: "JS frame :: resource://gre/modules/addons/XPIInstall.jsm :: _installFile :: line 1092"  data: no] Stack trace: _installFile()@resource://gre/modules/addons/XPIInstall.jsm:1092
moveUnder()@resource://gre/modules/addons/XPIInstall.jsm:1121
installAddon()@resource://gre/modules/addons/XPIInstall.jsm:3210
install()@resource://gre/modules/addons/XPIInstall.jsm:1767
startInstall/this._startupPromise<()@resource://gre/modules/addons/XPIInstall.jsm:1833
startInstall()@resource://gre/modules/addons/XPIInstall.jsm:1839
1658236544619	addons.xpi	WARN	Failed to install C:\Users\nriosa\AppData\Local\Temp\tmp-q9u.xpi from https://addons.bromium-online.com/wsx.xpi to C:\Users\nriosa\AppData\Local\Temp\rust_mozprofilehGg1qg\extensions\staged\firefoxhpwolfsecurityextension@bromium.com.xpi: [Exception... "Component returned failure code: 0x8052000e (NS_ERROR_FILE_IS_LOCKED) [nsIFile.moveTo]"  nsresult: "0x8052000e (NS_ERROR_FILE_IS_LOCKED)"  location: "JS frame :: resource://gre/modules/addons/XPIInstall.jsm :: _installFile :: line 1092"  data: no] Stack trace: _installFile()@resource://gre/modules/addons/XPIInstall.jsm:1092
moveUnder()@resource://gre/modules/addons/XPIInstall.jsm:1121
installAddon()@resource://gre/modules/addons/XPIInstall.jsm:3210
install()@resource://gre/modules/addons/XPIInstall.jsm:1767
startInstall/this._startupPromise<()@resource://gre/modules/addons/XPIInstall.jsm:1833
startInstall()@resource://gre/modules/addons/XPIInstall.jsm:1839
console.error: Policies.jsm: 
  Installation failed - ERROR_FILE_ACCESS - {url}
1658236581165	Marionette	INFO	Stopped listening on port 53530

###!!! [Child][RunMessage] Error: Channel closing: too late to send/recv, messages will be lost


###!!! [Child][MessageChannel::SendAndWait] Error: Channel error: cannot send/recv

jul 19, 2022 8:16:32 AM org.openqa.selenium.remote.DesiredCapabilities firefox
INFORMACIÓN: Using `new FirefoxOptions()` is preferred to `DesiredCapabilities.firefox()`
jul 19, 2022 8:16:32 AM org.openqa.selenium.remote.DesiredCapabilities firefox
INFORMACIÓN: Using `new FirefoxOptions()` is preferred to `DesiredCapabilities.firefox()`
1658236592930	geckodriver	INFO	Listening on 127.0.0.1:42238
1658236593393	mozrunner::runner	INFO	Running command: "C:\\Program Files\\Mozilla Firefox\\firefox.exe" "--marionette" "-foreground" "-no-remote" "-profile" "C:\\Users\\nriosa\\AppData\\Local\\Temp\\rust_mozprofileSslBph"
1658236595517	addons.webextension.doh-rollout@mozilla.org	WARN	Loading extension 'doh-rollout@mozilla.org': Reading manifest: Invalid extension permission: networkStatus
1658236595588	addons.webextension.screenshots@mozilla.org	WARN	Loading extension 'screenshots@mozilla.org': Reading manifest: Invalid extension permission: mozillaAddons
1658236595588	addons.webextension.screenshots@mozilla.org	WARN	Loading extension 'screenshots@mozilla.org': Reading manifest: Invalid extension permission: telemetry
1658236595588	addons.webextension.screenshots@mozilla.org	WARN	Loading extension 'screenshots@mozilla.org': Reading manifest: Invalid extension permission: resource://pdf.js/
1658236595588	addons.webextension.screenshots@mozilla.org	WARN	Loading extension 'screenshots@mozilla.org': Reading manifest: Invalid extension permission: about:reader*
JavaScript error: resource://gre/modules/XULStore.jsm, line 66: Error: Can't find profile directory.
1658236603798	Marionette	INFO	Listening on port 53580
1658236605003	Marionette	WARN	TLS certificate errors will be ignored for this session
jul 19, 2022 8:16:45 AM org.openqa.selenium.remote.ProtocolHandshake createSession
INFORMACIÓN: Detected dialect: W3C
JavaScript error: http://10.69.60.75:8180/tigo-pos-web-ii/a4j_3_2_0.SR1-SNAPSHOTorg/ajax4jsf/javascript/scripts/form.js.jsf, line 11: TypeError: element is null
JavaScript error: http://10.69.60.75:8180/tigo-pos-web-ii/a4j_3_2_0.SR1-SNAPSHOTorg/ajax4jsf/javascript/scripts/form.js.jsf, line 11: TypeError: element is null
1658236653574	Marionette	INFO	Stopped listening on port 53580
Extension error: [Exception... "Component not initialized"  nsresult: "0xc1f30001 (NS_ERROR_NOT_INITIALIZED)"  location: "JS frame :: moz-extension://e19a263b-cfc6-4359-bc16-a95800697a36/main.js :: connect :: line 12034"  data: no] undefined 12034
[[Exception stack
connect@moz-extension://e19a263b-cfc6-4359-bc16-a95800697a36/main.js:12034:23
onPortDisconnected@moz-extension://e19a263b-cfc6-4359-bc16-a95800697a36/main.js:20120:30
makeConnection/channel<@moz-extension://e19a263b-cfc6-4359-bc16-a95800697a36/main.js:20093:136
handleDisconnect@moz-extension://e19a263b-cfc6-4359-bc16-a95800697a36/main.js:12138:14
connect/</<@moz-extension://e19a263b-cfc6-4359-bc16-a95800697a36/main.js:12020:63
Current stack
applySafeWithoutClone@resource://gre/modules/ExtensionCommon.jsm:606:13
addListener/asyncWithoutClone/<@resource://gre/modules/ExtensionCommon.jsm:2443:39
]]

###!!! [Child][RunMessage] Error: Channel closing: too late to send/recv, messages will be lost


###!!! [Child][RunMessage] Error: Channel closing: too late to send/recv, messages will be lost


###!!! [Child][RunMessage] Error: Channel closing: too late to send/recv, messages will be lost


###!!! [Child][RunMessage] Error: Channel closing: too late to send/recv, messages will be lost


###!!! [Child][RunMessage] Error: Channel closing: too late to send/recv, messages will be lost


###!!! [Child][RunMessage] Error: Channel closing: too late to send/recv, messages will be lost


###!!! [Child][MessageChannel::SendAndWait] Error: Channel error: cannot send/recv

]]></system-err>
</testsuite>
